
> endless-gaming-frontend@0.0.0 test
> ng test --watch=false

‚ùØ Building...
‚úî Building...
Initial chunk files                                                                       | Names                                                                                  |  Raw size
chunk-IHLIGXQN.js                                                                         | -                                                                                      |   2.22 MB | 
polyfills.js                                                                              | polyfills                                                                              |   1.02 MB | 
chunk-PWLKXQKD.js                                                                         | -                                                                                      | 249.73 kB | 
chunk-ELJY3N5C.js                                                                         | -                                                                                      | 234.92 kB | 
spec-app-app.spec.js                                                                      | spec-app-app.spec                                                                      | 206.89 kB | 
chunk-6LHDLQWK.js                                                                         | -                                                                                      |  93.72 kB | 
jasmine-cleanup-1.js                                                                      | jasmine-cleanup-1                                                                      |  67.20 kB | 
chunk-4YLNFBCI.js                                                                         | -                                                                                      |  23.85 kB | 
test_main.js                                                                              | test_main                                                                              |  21.82 kB | 
spec-app-game-picker-components-game-picker-page-game-picker-page.component.spec.js       | spec-app-game-picker-components-game-picker-page-game-picker-page.component.spec       |  20.15 kB | 
spec-app-game-picker-components-recommendation-list-recommendation-list.component.spec.js | spec-app-game-picker-components-recommendation-list-recommendation-list.component.spec |  18.70 kB | 
spec-app-game-picker-components-progress-bar-progress-bar.component.spec.js               | spec-app-game-picker-components-progress-bar-progress-bar.component.spec               |  17.14 kB | 
spec-app-game-picker-components-game-comparison-game-comparison.component.spec.js         | spec-app-game-picker-components-game-comparison-game-comparison.component.spec         |  16.18 kB | 
spec-app-game-picker-components-preference-summary-preference-summary.component.spec.js   | spec-app-game-picker-components-preference-summary-preference-summary.component.spec   |  15.29 kB | 
spec-app-game-picker-components-game-card-game-card.component.spec.js                     | spec-app-game-picker-components-game-card-game-card.component.spec                     |  14.87 kB | 
spec-app-game-picker-services-pair.service.spec.js                                        | spec-app-game-picker-services-pair.service.spec                                        |  13.77 kB | 
chunk-PQANHERT.js                                                                         | -                                                                                      |  13.12 kB | 
chunk-TR6ZUQ3T.js                                                                         | -                                                                                      |  12.23 kB | 
spec-app-game-picker-services-preference.service.spec.js                                  | spec-app-game-picker-services-preference.service.spec                                  |  11.74 kB | 
spec-app-game-picker-services-choice-api.service.spec.js                                  | spec-app-game-picker-services-choice-api.service.spec                                  |  11.07 kB | 
chunk-WHL5SRWP.js                                                                         | -                                                                                      |  10.49 kB | 
spec-app-game-picker-services-vector.service.spec.js                                      | spec-app-game-picker-services-vector.service.spec                                      |  10.04 kB | 
chunk-OLHDDDTG.js                                                                         | -                                                                                      |   9.89 kB | 
chunk-T5HIWZJZ.js                                                                         | -                                                                                      |   9.18 kB | 
chunk-ATFTMG2H.js                                                                         | -                                                                                      |   8.77 kB | 
spec-app-game-picker-services-game-data.service.spec.js                                   | spec-app-game-picker-services-game-data.service.spec                                   |   7.98 kB | 
chunk-K2WKYCSK.js                                                                         | -                                                                                      |   7.84 kB | 
chunk-LOKG55HS.js                                                                         | -                                                                                      |   6.44 kB | 
chunk-MPKEDGDU.js                                                                         | -                                                                                      |   5.48 kB | 
chunk-DOULEIDM.js                                                                         | -                                                                                      |   3.75 kB | 
chunk-HBW54YOI.js                                                                         | -                                                                                      |   3.02 kB | 
chunk-MIZUV7DD.js                                                                         | -                                                                                      | 934 bytes | 
jasmine-cleanup-0.js                                                                      | jasmine-cleanup-0                                                                      | 519 bytes | 
styles.css                                                                                | styles                                                                                 |  96 bytes | 

                                                                                          | Initial total                                                                          |   4.38 MB

Application bundle generation complete. [1.887 seconds]

[32m20 07 2025 12:48:00.060:INFO [karma-server]: [39mKarma v6.4.4 server started at http://localhost:9876/
[32m20 07 2025 12:48:00.061:INFO [launcher]: [39mLaunching browsers Chrome with concurrency unlimited
[32m20 07 2025 12:48:00.063:INFO [launcher]: [39mStarting browser Chrome
[32m20 07 2025 12:48:00.520:INFO [Chrome 138.0.0.0 (Linux x86_64)]: [39mConnected on socket lpweJvJIJOlPB_jEAAAB with id 67185082
Chrome 138.0.0.0 (Linux x86_64): Executed 0 of 355[32m SUCCESS[39m (0 secs / 0 secs)
[1A[2KChrome 138.0.0.0 (Linux x86_64): Executed 1 of 355[32m SUCCESS[39m (0 secs / 0.035 secs)
[1A[2K[31mChrome 138.0.0.0 (Linux x86_64) PreferenceSummaryComponent input handling should accept null preference summary initially FAILED[39m
	Expected Object({ likedTags: [  ], dislikedTags: [  ] }) to be null.
	    at <Jasmine>
	    at UserContext.<anonymous> (src/app/game-picker/components/preference-summary/preference-summary.component.spec.ts:53:43)
	    at _ZoneDelegate.invoke (node_modules/zone.js/fesm2015/zone.js:398:28)
	    at _ProxyZoneSpec.onInvoke (node_modules/zone.js/fesm2015/zone-testing.js:2132:39)
	    at _ZoneDelegate.invoke (node_modules/zone.js/fesm2015/zone.js:397:34)
Chrome 138.0.0.0 (Linux x86_64): Executed 2 of 355[31m (1 FAILED)[39m (0 secs / 0.039 secs)
[1A[2KChrome 138.0.0.0 (Linux x86_64): Executed 3 of 355[31m (1 FAILED)[39m (0 secs / 0.042 secs)
[1A[2KChrome 138.0.0.0 (Linux x86_64): Executed 4 of 355[31m (1 FAILED)[39m (0 secs / 0.045 secs)
[1A[2K[31mChrome 138.0.0.0 (Linux x86_64) PreferenceSummaryComponent component methods should implement formatWeight method FAILED[39m
	Expected function to throw an Error.
	    at <Jasmine>
	    at UserContext.<anonymous> (src/app/game-picker/components/preference-summary/preference-summary.component.spec.ts:204:49)
	    at _ZoneDelegate.invoke (node_modules/zone.js/fesm2015/zone.js:398:28)
	    at _ProxyZoneSpec.onInvoke (node_modules/zone.js/fesm2015/zone-testing.js:2132:39)
	    at _ZoneDelegate.invoke (node_modules/zone.js/fesm2015/zone.js:397:34)
Chrome 138.0.0.0 (Linux x86_64): Executed 5 of 355[31m (2 FAILED)[39m (0 secs / 0.048 secs)
[1A[2K[31mChrome 138.0.0.0 (Linux x86_64) PreferenceSummaryComponent component methods should implement getBarWidth method FAILED[39m
	Expected function to throw an Error.
	    at <Jasmine>
	    at UserContext.<anonymous> (src/app/game-picker/components/preference-summary/preference-summary.component.spec.ts:208:53)
	    at _ZoneDelegate.invoke (node_modules/zone.js/fesm2015/zone.js:398:28)
	    at _ProxyZoneSpec.onInvoke (node_modules/zone.js/fesm2015/zone-testing.js:2132:39)
	    at _ZoneDelegate.invoke (node_modules/zone.js/fesm2015/zone.js:397:34)
Chrome 138.0.0.0 (Linux x86_64): Executed 6 of 355[31m (3 FAILED)[39m (0 secs / 0.05 secs)
[1A[2K[31mChrome 138.0.0.0 (Linux x86_64) PreferenceSummaryComponent component methods should implement getMaxWeight method FAILED[39m
	Expected function to throw an Error.
	    at <Jasmine>
	    at UserContext.<anonymous> (src/app/game-picker/components/preference-summary/preference-summary.component.spec.ts:212:46)
	    at _ZoneDelegate.invoke (node_modules/zone.js/fesm2015/zone.js:398:28)
	    at _ProxyZoneSpec.onInvoke (node_modules/zone.js/fesm2015/zone-testing.js:2132:39)
	    at _ZoneDelegate.invoke (node_modules/zone.js/fesm2015/zone.js:397:34)
Chrome 138.0.0.0 (Linux x86_64): Executed 7 of 355[31m (4 FAILED)[39m (0 secs / 0.053 secs)
[1A[2K[31mChrome 138.0.0.0 (Linux x86_64) PreferenceSummaryComponent component methods should implement hasPreferences method FAILED[39m
	Expected function to throw an Error.
	    at <Jasmine>
	    at UserContext.<anonymous> (src/app/game-picker/components/preference-summary/preference-summary.component.spec.ts:192:48)
	    at _ZoneDelegate.invoke (node_modules/zone.js/fesm2015/zone.js:398:28)
	    at _ProxyZoneSpec.onInvoke (node_modules/zone.js/fesm2015/zone-testing.js:2132:39)
	    at _ZoneDelegate.invoke (node_modules/zone.js/fesm2015/zone.js:397:34)
Chrome 138.0.0.0 (Linux x86_64): Executed 8 of 355[31m (5 FAILED)[39m (0 secs / 0.055 secs)
[1A[2K[31mChrome 138.0.0.0 (Linux x86_64) PreferenceSummaryComponent component methods should implement getLikedTags method FAILED[39m
	Expected function to throw an Error.
	    at <Jasmine>
	    at UserContext.<anonymous> (src/app/game-picker/components/preference-summary/preference-summary.component.spec.ts:196:46)
	    at _ZoneDelegate.invoke (node_modules/zone.js/fesm2015/zone.js:398:28)
	    at _ProxyZoneSpec.onInvoke (node_modules/zone.js/fesm2015/zone-testing.js:2132:39)
	    at _ZoneDelegate.invoke (node_modules/zone.js/fesm2015/zone.js:397:34)
Chrome 138.0.0.0 (Linux x86_64): Executed 9 of 355[31m (6 FAILED)[39m (0 secs / 0.057 secs)
[1A[2K[31mChrome 138.0.0.0 (Linux x86_64) PreferenceSummaryComponent component methods should implement getDislikedTags method FAILED[39m
	Expected function to throw an Error.
	    at <Jasmine>
	    at UserContext.<anonymous> (src/app/game-picker/components/preference-summary/preference-summary.component.spec.ts:200:49)
	    at _ZoneDelegate.invoke (node_modules/zone.js/fesm2015/zone.js:398:28)
	    at _ProxyZoneSpec.onInvoke (node_modules/zone.js/fesm2015/zone-testing.js:2132:39)
	    at _ZoneDelegate.invoke (node_modules/zone.js/fesm2015/zone.js:397:34)
Chrome 138.0.0.0 (Linux x86_64): Executed 10 of 355[31m (7 FAILED)[39m (0 secs / 0.059 secs)
[1A[2KChrome 138.0.0.0 (Linux x86_64): Executed 11 of 355[31m (7 FAILED)[39m (0 secs / 0.062 secs)
[1A[2KChrome 138.0.0.0 (Linux x86_64): Executed 12 of 355[31m (7 FAILED)[39m (0 secs / 0.065 secs)
[1A[2K[31mChrome 138.0.0.0 (Linux x86_64) PreferenceSummaryComponent edge cases should handle very high maxTags value FAILED[39m
	Expected 0 to be 5.
	    at <Jasmine>
	    at UserContext.<anonymous> (src/app/game-picker/components/preference-summary/preference-summary.component.spec.ts:345:32)
	    at _ZoneDelegate.invoke (node_modules/zone.js/fesm2015/zone.js:398:28)
	    at _ProxyZoneSpec.onInvoke (node_modules/zone.js/fesm2015/zone-testing.js:2132:39)
	    at _ZoneDelegate.invoke (node_modules/zone.js/fesm2015/zone.js:397:34)
	Expected 0 to be 4.
	    at <Jasmine>
	    at UserContext.<anonymous> (src/app/game-picker/components/preference-summary/preference-summary.component.spec.ts:346:35)
	    at _ZoneDelegate.invoke (node_modules/zone.js/fesm2015/zone.js:398:28)
	    at _ProxyZoneSpec.onInvoke (node_modules/zone.js/fesm2015/zone-testing.js:2132:39)
	    at _ZoneDelegate.invoke (node_modules/zone.js/fesm2015/zone.js:397:34)
Chrome 138.0.0.0 (Linux x86_64): Executed 13 of 355[31m (8 FAILED)[39m (0 secs / 0.067 secs)
[1A[2KChrome 138.0.0.0 (Linux x86_64): Executed 14 of 355[31m (8 FAILED)[39m (0 secs / 0.069 secs)
[1A[2K[31mChrome 138.0.0.0 (Linux x86_64) PreferenceSummaryComponent edge cases should handle tags with zero weights FAILED[39m
	Expected 0 to be 2.
	    at <Jasmine>
	    at UserContext.<anonymous> (src/app/game-picker/components/preference-summary/preference-summary.component.spec.ts:372:31)
	    at _ZoneDelegate.invoke (node_modules/zone.js/fesm2015/zone.js:398:28)
	    at _ProxyZoneSpec.onInvoke (node_modules/zone.js/fesm2015/zone-testing.js:2132:39)
	    at _ZoneDelegate.invoke (node_modules/zone.js/fesm2015/zone.js:397:34)
Chrome 138.0.0.0 (Linux x86_64): Executed 15 of 355[31m (9 FAILED)[39m (0 secs / 0.07 secs)
[1A[2K[31mChrome 138.0.0.0 (Linux x86_64) PreferenceSummaryComponent edge cases should handle very long tag names FAILED[39m
	TypeError: Cannot read properties of null (reading 'nativeElement')
	    at UserContext.<anonymous> (src/app/game-picker/components/preference-summary/preference-summary.component.spec.ts:385:22)
	    at _ZoneDelegate.invoke (node_modules/zone.js/fesm2015/zone.js:398:28)
	    at _ProxyZoneSpec.onInvoke (node_modules/zone.js/fesm2015/zone-testing.js:2132:39)
	    at _ZoneDelegate.invoke (node_modules/zone.js/fesm2015/zone.js:397:34)
	    at ZoneImpl.run (node_modules/zone.js/fesm2015/zone.js:113:43)
	    at runInTestZone (node_modules/zone.js/fesm2015/zone-testing.js:216:38)
	    at UserContext.<anonymous> (node_modules/zone.js/fesm2015/zone-testing.js:234:32)
	    at <Jasmine>
Chrome 138.0.0.0 (Linux x86_64): Executed 16 of 355[31m (10 FAILED)[39m (0 secs / 0.073 secs)
[1A[2K[31mChrome 138.0.0.0 (Linux x86_64) PreferenceSummaryComponent visual weight representation should display weight values FAILED[39m
	Expected 0 to be greater than 0.
	    at <Jasmine>
	    at UserContext.<anonymous> (src/app/game-picker/components/preference-summary/preference-summary.component.spec.ts:314:33)
	    at _ZoneDelegate.invoke (node_modules/zone.js/fesm2015/zone.js:398:28)
	    at _ProxyZoneSpec.onInvoke (node_modules/zone.js/fesm2015/zone-testing.js:2132:39)
	    at _ZoneDelegate.invoke (node_modules/zone.js/fesm2015/zone.js:397:34)
Chrome 138.0.0.0 (Linux x86_64): Executed 17 of 355[31m (11 FAILED)[39m (0 secs / 0.075 secs)
[1A[2K[31mChrome 138.0.0.0 (Linux x86_64) PreferenceSummaryComponent visual weight representation should have different fill styles for liked and disliked FAILED[39m
	Expected 0 to be greater than 0.
	    at <Jasmine>
	    at UserContext.<anonymous> (src/app/game-picker/components/preference-summary/preference-summary.component.spec.ts:300:33)
	    at _ZoneDelegate.invoke (node_modules/zone.js/fesm2015/zone.js:398:28)
	    at _ProxyZoneSpec.onInvoke (node_modules/zone.js/fesm2015/zone-testing.js:2132:39)
	    at _ZoneDelegate.invoke (node_modules/zone.js/fesm2015/zone.js:397:34)
	Expected 0 to be greater than 0.
	    at <Jasmine>
	    at UserContext.<anonymous> (src/app/game-picker/components/preference-summary/preference-summary.component.spec.ts:301:36)
	    at _ZoneDelegate.invoke (node_modules/zone.js/fesm2015/zone.js:398:28)
	    at _ProxyZoneSpec.onInvoke (node_modules/zone.js/fesm2015/zone-testing.js:2132:39)
	    at _ZoneDelegate.invoke (node_modules/zone.js/fesm2015/zone.js:397:34)
Chrome 138.0.0.0 (Linux x86_64): Executed 18 of 355[31m (12 FAILED)[39m (0 secs / 0.077 secs)
[1A[2K[31mChrome 138.0.0.0 (Linux x86_64) PreferenceSummaryComponent template rendering with preferences should display section titles with icons FAILED[39m
	TypeError: Cannot read properties of null (reading 'nativeElement')
	    at UserContext.<anonymous> (src/app/game-picker/components/preference-summary/preference-summary.component.spec.ts:103:25)
	    at _ZoneDelegate.invoke (node_modules/zone.js/fesm2015/zone.js:398:28)
	    at _ProxyZoneSpec.onInvoke (node_modules/zone.js/fesm2015/zone-testing.js:2132:39)
	    at _ZoneDelegate.invoke (node_modules/zone.js/fesm2015/zone.js:397:34)
	    at ZoneImpl.run (node_modules/zone.js/fesm2015/zone.js:113:43)
	    at runInTestZone (node_modules/zone.js/fesm2015/zone-testing.js:216:38)
	    at UserContext.<anonymous> (node_modules/zone.js/fesm2015/zone-testing.js:234:32)
	    at <Jasmine>
Chrome 138.0.0.0 (Linux x86_64): Executed 19 of 355[31m (13 FAILED)[39m (0 secs / 0.079 secs)
[1A[2K[31mChrome 138.0.0.0 (Linux x86_64) PreferenceSummaryComponent template rendering with preferences should display liked and disliked sections FAILED[39m
	Expected null to be truthy.
	    at <Jasmine>
	    at UserContext.<anonymous> (src/app/game-picker/components/preference-summary/preference-summary.component.spec.ts:95:28)
	    at _ZoneDelegate.invoke (node_modules/zone.js/fesm2015/zone.js:398:28)
	    at _ProxyZoneSpec.onInvoke (node_modules/zone.js/fesm2015/zone-testing.js:2132:39)
	    at _ZoneDelegate.invoke (node_modules/zone.js/fesm2015/zone.js:397:34)
	Expected null to be truthy.
	    at <Jasmine>
	    at UserContext.<anonymous> (src/app/game-picker/components/preference-summary/preference-summary.component.spec.ts:96:31)
	    at _ZoneDelegate.invoke (node_modules/zone.js/fesm2015/zone.js:398:28)
	    at _ProxyZoneSpec.onInvoke (node_modules/zone.js/fesm2015/zone-testing.js:2132:39)
	    at _ZoneDelegate.invoke (node_modules/zone.js/fesm2015/zone.js:397:34)
Chrome 138.0.0.0 (Linux x86_64): Executed 20 of 355[31m (14 FAILED)[39m (0 secs / 0.081 secs)
[1A[2K[31mChrome 138.0.0.0 (Linux x86_64) PreferenceSummaryComponent template rendering with preferences should display main title FAILED[39m
	Expected null to be truthy.
	    at <Jasmine>
	    at UserContext.<anonymous> (src/app/game-picker/components/preference-summary/preference-summary.component.spec.ts:87:21)
	    at _ZoneDelegate.invoke (node_modules/zone.js/fesm2015/zone.js:398:28)
	    at _ProxyZoneSpec.onInvoke (node_modules/zone.js/fesm2015/zone-testing.js:2132:39)
	    at _ZoneDelegate.invoke (node_modules/zone.js/fesm2015/zone.js:397:34)
	TypeError: Cannot read properties of null (reading 'nativeElement')
	    at UserContext.<anonymous> (src/app/game-picker/components/preference-summary/preference-summary.component.spec.ts:88:20)
	    at _ZoneDelegate.invoke (node_modules/zone.js/fesm2015/zone.js:398:28)
	    at _ProxyZoneSpec.onInvoke (node_modules/zone.js/fesm2015/zone-testing.js:2132:39)
	    at _ZoneDelegate.invoke (node_modules/zone.js/fesm2015/zone.js:397:34)
	    at ZoneImpl.run (node_modules/zone.js/fesm2015/zone.js:113:43)
	    at runInTestZone (node_modules/zone.js/fesm2015/zone-testing.js:216:38)
	    at UserContext.<anonymous> (node_modules/zone.js/fesm2015/zone-testing.js:234:32)
	    at <Jasmine>
Chrome 138.0.0.0 (Linux x86_64): Executed 21 of 355[31m (15 FAILED)[39m (0 secs / 0.083 secs)
[1A[2K[31mChrome 138.0.0.0 (Linux x86_64) PreferenceSummaryComponent template rendering with preferences should display summary container when preferences available FAILED[39m
	Expected null to be truthy.
	    at <Jasmine>
	    at UserContext.<anonymous> (src/app/game-picker/components/preference-summary/preference-summary.component.spec.ts:81:32)
	    at _ZoneDelegate.invoke (node_modules/zone.js/fesm2015/zone.js:398:28)
	    at _ProxyZoneSpec.onInvoke (node_modules/zone.js/fesm2015/zone-testing.js:2132:39)
	    at _ZoneDelegate.invoke (node_modules/zone.js/fesm2015/zone.js:397:34)
	Expected DebugElement({ nativeNode: <div _ngcontent-a-c1350840349 class="no-data">...</div> }) to be falsy.
	    at <Jasmine>
	    at UserContext.<anonymous> (src/app/game-picker/components/preference-summary/preference-summary.component.spec.ts:82:22)
	    at _ZoneDelegate.invoke (node_modules/zone.js/fesm2015/zone.js:398:28)
	    at _ProxyZoneSpec.onInvoke (node_modules/zone.js/fesm2015/zone-testing.js:2132:39)
	    at _ZoneDelegate.invoke (node_modules/zone.js/fesm2015/zone.js:397:34)
Chrome 138.0.0.0 (Linux x86_64): Executed 22 of 355[31m (16 FAILED)[39m (0 secs / 0.086 secs)
[1A[2K[31mChrome 138.0.0.0 (Linux x86_64) PreferenceSummaryComponent template rendering with preferences should display weight bars for all tags FAILED[39m
	Expected 0 to be 5.
	    at <Jasmine>
	    at UserContext.<anonymous> (src/app/game-picker/components/preference-summary/preference-summary.component.spec.ts:136:32)
	    at _ZoneDelegate.invoke (node_modules/zone.js/fesm2015/zone.js:398:28)
	    at _ProxyZoneSpec.onInvoke (node_modules/zone.js/fesm2015/zone-testing.js:2132:39)
	    at _ZoneDelegate.invoke (node_modules/zone.js/fesm2015/zone.js:397:34)
	Expected 0 to be 4.
	    at <Jasmine>
	    at UserContext.<anonymous> (src/app/game-picker/components/preference-summary/preference-summary.component.spec.ts:137:35)
	    at _ZoneDelegate.invoke (node_modules/zone.js/fesm2015/zone.js:398:28)
	    at _ProxyZoneSpec.onInvoke (node_modules/zone.js/fesm2015/zone-testing.js:2132:39)
	    at _ZoneDelegate.invoke (node_modules/zone.js/fesm2015/zone.js:397:34)
Chrome 138.0.0.0 (Linux x86_64): Executed 23 of 355[31m (17 FAILED)[39m (0 secs / 0.088 secs)
[1A[2K[31mChrome 138.0.0.0 (Linux x86_64) PreferenceSummaryComponent template rendering with preferences should display disliked tag items FAILED[39m
	Expected 0 to be 4.
	    at <Jasmine>
	    at UserContext.<anonymous> (src/app/game-picker/components/preference-summary/preference-summary.component.spec.ts:124:35)
	    at _ZoneDelegate.invoke (node_modules/zone.js/fesm2015/zone.js:398:28)
	    at _ProxyZoneSpec.onInvoke (node_modules/zone.js/fesm2015/zone-testing.js:2132:39)
	    at _ZoneDelegate.invoke (node_modules/zone.js/fesm2015/zone.js:397:34)
	TypeError: Cannot read properties of undefined (reading 'query')
	    at UserContext.<anonymous> (src/app/game-picker/components/preference-summary/preference-summary.component.spec.ts:127:32)
	    at _ZoneDelegate.invoke (node_modules/zone.js/fesm2015/zone.js:398:28)
	    at _ProxyZoneSpec.onInvoke (node_modules/zone.js/fesm2015/zone-testing.js:2132:39)
	    at _ZoneDelegate.invoke (node_modules/zone.js/fesm2015/zone.js:397:34)
	    at ZoneImpl.run (node_modules/zone.js/fesm2015/zone.js:113:43)
	    at runInTestZone (node_modules/zone.js/fesm2015/zone-testing.js:216:38)
	    at UserContext.<anonymous> (node_modules/zone.js/fesm2015/zone-testing.js:234:32)
	    at <Jasmine>
Chrome 138.0.0.0 (Linux x86_64): Executed 24 of 355[31m (18 FAILED)[39m (0 secs / 0.091 secs)
[1A[2K[31mChrome 138.0.0.0 (Linux x86_64) PreferenceSummaryComponent template rendering with preferences should display liked tag items FAILED[39m
	Expected 0 to be 5.
	    at <Jasmine>
	    at UserContext.<anonymous> (src/app/game-picker/components/preference-summary/preference-summary.component.spec.ts:112:32)
	    at _ZoneDelegate.invoke (node_modules/zone.js/fesm2015/zone.js:398:28)
	    at _ProxyZoneSpec.onInvoke (node_modules/zone.js/fesm2015/zone-testing.js:2132:39)
	    at _ZoneDelegate.invoke (node_modules/zone.js/fesm2015/zone.js:397:34)
	TypeError: Cannot read properties of undefined (reading 'query')
	    at UserContext.<anonymous> (src/app/game-picker/components/preference-summary/preference-summary.component.spec.ts:115:32)
	    at _ZoneDelegate.invoke (node_modules/zone.js/fesm2015/zone.js:398:28)
	    at _ProxyZoneSpec.onInvoke (node_modules/zone.js/fesm2015/zone-testing.js:2132:39)
	    at _ZoneDelegate.invoke (node_modules/zone.js/fesm2015/zone.js:397:34)
	    at ZoneImpl.run (node_modules/zone.js/fesm2015/zone.js:113:43)
	    at runInTestZone (node_modules/zone.js/fesm2015/zone-testing.js:216:38)
	    at UserContext.<anonymous> (node_modules/zone.js/fesm2015/zone-testing.js:234:32)
	    at <Jasmine>
Chrome 138.0.0.0 (Linux x86_64): Executed 25 of 355[31m (19 FAILED)[39m (0 secs / 0.095 secs)
[1A[2KChrome 138.0.0.0 (Linux x86_64): Executed 26 of 355[31m (19 FAILED)[39m (0 secs / 0.097 secs)
[1A[2K[31mChrome 138.0.0.0 (Linux x86_64) PreferenceSummaryComponent responsive layout should have proper section structure FAILED[39m
	Expected 0 to be 2.
	    at <Jasmine>
	    at UserContext.<anonymous> (src/app/game-picker/components/preference-summary/preference-summary.component.spec.ts:281:41)
	    at _ZoneDelegate.invoke (node_modules/zone.js/fesm2015/zone.js:398:28)
	    at _ProxyZoneSpec.onInvoke (node_modules/zone.js/fesm2015/zone-testing.js:2132:39)
	    at _ZoneDelegate.invoke (node_modules/zone.js/fesm2015/zone.js:397:34)
Chrome 138.0.0.0 (Linux x86_64): Executed 27 of 355[31m (20 FAILED)[39m (0 secs / 0.099 secs)
[1A[2KChrome 138.0.0.0 (Linux x86_64): Executed 28 of 355[31m (20 FAILED)[39m (0 secs / 0.101 secs)
[1A[2K[31mChrome 138.0.0.0 (Linux x86_64) PreferenceSummaryComponent responsive layout should have grid layout for preferences FAILED[39m
	Expected null to be truthy.
	    at <Jasmine>
	    at UserContext.<anonymous> (src/app/game-picker/components/preference-summary/preference-summary.component.spec.ts:276:31)
	    at _ZoneDelegate.invoke (node_modules/zone.js/fesm2015/zone.js:398:28)
	    at _ProxyZoneSpec.onInvoke (node_modules/zone.js/fesm2015/zone-testing.js:2132:39)
	    at _ZoneDelegate.invoke (node_modules/zone.js/fesm2015/zone.js:397:34)
Chrome 138.0.0.0 (Linux x86_64): Executed 29 of 355[31m (21 FAILED)[39m (0 secs / 0.103 secs)
[1A[2K[31mChrome 138.0.0.0 (Linux x86_64) PreferenceSummaryComponent accessibility should have meaningful section labels FAILED[39m
	TypeError: Cannot read properties of null (reading 'nativeElement')
	    at UserContext.<anonymous> (src/app/game-picker/components/preference-summary/preference-summary.component.spec.ts:253:25)
	    at _ZoneDelegate.invoke (node_modules/zone.js/fesm2015/zone.js:398:28)
	    at _ProxyZoneSpec.onInvoke (node_modules/zone.js/fesm2015/zone-testing.js:2132:39)
	    at _ZoneDelegate.invoke (node_modules/zone.js/fesm2015/zone.js:397:34)
	    at ZoneImpl.run (node_modules/zone.js/fesm2015/zone.js:113:43)
	    at runInTestZone (node_modules/zone.js/fesm2015/zone-testing.js:216:38)
	    at UserContext.<anonymous> (node_modules/zone.js/fesm2015/zone-testing.js:234:32)
	    at <Jasmine>
Chrome 138.0.0.0 (Linux x86_64): Executed 30 of 355[31m (22 FAILED)[39m (0 secs / 0.105 secs)
[1A[2K[31mChrome 138.0.0.0 (Linux x86_64) PreferenceSummaryComponent accessibility should have proper heading hierarchy FAILED[39m
	TypeError: Cannot read properties of null (reading 'nativeElement')
	    at UserContext.<anonymous> (src/app/game-picker/components/preference-summary/preference-summary.component.spec.ts:243:24)
	    at _ZoneDelegate.invoke (node_modules/zone.js/fesm2015/zone.js:398:28)
	    at _ProxyZoneSpec.onInvoke (node_modules/zone.js/fesm2015/zone-testing.js:2132:39)
	    at _ZoneDelegate.invoke (node_modules/zone.js/fesm2015/zone.js:397:34)
	    at ZoneImpl.run (node_modules/zone.js/fesm2015/zone.js:113:43)
	    at runInTestZone (node_modules/zone.js/fesm2015/zone-testing.js:216:38)
	    at UserContext.<anonymous> (node_modules/zone.js/fesm2015/zone-testing.js:234:32)
	    at <Jasmine>
Chrome 138.0.0.0 (Linux x86_64): Executed 31 of 355[31m (23 FAILED)[39m (0 secs / 0.107 secs)
[1A[2K[31mChrome 138.0.0.0 (Linux x86_64) PreferenceSummaryComponent accessibility should provide visual weight indicators FAILED[39m
	Expected 0 to be greater than 0.
	    at <Jasmine>
	    at UserContext.<anonymous> (src/app/game-picker/components/preference-summary/preference-summary.component.spec.ts:259:33)
	    at _ZoneDelegate.invoke (node_modules/zone.js/fesm2015/zone.js:398:28)
	    at _ProxyZoneSpec.onInvoke (node_modules/zone.js/fesm2015/zone-testing.js:2132:39)
	    at _ZoneDelegate.invoke (node_modules/zone.js/fesm2015/zone.js:397:34)
Chrome 138.0.0.0 (Linux x86_64): Executed 32 of 355[31m (24 FAILED)[39m (0 secs / 0.11 secs)
[1A[2K[31mChrome 138.0.0.0 (Linux x86_64) PreferenceSummaryComponent template rendering with empty preferences should display no preferences messages when tags are empty FAILED[39m
	Expected null to be truthy.
	    at <Jasmine>
	    at UserContext.<anonymous> (src/app/game-picker/components/preference-summary/preference-summary.component.spec.ts:167:28)
	    at _ZoneDelegate.invoke (node_modules/zone.js/fesm2015/zone.js:398:28)
	    at _ProxyZoneSpec.onInvoke (node_modules/zone.js/fesm2015/zone-testing.js:2132:39)
	    at _ZoneDelegate.invoke (node_modules/zone.js/fesm2015/zone.js:397:34)
	Expected null to be truthy.
	    at <Jasmine>
	    at UserContext.<anonymous> (src/app/game-picker/components/preference-summary/preference-summary.component.spec.ts:168:31)
	    at _ZoneDelegate.invoke (node_modules/zone.js/fesm2015/zone.js:398:28)
	    at _ProxyZoneSpec.onInvoke (node_modules/zone.js/fesm2015/zone-testing.js:2132:39)
	    at _ZoneDelegate.invoke (node_modules/zone.js/fesm2015/zone.js:397:34)
	TypeError: Cannot read properties of null (reading 'nativeElement')
	    at UserContext.<anonymous> (src/app/game-picker/components/preference-summary/preference-summary.component.spec.ts:170:27)
	    at _ZoneDelegate.invoke (node_modules/zone.js/fesm2015/zone.js:398:28)
	    at _ProxyZoneSpec.onInvoke (node_modules/zone.js/fesm2015/zone-testing.js:2132:39)
	    at _ZoneDelegate.invoke (node_modules/zone.js/fesm2015/zone.js:397:34)
	    at ZoneImpl.run (node_modules/zone.js/fesm2015/zone.js:113:43)
	    at runInTestZone (node_modules/zone.js/fesm2015/zone-testing.js:216:38)
	    at UserContext.<anonymous> (node_modules/zone.js/fesm2015/zone-testing.js:234:32)
	    at <Jasmine>
Chrome 138.0.0.0 (Linux x86_64): Executed 33 of 355[31m (25 FAILED)[39m (0 secs / 0.113 secs)
[1A[2KChrome 138.0.0.0 (Linux x86_64): Executed 34 of 355[31m (25 FAILED)[39m (0 secs / 0.115 secs)
[1A[2K[31mChrome 138.0.0.0 (Linux x86_64) PreferenceSummaryComponent template rendering with partial preferences should display liked tags and no dislikes message FAILED[39m
	Expected 0 to be 1.
	    at <Jasmine>
	    at UserContext.<anonymous> (src/app/game-picker/components/preference-summary/preference-summary.component.spec.ts:185:32)
	    at _ZoneDelegate.invoke (node_modules/zone.js/fesm2015/zone.js:398:28)
	    at _ProxyZoneSpec.onInvoke (node_modules/zone.js/fesm2015/zone-testing.js:2132:39)
	    at _ZoneDelegate.invoke (node_modules/zone.js/fesm2015/zone.js:397:34)
	Expected null to be truthy.
	    at <Jasmine>
	    at UserContext.<anonymous> (src/app/game-picker/components/preference-summary/preference-summary.component.spec.ts:186:31)
	    at _ZoneDelegate.invoke (node_modules/zone.js/fesm2015/zone.js:398:28)
	    at _ProxyZoneSpec.onInvoke (node_modules/zone.js/fesm2015/zone-testing.js:2132:39)
	    at _ZoneDelegate.invoke (node_modules/zone.js/fesm2015/zone.js:397:34)
Chrome 138.0.0.0 (Linux x86_64): Executed 35 of 355[31m (26 FAILED)[39m (0 secs / 0.118 secs)
[1A[2KChrome 138.0.0.0 (Linux x86_64): Executed 36 of 355[31m (26 FAILED)[39m (0 secs / 0.119 secs)
[1A[2KChrome 138.0.0.0 (Linux x86_64): Executed 37 of 355[31m (26 FAILED)[39m (0 secs / 0.121 secs)
[1A[2KChrome 138.0.0.0 (Linux x86_64): Executed 38 of 355[31m (26 FAILED)[39m (0 secs / 0.122 secs)
[1A[2K[31mChrome 138.0.0.0 (Linux x86_64) PairService initializeWithGames should reset existing state FAILED[39m
	Error: Model not initialized. Call initializeModel() first.
	    at PreferenceService2.updatePreferences (src/app/game-picker/services/preference.service.ts:30:13)
	    at PairService2.recordChoice (src/app/game-picker/services/pair.service.ts:64:30)
	    at UserContext.<anonymous> (src/app/game-picker/services/pair.service.spec.ts:100:15)
	    at _ZoneDelegate.invoke (node_modules/zone.js/fesm2015/zone.js:398:28)
	    at _ProxyZoneSpec.onInvoke (node_modules/zone.js/fesm2015/zone-testing.js:2132:39)
	    at _ZoneDelegate.invoke (node_modules/zone.js/fesm2015/zone.js:397:34)
	    at ZoneImpl.run (node_modules/zone.js/fesm2015/zone.js:113:43)
	    at runInTestZone (node_modules/zone.js/fesm2015/zone-testing.js:216:38)
	    at UserContext.<anonymous> (node_modules/zone.js/fesm2015/zone-testing.js:234:32)
	    at <Jasmine>
Chrome 138.0.0.0 (Linux x86_64): Executed 39 of 355[31m (27 FAILED)[39m (0 secs / 0.136 secs)
[1A[2K[31mChrome 138.0.0.0 (Linux x86_64) PairService getNextPair should not return same game pair multiple times FAILED[39m
	Error: Model not initialized. Call initializeModel() first.
	    at PreferenceService2.updatePreferences (src/app/game-picker/services/preference.service.ts:30:13)
	    at PairService2.recordChoice (src/app/game-picker/services/pair.service.ts:64:30)
	    at UserContext.<anonymous> (src/app/game-picker/services/pair.service.spec.ts:160:17)
	    at _ZoneDelegate.invoke (node_modules/zone.js/fesm2015/zone.js:398:28)
	    at _ProxyZoneSpec.onInvoke (node_modules/zone.js/fesm2015/zone-testing.js:2132:39)
	    at _ZoneDelegate.invoke (node_modules/zone.js/fesm2015/zone.js:397:34)
	    at ZoneImpl.run (node_modules/zone.js/fesm2015/zone.js:113:43)
	    at runInTestZone (node_modules/zone.js/fesm2015/zone-testing.js:216:38)
	    at UserContext.<anonymous> (node_modules/zone.js/fesm2015/zone-testing.js:234:32)
	    at <Jasmine>
Chrome 138.0.0.0 (Linux x86_64): Executed 40 of 355[31m (28 FAILED)[39m (0 secs / 0.137 secs)
[1A[2K[31mChrome 138.0.0.0 (Linux x86_64) PairService getNextPair should return null when no more pairs available FAILED[39m
	Error: Model not initialized. Call initializeModel() first.
	    at PreferenceService2.updatePreferences (src/app/game-picker/services/preference.service.ts:30:13)
	    at PairService2.recordChoice (src/app/game-picker/services/pair.service.ts:64:30)
	    at UserContext.<anonymous> (src/app/game-picker/services/pair.service.spec.ts:139:19)
	    at _ZoneDelegate.invoke (node_modules/zone.js/fesm2015/zone.js:398:28)
	    at _ProxyZoneSpec.onInvoke (node_modules/zone.js/fesm2015/zone-testing.js:2132:39)
	    at _ZoneDelegate.invoke (node_modules/zone.js/fesm2015/zone.js:397:34)
	    at ZoneImpl.run (node_modules/zone.js/fesm2015/zone.js:113:43)
	    at runInTestZone (node_modules/zone.js/fesm2015/zone-testing.js:216:38)
	    at UserContext.<anonymous> (node_modules/zone.js/fesm2015/zone-testing.js:234:32)
	    at <Jasmine>
Chrome 138.0.0.0 (Linux x86_64): Executed 41 of 355[31m (29 FAILED)[39m (0 secs / 0.138 secs)
[1A[2K[31mChrome 138.0.0.0 (Linux x86_64) PairService getNextPair should return different pairs on subsequent calls FAILED[39m
	Error: Model not initialized. Call initializeModel() first.
	    at PreferenceService2.updatePreferences (src/app/game-picker/services/preference.service.ts:30:13)
	    at PairService2.recordChoice (src/app/game-picker/services/pair.service.ts:64:30)
	    at UserContext.<anonymous> (src/app/game-picker/services/pair.service.spec.ts:122:15)
	    at _ZoneDelegate.invoke (node_modules/zone.js/fesm2015/zone.js:398:28)
	    at _ProxyZoneSpec.onInvoke (node_modules/zone.js/fesm2015/zone-testing.js:2132:39)
	    at _ZoneDelegate.invoke (node_modules/zone.js/fesm2015/zone.js:397:34)
	    at ZoneImpl.run (node_modules/zone.js/fesm2015/zone.js:113:43)
	    at runInTestZone (node_modules/zone.js/fesm2015/zone-testing.js:216:38)
	    at UserContext.<anonymous> (node_modules/zone.js/fesm2015/zone-testing.js:234:32)
	    at <Jasmine>
Chrome 138.0.0.0 (Linux x86_64): Executed 42 of 355[31m (30 FAILED)[39m (0 secs / 0.14 secs)
[1A[2KChrome 138.0.0.0 (Linux x86_64): Executed 43 of 355[31m (30 FAILED)[39m (0 secs / 0.141 secs)
[1A[2KChrome 138.0.0.0 (Linux x86_64): Executed 44 of 355[31m (30 FAILED)[39m (0 secs / 0.143 secs)
[1A[2K[31mChrome 138.0.0.0 (Linux x86_64) PairService getChoiceHistory should record all choices FAILED[39m
	Error: Model not initialized. Call initializeModel() first.
	    at PreferenceService2.updatePreferences (src/app/game-picker/services/preference.service.ts:30:13)
	    at PairService2.recordChoice (src/app/game-picker/services/pair.service.ts:64:30)
	    at src/app/game-picker/services/pair.service.spec.ts:360:17
	    at Array.forEach (<anonymous>)
	    at UserContext.<anonymous> (src/app/game-picker/services/pair.service.spec.ts:358:15)
	    at _ZoneDelegate.invoke (node_modules/zone.js/fesm2015/zone.js:398:28)
	    at _ProxyZoneSpec.onInvoke (node_modules/zone.js/fesm2015/zone-testing.js:2132:39)
	    at _ZoneDelegate.invoke (node_modules/zone.js/fesm2015/zone.js:397:34)
	    at ZoneImpl.run (node_modules/zone.js/fesm2015/zone.js:113:43)
	    at runInTestZone (node_modules/zone.js/fesm2015/zone-testing.js:216:38)
Chrome 138.0.0.0 (Linux x86_64): Executed 45 of 355[31m (31 FAILED)[39m (0 secs / 0.145 secs)
[1A[2K[31mChrome 138.0.0.0 (Linux x86_64) PairService getChoiceHistory should include complete choice information FAILED[39m
	Error: Model not initialized. Call initializeModel() first.
	    at PreferenceService2.updatePreferences (src/app/game-picker/services/preference.service.ts:30:13)
	    at PairService2.recordChoice (src/app/game-picker/services/pair.service.ts:64:30)
	    at UserContext.<anonymous> (src/app/game-picker/services/pair.service.spec.ts:374:15)
	    at _ZoneDelegate.invoke (node_modules/zone.js/fesm2015/zone.js:398:28)
	    at _ProxyZoneSpec.onInvoke (node_modules/zone.js/fesm2015/zone-testing.js:2132:39)
	    at _ZoneDelegate.invoke (node_modules/zone.js/fesm2015/zone.js:397:34)
	    at ZoneImpl.run (node_modules/zone.js/fesm2015/zone.js:113:43)
	    at runInTestZone (node_modules/zone.js/fesm2015/zone-testing.js:216:38)
	    at UserContext.<anonymous> (node_modules/zone.js/fesm2015/zone-testing.js:234:32)
	    at <Jasmine>
Chrome 138.0.0.0 (Linux x86_64): Executed 46 of 355[31m (32 FAILED)[39m (0 secs / 0.146 secs)
[1A[2K[31mChrome 138.0.0.0 (Linux x86_64) PairService getChoiceHistory should preserve chronological order FAILED[39m
	Error: Model not initialized. Call initializeModel() first.
	    at PreferenceService2.updatePreferences (src/app/game-picker/services/preference.service.ts:30:13)
	    at PairService2.recordChoice (src/app/game-picker/services/pair.service.ts:64:30)
	    at UserContext.<anonymous> (src/app/game-picker/services/pair.service.spec.ts:390:17)
	    at _ZoneDelegate.invoke (node_modules/zone.js/fesm2015/zone.js:398:28)
	    at _ProxyZoneSpec.onInvoke (node_modules/zone.js/fesm2015/zone-testing.js:2132:39)
	    at _ZoneDelegate.invoke (node_modules/zone.js/fesm2015/zone.js:397:34)
	    at ZoneImpl.run (node_modules/zone.js/fesm2015/zone.js:113:43)
	    at runInTestZone (node_modules/zone.js/fesm2015/zone-testing.js:216:38)
	    at UserContext.<anonymous> (node_modules/zone.js/fesm2015/zone-testing.js:234:32)
	    at <Jasmine>
Chrome 138.0.0.0 (Linux x86_64): Executed 47 of 355[31m (33 FAILED)[39m (0 secs / 0.148 secs)
[1A[2K[31mChrome 138.0.0.0 (Linux x86_64) PairService recordChoice should handle multiple choices FAILED[39m
	Error: Model not initialized. Call initializeModel() first.
	    at PreferenceService2.updatePreferences (src/app/game-picker/services/preference.service.ts:30:13)
	    at PairService2.recordChoice (src/app/game-picker/services/pair.service.ts:64:30)
	    at UserContext.<anonymous> (src/app/game-picker/services/pair.service.spec.ts:205:17)
	    at _ZoneDelegate.invoke (node_modules/zone.js/fesm2015/zone.js:398:28)
	    at _ProxyZoneSpec.onInvoke (node_modules/zone.js/fesm2015/zone-testing.js:2132:39)
	    at _ZoneDelegate.invoke (node_modules/zone.js/fesm2015/zone.js:397:34)
	    at ZoneImpl.run (node_modules/zone.js/fesm2015/zone.js:113:43)
	    at runInTestZone (node_modules/zone.js/fesm2015/zone-testing.js:216:38)
	    at UserContext.<anonymous> (node_modules/zone.js/fesm2015/zone-testing.js:234:32)
	    at <Jasmine>
Chrome 138.0.0.0 (Linux x86_64): Executed 48 of 355[31m (34 FAILED)[39m (0 secs / 0.15 secs)
[1A[2K[31mChrome 138.0.0.0 (Linux x86_64) PairService recordChoice should maintain choice history FAILED[39m
	Error: Model not initialized. Call initializeModel() first.
	    at PreferenceService2.updatePreferences (src/app/game-picker/services/preference.service.ts:30:13)
	    at PairService2.recordChoice (src/app/game-picker/services/pair.service.ts:64:30)
	    at UserContext.<anonymous> (src/app/game-picker/services/pair.service.spec.ts:192:15)
	    at _ZoneDelegate.invoke (node_modules/zone.js/fesm2015/zone.js:398:28)
	    at _ProxyZoneSpec.onInvoke (node_modules/zone.js/fesm2015/zone-testing.js:2132:39)
	    at _ZoneDelegate.invoke (node_modules/zone.js/fesm2015/zone.js:397:34)
	    at ZoneImpl.run (node_modules/zone.js/fesm2015/zone.js:113:43)
	    at runInTestZone (node_modules/zone.js/fesm2015/zone-testing.js:216:38)
	    at UserContext.<anonymous> (node_modules/zone.js/fesm2015/zone-testing.js:234:32)
	    at <Jasmine>
Chrome 138.0.0.0 (Linux x86_64): Executed 49 of 355[31m (35 FAILED)[39m (0 secs / 0.152 secs)
[1A[2K[31mChrome 138.0.0.0 (Linux x86_64) PairService recordChoice should handle all choice types FAILED[39m
	Error: Model not initialized. Call initializeModel() first.
	    at PreferenceService2.updatePreferences (src/app/game-picker/services/preference.service.ts:30:13)
	    at PairService2.recordChoice (src/app/game-picker/services/pair.service.ts:64:30)
	    at src/app/game-picker/services/pair.service.spec.ts:183:17
	    at Array.forEach (<anonymous>)
	    at UserContext.<anonymous> (src/app/game-picker/services/pair.service.spec.ts:179:15)
	    at _ZoneDelegate.invoke (node_modules/zone.js/fesm2015/zone.js:398:28)
	    at _ProxyZoneSpec.onInvoke (node_modules/zone.js/fesm2015/zone-testing.js:2132:39)
	    at _ZoneDelegate.invoke (node_modules/zone.js/fesm2015/zone.js:397:34)
	    at ZoneImpl.run (node_modules/zone.js/fesm2015/zone.js:113:43)
	    at runInTestZone (node_modules/zone.js/fesm2015/zone-testing.js:216:38)
Chrome 138.0.0.0 (Linux x86_64): Executed 50 of 355[31m (36 FAILED)[39m (0 secs / 0.153 secs)
[1A[2K[31mChrome 138.0.0.0 (Linux x86_64) PairService recordChoice should record user choice FAILED[39m
	Error: Model not initialized. Call initializeModel() first.
	    at PreferenceService2.updatePreferences (src/app/game-picker/services/preference.service.ts:30:13)
	    at PairService2.recordChoice (src/app/game-picker/services/pair.service.ts:64:30)
	    at UserContext.<anonymous> (src/app/game-picker/services/pair.service.spec.ts:170:15)
	    at _ZoneDelegate.invoke (node_modules/zone.js/fesm2015/zone.js:398:28)
	    at _ProxyZoneSpec.onInvoke (node_modules/zone.js/fesm2015/zone-testing.js:2132:39)
	    at _ZoneDelegate.invoke (node_modules/zone.js/fesm2015/zone.js:397:34)
	    at ZoneImpl.run (node_modules/zone.js/fesm2015/zone.js:113:43)
	    at runInTestZone (node_modules/zone.js/fesm2015/zone-testing.js:216:38)
	    at UserContext.<anonymous> (node_modules/zone.js/fesm2015/zone-testing.js:234:32)
	    at <Jasmine>
Chrome 138.0.0.0 (Linux x86_64): Executed 51 of 355[31m (37 FAILED)[39m (0 secs / 0.159 secs)
[1A[2K[31mChrome 138.0.0.0 (Linux x86_64) PairService resetProgress should clear choice history FAILED[39m
	Error: Model not initialized. Call initializeModel() first.
	    at PreferenceService2.updatePreferences (src/app/game-picker/services/preference.service.ts:30:13)
	    at PairService2.recordChoice (src/app/game-picker/services/pair.service.ts:64:30)
	    at UserContext.<anonymous> (src/app/game-picker/services/pair.service.spec.ts:309:17)
	    at _ZoneDelegate.invoke (node_modules/zone.js/fesm2015/zone.js:398:28)
	    at _ProxyZoneSpec.onInvoke (node_modules/zone.js/fesm2015/zone-testing.js:2132:39)
	    at _ZoneDelegate.invoke (node_modules/zone.js/fesm2015/zone.js:397:34)
	    at ZoneImpl.run (node_modules/zone.js/fesm2015/zone.js:113:43)
	    at runInTestZone (node_modules/zone.js/fesm2015/zone-testing.js:216:38)
	    at UserContext.<anonymous> (node_modules/zone.js/fesm2015/zone-testing.js:234:32)
	    at <Jasmine>
Chrome 138.0.0.0 (Linux x86_64): Executed 52 of 355[31m (38 FAILED)[39m (0 secs / 0.16 secs)
[1A[2K[31mChrome 138.0.0.0 (Linux x86_64) PairService resetProgress should reset current progress to zero FAILED[39m
	Error: Model not initialized. Call initializeModel() first.
	    at PreferenceService2.updatePreferences (src/app/game-picker/services/preference.service.ts:30:13)
	    at PairService2.recordChoice (src/app/game-picker/services/pair.service.ts:64:30)
	    at UserContext.<anonymous> (src/app/game-picker/services/pair.service.spec.ts:309:17)
	    at _ZoneDelegate.invoke (node_modules/zone.js/fesm2015/zone.js:398:28)
	    at _ProxyZoneSpec.onInvoke (node_modules/zone.js/fesm2015/zone-testing.js:2132:39)
	    at _ZoneDelegate.invoke (node_modules/zone.js/fesm2015/zone.js:397:34)
	    at ZoneImpl.run (node_modules/zone.js/fesm2015/zone.js:113:43)
	    at runInTestZone (node_modules/zone.js/fesm2015/zone-testing.js:216:38)
	    at UserContext.<anonymous> (node_modules/zone.js/fesm2015/zone-testing.js:234:32)
	    at <Jasmine>
Chrome 138.0.0.0 (Linux x86_64): Executed 53 of 355[31m (39 FAILED)[39m (0 secs / 0.161 secs)
[1A[2K[31mChrome 138.0.0.0 (Linux x86_64) PairService resetProgress should preserve game list FAILED[39m
	Error: Model not initialized. Call initializeModel() first.
	    at PreferenceService2.updatePreferences (src/app/game-picker/services/preference.service.ts:30:13)
	    at PairService2.recordChoice (src/app/game-picker/services/pair.service.ts:64:30)
	    at UserContext.<anonymous> (src/app/game-picker/services/pair.service.spec.ts:309:17)
	    at _ZoneDelegate.invoke (node_modules/zone.js/fesm2015/zone.js:398:28)
	    at _ProxyZoneSpec.onInvoke (node_modules/zone.js/fesm2015/zone-testing.js:2132:39)
	    at _ZoneDelegate.invoke (node_modules/zone.js/fesm2015/zone.js:397:34)
	    at ZoneImpl.run (node_modules/zone.js/fesm2015/zone.js:113:43)
	    at runInTestZone (node_modules/zone.js/fesm2015/zone-testing.js:216:38)
	    at UserContext.<anonymous> (node_modules/zone.js/fesm2015/zone-testing.js:234:32)
	    at <Jasmine>
Chrome 138.0.0.0 (Linux x86_64): Executed 54 of 355[31m (40 FAILED)[39m (0 secs / 0.163 secs)
[1A[2K[31mChrome 138.0.0.0 (Linux x86_64) PairService resetProgress should make pairs available again FAILED[39m
	Error: Model not initialized. Call initializeModel() first.
	    at PreferenceService2.updatePreferences (src/app/game-picker/services/preference.service.ts:30:13)
	    at PairService2.recordChoice (src/app/game-picker/services/pair.service.ts:64:30)
	    at UserContext.<anonymous> (src/app/game-picker/services/pair.service.spec.ts:309:17)
	    at _ZoneDelegate.invoke (node_modules/zone.js/fesm2015/zone.js:398:28)
	    at _ProxyZoneSpec.onInvoke (node_modules/zone.js/fesm2015/zone-testing.js:2132:39)
	    at _ZoneDelegate.invoke (node_modules/zone.js/fesm2015/zone.js:397:34)
	    at ZoneImpl.run (node_modules/zone.js/fesm2015/zone.js:113:43)
	    at runInTestZone (node_modules/zone.js/fesm2015/zone-testing.js:216:38)
	    at UserContext.<anonymous> (node_modules/zone.js/fesm2015/zone-testing.js:234:32)
	    at <Jasmine>
Chrome 138.0.0.0 (Linux x86_64): Executed 55 of 355[31m (41 FAILED)[39m (0 secs / 0.164 secs)
[1A[2KChrome 138.0.0.0 (Linux x86_64): Executed 56 of 355[31m (41 FAILED)[39m (0 secs / 0.164 secs)
[1A[2K[31mChrome 138.0.0.0 (Linux x86_64) PairService getProgress should handle completion FAILED[39m
	Error: Model not initialized. Call initializeModel() first.
	    at PreferenceService2.updatePreferences (src/app/game-picker/services/preference.service.ts:30:13)
	    at PairService2.recordChoice (src/app/game-picker/services/pair.service.ts:64:30)
	    at UserContext.<anonymous> (src/app/game-picker/services/pair.service.spec.ts:296:17)
	    at _ZoneDelegate.invoke (node_modules/zone.js/fesm2015/zone.js:398:28)
	    at _ProxyZoneSpec.onInvoke (node_modules/zone.js/fesm2015/zone-testing.js:2132:39)
	    at _ZoneDelegate.invoke (node_modules/zone.js/fesm2015/zone.js:397:34)
	    at ZoneImpl.run (node_modules/zone.js/fesm2015/zone.js:113:43)
	    at runInTestZone (node_modules/zone.js/fesm2015/zone-testing.js:216:38)
	    at UserContext.<anonymous> (node_modules/zone.js/fesm2015/zone-testing.js:234:32)
	    at <Jasmine>
Chrome 138.0.0.0 (Linux x86_64): Executed 57 of 355[31m (42 FAILED)[39m (0 secs / 0.165 secs)
[1A[2K[31mChrome 138.0.0.0 (Linux x86_64) PairService getProgress should update current progress with choices FAILED[39m
	Error: Model not initialized. Call initializeModel() first.
	    at PreferenceService2.updatePreferences (src/app/game-picker/services/preference.service.ts:30:13)
	    at PairService2.recordChoice (src/app/game-picker/services/pair.service.ts:64:30)
	    at UserContext.<anonymous> (src/app/game-picker/services/pair.service.spec.ts:273:15)
	    at _ZoneDelegate.invoke (node_modules/zone.js/fesm2015/zone.js:398:28)
	    at _ProxyZoneSpec.onInvoke (node_modules/zone.js/fesm2015/zone-testing.js:2132:39)
	    at _ZoneDelegate.invoke (node_modules/zone.js/fesm2015/zone.js:397:34)
	    at ZoneImpl.run (node_modules/zone.js/fesm2015/zone.js:113:43)
	    at runInTestZone (node_modules/zone.js/fesm2015/zone-testing.js:216:38)
	    at UserContext.<anonymous> (node_modules/zone.js/fesm2015/zone-testing.js:234:32)
	    at <Jasmine>
Chrome 138.0.0.0 (Linux x86_64): Executed 58 of 355[31m (43 FAILED)[39m (0 secs / 0.167 secs)
[1A[2K[31mChrome 138.0.0.0 (Linux x86_64) PairService getProgress should not change total during session FAILED[39m
	Error: Model not initialized. Call initializeModel() first.
	    at PreferenceService2.updatePreferences (src/app/game-picker/services/preference.service.ts:30:13)
	    at PairService2.recordChoice (src/app/game-picker/services/pair.service.ts:64:30)
	    at UserContext.<anonymous> (src/app/game-picker/services/pair.service.spec.ts:285:17)
	    at _ZoneDelegate.invoke (node_modules/zone.js/fesm2015/zone.js:398:28)
	    at _ProxyZoneSpec.onInvoke (node_modules/zone.js/fesm2015/zone-testing.js:2132:39)
	    at _ZoneDelegate.invoke (node_modules/zone.js/fesm2015/zone.js:397:34)
	    at ZoneImpl.run (node_modules/zone.js/fesm2015/zone.js:113:43)
	    at runInTestZone (node_modules/zone.js/fesm2015/zone-testing.js:216:38)
	    at UserContext.<anonymous> (node_modules/zone.js/fesm2015/zone-testing.js:234:32)
	    at <Jasmine>
Chrome 138.0.0.0 (Linux x86_64): Executed 59 of 355[31m (44 FAILED)[39m (0 secs / 0.168 secs)
[1A[2KChrome 138.0.0.0 (Linux x86_64): Executed 60 of 355[31m (44 FAILED)[39m (0 secs / 0.169 secs)
[1A[2KChrome 138.0.0.0 (Linux x86_64): Executed 61 of 355[31m (44 FAILED)[39m (0 secs / 0.17 secs)
[1A[2K[31mChrome 138.0.0.0 (Linux x86_64) PairService hasMorePairs should update correctly as choices are made FAILED[39m
	Error: Model not initialized. Call initializeModel() first.
	    at PreferenceService2.updatePreferences (src/app/game-picker/services/preference.service.ts:30:13)
	    at PairService2.recordChoice (src/app/game-picker/services/pair.service.ts:64:30)
	    at UserContext.<anonymous> (src/app/game-picker/services/pair.service.spec.ts:251:17)
	    at _ZoneDelegate.invoke (node_modules/zone.js/fesm2015/zone.js:398:28)
	    at _ProxyZoneSpec.onInvoke (node_modules/zone.js/fesm2015/zone-testing.js:2132:39)
	    at _ZoneDelegate.invoke (node_modules/zone.js/fesm2015/zone.js:397:34)
	    at ZoneImpl.run (node_modules/zone.js/fesm2015/zone.js:113:43)
	    at runInTestZone (node_modules/zone.js/fesm2015/zone-testing.js:216:38)
	    at UserContext.<anonymous> (node_modules/zone.js/fesm2015/zone-testing.js:234:32)
	    at <Jasmine>
Chrome 138.0.0.0 (Linux x86_64): Executed 62 of 355[31m (45 FAILED)[39m (0 secs / 0.171 secs)
[1A[2K[31mChrome 138.0.0.0 (Linux x86_64) PairService hasMorePairs should return false when target reached FAILED[39m
	Error: Model not initialized. Call initializeModel() first.
	    at PreferenceService2.updatePreferences (src/app/game-picker/services/preference.service.ts:30:13)
	    at PairService2.recordChoice (src/app/game-picker/services/pair.service.ts:64:30)
	    at UserContext.<anonymous> (src/app/game-picker/services/pair.service.spec.ts:230:19)
	    at _ZoneDelegate.invoke (node_modules/zone.js/fesm2015/zone.js:398:28)
	    at _ProxyZoneSpec.onInvoke (node_modules/zone.js/fesm2015/zone-testing.js:2132:39)
	    at _ZoneDelegate.invoke (node_modules/zone.js/fesm2015/zone.js:397:34)
	    at ZoneImpl.run (node_modules/zone.js/fesm2015/zone.js:113:43)
	    at runInTestZone (node_modules/zone.js/fesm2015/zone-testing.js:216:38)
	    at UserContext.<anonymous> (node_modules/zone.js/fesm2015/zone-testing.js:234:32)
	    at <Jasmine>
Chrome 138.0.0.0 (Linux x86_64): Executed 63 of 355[31m (46 FAILED)[39m (0 secs / 0.172 secs)
[1A[2K[31mChrome 138.0.0.0 (Linux x86_64) PairService integration scenarios should work with small game sets FAILED[39m
	Error: Model not initialized. Call initializeModel() first.
	    at PreferenceService2.updatePreferences (src/app/game-picker/services/preference.service.ts:30:13)
	    at PairService2.recordChoice (src/app/game-picker/services/pair.service.ts:64:30)
	    at UserContext.<anonymous> (src/app/game-picker/services/pair.service.spec.ts:429:22)
	    at _ZoneDelegate.invoke (node_modules/zone.js/fesm2015/zone.js:398:28)
	    at _ProxyZoneSpec.onInvoke (node_modules/zone.js/fesm2015/zone-testing.js:2132:39)
	    at _ZoneDelegate.invoke (node_modules/zone.js/fesm2015/zone.js:397:34)
	    at ZoneImpl.run (node_modules/zone.js/fesm2015/zone.js:113:43)
	    at runInTestZone (node_modules/zone.js/fesm2015/zone-testing.js:216:38)
	    at UserContext.<anonymous> (node_modules/zone.js/fesm2015/zone-testing.js:234:32)
	    at <Jasmine>
Chrome 138.0.0.0 (Linux x86_64): Executed 64 of 355[31m (47 FAILED)[39m (0 secs / 0.173 secs)
[1A[2K[31mChrome 138.0.0.0 (Linux x86_64) PairService integration scenarios should handle complete comparison session FAILED[39m
	Error: Model not initialized. Call initializeModel() first.
	    at PreferenceService2.updatePreferences (src/app/game-picker/services/preference.service.ts:30:13)
	    at PairService2.recordChoice (src/app/game-picker/services/pair.service.ts:64:30)
	    at UserContext.<anonymous> (src/app/game-picker/services/pair.service.spec.ts:410:17)
	    at _ZoneDelegate.invoke (node_modules/zone.js/fesm2015/zone.js:398:28)
	    at _ProxyZoneSpec.onInvoke (node_modules/zone.js/fesm2015/zone-testing.js:2132:39)
	    at _ZoneDelegate.invoke (node_modules/zone.js/fesm2015/zone.js:397:34)
	    at ZoneImpl.run (node_modules/zone.js/fesm2015/zone.js:113:43)
	    at runInTestZone (node_modules/zone.js/fesm2015/zone-testing.js:216:38)
	    at UserContext.<anonymous> (node_modules/zone.js/fesm2015/zone-testing.js:234:32)
	    at <Jasmine>
Chrome 138.0.0.0 (Linux x86_64): Executed 65 of 355[31m (48 FAILED)[39m (0 secs / 0.174 secs)
[1A[2K[31mChrome 138.0.0.0 (Linux x86_64) PairService integration scenarios should handle reset and restart FAILED[39m
	Error: Model not initialized. Call initializeModel() first.
	    at PreferenceService2.updatePreferences (src/app/game-picker/services/preference.service.ts:30:13)
	    at PairService2.recordChoice (src/app/game-picker/services/pair.service.ts:64:30)
	    at UserContext.<anonymous> (src/app/game-picker/services/pair.service.spec.ts:440:17)
	    at _ZoneDelegate.invoke (node_modules/zone.js/fesm2015/zone.js:398:28)
	    at _ProxyZoneSpec.onInvoke (node_modules/zone.js/fesm2015/zone-testing.js:2132:39)
	    at _ZoneDelegate.invoke (node_modules/zone.js/fesm2015/zone.js:397:34)
	    at ZoneImpl.run (node_modules/zone.js/fesm2015/zone.js:113:43)
	    at runInTestZone (node_modules/zone.js/fesm2015/zone-testing.js:216:38)
	    at UserContext.<anonymous> (node_modules/zone.js/fesm2015/zone-testing.js:234:32)
	    at <Jasmine>
Chrome 138.0.0.0 (Linux x86_64): Executed 66 of 355[31m (49 FAILED)[39m (0 secs / 0.175 secs)
[1A[2KChrome 138.0.0.0 (Linux x86_64): Executed 67 of 355[31m (49 FAILED)[39m (0 secs / 0.176 secs)
[1A[2KChrome 138.0.0.0 (Linux x86_64): Executed 68 of 355[31m (49 FAILED)[39m (0 secs / 0.211 secs)
[1A[2K[31mChrome 138.0.0.0 (Linux x86_64) GamePickerPageComponent component methods should implement onError method FAILED[39m
	Expected function to throw an Error.
	    at <Jasmine>
	    at UserContext.<anonymous> (src/app/game-picker/components/game-picker-page/game-picker-page.component.spec.ts:127:46)
	    at _ZoneDelegate.invoke (node_modules/zone.js/fesm2015/zone.js:398:28)
	    at _ProxyZoneSpec.onInvoke (node_modules/zone.js/fesm2015/zone-testing.js:2132:39)
	    at _ZoneDelegate.invoke (node_modules/zone.js/fesm2015/zone.js:397:34)
Chrome 138.0.0.0 (Linux x86_64): Executed 69 of 355[31m (50 FAILED)[39m (0 secs / 0.213 secs)
[1A[2K[31mChrome 138.0.0.0 (Linux x86_64) GamePickerPageComponent component methods should implement onStartComparisons method FAILED[39m
	Expected function to throw an Error.
	    at <Jasmine>
	    at UserContext.<anonymous> (src/app/game-picker/components/game-picker-page/game-picker-page.component.spec.ts:114:52)
	    at _ZoneDelegate.invoke (node_modules/zone.js/fesm2015/zone.js:398:28)
	    at _ProxyZoneSpec.onInvoke (node_modules/zone.js/fesm2015/zone-testing.js:2132:39)
	    at _ZoneDelegate.invoke (node_modules/zone.js/fesm2015/zone.js:397:34)
Chrome 138.0.0.0 (Linux x86_64): Executed 70 of 355[31m (51 FAILED)[39m (0 secs / 0.215 secs)
[1A[2K[31mChrome 138.0.0.0 (Linux x86_64) GamePickerPageComponent component methods should implement resetGamePicker method FAILED[39m
	Expected function to throw an Error.
	    at <Jasmine>
	    at UserContext.<anonymous> (src/app/game-picker/components/game-picker-page/game-picker-page.component.spec.ts:122:49)
	    at _ZoneDelegate.invoke (node_modules/zone.js/fesm2015/zone.js:398:28)
	    at _ProxyZoneSpec.onInvoke (node_modules/zone.js/fesm2015/zone-testing.js:2132:39)
	    at _ZoneDelegate.invoke (node_modules/zone.js/fesm2015/zone.js:397:34)
Chrome 138.0.0.0 (Linux x86_64): Executed 71 of 355[31m (52 FAILED)[39m (0 secs / 0.217 secs)
[1A[2K[31mChrome 138.0.0.0 (Linux x86_64) GamePickerPageComponent component methods should implement onComparisonsComplete method FAILED[39m
	Expected function to throw an Error.
	    at <Jasmine>
	    at UserContext.<anonymous> (src/app/game-picker/components/game-picker-page/game-picker-page.component.spec.ts:118:55)
	    at _ZoneDelegate.invoke (node_modules/zone.js/fesm2015/zone.js:398:28)
	    at _ProxyZoneSpec.onInvoke (node_modules/zone.js/fesm2015/zone-testing.js:2132:39)
	    at _ZoneDelegate.invoke (node_modules/zone.js/fesm2015/zone.js:397:34)
Chrome 138.0.0.0 (Linux x86_64): Executed 72 of 355[31m (53 FAILED)[39m (0 secs / 0.219 secs)
[1A[2K[31mChrome 138.0.0.0 (Linux x86_64) GamePickerPageComponent component methods should implement startGamePicker method FAILED[39m
	Expected function to throw an Error.
	    at <Jasmine>
	    at UserContext.<anonymous> (src/app/game-picker/components/game-picker-page/game-picker-page.component.spec.ts:110:49)
	    at _ZoneDelegate.invoke (node_modules/zone.js/fesm2015/zone.js:398:28)
	    at _ProxyZoneSpec.onInvoke (node_modules/zone.js/fesm2015/zone-testing.js:2132:39)
	    at _ZoneDelegate.invoke (node_modules/zone.js/fesm2015/zone.js:397:34)
Chrome 138.0.0.0 (Linux x86_64): Executed 73 of 355[31m (54 FAILED)[39m (0 secs / 0.223 secs)
[1A[2KChrome 138.0.0.0 (Linux x86_64): Executed 74 of 355[31m (54 FAILED)[39m (0 secs / 0.227 secs)
[1A[2KChrome 138.0.0.0 (Linux x86_64): Executed 75 of 355[31m (54 FAILED)[39m (0 secs / 0.229 secs)
[1A[2KChrome 138.0.0.0 (Linux x86_64): Executed 76 of 355[31m (54 FAILED)[39m (0 secs / 0.231 secs)
[1A[2KChrome 138.0.0.0 (Linux x86_64): Executed 77 of 355[31m (54 FAILED)[39m (0 secs / 0.243 secs)
[1A[2K[31mChrome 138.0.0.0 (Linux x86_64) GamePickerPageComponent accessibility should have accessible button labels FAILED[39m
	TypeError: Cannot read properties of null (reading 'nativeElement')
	    at UserContext.<anonymous> (src/app/game-picker/components/game-picker-page/game-picker-page.component.spec.ts:192:28)
	    at _ZoneDelegate.invoke (node_modules/zone.js/fesm2015/zone.js:398:28)
	    at _ProxyZoneSpec.onInvoke (node_modules/zone.js/fesm2015/zone-testing.js:2132:39)
	    at _ZoneDelegate.invoke (node_modules/zone.js/fesm2015/zone.js:397:34)
	    at ZoneImpl.run (node_modules/zone.js/fesm2015/zone.js:113:43)
	    at runInTestZone (node_modules/zone.js/fesm2015/zone-testing.js:216:38)
	    at UserContext.<anonymous> (node_modules/zone.js/fesm2015/zone-testing.js:234:32)
	    at <Jasmine>
Chrome 138.0.0.0 (Linux x86_64): Executed 78 of 355[31m (55 FAILED)[39m (0 secs / 0.246 secs)
[1A[2K[31mChrome 138.0.0.0 (Linux x86_64) GamePickerPageComponent integration behavior should handle rapid state changes FAILED[39m
	Expected 'recommendations' to be 'comparing'.
	    at <Jasmine>
	    at src/app/game-picker/components/game-picker-page/game-picker-page.component.spec.ts:243:35
	    at Array.forEach (<anonymous>)
	    at UserContext.<anonymous> (src/app/game-picker/components/game-picker-page/game-picker-page.component.spec.ts:238:14)
	    at _ZoneDelegate.invoke (node_modules/zone.js/fesm2015/zone.js:398:28)
Chrome 138.0.0.0 (Linux x86_64): Executed 79 of 355[31m (56 FAILED)[39m (0 secs / 0.252 secs)
[1A[2KChrome 138.0.0.0 (Linux x86_64): Executed 80 of 355[31m (56 FAILED)[39m (0 secs / 0.256 secs)
[1A[2KChrome 138.0.0.0 (Linux x86_64): Executed 81 of 355[31m (56 FAILED)[39m (0 secs / 0.262 secs)
[1A[2KChrome 138.0.0.0 (Linux x86_64): Executed 82 of 355[31m (56 FAILED)[39m (0 secs / 0.265 secs)
[1A[2K[31mChrome 138.0.0.0 (Linux x86_64) GamePickerPageComponent error handling should display error message in error state FAILED[39m
	TypeError: Cannot read properties of null (reading 'nativeElement')
	    at UserContext.<anonymous> (src/app/game-picker/components/game-picker-page/game-picker-page.component.spec.ts:267:27)
	    at _ZoneDelegate.invoke (node_modules/zone.js/fesm2015/zone.js:398:28)
	    at _ProxyZoneSpec.onInvoke (node_modules/zone.js/fesm2015/zone-testing.js:2132:39)
	    at _ZoneDelegate.invoke (node_modules/zone.js/fesm2015/zone.js:397:34)
	    at ZoneImpl.run (node_modules/zone.js/fesm2015/zone.js:113:43)
	    at runInTestZone (node_modules/zone.js/fesm2015/zone-testing.js:216:38)
	    at UserContext.<anonymous> (node_modules/zone.js/fesm2015/zone-testing.js:234:32)
	    at <Jasmine>
Chrome 138.0.0.0 (Linux x86_64): Executed 83 of 355[31m (57 FAILED)[39m (0 secs / 0.267 secs)
[1A[2K[31mChrome 138.0.0.0 (Linux x86_64) GamePickerPageComponent error handling should provide retry functionality in error state FAILED[39m
	Expected null to be truthy.
	    at <Jasmine>
	    at UserContext.<anonymous> (src/app/game-picker/components/game-picker-page/game-picker-page.component.spec.ts:276:27)
	    at _ZoneDelegate.invoke (node_modules/zone.js/fesm2015/zone.js:398:28)
	    at _ProxyZoneSpec.onInvoke (node_modules/zone.js/fesm2015/zone-testing.js:2132:39)
	    at _ZoneDelegate.invoke (node_modules/zone.js/fesm2015/zone.js:397:34)
	TypeError: Cannot read properties of null (reading 'nativeElement')
	    at UserContext.<anonymous> (src/app/game-picker/components/game-picker-page/game-picker-page.component.spec.ts:277:26)
	    at _ZoneDelegate.invoke (node_modules/zone.js/fesm2015/zone.js:398:28)
	    at _ProxyZoneSpec.onInvoke (node_modules/zone.js/fesm2015/zone-testing.js:2132:39)
	    at _ZoneDelegate.invoke (node_modules/zone.js/fesm2015/zone.js:397:34)
	    at ZoneImpl.run (node_modules/zone.js/fesm2015/zone.js:113:43)
	    at runInTestZone (node_modules/zone.js/fesm2015/zone-testing.js:216:38)
	    at UserContext.<anonymous> (node_modules/zone.js/fesm2015/zone-testing.js:234:32)
	    at <Jasmine>
Chrome 138.0.0.0 (Linux x86_64): Executed 84 of 355[31m (58 FAILED)[39m (0 secs / 0.27 secs)
[1A[2KChrome 138.0.0.0 (Linux x86_64): Executed 85 of 355[31m (58 FAILED)[39m (0 secs / 0.273 secs)
[1A[2K[31mChrome 138.0.0.0 (Linux x86_64) GamePickerPageComponent user interactions should handle restart button click in recommendations state FAILED[39m
	TypeError: Cannot read properties of null (reading 'nativeElement')
	    at UserContext.<anonymous> (src/app/game-picker/components/game-picker-page/game-picker-page.component.spec.ts:102:21)
	    at _ZoneDelegate.invoke (node_modules/zone.js/fesm2015/zone.js:398:28)
	    at _ProxyZoneSpec.onInvoke (node_modules/zone.js/fesm2015/zone-testing.js:2132:39)
	    at _ZoneDelegate.invoke (node_modules/zone.js/fesm2015/zone.js:397:34)
	    at ZoneImpl.run (node_modules/zone.js/fesm2015/zone.js:113:43)
	    at runInTestZone (node_modules/zone.js/fesm2015/zone-testing.js:216:38)
	    at UserContext.<anonymous> (node_modules/zone.js/fesm2015/zone-testing.js:234:32)
	    at <Jasmine>
Chrome 138.0.0.0 (Linux x86_64): Executed 86 of 355[31m (59 FAILED)[39m (0 secs / 0.275 secs)
[1A[2K[31mChrome 138.0.0.0 (Linux x86_64) GamePickerPageComponent template rendering should render only comparing content in comparing state FAILED[39m
	Expected DebugElement({ nativeNode: <div _ngcontent-a-c2735517478 class="loading-state">...</div> }) to be falsy.
	    at <Jasmine>
	    at UserContext.<anonymous> (src/app/game-picker/components/game-picker-page/game-picker-page.component.spec.ts:146:68)
	    at _ZoneDelegate.invoke (node_modules/zone.js/fesm2015/zone.js:398:28)
	    at _ProxyZoneSpec.onInvoke (node_modules/zone.js/fesm2015/zone-testing.js:2132:39)
	    at _ZoneDelegate.invoke (node_modules/zone.js/fesm2015/zone.js:397:34)
	Expected null to be truthy.
	    at <Jasmine>
	    at UserContext.<anonymous> (src/app/game-picker/components/game-picker-page/game-picker-page.component.spec.ts:147:71)
	    at _ZoneDelegate.invoke (node_modules/zone.js/fesm2015/zone.js:398:28)
	    at _ProxyZoneSpec.onInvoke (node_modules/zone.js/fesm2015/zone-testing.js:2132:39)
	    at _ZoneDelegate.invoke (node_modules/zone.js/fesm2015/zone.js:397:34)
Chrome 138.0.0.0 (Linux x86_64): Executed 87 of 355[31m (60 FAILED)[39m (0 secs / 0.277 secs)
[1A[2K[31mChrome 138.0.0.0 (Linux x86_64) GamePickerPageComponent template rendering should render only error content in error state FAILED[39m
	Expected DebugElement({ nativeNode: <div _ngcontent-a-c2735517478 class="loading-state">...</div> }) to be falsy.
	    at <Jasmine>
	    at UserContext.<anonymous> (src/app/game-picker/components/game-picker-page/game-picker-page.component.spec.ts:166:68)
	    at _ZoneDelegate.invoke (node_modules/zone.js/fesm2015/zone.js:398:28)
	    at _ProxyZoneSpec.onInvoke (node_modules/zone.js/fesm2015/zone-testing.js:2132:39)
	    at _ZoneDelegate.invoke (node_modules/zone.js/fesm2015/zone.js:397:34)
	Expected null to be truthy.
	    at <Jasmine>
	    at UserContext.<anonymous> (src/app/game-picker/components/game-picker-page/game-picker-page.component.spec.ts:169:66)
	    at _ZoneDelegate.invoke (node_modules/zone.js/fesm2015/zone.js:398:28)
	    at _ProxyZoneSpec.onInvoke (node_modules/zone.js/fesm2015/zone-testing.js:2132:39)
	    at _ZoneDelegate.invoke (node_modules/zone.js/fesm2015/zone.js:397:34)
Chrome 138.0.0.0 (Linux x86_64): Executed 88 of 355[31m (61 FAILED)[39m (0 secs / 0.279 secs)
[1A[2KChrome 138.0.0.0 (Linux x86_64): Executed 89 of 355[31m (61 FAILED)[39m (0 secs / 0.28 secs)
[1A[2K[31mChrome 138.0.0.0 (Linux x86_64) GamePickerPageComponent template rendering should render only recommendations content in recommendations state FAILED[39m
	Expected DebugElement({ nativeNode: <div _ngcontent-a-c2735517478 class="loading-state">...</div> }) to be falsy.
	    at <Jasmine>
	    at UserContext.<anonymous> (src/app/game-picker/components/game-picker-page/game-picker-page.component.spec.ts:156:68)
	    at _ZoneDelegate.invoke (node_modules/zone.js/fesm2015/zone.js:398:28)
	    at _ProxyZoneSpec.onInvoke (node_modules/zone.js/fesm2015/zone-testing.js:2132:39)
	    at _ZoneDelegate.invoke (node_modules/zone.js/fesm2015/zone.js:397:34)
	Expected null to be truthy.
	    at <Jasmine>
	    at UserContext.<anonymous> (src/app/game-picker/components/game-picker-page/game-picker-page.component.spec.ts:158:76)
	    at _ZoneDelegate.invoke (node_modules/zone.js/fesm2015/zone.js:398:28)
	    at _ProxyZoneSpec.onInvoke (node_modules/zone.js/fesm2015/zone-testing.js:2132:39)
	    at _ZoneDelegate.invoke (node_modules/zone.js/fesm2015/zone.js:397:34)
Chrome 138.0.0.0 (Linux x86_64): Executed 90 of 355[31m (62 FAILED)[39m (0 secs / 0.282 secs)
[1A[2K[31mChrome 138.0.0.0 (Linux x86_64) GamePickerPageComponent state transitions should display error state FAILED[39m
	Expected null to be truthy.
	    at <Jasmine>
	    at UserContext.<anonymous> (src/app/game-picker/components/game-picker-page/game-picker-page.component.spec.ts:76:28)
	    at _ZoneDelegate.invoke (node_modules/zone.js/fesm2015/zone.js:398:28)
	    at _ProxyZoneSpec.onInvoke (node_modules/zone.js/fesm2015/zone-testing.js:2132:39)
	    at _ZoneDelegate.invoke (node_modules/zone.js/fesm2015/zone.js:397:34)
	Expected null to be truthy.
	    at <Jasmine>
	    at UserContext.<anonymous> (src/app/game-picker/components/game-picker-page/game-picker-page.component.spec.ts:77:27)
	    at _ZoneDelegate.invoke (node_modules/zone.js/fesm2015/zone.js:398:28)
	    at _ProxyZoneSpec.onInvoke (node_modules/zone.js/fesm2015/zone-testing.js:2132:39)
	    at _ZoneDelegate.invoke (node_modules/zone.js/fesm2015/zone.js:397:34)
	TypeError: Cannot read properties of null (reading 'nativeElement')
	    at UserContext.<anonymous> (src/app/game-picker/components/game-picker-page/game-picker-page.component.spec.ts:78:27)
	    at _ZoneDelegate.invoke (node_modules/zone.js/fesm2015/zone.js:398:28)
	    at _ProxyZoneSpec.onInvoke (node_modules/zone.js/fesm2015/zone-testing.js:2132:39)
	    at _ZoneDelegate.invoke (node_modules/zone.js/fesm2015/zone.js:397:34)
	    at ZoneImpl.run (node_modules/zone.js/fesm2015/zone.js:113:43)
	    at runInTestZone (node_modules/zone.js/fesm2015/zone-testing.js:216:38)
	    at UserContext.<anonymous> (node_modules/zone.js/fesm2015/zone-testing.js:234:32)
	    at <Jasmine>
Chrome 138.0.0.0 (Linux x86_64): Executed 91 of 355[31m (63 FAILED)[39m (0 secs / 0.284 secs)
[1A[2K[31mChrome 138.0.0.0 (Linux x86_64) GamePickerPageComponent state transitions should transition to recommendations state FAILED[39m
	Expected null to be truthy.
	    at <Jasmine>
	    at UserContext.<anonymous> (src/app/game-picker/components/game-picker-page/game-picker-page.component.spec.ts:64:38)
	    at _ZoneDelegate.invoke (node_modules/zone.js/fesm2015/zone.js:398:28)
	    at _ProxyZoneSpec.onInvoke (node_modules/zone.js/fesm2015/zone-testing.js:2132:39)
	    at _ZoneDelegate.invoke (node_modules/zone.js/fesm2015/zone.js:397:34)
	Expected null to be truthy.
	    at <Jasmine>
	    at UserContext.<anonymous> (src/app/game-picker/components/game-picker-page/game-picker-page.component.spec.ts:65:29)
	    at _ZoneDelegate.invoke (node_modules/zone.js/fesm2015/zone.js:398:28)
	    at _ProxyZoneSpec.onInvoke (node_modules/zone.js/fesm2015/zone-testing.js:2132:39)
	    at _ZoneDelegate.invoke (node_modules/zone.js/fesm2015/zone.js:397:34)
	TypeError: Cannot read properties of null (reading 'nativeElement')
	    at UserContext.<anonymous> (src/app/game-picker/components/game-picker-page/game-picker-page.component.spec.ts:66:37)
	    at _ZoneDelegate.invoke (node_modules/zone.js/fesm2015/zone.js:398:28)
	    at _ProxyZoneSpec.onInvoke (node_modules/zone.js/fesm2015/zone-testing.js:2132:39)
	    at _ZoneDelegate.invoke (node_modules/zone.js/fesm2015/zone.js:397:34)
	    at ZoneImpl.run (node_modules/zone.js/fesm2015/zone.js:113:43)
	    at runInTestZone (node_modules/zone.js/fesm2015/zone-testing.js:216:38)
	    at UserContext.<anonymous> (node_modules/zone.js/fesm2015/zone-testing.js:234:32)
	    at <Jasmine>
Chrome 138.0.0.0 (Linux x86_64): Executed 92 of 355[31m (64 FAILED)[39m (0 secs / 0.287 secs)
[1A[2K[31mChrome 138.0.0.0 (Linux x86_64) GamePickerPageComponent state transitions should transition to comparing state FAILED[39m
	Expected null to be truthy.
	    at <Jasmine>
	    at UserContext.<anonymous> (src/app/game-picker/components/game-picker-page/game-picker-page.component.spec.ts:53:32)
	    at _ZoneDelegate.invoke (node_modules/zone.js/fesm2015/zone.js:398:28)
	    at _ProxyZoneSpec.onInvoke (node_modules/zone.js/fesm2015/zone-testing.js:2132:39)
	    at _ZoneDelegate.invoke (node_modules/zone.js/fesm2015/zone.js:397:34)
	TypeError: Cannot read properties of null (reading 'nativeElement')
	    at UserContext.<anonymous> (src/app/game-picker/components/game-picker-page/game-picker-page.component.spec.ts:54:31)
	    at _ZoneDelegate.invoke (node_modules/zone.js/fesm2015/zone.js:398:28)
	    at _ProxyZoneSpec.onInvoke (node_modules/zone.js/fesm2015/zone-testing.js:2132:39)
	    at _ZoneDelegate.invoke (node_modules/zone.js/fesm2015/zone.js:397:34)
	    at ZoneImpl.run (node_modules/zone.js/fesm2015/zone.js:113:43)
	    at runInTestZone (node_modules/zone.js/fesm2015/zone-testing.js:216:38)
	    at UserContext.<anonymous> (node_modules/zone.js/fesm2015/zone-testing.js:234:32)
	    at <Jasmine>
Chrome 138.0.0.0 (Linux x86_64): Executed 93 of 355[31m (65 FAILED)[39m (0 secs / 0.291 secs)
[1A[2KChrome 138.0.0.0 (Linux x86_64): Executed 94 of 355[31m (65 FAILED)[39m (0 secs / 0.293 secs)
[1A[2K[31mChrome 138.0.0.0 (Linux x86_64) RecommendationListComponent responsive behavior should have scrollable container FAILED[39m
	Expected null to be truthy.
	    at <Jasmine>
	    at UserContext.<anonymous> (src/app/game-picker/components/recommendation-list/recommendation-list.component.spec.ts:351:40)
	    at _ZoneDelegate.invoke (node_modules/zone.js/fesm2015/zone.js:398:28)
	    at _ProxyZoneSpec.onInvoke (node_modules/zone.js/fesm2015/zone-testing.js:2132:39)
	    at _ZoneDelegate.invoke (node_modules/zone.js/fesm2015/zone.js:397:34)
Chrome 138.0.0.0 (Linux x86_64): Executed 95 of 355[31m (66 FAILED)[39m (0 secs / 0.296 secs)
[1A[2KWARN: [36m'Spec 'RecommendationListComponent responsive behavior should maintain grid layout structure' has no expectations.'[39m
Chrome 138.0.0.0 (Linux x86_64): Executed 95 of 355[31m (66 FAILED)[39m (0 secs / 0.296 secs)
WARN: 'Spec 'RecommendationListComponent responsive behavior should maintain grid layout structure' has no expectations.'
[1A[2KChrome 138.0.0.0 (Linux x86_64): Executed 96 of 355[31m (66 FAILED)[39m (0 secs / 0.298 secs)
[1A[2KChrome 138.0.0.0 (Linux x86_64): Executed 97 of 355[31m (66 FAILED)[39m (0 secs / 0.3 secs)
[1A[2K[31mChrome 138.0.0.0 (Linux x86_64) RecommendationListComponent edge cases should handle recommendations with missing game data FAILED[39m
	Expected 0 to be 1.
	    at <Jasmine>
	    at UserContext.<anonymous> (src/app/game-picker/components/recommendation-list/recommendation-list.component.spec.ts:394:42)
	    at _ZoneDelegate.invoke (node_modules/zone.js/fesm2015/zone.js:398:28)
	    at _ProxyZoneSpec.onInvoke (node_modules/zone.js/fesm2015/zone-testing.js:2132:39)
	    at _ZoneDelegate.invoke (node_modules/zone.js/fesm2015/zone.js:397:34)
	TypeError: Cannot read properties of null (reading 'nativeElement')
	    at UserContext.<anonymous> (src/app/game-picker/components/recommendation-list/recommendation-list.component.spec.ts:397:23)
	    at _ZoneDelegate.invoke (node_modules/zone.js/fesm2015/zone.js:398:28)
	    at _ProxyZoneSpec.onInvoke (node_modules/zone.js/fesm2015/zone-testing.js:2132:39)
	    at _ZoneDelegate.invoke (node_modules/zone.js/fesm2015/zone.js:397:34)
	    at ZoneImpl.run (node_modules/zone.js/fesm2015/zone.js:113:43)
	    at runInTestZone (node_modules/zone.js/fesm2015/zone-testing.js:216:38)
	    at UserContext.<anonymous> (node_modules/zone.js/fesm2015/zone-testing.js:234:32)
	    at <Jasmine>
Chrome 138.0.0.0 (Linux x86_64): Executed 98 of 355[31m (67 FAILED)[39m (0 secs / 0.302 secs)
[1A[2KChrome 138.0.0.0 (Linux x86_64): Executed 99 of 355[31m (67 FAILED)[39m (0 secs / 0.304 secs)
[1A[2K[31mChrome 138.0.0.0 (Linux x86_64) RecommendationListComponent edge cases should handle very long game names FAILED[39m
	TypeError: Cannot read properties of null (reading 'nativeElement')
	    at UserContext.<anonymous> (src/app/game-picker/components/recommendation-list/recommendation-list.component.spec.ts:474:23)
	    at _ZoneDelegate.invoke (node_modules/zone.js/fesm2015/zone.js:398:28)
	    at _ProxyZoneSpec.onInvoke (node_modules/zone.js/fesm2015/zone-testing.js:2132:39)
	    at _ZoneDelegate.invoke (node_modules/zone.js/fesm2015/zone.js:397:34)
	    at ZoneImpl.run (node_modules/zone.js/fesm2015/zone.js:113:43)
	    at runInTestZone (node_modules/zone.js/fesm2015/zone-testing.js:216:38)
	    at UserContext.<anonymous> (node_modules/zone.js/fesm2015/zone-testing.js:234:32)
	    at <Jasmine>
Chrome 138.0.0.0 (Linux x86_64): Executed 100 of 355[31m (68 FAILED)[39m (0 secs / 0.306 secs)
[1A[2K[31mChrome 138.0.0.0 (Linux x86_64) RecommendationListComponent edge cases should handle negative scores FAILED[39m
	Expected null to be truthy.
	    at <Jasmine>
	    at UserContext.<anonymous> (src/app/game-picker/components/recommendation-list/recommendation-list.component.spec.ts:427:26)
	    at _ZoneDelegate.invoke (node_modules/zone.js/fesm2015/zone.js:398:28)
	    at _ProxyZoneSpec.onInvoke (node_modules/zone.js/fesm2015/zone-testing.js:2132:39)
	    at _ZoneDelegate.invoke (node_modules/zone.js/fesm2015/zone.js:397:34)
Chrome 138.0.0.0 (Linux x86_64): Executed 101 of 355[31m (69 FAILED)[39m (0 secs / 0.309 secs)
[1A[2K[31mChrome 138.0.0.0 (Linux x86_64) RecommendationListComponent edge cases should handle large recommendation lists FAILED[39m
	Expected null to be truthy.
	    at <Jasmine>
	    at UserContext.<anonymous> (src/app/game-picker/components/recommendation-list/recommendation-list.component.spec.ts:441:40)
	    at _ZoneDelegate.invoke (node_modules/zone.js/fesm2015/zone.js:398:28)
	    at _ProxyZoneSpec.onInvoke (node_modules/zone.js/fesm2015/zone-testing.js:2132:39)
	    at _ZoneDelegate.invoke (node_modules/zone.js/fesm2015/zone.js:397:34)
Chrome 138.0.0.0 (Linux x86_64): Executed 102 of 355[31m (70 FAILED)[39m (0 secs / 0.313 secs)
[1A[2K[31mChrome 138.0.0.0 (Linux x86_64) RecommendationListComponent edge cases should handle very high scores FAILED[39m
	Expected null to be truthy.
	    at <Jasmine>
	    at UserContext.<anonymous> (src/app/game-picker/components/recommendation-list/recommendation-list.component.spec.ts:412:26)
	    at _ZoneDelegate.invoke (node_modules/zone.js/fesm2015/zone.js:398:28)
	    at _ProxyZoneSpec.onInvoke (node_modules/zone.js/fesm2015/zone-testing.js:2132:39)
	    at _ZoneDelegate.invoke (node_modules/zone.js/fesm2015/zone.js:397:34)
Chrome 138.0.0.0 (Linux x86_64): Executed 103 of 355[31m (71 FAILED)[39m (0 secs / 0.316 secs)
[1A[2K[31mChrome 138.0.0.0 (Linux x86_64) RecommendationListComponent user interactions should handle recommendation item clicks FAILED[39m
	TypeError: Cannot read properties of null (reading 'nativeElement')
	    at UserContext.<anonymous> (src/app/game-picker/components/recommendation-list/recommendation-list.component.spec.ts:210:31)
	    at _ZoneDelegate.invoke (node_modules/zone.js/fesm2015/zone.js:398:28)
	    at _ProxyZoneSpec.onInvoke (node_modules/zone.js/fesm2015/zone-testing.js:2132:39)
	    at _ZoneDelegate.invoke (node_modules/zone.js/fesm2015/zone.js:397:34)
	    at ZoneImpl.run (node_modules/zone.js/fesm2015/zone.js:113:43)
	    at runInTestZone (node_modules/zone.js/fesm2015/zone-testing.js:216:38)
	    at UserContext.<anonymous> (node_modules/zone.js/fesm2015/zone-testing.js:234:32)
	    at <Jasmine>
Chrome 138.0.0.0 (Linux x86_64): Executed 104 of 355[31m (72 FAILED)[39m (0 secs / 0.318 secs)
[1A[2KWARN: [36m'Spec 'RecommendationListComponent user interactions should handle view details button clicks' has no expectations.'[39m
Chrome 138.0.0.0 (Linux x86_64): Executed 104 of 355[31m (72 FAILED)[39m (0 secs / 0.318 secs)
WARN: 'Spec 'RecommendationListComponent user interactions should handle view details button clicks' has no expectations.'
[1A[2KChrome 138.0.0.0 (Linux x86_64): Executed 105 of 355[31m (72 FAILED)[39m (0 secs / 0.32 secs)
[1A[2K[31mChrome 138.0.0.0 (Linux x86_64) RecommendationListComponent special ranking styles should apply special styling to top ranked games FAILED[39m
	Expected null to be truthy.
	    at <Jasmine>
	    at UserContext.<anonymous> (src/app/game-picker/components/recommendation-list/recommendation-list.component.spec.ts:295:29)
	    at _ZoneDelegate.invoke (node_modules/zone.js/fesm2015/zone.js:398:28)
	    at _ProxyZoneSpec.onInvoke (node_modules/zone.js/fesm2015/zone-testing.js:2132:39)
	    at _ZoneDelegate.invoke (node_modules/zone.js/fesm2015/zone.js:397:34)
	Expected null to be truthy.
	    at <Jasmine>
	    at UserContext.<anonymous> (src/app/game-picker/components/recommendation-list/recommendation-list.component.spec.ts:296:30)
	    at _ZoneDelegate.invoke (node_modules/zone.js/fesm2015/zone.js:398:28)
	    at _ProxyZoneSpec.onInvoke (node_modules/zone.js/fesm2015/zone-testing.js:2132:39)
	    at _ZoneDelegate.invoke (node_modules/zone.js/fesm2015/zone.js:397:34)
	Expected null to be truthy.
	    at <Jasmine>
	    at UserContext.<anonymous> (src/app/game-picker/components/recommendation-list/recommendation-list.component.spec.ts:297:29)
	    at _ZoneDelegate.invoke (node_modules/zone.js/fesm2015/zone.js:398:28)
	    at _ProxyZoneSpec.onInvoke (node_modules/zone.js/fesm2015/zone-testing.js:2132:39)
	    at _ZoneDelegate.invoke (node_modules/zone.js/fesm2015/zone.js:397:34)
Chrome 138.0.0.0 (Linux x86_64): Executed 106 of 355[31m (73 FAILED)[39m (0 secs / 0.323 secs)
[1A[2K[31mChrome 138.0.0.0 (Linux x86_64) RecommendationListComponent special ranking styles should have rank attributes set correctly FAILED[39m
	TypeError: Cannot read properties of undefined (reading 'nativeElement')
	    at UserContext.<anonymous> (src/app/game-picker/components/recommendation-list/recommendation-list.component.spec.ts:303:37)
	    at _ZoneDelegate.invoke (node_modules/zone.js/fesm2015/zone.js:398:28)
	    at _ProxyZoneSpec.onInvoke (node_modules/zone.js/fesm2015/zone-testing.js:2132:39)
	    at _ZoneDelegate.invoke (node_modules/zone.js/fesm2015/zone.js:397:34)
	    at ZoneImpl.run (node_modules/zone.js/fesm2015/zone.js:113:43)
	    at runInTestZone (node_modules/zone.js/fesm2015/zone-testing.js:216:38)
	    at UserContext.<anonymous> (node_modules/zone.js/fesm2015/zone-testing.js:234:32)
	    at <Jasmine>
Chrome 138.0.0.0 (Linux x86_64): Executed 107 of 355[31m (74 FAILED)[39m (0 secs / 0.333 secs)
[1A[2KWARN: [36m'Spec 'RecommendationListComponent accessibility should have accessible button labels' has no expectations.'[39m
Chrome 138.0.0.0 (Linux x86_64): Executed 107 of 355[31m (74 FAILED)[39m (0 secs / 0.333 secs)
WARN: 'Spec 'RecommendationListComponent accessibility should have accessible button labels' has no expectations.'
[1A[2KChrome 138.0.0.0 (Linux x86_64): Executed 108 of 355[31m (74 FAILED)[39m (0 secs / 0.335 secs)
[1A[2K[31mChrome 138.0.0.0 (Linux x86_64) RecommendationListComponent accessibility should have proper heading hierarchy FAILED[39m
	TypeError: Cannot read properties of null (reading 'nativeElement')
	    at UserContext.<anonymous> (src/app/game-picker/components/recommendation-list/recommendation-list.component.spec.ts:317:24)
	    at _ZoneDelegate.invoke (node_modules/zone.js/fesm2015/zone.js:398:28)
	    at _ProxyZoneSpec.onInvoke (node_modules/zone.js/fesm2015/zone-testing.js:2132:39)
	    at _ZoneDelegate.invoke (node_modules/zone.js/fesm2015/zone.js:397:34)
	    at ZoneImpl.run (node_modules/zone.js/fesm2015/zone.js:113:43)
	    at runInTestZone (node_modules/zone.js/fesm2015/zone-testing.js:216:38)
	    at UserContext.<anonymous> (node_modules/zone.js/fesm2015/zone-testing.js:234:32)
	    at <Jasmine>
Chrome 138.0.0.0 (Linux x86_64): Executed 109 of 355[31m (75 FAILED)[39m (0 secs / 0.338 secs)
[1A[2KWARN: [36m'Spec 'RecommendationListComponent accessibility should have clickable recommendation items' has no expectations.'[39m
Chrome 138.0.0.0 (Linux x86_64): Executed 109 of 355[31m (75 FAILED)[39m (0 secs / 0.338 secs)
WARN: 'Spec 'RecommendationListComponent accessibility should have clickable recommendation items' has no expectations.'
[1A[2KChrome 138.0.0.0 (Linux x86_64): Executed 110 of 355[31m (75 FAILED)[39m (0 secs / 0.34 secs)
[1A[2KChrome 138.0.0.0 (Linux x86_64): Executed 111 of 355[31m (75 FAILED)[39m (0 secs / 0.341 secs)
[1A[2KChrome 138.0.0.0 (Linux x86_64): Executed 112 of 355[31m (75 FAILED)[39m (0 secs / 0.344 secs)
[1A[2KChrome 138.0.0.0 (Linux x86_64): Executed 113 of 355[31m (75 FAILED)[39m (0 secs / 0.345 secs)
[1A[2KChrome 138.0.0.0 (Linux x86_64): Executed 114 of 355[31m (75 FAILED)[39m (0 secs / 0.346 secs)
[1A[2K[31mChrome 138.0.0.0 (Linux x86_64) RecommendationListComponent template rendering with recommendations should display rank numbers correctly FAILED[39m
	Expected 0 to be 3.
	    at <Jasmine>
	    at UserContext.<anonymous> (src/app/game-picker/components/recommendation-list/recommendation-list.component.spec.ts:127:34)
	    at _ZoneDelegate.invoke (node_modules/zone.js/fesm2015/zone.js:398:28)
	    at _ProxyZoneSpec.onInvoke (node_modules/zone.js/fesm2015/zone-testing.js:2132:39)
	    at _ZoneDelegate.invoke (node_modules/zone.js/fesm2015/zone.js:397:34)
	TypeError: Cannot read properties of undefined (reading 'nativeElement')
	    at UserContext.<anonymous> (src/app/game-picker/components/recommendation-list/recommendation-list.component.spec.ts:129:29)
	    at _ZoneDelegate.invoke (node_modules/zone.js/fesm2015/zone.js:398:28)
	    at _ProxyZoneSpec.onInvoke (node_modules/zone.js/fesm2015/zone-testing.js:2132:39)
	    at _ZoneDelegate.invoke (node_modules/zone.js/fesm2015/zone.js:397:34)
	    at ZoneImpl.run (node_modules/zone.js/fesm2015/zone.js:113:43)
	    at runInTestZone (node_modules/zone.js/fesm2015/zone-testing.js:216:38)
	    at UserContext.<anonymous> (node_modules/zone.js/fesm2015/zone-testing.js:234:32)
	    at <Jasmine>
Chrome 138.0.0.0 (Linux x86_64): Executed 115 of 355[31m (76 FAILED)[39m (0 secs / 0.348 secs)
[1A[2K[31mChrome 138.0.0.0 (Linux x86_64) RecommendationListComponent template rendering with recommendations should display list header when recommendations available FAILED[39m
	Expected null to be truthy.
	    at <Jasmine>
	    at UserContext.<anonymous> (src/app/game-picker/components/recommendation-list/recommendation-list.component.spec.ts:104:26)
	    at _ZoneDelegate.invoke (node_modules/zone.js/fesm2015/zone.js:398:28)
	    at _ProxyZoneSpec.onInvoke (node_modules/zone.js/fesm2015/zone-testing.js:2132:39)
	    at _ZoneDelegate.invoke (node_modules/zone.js/fesm2015/zone.js:397:34)
	Expected DebugElement({ nativeNode: <div _ngcontent-a-c1556053826 class="no-recommendations">...</div> }) to be falsy.
	    at <Jasmine>
	    at UserContext.<anonymous> (src/app/game-picker/components/recommendation-list/recommendation-list.component.spec.ts:105:33)
	    at _ZoneDelegate.invoke (node_modules/zone.js/fesm2015/zone.js:398:28)
	    at _ProxyZoneSpec.onInvoke (node_modules/zone.js/fesm2015/zone-testing.js:2132:39)
	    at _ZoneDelegate.invoke (node_modules/zone.js/fesm2015/zone.js:397:34)
Chrome 138.0.0.0 (Linux x86_64): Executed 116 of 355[31m (77 FAILED)[39m (0 secs / 0.35 secs)
[1A[2K[31mChrome 138.0.0.0 (Linux x86_64) RecommendationListComponent template rendering with recommendations should display score badges FAILED[39m
	Expected 0 to be 3.
	    at <Jasmine>
	    at UserContext.<anonymous> (src/app/game-picker/components/recommendation-list/recommendation-list.component.spec.ts:136:34)
	    at _ZoneDelegate.invoke (node_modules/zone.js/fesm2015/zone.js:398:28)
	    at _ProxyZoneSpec.onInvoke (node_modules/zone.js/fesm2015/zone-testing.js:2132:39)
	    at _ZoneDelegate.invoke (node_modules/zone.js/fesm2015/zone.js:397:34)
Chrome 138.0.0.0 (Linux x86_64): Executed 117 of 355[31m (78 FAILED)[39m (0 secs / 0.352 secs)
[1A[2K[31mChrome 138.0.0.0 (Linux x86_64) RecommendationListComponent template rendering with recommendations should display main title with recommendation count FAILED[39m
	Expected null to be truthy.
	    at <Jasmine>
	    at UserContext.<anonymous> (src/app/game-picker/components/recommendation-list/recommendation-list.component.spec.ts:110:21)
	    at _ZoneDelegate.invoke (node_modules/zone.js/fesm2015/zone.js:398:28)
	    at _ProxyZoneSpec.onInvoke (node_modules/zone.js/fesm2015/zone-testing.js:2132:39)
	    at _ZoneDelegate.invoke (node_modules/zone.js/fesm2015/zone.js:397:34)
	TypeError: Cannot read properties of null (reading 'nativeElement')
	    at UserContext.<anonymous> (src/app/game-picker/components/recommendation-list/recommendation-list.component.spec.ts:111:20)
	    at _ZoneDelegate.invoke (node_modules/zone.js/fesm2015/zone.js:398:28)
	    at _ProxyZoneSpec.onInvoke (node_modules/zone.js/fesm2015/zone-testing.js:2132:39)
	    at _ZoneDelegate.invoke (node_modules/zone.js/fesm2015/zone.js:397:34)
	    at ZoneImpl.run (node_modules/zone.js/fesm2015/zone.js:113:43)
	    at runInTestZone (node_modules/zone.js/fesm2015/zone-testing.js:216:38)
	    at UserContext.<anonymous> (node_modules/zone.js/fesm2015/zone-testing.js:234:32)
	    at <Jasmine>
Chrome 138.0.0.0 (Linux x86_64): Executed 118 of 355[31m (79 FAILED)[39m (0 secs / 0.355 secs)
[1A[2K[31mChrome 138.0.0.0 (Linux x86_64) RecommendationListComponent template rendering with recommendations should display subtitle FAILED[39m
	Expected null to be truthy.
	    at <Jasmine>
	    at UserContext.<anonymous> (src/app/game-picker/components/recommendation-list/recommendation-list.component.spec.ts:116:24)
	    at _ZoneDelegate.invoke (node_modules/zone.js/fesm2015/zone.js:398:28)
	    at _ProxyZoneSpec.onInvoke (node_modules/zone.js/fesm2015/zone-testing.js:2132:39)
	    at _ZoneDelegate.invoke (node_modules/zone.js/fesm2015/zone.js:397:34)
	TypeError: Cannot read properties of null (reading 'nativeElement')
	    at UserContext.<anonymous> (src/app/game-picker/components/recommendation-list/recommendation-list.component.spec.ts:117:23)
	    at _ZoneDelegate.invoke (node_modules/zone.js/fesm2015/zone.js:398:28)
	    at _ProxyZoneSpec.onInvoke (node_modules/zone.js/fesm2015/zone-testing.js:2132:39)
	    at _ZoneDelegate.invoke (node_modules/zone.js/fesm2015/zone.js:397:34)
	    at ZoneImpl.run (node_modules/zone.js/fesm2015/zone.js:113:43)
	    at runInTestZone (node_modules/zone.js/fesm2015/zone-testing.js:216:38)
	    at UserContext.<anonymous> (node_modules/zone.js/fesm2015/zone-testing.js:234:32)
	    at <Jasmine>
Chrome 138.0.0.0 (Linux x86_64): Executed 119 of 355[31m (80 FAILED)[39m (0 secs / 0.356 secs)
[1A[2K[31mChrome 138.0.0.0 (Linux x86_64) RecommendationListComponent template rendering with recommendations should display recommendation items FAILED[39m
	Expected 0 to be 3.
	    at <Jasmine>
	    at UserContext.<anonymous> (src/app/game-picker/components/recommendation-list/recommendation-list.component.spec.ts:122:42)
	    at _ZoneDelegate.invoke (node_modules/zone.js/fesm2015/zone.js:398:28)
	    at _ProxyZoneSpec.onInvoke (node_modules/zone.js/fesm2015/zone-testing.js:2132:39)
	    at _ZoneDelegate.invoke (node_modules/zone.js/fesm2015/zone.js:397:34)
Chrome 138.0.0.0 (Linux x86_64): Executed 120 of 355[31m (81 FAILED)[39m (0 secs / 0.357 secs)
[1A[2K[31mChrome 138.0.0.0 (Linux x86_64) RecommendationListComponent template rendering with recommendations should display game prices FAILED[39m
	Expected 0 to be 3.
	    at <Jasmine>
	    at UserContext.<anonymous> (src/app/game-picker/components/recommendation-list/recommendation-list.component.spec.ts:160:33)
	    at _ZoneDelegate.invoke (node_modules/zone.js/fesm2015/zone.js:398:28)
	    at _ProxyZoneSpec.onInvoke (node_modules/zone.js/fesm2015/zone-testing.js:2132:39)
	    at _ZoneDelegate.invoke (node_modules/zone.js/fesm2015/zone.js:397:34)
Chrome 138.0.0.0 (Linux x86_64): Executed 121 of 355[31m (82 FAILED)[39m (0 secs / 0.358 secs)
[1A[2K[31mChrome 138.0.0.0 (Linux x86_64) RecommendationListComponent template rendering with recommendations should display tag previews FAILED[39m
	Expected 0 to be greater than 0.
	    at <Jasmine>
	    at UserContext.<anonymous> (src/app/game-picker/components/recommendation-list/recommendation-list.component.spec.ts:178:34)
	    at _ZoneDelegate.invoke (node_modules/zone.js/fesm2015/zone.js:398:28)
	    at _ProxyZoneSpec.onInvoke (node_modules/zone.js/fesm2015/zone-testing.js:2132:39)
	    at _ZoneDelegate.invoke (node_modules/zone.js/fesm2015/zone.js:397:34)
Chrome 138.0.0.0 (Linux x86_64): Executed 122 of 355[31m (83 FAILED)[39m (0 secs / 0.36 secs)
[1A[2K[31mChrome 138.0.0.0 (Linux x86_64) RecommendationListComponent template rendering with recommendations should display game developers FAILED[39m
	Expected 0 to be 3.
	    at <Jasmine>
	    at UserContext.<anonymous> (src/app/game-picker/components/recommendation-list/recommendation-list.component.spec.ts:169:37)
	    at _ZoneDelegate.invoke (node_modules/zone.js/fesm2015/zone.js:398:28)
	    at _ProxyZoneSpec.onInvoke (node_modules/zone.js/fesm2015/zone-testing.js:2132:39)
	    at _ZoneDelegate.invoke (node_modules/zone.js/fesm2015/zone.js:397:34)
Chrome 138.0.0.0 (Linux x86_64): Executed 123 of 355[31m (84 FAILED)[39m (0 secs / 0.362 secs)
[1A[2K[31mChrome 138.0.0.0 (Linux x86_64) RecommendationListComponent template rendering with recommendations should display view details buttons FAILED[39m
	Expected 0 to be 3.
	    at <Jasmine>
	    at UserContext.<anonymous> (src/app/game-picker/components/recommendation-list/recommendation-list.component.spec.ts:150:34)
	    at _ZoneDelegate.invoke (node_modules/zone.js/fesm2015/zone.js:398:28)
	    at _ProxyZoneSpec.onInvoke (node_modules/zone.js/fesm2015/zone-testing.js:2132:39)
	    at _ZoneDelegate.invoke (node_modules/zone.js/fesm2015/zone.js:397:34)
Chrome 138.0.0.0 (Linux x86_64): Executed 124 of 355[31m (85 FAILED)[39m (0 secs / 0.364 secs)
[1A[2K[31mChrome 138.0.0.0 (Linux x86_64) RecommendationListComponent template rendering with recommendations should display game names FAILED[39m
	Expected 0 to be 3.
	    at <Jasmine>
	    at UserContext.<anonymous> (src/app/game-picker/components/recommendation-list/recommendation-list.component.spec.ts:141:32)
	    at _ZoneDelegate.invoke (node_modules/zone.js/fesm2015/zone.js:398:28)
	    at _ProxyZoneSpec.onInvoke (node_modules/zone.js/fesm2015/zone-testing.js:2132:39)
	    at _ZoneDelegate.invoke (node_modules/zone.js/fesm2015/zone.js:397:34)
	TypeError: Cannot read properties of undefined (reading 'nativeElement')
	    at UserContext.<anonymous> (src/app/game-picker/components/recommendation-list/recommendation-list.component.spec.ts:143:27)
	    at _ZoneDelegate.invoke (node_modules/zone.js/fesm2015/zone.js:398:28)
	    at _ProxyZoneSpec.onInvoke (node_modules/zone.js/fesm2015/zone-testing.js:2132:39)
	    at _ZoneDelegate.invoke (node_modules/zone.js/fesm2015/zone.js:397:34)
	    at ZoneImpl.run (node_modules/zone.js/fesm2015/zone.js:113:43)
	    at runInTestZone (node_modules/zone.js/fesm2015/zone-testing.js:216:38)
	    at UserContext.<anonymous> (node_modules/zone.js/fesm2015/zone-testing.js:234:32)
	    at <Jasmine>
Chrome 138.0.0.0 (Linux x86_64): Executed 125 of 355[31m (86 FAILED)[39m (0 secs / 0.365 secs)
[1A[2K[31mChrome 138.0.0.0 (Linux x86_64) RecommendationListComponent component methods should implement getDisplayRecommendations method FAILED[39m
	Expected function to throw an Error.
	    at <Jasmine>
	    at UserContext.<anonymous> (src/app/game-picker/components/recommendation-list/recommendation-list.component.spec.ts:232:59)
	    at _ZoneDelegate.invoke (node_modules/zone.js/fesm2015/zone.js:398:28)
	    at _ProxyZoneSpec.onInvoke (node_modules/zone.js/fesm2015/zone-testing.js:2132:39)
	    at _ZoneDelegate.invoke (node_modules/zone.js/fesm2015/zone.js:397:34)
Chrome 138.0.0.0 (Linux x86_64): Executed 126 of 355[31m (87 FAILED)[39m (0 secs / 0.367 secs)
[1A[2K[31mChrome 138.0.0.0 (Linux x86_64) RecommendationListComponent component methods should implement hasRecommendations method FAILED[39m
	Expected function to throw an Error.
	    at <Jasmine>
	    at UserContext.<anonymous> (src/app/game-picker/components/recommendation-list/recommendation-list.component.spec.ts:228:52)
	    at _ZoneDelegate.invoke (node_modules/zone.js/fesm2015/zone.js:398:28)
	    at _ProxyZoneSpec.onInvoke (node_modules/zone.js/fesm2015/zone-testing.js:2132:39)
	    at _ZoneDelegate.invoke (node_modules/zone.js/fesm2015/zone.js:397:34)
Chrome 138.0.0.0 (Linux x86_64): Executed 127 of 355[31m (88 FAILED)[39m (0 secs / 0.368 secs)
[1A[2KLOG: [36m'Clicked recommendation:', 'Counter-Strike: Global Offensive'[39m
Chrome 138.0.0.0 (Linux x86_64): Executed 127 of 355[31m (88 FAILED)[39m (0 secs / 0.368 secs)
LOG: 'Clicked recommendation:', 'Counter-Strike: Global Offensive'
[1A[2K[31mChrome 138.0.0.0 (Linux x86_64) RecommendationListComponent component methods should implement onRecommendationClick method FAILED[39m
	Expected function to throw an Error.
	    at <Jasmine>
	    at UserContext.<anonymous> (src/app/game-picker/components/recommendation-list/recommendation-list.component.spec.ts:248:77)
	    at _ZoneDelegate.invoke (node_modules/zone.js/fesm2015/zone.js:398:28)
	    at _ProxyZoneSpec.onInvoke (node_modules/zone.js/fesm2015/zone-testing.js:2132:39)
	    at _ZoneDelegate.invoke (node_modules/zone.js/fesm2015/zone.js:397:34)
Chrome 138.0.0.0 (Linux x86_64): Executed 128 of 355[31m (89 FAILED)[39m (0 secs / 0.369 secs)
[1A[2K[31mChrome 138.0.0.0 (Linux x86_64) RecommendationListComponent component methods should implement trackByAppId method FAILED[39m
	Expected function to throw an Error.
	    at <Jasmine>
	    at UserContext.<anonymous> (src/app/game-picker/components/recommendation-list/recommendation-list.component.spec.ts:252:71)
	    at _ZoneDelegate.invoke (node_modules/zone.js/fesm2015/zone.js:398:28)
	    at _ProxyZoneSpec.onInvoke (node_modules/zone.js/fesm2015/zone-testing.js:2132:39)
	    at _ZoneDelegate.invoke (node_modules/zone.js/fesm2015/zone.js:397:34)
Chrome 138.0.0.0 (Linux x86_64): Executed 129 of 355[31m (90 FAILED)[39m (0 secs / 0.37 secs)
[1A[2K[31mChrome 138.0.0.0 (Linux x86_64) RecommendationListComponent component methods should implement formatScore method FAILED[39m
	Expected function to throw an Error.
	    at <Jasmine>
	    at UserContext.<anonymous> (src/app/game-picker/components/recommendation-list/recommendation-list.component.spec.ts:236:49)
	    at _ZoneDelegate.invoke (node_modules/zone.js/fesm2015/zone.js:398:28)
	    at _ProxyZoneSpec.onInvoke (node_modules/zone.js/fesm2015/zone-testing.js:2132:39)
	    at _ZoneDelegate.invoke (node_modules/zone.js/fesm2015/zone.js:397:34)
Chrome 138.0.0.0 (Linux x86_64): Executed 130 of 355[31m (91 FAILED)[39m (0 secs / 0.371 secs)
[1A[2K[31mChrome 138.0.0.0 (Linux x86_64) RecommendationListComponent component methods should implement getRankText method FAILED[39m
	Expected function to throw an Error.
	    at <Jasmine>
	    at UserContext.<anonymous> (src/app/game-picker/components/recommendation-list/recommendation-list.component.spec.ts:244:46)
	    at _ZoneDelegate.invoke (node_modules/zone.js/fesm2015/zone.js:398:28)
	    at _ProxyZoneSpec.onInvoke (node_modules/zone.js/fesm2015/zone-testing.js:2132:39)
	    at _ZoneDelegate.invoke (node_modules/zone.js/fesm2015/zone.js:397:34)
Chrome 138.0.0.0 (Linux x86_64): Executed 131 of 355[31m (92 FAILED)[39m (0 secs / 0.372 secs)
[1A[2K[31mChrome 138.0.0.0 (Linux x86_64) RecommendationListComponent component methods should implement getScoreColor method FAILED[39m
	Expected function to throw an Error.
	    at <Jasmine>
	    at UserContext.<anonymous> (src/app/game-picker/components/recommendation-list/recommendation-list.component.spec.ts:240:51)
	    at _ZoneDelegate.invoke (node_modules/zone.js/fesm2015/zone.js:398:28)
	    at _ProxyZoneSpec.onInvoke (node_modules/zone.js/fesm2015/zone-testing.js:2132:39)
	    at _ZoneDelegate.invoke (node_modules/zone.js/fesm2015/zone.js:397:34)
Chrome 138.0.0.0 (Linux x86_64): Executed 132 of 355[31m (93 FAILED)[39m (0 secs / 0.374 secs)
[1A[2KChrome 138.0.0.0 (Linux x86_64): Executed 133 of 355[31m (93 FAILED)[39m (0 secs / 0.376 secs)
[1A[2KWARN: [36m'NG0955: The provided track expression resulted in duplicated keys for a given collection. Adjust the tracking expression such that it uniquely identifies all the items in the collection. Duplicated keys were: 
key "730" at index "0" and "1", 
key "730" at index "1" and "2", 
key "730" at index "2" and "3", 
key "730" at index "3" and "4", 
key "730" at index "4" and "5", 
key "730" at index "5" and "6", 
key "730" at index "6" and "7", 
key "730" at index "7" and "8", 
key "730" at index "8" and "9", 
key "730" at index "9" and "10", 
key "730" at index "10" and "11", 
key "730" at index "11" and "12", 
key "730" at index "12" and "13", 
key "730" at index "13" and "14", 
key "730" at index "14" and "15", 
key "730" at index "15" and "16", 
key "730" at index "16" and "17", 
key "730" at index "17" and "18", 
key "730" at index "18" and "19", 
key "730" at index "19" and "20", 
key "730" at index "20" and "21", 
key "730" at index "21" and "22", 
key "730" at index "22" and "23", 
key "730" at index "23" and "24", 
key "730" at index "24" and "25", 
key "730" at index "25" and "26", 
key "730" at index "26" and "27", 
key "730" at index "27" and "28", 
key "730" at index "28" and "29", 
key "730" at index "29" and "30", 
key "730" at index "30" and "31", 
key "730" at index "31" and "32", 
key "730" at index "32" and "33", 
key "730" at index "33" and "34", 
key "730" at index "34" and "35", 
key "730" at index "35" and "36", 
key "730" at index "36" and "37", 
key "730" at index "37" and "38", 
key "730" at index "38" and "39", 
key "730" at index "39" and "40", 
key "730" at index "40" and "41", 
key "730" at index "41" and "42", 
key "730" at index "42" and "43", 
key "730" at index "43" and "44", 
key "730" at index "44" and "45", 
key "730" at index "45" and "46", 
key "730" at index "46" and "47", 
key "730" at index "47" and "48", 
key "730" at index "48" and "49", 
key "730" at index "49" and "50", 
key "730" at index "50" and "51", 
key "730" at index "51" and "52", 
key "730" at index "52" and "53", 
key "730" at index "53" and "54", 
key "730" at index "54" and "55", 
key "730" at index "55" and "56", 
key "730" at index "56" and "57", 
key "730" at index "57" and "58", 
key "730" at index "58" and "59", 
key "730" at index "59" and "60", 
key "730" at index "60" and "61", 
key "730" at index "61" and "62", 
key "730" at index "62" and "63", 
key "730" at index "63" and "64", 
key "730" at index "64" and "65", 
key "730" at index "65" and "66", 
key "730" at index "66" and "67", 
key "730" at index "67" and "68", 
key "730" at index "68" and "69", 
key "730" at index "69" and "70", 
key "730" at index "70" and "71", 
key "730" at index "71" and "72", 
key "730" at index "72" and "73", 
key "730" at index "73" and "74", 
key "730" at index "74" and "75", 
key "730" at index "75" and "76", 
key "730" at index "76" and "77", 
key "730" at index "77" and "78", 
key "730" at index "78" and "79", 
key "730" at index "79" and "80", 
key "730" at index "80" and "81", 
key "730" at index "81" and "82", 
key "730" at index "82" and "83", 
key "730" at index "83" and "84", 
key "730" at index "84" and "85", 
key "730" at index "85" and "86", 
key "730" at index "86" and "87", 
key "730" at index "87" and "88", 
key "730" at index "88" and "89", 
key "730" at index "89" and "90", 
key "730" at index "90" and "91", 
key "730" at index "91" and "92", 
key "730" at index "92" and "93", 
key "730" at index "93" and "94", 
key "730" at index "94" and "95", 
key "730" at index "95" and "96", 
key "730" at index "96" and "97", 
key "730" at index "97" and "98", 
key "730" at index "98" and "99", 
key "730" at index "99" and "100", 
key "730" at index "100" and "101", 
key "730" at index "101" and "102", 
key "730" at index "102" and "103", 
key "730" at index "103" and "104". Find more at https://angular.dev/errors/NG0955'[39m
Chrome 138.0.0.0 (Linux x86_64): Executed 133 of 355[31m (93 FAILED)[39m (0 secs / 0.376 secs)
WARN: 'NG0955: The provided track expression resulted in duplicated keys for a given collection. Adjust the tracking expression such that it uniquely identifies all the items in the collection. Duplicated keys were: 
key "730" at index "0" and "1", 
key "730" at index "1" and "2", 
key "730" at index "2" and "3", 
key "730" at index "3" and "4", 
key "730" at index "4" and "5", 
key "730" at index "5" and "6", 
key "730" at index "6" and "7", 
key "730" at index "7" and "8", 
key "730" at index "8" and "9", 
key "730" at index "9" and "10", 
key "730" at index "10" and "11", 
key "730" at index "11" and "12", 
key "730" at index "12" and "13", 
key "730" at index "13" and "14", 
key "730" at index "14" and "15", 
key "730" at index "15" and "16", 
key "730" at index "16" and "17", 
key "730" at index "17" and "18", 
key "730" at index "18" and "19", 
key "730" at index "19" and "20", 
key "730" at index "20" and "21", 
key "730" at index "21" and "22", 
key "730" at index "22" and "23", 
key "730" at index "23" and "24", 
key "730" at index "24" and "25", 
key "730" at index "25" and "26", 
key "730" at index "26" and "27", 
key "730" at index "27" and "28", 
key "730" at index "28" and "29", 
key "730" at index "29" and "30", 
key "730" at index "30" and "31", 
key "730" at index "31" and "32", 
key "730" at index "32" and "33", 
key "730" at index "33" and "34", 
key "730" at index "34" and "35", 
key "730" at index "35" and "36", 
key "730" at index "36" and "37", 
key "730" at index "37" and "38", 
key "730" at index "38" and "39", 
key "730" at index "39" and "40", 
key "730" at index "40" and "41", 
key "730" at index "41" and "42", 
key "730" at index "42" and "43", 
key "730" at index "43" and "44", 
key "730" at index "44" and "45", 
key "730" at index "45" and "46", 
key "730" at index "46" and "47", 
key "730" at index "47" and "48", 
key "730" at index "48" and "49", 
key "730" at index "49" and "50", 
key "730" at index "50" and "51", 
key "730" at index "51" and "52", 
key "730" at index "52" and "53", 
key "730" at index "53" and "54", 
key "730" at index "54" and "55", 
key "730" at index "55" and "56", 
key "730" at index "56" and "57", 
key "730" at index "57" and "58", 
key "730" at index "58" and "59", 
key "730" at index "59" and "60", 
key "730" at index "60" and "61", 
key "730" at index "61" and "62", 
key "730" at index "62" and "63", 
key "730" at index "63" and "64", 
key "730" at index "64" and "65", 
key "730" at index "65" and "66", 
key "730" at index "66" and "67", 
key "730" at index "67" and "68", 
key "730" at index "68" and "69", 
key "730" at index "69" and "70", 
key "730" at index "70" and "71", 
key "730" at index "71" and "72", 
key "730" at index "72" and "73", 
key "730" at index "73" and "74", 
key "730" at index "74" and "75", 
key "730" at index "75" and "76", 
key "730" at index "76" and "77", 
key "730" at index "77" and "78", 
key "730" at index "78" and "79", 
key "730" at index "79" and "80", 
key "730" at index "80" and "81", 
key "730" at index "81" and "82", 
key "730" at index "82" and "83", 
key "730" at index "83" and "84", 
key "730" at index "84" and "85", 
key "730" at index "85" and "86", 
key "730" at index "86" and "87", 
key "730" at index "87" and "88", 
key "730" at index "88" and "89", 
key "730" at index "89" and "90", 
key "730" at index "90" and "91", 
key "730" at index "91" and "92", 
key "730" at index "92" and "93", 
key "730" at index "93" and "94", 
key "730" at index "94" and "95", 
key "730" at index "95" and "96", 
key "730" at index "96" and "97", 
key "730" at index "97" and "98", 
key "730" at index "98" and "99", 
key "730" at index "99" and "100", 
key "730" at index "100" and "101", 
key "730" at index "101" and "102", 
key "730" at index "102" and "103", 
key "730" at index "103" and "104". Find more at https://angular.dev/errors/NG0955'
[1A[2KChrome 138.0.0.0 (Linux x86_64): Executed 134 of 355[31m (93 FAILED)[39m (0 secs / 0.418 secs)
[33m20 07 2025 12:48:01.403:WARN [web-server]: [39m404: /assets/images/game-placeholder.png
[1A[2K[31mChrome 138.0.0.0 (Linux x86_64) ChoiceApiService auto flush functionality should start auto flush FAILED[39m
	Error: Expected one matching request for criteria "Match URL: /discovery/choices", found 2 requests.
	    at _HttpClientTestingBackend.expectOne (node_modules/@angular/common/fesm2022/http/testing.mjs:264:19)
	    at UserContext.<anonymous> (src/app/game-picker/services/choice-api.service.spec.ts:297:16)
	    at _ZoneDelegate.invoke (node_modules/zone.js/fesm2015/zone.js:398:28)
	    at _ProxyZoneSpec.onInvoke (node_modules/zone.js/fesm2015/zone-testing.js:2132:39)
	    at _ZoneDelegate.invoke (node_modules/zone.js/fesm2015/zone.js:397:34)
	    at ZoneImpl.run (node_modules/zone.js/fesm2015/zone.js:113:43)
	    at runInTestZone (node_modules/zone.js/fesm2015/zone-testing.js:216:38)
	    at UserContext.<anonymous> (node_modules/zone.js/fesm2015/zone-testing.js:234:32)
	    at <Jasmine>
Chrome 138.0.0.0 (Linux x86_64): Executed 135 of 355[31m (94 FAILED)[39m (0 secs / 0.432 secs)
[1A[2KWARN: [36m'Spec 'ChoiceApiService auto flush functionality should stop auto flush' has no expectations.'[39m
Chrome 138.0.0.0 (Linux x86_64): Executed 135 of 355[31m (94 FAILED)[39m (0 secs / 0.432 secs)
WARN: 'Spec 'ChoiceApiService auto flush functionality should stop auto flush' has no expectations.'
[1A[2KChrome 138.0.0.0 (Linux x86_64): Executed 136 of 355[31m (94 FAILED)[39m (0 secs / 0.434 secs)
[1A[2KWARN: [36m'Spec 'ChoiceApiService auto flush functionality should not flush when offline' has no expectations.'[39m
Chrome 138.0.0.0 (Linux x86_64): Executed 136 of 355[31m (94 FAILED)[39m (0 secs / 0.434 secs)
WARN: 'Spec 'ChoiceApiService auto flush functionality should not flush when offline' has no expectations.'
[1A[2KChrome 138.0.0.0 (Linux x86_64): Executed 137 of 355[31m (94 FAILED)[39m (0 secs / 0.436 secs)
[1A[2K[31mChrome 138.0.0.0 (Linux x86_64) ChoiceApiService auto flush functionality should handle auto flush errors gracefully FAILED[39m
	Error: Expected one matching request for criteria "Match URL: /discovery/choices", found 2 requests.
	    at _HttpClientTestingBackend.expectOne (node_modules/@angular/common/fesm2022/http/testing.mjs:264:19)
	    at UserContext.<anonymous> (src/app/game-picker/services/choice-api.service.spec.ts:333:28)
	    at _ZoneDelegate.invoke (node_modules/zone.js/fesm2015/zone.js:398:28)
	    at _ProxyZoneSpec.onInvoke (node_modules/zone.js/fesm2015/zone-testing.js:2132:39)
	    at _ZoneDelegate.invoke (node_modules/zone.js/fesm2015/zone.js:397:34)
	    at ZoneImpl.run (node_modules/zone.js/fesm2015/zone.js:113:43)
	    at runInTestZone (node_modules/zone.js/fesm2015/zone-testing.js:216:38)
	    at UserContext.<anonymous> (node_modules/zone.js/fesm2015/zone-testing.js:234:32)
	    at <Jasmine>
Chrome 138.0.0.0 (Linux x86_64): Executed 138 of 355[31m (95 FAILED)[39m (0 secs / 0.438 secs)
[1A[2KChrome 138.0.0.0 (Linux x86_64): Executed 139 of 355[31m (95 FAILED)[39m (0 secs / 0.439 secs)
[1A[2KChrome 138.0.0.0 (Linux x86_64): Executed 140 of 355[31m (95 FAILED)[39m (0 secs / 0.44 secs)
[1A[2KChrome 138.0.0.0 (Linux x86_64): Executed 141 of 355[31m (95 FAILED)[39m (0 secs / 0.441 secs)
[1A[2KChrome 138.0.0.0 (Linux x86_64): Executed 142 of 355[31m (95 FAILED)[39m (0 secs / 0.442 secs)
[1A[2KChrome 138.0.0.0 (Linux x86_64): Executed 143 of 355[31m (95 FAILED)[39m (0 secs / 0.442 secs)
[1A[2KChrome 138.0.0.0 (Linux x86_64): Executed 144 of 355[31m (95 FAILED)[39m (0 secs / 0.443 secs)
[1A[2KChrome 138.0.0.0 (Linux x86_64): Executed 145 of 355[31m (95 FAILED)[39m (0 secs / 0.443 secs)
[1A[2KChrome 138.0.0.0 (Linux x86_64): Executed 146 of 355[31m (95 FAILED)[39m (0 secs / 0.444 secs)
[1A[2KChrome 138.0.0.0 (Linux x86_64): Executed 147 of 355[31m (95 FAILED)[39m (0 secs / 0.444 secs)
[1A[2KChrome 138.0.0.0 (Linux x86_64): Executed 148 of 355[31m (95 FAILED)[39m (0 secs / 0.444 secs)
[1A[2KChrome 138.0.0.0 (Linux x86_64): Executed 149 of 355[31m (95 FAILED)[39m (0 secs / 0.445 secs)
[1A[2KChrome 138.0.0.0 (Linux x86_64): Executed 150 of 355[31m (95 FAILED)[39m (0 secs / 0.446 secs)
[1A[2KChrome 138.0.0.0 (Linux x86_64): Executed 151 of 355[31m (95 FAILED)[39m (0 secs / 0.447 secs)
[1A[2K[31mChrome 138.0.0.0 (Linux x86_64) ChoiceApiService flushChoices should handle multiple choices in batch FAILED[39m
	Expected undefined to be 3.
	    at <Jasmine>
	    at UserContext.<anonymous> (src/app/game-picker/services/choice-api.service.spec.ts:114:39)
	    at _ZoneDelegate.invoke (node_modules/zone.js/fesm2015/zone.js:398:28)
	    at _ProxyZoneSpec.onInvoke (node_modules/zone.js/fesm2015/zone-testing.js:2132:39)
	    at _ZoneDelegate.invoke (node_modules/zone.js/fesm2015/zone.js:397:34)
Chrome 138.0.0.0 (Linux x86_64): Executed 152 of 355[31m (96 FAILED)[39m (0 secs / 0.448 secs)
[1A[2K[31mChrome 138.0.0.0 (Linux x86_64) ChoiceApiService flushChoices should send queued choices to backend FAILED[39m
	Expected Object({ choices: [ Object({ leftId: 730, rightId: 570, pick: 'left', ts: 1753030080876 }) ] }) to equal [ Object({ leftId: 730, rightId: 570, pick: 'left', ts: 1753030080876 }) ].
	    at <Jasmine>
	    at UserContext.<anonymous> (src/app/game-picker/services/choice-api.service.spec.ts:97:32)
	    at _ZoneDelegate.invoke (node_modules/zone.js/fesm2015/zone.js:398:28)
	    at _ProxyZoneSpec.onInvoke (node_modules/zone.js/fesm2015/zone-testing.js:2132:39)
	    at _ZoneDelegate.invoke (node_modules/zone.js/fesm2015/zone.js:397:34)
Chrome 138.0.0.0 (Linux x86_64): Executed 153 of 355[31m (97 FAILED)[39m (0 secs / 0.45 secs)
[1A[2K[31mChrome 138.0.0.0 (Linux x86_64) ChoiceApiService flushChoices should include user ID in request FAILED[39m
	Expected null to be '48b41c1a-6538-43d3-b780-28ff2c811813'.
	    at <Jasmine>
	    at UserContext.<anonymous> (src/app/game-picker/services/choice-api.service.spec.ts:150:52)
	    at _ZoneDelegate.invoke (node_modules/zone.js/fesm2015/zone.js:398:28)
	    at _ProxyZoneSpec.onInvoke (node_modules/zone.js/fesm2015/zone-testing.js:2132:39)
	    at _ZoneDelegate.invoke (node_modules/zone.js/fesm2015/zone.js:397:34)
Chrome 138.0.0.0 (Linux x86_64): Executed 154 of 355[31m (98 FAILED)[39m (0 secs / 0.452 secs)
[1A[2KChrome 138.0.0.0 (Linux x86_64): Executed 155 of 355[31m (98 FAILED)[39m (0 secs / 0.453 secs)
[1A[2KERROR: [36m'Failed to send choices to backend:', HttpErrorResponse{headers: _HttpHeaders{headers: Map{}, normalizedNames: Map{}, lazyInit: undefined, lazyUpdate: null}, status: 500, statusText: 'Internal Server Error', url: '/discovery/choices', ok: false, type: undefined, name: 'HttpErrorResponse', message: 'Http failure response for /discovery/choices: 500 Internal Server Error', error: 'Server Error'}[39m
Chrome 138.0.0.0 (Linux x86_64): Executed 155 of 355[31m (98 FAILED)[39m (0 secs / 0.453 secs)
ERROR: 'Failed to send choices to backend:', HttpErrorResponse{headers: _HttpHeaders{headers: Map{}, normalizedNames: Map{}, lazyInit: undefined, lazyUpdate: null}, status: 500, statusText: 'Internal Server Error', url: '/discovery/choices', ok: false, type: undefined, name: 'HttpErrorResponse', message: 'Http failure response for /discovery/choices: 500 Internal Server Error', error: 'Server Error'}
[1A[2KWARN: [36m'Spec 'ChoiceApiService flushChoices should handle HTTP errors gracefully' has no expectations.'[39m
Chrome 138.0.0.0 (Linux x86_64): Executed 155 of 355[31m (98 FAILED)[39m (0 secs / 0.453 secs)
WARN: 'Spec 'ChoiceApiService flushChoices should handle HTTP errors gracefully' has no expectations.'
[1A[2KChrome 138.0.0.0 (Linux x86_64): Executed 156 of 355[31m (98 FAILED)[39m (0 secs / 0.454 secs)
[1A[2KChrome 138.0.0.0 (Linux x86_64): Executed 157 of 355[31m (98 FAILED)[39m (0 secs / 0.455 secs)
[1A[2K[31mChrome 138.0.0.0 (Linux x86_64) ChoiceApiService integration scenarios should maintain user session across operations FAILED[39m
	Expected null to be '48b41c1a-6538-43d3-b780-28ff2c811813'.
	    at <Jasmine>
	    at UserContext.<anonymous> (src/app/game-picker/services/choice-api.service.spec.ts:389:52)
	    at _ZoneDelegate.invoke (node_modules/zone.js/fesm2015/zone.js:398:28)
	    at _ProxyZoneSpec.onInvoke (node_modules/zone.js/fesm2015/zone-testing.js:2132:39)
	    at _ZoneDelegate.invoke (node_modules/zone.js/fesm2015/zone.js:397:34)
Chrome 138.0.0.0 (Linux x86_64): Executed 158 of 355[31m (99 FAILED)[39m (0 secs / 0.456 secs)
[1A[2K[31mChrome 138.0.0.0 (Linux x86_64) ChoiceApiService integration scenarios should handle typical usage pattern FAILED[39m
	Expected Object({ choices: [ Object({ leftId: 730, rightId: 570, pick: 'left', ts: 1753030081451 }), Object({ leftId: 440, rightId: 289070, pick: 'right', ts: 1753030081451 }), Object({ leftId: 730, rightId: 440, pick: 'skip', ts: 1753030081451 }) ] }) to equal [ Object({ leftId: 730, rightId: 570, pick: 'left', ts: 1753030081451 }), Object({ leftId: 440, rightId: 289070, pick: 'right', ts: 1753030081451 }), Object({ leftId: 730, rightId: 440, pick: 'skip', ts: 1753030081451 }) ].
	    at <Jasmine>
	    at UserContext.<anonymous> (src/app/game-picker/services/choice-api.service.spec.ts:359:32)
	    at _ZoneDelegate.invoke (node_modules/zone.js/fesm2015/zone.js:398:28)
	    at _ProxyZoneSpec.onInvoke (node_modules/zone.js/fesm2015/zone-testing.js:2132:39)
	    at _ZoneDelegate.invoke (node_modules/zone.js/fesm2015/zone.js:397:34)
Chrome 138.0.0.0 (Linux x86_64): Executed 159 of 355[31m (100 FAILED)[39m (0 secs / 0.457 secs)
[1A[2K[31mChrome 138.0.0.0 (Linux x86_64) ChoiceApiService integration scenarios should handle rapid queueing and flushing FAILED[39m
	Error: Expected one matching request for criteria "Match URL: /discovery/choices", found 8 requests.
	    at _HttpClientTestingBackend.expectOne (node_modules/@angular/common/fesm2022/http/testing.mjs:264:19)
	    at UserContext.<anonymous> (src/app/game-picker/services/choice-api.service.spec.ts:414:28)
	    at _ZoneDelegate.invoke (node_modules/zone.js/fesm2015/zone.js:398:28)
	    at _ProxyZoneSpec.onInvoke (node_modules/zone.js/fesm2015/zone-testing.js:2132:39)
	    at _ZoneDelegate.invoke (node_modules/zone.js/fesm2015/zone.js:397:34)
	    at ZoneImpl.run (node_modules/zone.js/fesm2015/zone.js:113:43)
	    at runInTestZone (node_modules/zone.js/fesm2015/zone-testing.js:216:38)
	    at UserContext.<anonymous> (node_modules/zone.js/fesm2015/zone-testing.js:234:32)
	    at <Jasmine>
Chrome 138.0.0.0 (Linux x86_64): Executed 160 of 355[31m (101 FAILED)[39m (0 secs / 0.459 secs)
[1A[2KChrome 138.0.0.0 (Linux x86_64): Executed 161 of 355[31m (101 FAILED)[39m (0 secs / 0.46 secs)
[1A[2KChrome 138.0.0.0 (Linux x86_64): Executed 162 of 355[31m (101 FAILED)[39m (0 secs / 0.461 secs)
[1A[2KChrome 138.0.0.0 (Linux x86_64): Executed 163 of 355[31m (101 FAILED)[39m (0 secs / 0.462 secs)
[1A[2K[31mChrome 138.0.0.0 (Linux x86_64) ChoiceApiService getQueuedCount should update when choices are queued FAILED[39m
	Error: Expected no open requests, found 1: POST /discovery/choices
	    at _HttpClientTestingBackend.verify (node_modules/@angular/common/fesm2022/http/testing.mjs:301:19)
	    at UserContext.<anonymous> (src/app/game-picker/services/choice-api.service.spec.ts:30:14)
	    at _ZoneDelegate.invoke (node_modules/zone.js/fesm2015/zone.js:398:28)
	    at _ProxyZoneSpec.onInvoke (node_modules/zone.js/fesm2015/zone-testing.js:2132:39)
	    at _ZoneDelegate.invoke (node_modules/zone.js/fesm2015/zone.js:397:34)
	    at ZoneImpl.run (node_modules/zone.js/fesm2015/zone.js:113:43)
	    at runInTestZone (node_modules/zone.js/fesm2015/zone-testing.js:216:38)
	    at UserContext.<anonymous> (node_modules/zone.js/fesm2015/zone-testing.js:234:32)
	    at <Jasmine>
Chrome 138.0.0.0 (Linux x86_64): Executed 164 of 355[31m (102 FAILED)[39m (0 secs / 0.463 secs)
[1A[2KChrome 138.0.0.0 (Linux x86_64): Executed 165 of 355[31m (102 FAILED)[39m (0 secs / 0.464 secs)
[1A[2KChrome 138.0.0.0 (Linux x86_64): Executed 166 of 355[31m (102 FAILED)[39m (0 secs / 0.465 secs)
[1A[2KChrome 138.0.0.0 (Linux x86_64): Executed 167 of 355[31m (102 FAILED)[39m (0 secs / 0.466 secs)
[1A[2KChrome 138.0.0.0 (Linux x86_64): Executed 168 of 355[31m (102 FAILED)[39m (0 secs / 0.467 secs)
[1A[2K[31mChrome 138.0.0.0 (Linux x86_64) GameCardComponent template rendering with valid game should display game price FAILED[39m
	Expected null to be truthy.
	    at <Jasmine>
	    at UserContext.<anonymous> (src/app/game-picker/components/game-card/game-card.component.spec.ts:89:28)
	    at _ZoneDelegate.invoke (node_modules/zone.js/fesm2015/zone.js:398:28)
	    at _ProxyZoneSpec.onInvoke (node_modules/zone.js/fesm2015/zone-testing.js:2132:39)
	    at _ZoneDelegate.invoke (node_modules/zone.js/fesm2015/zone.js:397:34)
	TypeError: Cannot read properties of null (reading 'nativeElement')
	    at UserContext.<anonymous> (src/app/game-picker/components/game-card/game-card.component.spec.ts:90:27)
	    at _ZoneDelegate.invoke (node_modules/zone.js/fesm2015/zone.js:398:28)
	    at _ProxyZoneSpec.onInvoke (node_modules/zone.js/fesm2015/zone-testing.js:2132:39)
	    at _ZoneDelegate.invoke (node_modules/zone.js/fesm2015/zone.js:397:34)
	    at ZoneImpl.run (node_modules/zone.js/fesm2015/zone.js:113:43)
	    at runInTestZone (node_modules/zone.js/fesm2015/zone-testing.js:216:38)
	    at UserContext.<anonymous> (node_modules/zone.js/fesm2015/zone-testing.js:234:32)
	    at <Jasmine>
Chrome 138.0.0.0 (Linux x86_64): Executed 169 of 355[31m (103 FAILED)[39m (0 secs / 0.468 secs)
[1A[2KChrome 138.0.0.0 (Linux x86_64): Executed 170 of 355[31m (103 FAILED)[39m (0 secs / 0.469 secs)
[1A[2K[31mChrome 138.0.0.0 (Linux x86_64) GameCardComponent template rendering with valid game should display developer information FAILED[39m
	Expected null to be truthy.
	    at <Jasmine>
	    at UserContext.<anonymous> (src/app/game-picker/components/game-card/game-card.component.spec.ts:95:32)
	    at _ZoneDelegate.invoke (node_modules/zone.js/fesm2015/zone.js:398:28)
	    at _ProxyZoneSpec.onInvoke (node_modules/zone.js/fesm2015/zone-testing.js:2132:39)
	    at _ZoneDelegate.invoke (node_modules/zone.js/fesm2015/zone.js:397:34)
	TypeError: Cannot read properties of null (reading 'nativeElement')
	    at UserContext.<anonymous> (src/app/game-picker/components/game-card/game-card.component.spec.ts:96:31)
	    at _ZoneDelegate.invoke (node_modules/zone.js/fesm2015/zone.js:398:28)
	    at _ProxyZoneSpec.onInvoke (node_modules/zone.js/fesm2015/zone-testing.js:2132:39)
	    at _ZoneDelegate.invoke (node_modules/zone.js/fesm2015/zone.js:397:34)
	    at ZoneImpl.run (node_modules/zone.js/fesm2015/zone.js:113:43)
	    at runInTestZone (node_modules/zone.js/fesm2015/zone-testing.js:216:38)
	    at UserContext.<anonymous> (node_modules/zone.js/fesm2015/zone-testing.js:234:32)
	    at <Jasmine>
Chrome 138.0.0.0 (Linux x86_64): Executed 171 of 355[31m (104 FAILED)[39m (0 secs / 0.472 secs)
[1A[2K[31mChrome 138.0.0.0 (Linux x86_64) GameCardComponent template rendering with valid game should display review information FAILED[39m
	Expected null to be truthy.
	    at <Jasmine>
	    at UserContext.<anonymous> (src/app/game-picker/components/game-card/game-card.component.spec.ts:126:29)
	    at _ZoneDelegate.invoke (node_modules/zone.js/fesm2015/zone.js:398:28)
	    at _ProxyZoneSpec.onInvoke (node_modules/zone.js/fesm2015/zone-testing.js:2132:39)
	    at _ZoneDelegate.invoke (node_modules/zone.js/fesm2015/zone.js:397:34)
	Expected null to be truthy.
	    at <Jasmine>
	    at UserContext.<anonymous> (src/app/game-picker/components/game-card/game-card.component.spec.ts:127:32)
	    at _ZoneDelegate.invoke (node_modules/zone.js/fesm2015/zone.js:398:28)
	    at _ProxyZoneSpec.onInvoke (node_modules/zone.js/fesm2015/zone-testing.js:2132:39)
	    at _ZoneDelegate.invoke (node_modules/zone.js/fesm2015/zone.js:397:34)
Chrome 138.0.0.0 (Linux x86_64): Executed 172 of 355[31m (105 FAILED)[39m (0 secs / 0.474 secs)
[1A[2KChrome 138.0.0.0 (Linux x86_64): Executed 173 of 355[31m (105 FAILED)[39m (0 secs / 0.476 secs)
[1A[2KChrome 138.0.0.0 (Linux x86_64): Executed 174 of 355[31m (105 FAILED)[39m (0 secs / 0.478 secs)
[1A[2K[31mChrome 138.0.0.0 (Linux x86_64) GameCardComponent template rendering with valid game should display tag chips FAILED[39m
	Expected 0 to be greater than 0.
	    at <Jasmine>
	    at UserContext.<anonymous> (src/app/game-picker/components/game-card/game-card.component.spec.ts:111:31)
	    at _ZoneDelegate.invoke (node_modules/zone.js/fesm2015/zone.js:398:28)
	    at _ProxyZoneSpec.onInvoke (node_modules/zone.js/fesm2015/zone-testing.js:2132:39)
	    at _ZoneDelegate.invoke (node_modules/zone.js/fesm2015/zone.js:397:34)
Chrome 138.0.0.0 (Linux x86_64): Executed 175 of 355[31m (106 FAILED)[39m (0 secs / 0.48 secs)
[1A[2K[31mChrome 138.0.0.0 (Linux x86_64) GameCardComponent template rendering with valid game should display genre badges FAILED[39m
	Expected 0 to be 2.
	    at <Jasmine>
	    at UserContext.<anonymous> (src/app/game-picker/components/game-card/game-card.component.spec.ts:117:34)
	    at _ZoneDelegate.invoke (node_modules/zone.js/fesm2015/zone.js:398:28)
	    at _ProxyZoneSpec.onInvoke (node_modules/zone.js/fesm2015/zone-testing.js:2132:39)
	    at _ZoneDelegate.invoke (node_modules/zone.js/fesm2015/zone.js:397:34)
	TypeError: Cannot read properties of undefined (reading 'nativeElement')
	    at UserContext.<anonymous> (src/app/game-picker/components/game-card/game-card.component.spec.ts:118:29)
	    at _ZoneDelegate.invoke (node_modules/zone.js/fesm2015/zone.js:398:28)
	    at _ProxyZoneSpec.onInvoke (node_modules/zone.js/fesm2015/zone-testing.js:2132:39)
	    at _ZoneDelegate.invoke (node_modules/zone.js/fesm2015/zone.js:397:34)
	    at ZoneImpl.run (node_modules/zone.js/fesm2015/zone.js:113:43)
	    at runInTestZone (node_modules/zone.js/fesm2015/zone-testing.js:216:38)
	    at UserContext.<anonymous> (node_modules/zone.js/fesm2015/zone-testing.js:234:32)
	    at <Jasmine>
Chrome 138.0.0.0 (Linux x86_64): Executed 176 of 355[31m (107 FAILED)[39m (0 secs / 0.481 secs)
[1A[2K[31mChrome 138.0.0.0 (Linux x86_64) GameCardComponent accessibility should have semantic content structure FAILED[39m
	Expected null to be truthy.
	    at <Jasmine>
	    at UserContext.<anonymous> (src/app/game-picker/components/game-card/game-card.component.spec.ts:302:26)
	    at _ZoneDelegate.invoke (node_modules/zone.js/fesm2015/zone.js:398:28)
	    at _ProxyZoneSpec.onInvoke (node_modules/zone.js/fesm2015/zone-testing.js:2132:39)
	    at _ZoneDelegate.invoke (node_modules/zone.js/fesm2015/zone.js:397:34)
Chrome 138.0.0.0 (Linux x86_64): Executed 177 of 355[31m (108 FAILED)[39m (0 secs / 0.483 secs)
[1A[2KChrome 138.0.0.0 (Linux x86_64): Executed 178 of 355[31m (108 FAILED)[39m (0 secs / 0.487 secs)
[1A[2KChrome 138.0.0.0 (Linux x86_64): Executed 179 of 355[31m (108 FAILED)[39m (0 secs / 0.49 secs)
[1A[2KChrome 138.0.0.0 (Linux x86_64): Executed 180 of 355[31m (108 FAILED)[39m (0 secs / 0.493 secs)
[1A[2KChrome 138.0.0.0 (Linux x86_64): Executed 181 of 355[31m (108 FAILED)[39m (0 secs / 0.494 secs)
[1A[2KChrome 138.0.0.0 (Linux x86_64): Executed 182 of 355[31m (108 FAILED)[39m (0 secs / 0.496 secs)
[1A[2K[31mChrome 138.0.0.0 (Linux x86_64) GameCardComponent edge cases should handle game with null reviews FAILED[39m
	Expected null to be truthy.
	    at <Jasmine>
	    at UserContext.<anonymous> (src/app/game-picker/components/game-card/game-card.component.spec.ts:255:29)
	    at _ZoneDelegate.invoke (node_modules/zone.js/fesm2015/zone.js:398:28)
	    at _ProxyZoneSpec.onInvoke (node_modules/zone.js/fesm2015/zone-testing.js:2132:39)
	    at _ZoneDelegate.invoke (node_modules/zone.js/fesm2015/zone.js:397:34)
Chrome 138.0.0.0 (Linux x86_64): Executed 183 of 355[31m (109 FAILED)[39m (0 secs / 0.497 secs)
[1A[2K[31mChrome 138.0.0.0 (Linux x86_64) GameCardComponent edge cases should handle game with missing developer and publisher FAILED[39m
	Expected null to be truthy.
	    at <Jasmine>
	    at UserContext.<anonymous> (src/app/game-picker/components/game-card/game-card.component.spec.ts:263:32)
	    at _ZoneDelegate.invoke (node_modules/zone.js/fesm2015/zone.js:398:28)
	    at _ProxyZoneSpec.onInvoke (node_modules/zone.js/fesm2015/zone-testing.js:2132:39)
	    at _ZoneDelegate.invoke (node_modules/zone.js/fesm2015/zone.js:397:34)
Chrome 138.0.0.0 (Linux x86_64): Executed 184 of 355[31m (110 FAILED)[39m (0 secs / 0.499 secs)
[1A[2K[31mChrome 138.0.0.0 (Linux x86_64) GameCardComponent cover image handling should display cover placeholder when no cover URL FAILED[39m
	Expected DebugElement({ nativeNode: <img _ngcontent-a-c394367920 class="cover-image" src="/assets/images/game-placeholder.png" alt="Counter-Strike: Global Offensive"> }) to be falsy.
	    at <Jasmine>
	    at UserContext.<anonymous> (src/app/game-picker/components/game-card/game-card.component.spec.ts:155:26)
	    at _ZoneDelegate.invoke (node_modules/zone.js/fesm2015/zone.js:398:28)
	    at _ProxyZoneSpec.onInvoke (node_modules/zone.js/fesm2015/zone-testing.js:2132:39)
	    at _ZoneDelegate.invoke (node_modules/zone.js/fesm2015/zone.js:397:34)
	Expected null to be truthy.
	    at <Jasmine>
	    at UserContext.<anonymous> (src/app/game-picker/components/game-card/game-card.component.spec.ts:156:32)
	    at _ZoneDelegate.invoke (node_modules/zone.js/fesm2015/zone.js:398:28)
	    at _ProxyZoneSpec.onInvoke (node_modules/zone.js/fesm2015/zone-testing.js:2132:39)
	    at _ZoneDelegate.invoke (node_modules/zone.js/fesm2015/zone.js:397:34)
	TypeError: Cannot read properties of null (reading 'nativeElement')
	    at UserContext.<anonymous> (src/app/game-picker/components/game-card/game-card.component.spec.ts:157:31)
	    at _ZoneDelegate.invoke (node_modules/zone.js/fesm2015/zone.js:398:28)
	    at _ProxyZoneSpec.onInvoke (node_modules/zone.js/fesm2015/zone-testing.js:2132:39)
	    at _ZoneDelegate.invoke (node_modules/zone.js/fesm2015/zone.js:397:34)
	    at ZoneImpl.run (node_modules/zone.js/fesm2015/zone.js:113:43)
	    at runInTestZone (node_modules/zone.js/fesm2015/zone-testing.js:216:38)
	    at UserContext.<anonymous> (node_modules/zone.js/fesm2015/zone-testing.js:234:32)
	    at <Jasmine>
Chrome 138.0.0.0 (Linux x86_64): Executed 185 of 355[31m (111 FAILED)[39m (0 secs / 0.501 secs)
[33m20 07 2025 12:48:01.512:WARN [web-server]: [39m404: /assets/images/game-placeholder.png
[1A[2K[31mChrome 138.0.0.0 (Linux x86_64) GameCardComponent cover image handling should use first letter of game name in placeholder FAILED[39m
	TypeError: Cannot read properties of null (reading 'nativeElement')
	    at UserContext.<anonymous> (src/app/game-picker/components/game-card/game-card.component.spec.ts:165:31)
	    at _ZoneDelegate.invoke (node_modules/zone.js/fesm2015/zone.js:398:28)
	    at _ProxyZoneSpec.onInvoke (node_modules/zone.js/fesm2015/zone-testing.js:2132:39)
	    at _ZoneDelegate.invoke (node_modules/zone.js/fesm2015/zone.js:397:34)
	    at ZoneImpl.run (node_modules/zone.js/fesm2015/zone.js:113:43)
	    at runInTestZone (node_modules/zone.js/fesm2015/zone-testing.js:216:38)
	    at UserContext.<anonymous> (node_modules/zone.js/fesm2015/zone-testing.js:234:32)
	    at <Jasmine>
Chrome 138.0.0.0 (Linux x86_64): Executed 186 of 355[31m (112 FAILED)[39m (0 secs / 0.504 secs)
[1A[2K[31mChrome 138.0.0.0 (Linux x86_64) GameCardComponent template rendering without game should display placeholder when no game provided FAILED[39m
	Expected DebugElement({ nativeNode: <div _ngcontent-a-c394367920 class="game-card">...</div> }) to be falsy.
	    at <Jasmine>
	    at UserContext.<anonymous> (src/app/game-picker/components/game-card/game-card.component.spec.ts:141:24)
	    at _ZoneDelegate.invoke (node_modules/zone.js/fesm2015/zone.js:398:28)
	    at _ProxyZoneSpec.onInvoke (node_modules/zone.js/fesm2015/zone-testing.js:2132:39)
	    at _ZoneDelegate.invoke (node_modules/zone.js/fesm2015/zone.js:397:34)
	Expected null to be truthy.
	    at <Jasmine>
	    at UserContext.<anonymous> (src/app/game-picker/components/game-card/game-card.component.spec.ts:142:27)
	    at _ZoneDelegate.invoke (node_modules/zone.js/fesm2015/zone.js:398:28)
	    at _ProxyZoneSpec.onInvoke (node_modules/zone.js/fesm2015/zone-testing.js:2132:39)
	    at _ZoneDelegate.invoke (node_modules/zone.js/fesm2015/zone.js:397:34)
	TypeError: Cannot read properties of null (reading 'nativeElement')
	    at UserContext.<anonymous> (src/app/game-picker/components/game-card/game-card.component.spec.ts:143:26)
	    at _ZoneDelegate.invoke (node_modules/zone.js/fesm2015/zone.js:398:28)
	    at _ProxyZoneSpec.onInvoke (node_modules/zone.js/fesm2015/zone-testing.js:2132:39)
	    at _ZoneDelegate.invoke (node_modules/zone.js/fesm2015/zone.js:397:34)
	    at ZoneImpl.run (node_modules/zone.js/fesm2015/zone.js:113:43)
	    at runInTestZone (node_modules/zone.js/fesm2015/zone-testing.js:216:38)
	    at UserContext.<anonymous> (node_modules/zone.js/fesm2015/zone-testing.js:234:32)
	    at <Jasmine>
Chrome 138.0.0.0 (Linux x86_64): Executed 187 of 355[31m (113 FAILED)[39m (0 secs / 0.506 secs)
[1A[2KChrome 138.0.0.0 (Linux x86_64): Executed 188 of 355[31m (113 FAILED)[39m (0 secs / 0.508 secs)
[1A[2KChrome 138.0.0.0 (Linux x86_64): Executed 189 of 355[31m (113 FAILED)[39m (0 secs / 0.509 secs)
[1A[2KChrome 138.0.0.0 (Linux x86_64): Executed 190 of 355[31m (113 FAILED)[39m (0 secs / 0.511 secs)
[1A[2K[31mChrome 138.0.0.0 (Linux x86_64) GameCardComponent data display formatting should handle different price formats FAILED[39m
	TypeError: Cannot read properties of null (reading 'nativeElement')
	    at UserContext.<anonymous> (src/app/game-picker/components/game-card/game-card.component.spec.ts:338:27)
	    at _ZoneDelegate.invoke (node_modules/zone.js/fesm2015/zone.js:398:28)
	    at _ProxyZoneSpec.onInvoke (node_modules/zone.js/fesm2015/zone-testing.js:2132:39)
	    at _ZoneDelegate.invoke (node_modules/zone.js/fesm2015/zone.js:397:34)
	    at ZoneImpl.run (node_modules/zone.js/fesm2015/zone.js:113:43)
	    at runInTestZone (node_modules/zone.js/fesm2015/zone-testing.js:216:38)
	    at UserContext.<anonymous> (node_modules/zone.js/fesm2015/zone-testing.js:234:32)
	    at <Jasmine>
Chrome 138.0.0.0 (Linux x86_64): Executed 191 of 355[31m (114 FAILED)[39m (0 secs / 0.515 secs)
[1A[2K[31mChrome 138.0.0.0 (Linux x86_64) GameCardComponent data display formatting should handle games with single genre FAILED[39m
	Expected 0 to be 1.
	    at <Jasmine>
	    at UserContext.<anonymous> (src/app/game-picker/components/game-card/game-card.component.spec.ts:362:34)
	    at _ZoneDelegate.invoke (node_modules/zone.js/fesm2015/zone.js:398:28)
	    at _ProxyZoneSpec.onInvoke (node_modules/zone.js/fesm2015/zone-testing.js:2132:39)
	    at _ZoneDelegate.invoke (node_modules/zone.js/fesm2015/zone.js:397:34)
	TypeError: Cannot read properties of undefined (reading 'nativeElement')
	    at UserContext.<anonymous> (src/app/game-picker/components/game-card/game-card.component.spec.ts:363:29)
	    at _ZoneDelegate.invoke (node_modules/zone.js/fesm2015/zone.js:398:28)
	    at _ProxyZoneSpec.onInvoke (node_modules/zone.js/fesm2015/zone-testing.js:2132:39)
	    at _ZoneDelegate.invoke (node_modules/zone.js/fesm2015/zone.js:397:34)
	    at ZoneImpl.run (node_modules/zone.js/fesm2015/zone.js:113:43)
	    at runInTestZone (node_modules/zone.js/fesm2015/zone-testing.js:216:38)
	    at UserContext.<anonymous> (node_modules/zone.js/fesm2015/zone-testing.js:234:32)
	    at <Jasmine>
Chrome 138.0.0.0 (Linux x86_64): Executed 192 of 355[31m (115 FAILED)[39m (0 secs / 0.518 secs)
[1A[2K[31mChrome 138.0.0.0 (Linux x86_64) GameCardComponent component methods should implement getReviewText method FAILED[39m
	Expected function to throw an Error.
	    at <Jasmine>
	    at UserContext.<anonymous> (src/app/game-picker/components/game-card/game-card.component.spec.ts:221:47)
	    at _ZoneDelegate.invoke (node_modules/zone.js/fesm2015/zone.js:398:28)
	    at _ProxyZoneSpec.onInvoke (node_modules/zone.js/fesm2015/zone-testing.js:2132:39)
	    at _ZoneDelegate.invoke (node_modules/zone.js/fesm2015/zone.js:397:34)
Chrome 138.0.0.0 (Linux x86_64): Executed 193 of 355[31m (116 FAILED)[39m (0 secs / 0.519 secs)
[1A[2K[31mChrome 138.0.0.0 (Linux x86_64) GameCardComponent component methods should implement getDeveloperText method FAILED[39m
	Expected function to throw an Error.
	    at <Jasmine>
	    at UserContext.<anonymous> (src/app/game-picker/components/game-card/game-card.component.spec.ts:229:50)
	    at _ZoneDelegate.invoke (node_modules/zone.js/fesm2015/zone.js:398:28)
	    at _ProxyZoneSpec.onInvoke (node_modules/zone.js/fesm2015/zone-testing.js:2132:39)
	    at _ZoneDelegate.invoke (node_modules/zone.js/fesm2015/zone.js:397:34)
Chrome 138.0.0.0 (Linux x86_64): Executed 194 of 355[31m (117 FAILED)[39m (0 secs / 0.52 secs)
[1A[2K[31mChrome 138.0.0.0 (Linux x86_64) GameCardComponent component methods should implement getReviewPercentage method FAILED[39m
	Expected function to throw an Error.
	    at <Jasmine>
	    at UserContext.<anonymous> (src/app/game-picker/components/game-card/game-card.component.spec.ts:217:53)
	    at _ZoneDelegate.invoke (node_modules/zone.js/fesm2015/zone.js:398:28)
	    at _ProxyZoneSpec.onInvoke (node_modules/zone.js/fesm2015/zone-testing.js:2132:39)
	    at _ZoneDelegate.invoke (node_modules/zone.js/fesm2015/zone.js:397:34)
Chrome 138.0.0.0 (Linux x86_64): Executed 195 of 355[31m (118 FAILED)[39m (0 secs / 0.521 secs)
[1A[2K[31mChrome 138.0.0.0 (Linux x86_64) GameCardComponent component methods should implement hasValidGame method FAILED[39m
	Expected function to throw an Error.
	    at <Jasmine>
	    at UserContext.<anonymous> (src/app/game-picker/components/game-card/game-card.component.spec.ts:225:46)
	    at _ZoneDelegate.invoke (node_modules/zone.js/fesm2015/zone.js:398:28)
	    at _ProxyZoneSpec.onInvoke (node_modules/zone.js/fesm2015/zone-testing.js:2132:39)
	    at _ZoneDelegate.invoke (node_modules/zone.js/fesm2015/zone.js:397:34)
Chrome 138.0.0.0 (Linux x86_64): Executed 196 of 355[31m (119 FAILED)[39m (0 secs / 0.522 secs)
[1A[2K[31mChrome 138.0.0.0 (Linux x86_64) GameCardComponent component methods should implement getFormattedPrice method FAILED[39m
	Expected function to throw an Error.
	    at <Jasmine>
	    at UserContext.<anonymous> (src/app/game-picker/components/game-card/game-card.component.spec.ts:209:51)
	    at _ZoneDelegate.invoke (node_modules/zone.js/fesm2015/zone.js:398:28)
	    at _ProxyZoneSpec.onInvoke (node_modules/zone.js/fesm2015/zone-testing.js:2132:39)
	    at _ZoneDelegate.invoke (node_modules/zone.js/fesm2015/zone.js:397:34)
Chrome 138.0.0.0 (Linux x86_64): Executed 197 of 355[31m (120 FAILED)[39m (0 secs / 0.524 secs)
[1A[2K[31mChrome 138.0.0.0 (Linux x86_64) GameCardComponent component methods should implement getTopTags method FAILED[39m
	Expected function to throw an Error.
	    at <Jasmine>
	    at UserContext.<anonymous> (src/app/game-picker/components/game-card/game-card.component.spec.ts:213:44)
	    at _ZoneDelegate.invoke (node_modules/zone.js/fesm2015/zone.js:398:28)
	    at _ProxyZoneSpec.onInvoke (node_modules/zone.js/fesm2015/zone-testing.js:2132:39)
	    at _ZoneDelegate.invoke (node_modules/zone.js/fesm2015/zone.js:397:34)
Chrome 138.0.0.0 (Linux x86_64): Executed 198 of 355[31m (121 FAILED)[39m (0 secs / 0.526 secs)
[1A[2KChrome 138.0.0.0 (Linux x86_64): Executed 199 of 355[31m (121 FAILED)[39m (0 secs / 0.527 secs)
[1A[2K[31mChrome 138.0.0.0 (Linux x86_64) GameCardComponent rank and score display should display preference score when showScore is true and score provided FAILED[39m
	Expected null to be truthy.
	    at <Jasmine>
	    at UserContext.<anonymous> (src/app/game-picker/components/game-card/game-card.component.spec.ts:186:28)
	    at _ZoneDelegate.invoke (node_modules/zone.js/fesm2015/zone.js:398:28)
	    at _ProxyZoneSpec.onInvoke (node_modules/zone.js/fesm2015/zone-testing.js:2132:39)
	    at _ZoneDelegate.invoke (node_modules/zone.js/fesm2015/zone.js:397:34)
	TypeError: Cannot read properties of null (reading 'nativeElement')
	    at UserContext.<anonymous> (src/app/game-picker/components/game-card/game-card.component.spec.ts:187:27)
	    at _ZoneDelegate.invoke (node_modules/zone.js/fesm2015/zone.js:398:28)
	    at _ProxyZoneSpec.onInvoke (node_modules/zone.js/fesm2015/zone-testing.js:2132:39)
	    at _ZoneDelegate.invoke (node_modules/zone.js/fesm2015/zone.js:397:34)
	    at ZoneImpl.run (node_modules/zone.js/fesm2015/zone.js:113:43)
	    at runInTestZone (node_modules/zone.js/fesm2015/zone-testing.js:216:38)
	    at UserContext.<anonymous> (node_modules/zone.js/fesm2015/zone-testing.js:234:32)
	    at <Jasmine>
Chrome 138.0.0.0 (Linux x86_64): Executed 200 of 355[31m (122 FAILED)[39m (0 secs / 0.53 secs)
[1A[2KChrome 138.0.0.0 (Linux x86_64): Executed 201 of 355[31m (122 FAILED)[39m (0 secs / 0.537 secs)
[1A[2KChrome 138.0.0.0 (Linux x86_64): Executed 202 of 355[31m (122 FAILED)[39m (0 secs / 0.539 secs)
[1A[2KChrome 138.0.0.0 (Linux x86_64): Executed 203 of 355[31m (122 FAILED)[39m (0 secs / 0.541 secs)
[1A[2KChrome 138.0.0.0 (Linux x86_64): Executed 204 of 355[31m (122 FAILED)[39m (0 secs / 0.563 secs)
[1A[2K[31mChrome 138.0.0.0 (Linux x86_64) GameDataService getGameById should return game by app ID FAILED[39m
	Error: Expected one matching request for criteria "Match URL: /discovery/games/master.json", found none.
	    at _HttpClientTestingBackend.expectOne (node_modules/@angular/common/fesm2022/http/testing.mjs:273:19)
	    at UserContext.<anonymous> (src/app/game-picker/services/game-data.service.spec.ts:105:28)
	    at _ZoneDelegate.invoke (node_modules/zone.js/fesm2015/zone.js:398:28)
	    at _ProxyZoneSpec.onInvoke (node_modules/zone.js/fesm2015/zone-testing.js:2132:39)
	    at _ZoneDelegate.invoke (node_modules/zone.js/fesm2015/zone.js:397:34)
	    at ZoneImpl.run (node_modules/zone.js/fesm2015/zone.js:113:43)
	    at runInTestZone (node_modules/zone.js/fesm2015/zone-testing.js:216:38)
	    at UserContext.<anonymous> (node_modules/zone.js/fesm2015/zone-testing.js:234:32)
	    at <Jasmine>
Chrome 138.0.0.0 (Linux x86_64): Executed 205 of 355[31m (123 FAILED)[39m (0 secs / 0.567 secs)
[1A[2K[31mChrome 138.0.0.0 (Linux x86_64) GameDataService getGameById should return null for non-existent game ID FAILED[39m
	Error: Expected one matching request for criteria "Match URL: /discovery/games/master.json", found none.
	    at _HttpClientTestingBackend.expectOne (node_modules/@angular/common/fesm2022/http/testing.mjs:273:19)
	    at UserContext.<anonymous> (src/app/game-picker/services/game-data.service.spec.ts:105:28)
	    at _ZoneDelegate.invoke (node_modules/zone.js/fesm2015/zone.js:398:28)
	    at _ProxyZoneSpec.onInvoke (node_modules/zone.js/fesm2015/zone-testing.js:2132:39)
	    at _ZoneDelegate.invoke (node_modules/zone.js/fesm2015/zone.js:397:34)
	    at ZoneImpl.run (node_modules/zone.js/fesm2015/zone.js:113:43)
	    at runInTestZone (node_modules/zone.js/fesm2015/zone-testing.js:216:38)
	    at UserContext.<anonymous> (node_modules/zone.js/fesm2015/zone-testing.js:234:32)
	    at <Jasmine>
Chrome 138.0.0.0 (Linux x86_64): Executed 206 of 355[31m (124 FAILED)[39m (0 secs / 0.572 secs)
[1A[2K[31mChrome 138.0.0.0 (Linux x86_64) GameDataService getGameById should return null if no data is loaded FAILED[39m
	Error: Expected one matching request for criteria "Match URL: /discovery/games/master.json", found none.
	    at _HttpClientTestingBackend.expectOne (node_modules/@angular/common/fesm2022/http/testing.mjs:273:19)
	    at UserContext.<anonymous> (src/app/game-picker/services/game-data.service.spec.ts:105:28)
	    at _ZoneDelegate.invoke (node_modules/zone.js/fesm2015/zone.js:398:28)
	    at _ProxyZoneSpec.onInvoke (node_modules/zone.js/fesm2015/zone-testing.js:2132:39)
	    at _ZoneDelegate.invoke (node_modules/zone.js/fesm2015/zone.js:397:34)
	    at ZoneImpl.run (node_modules/zone.js/fesm2015/zone.js:113:43)
	    at runInTestZone (node_modules/zone.js/fesm2015/zone-testing.js:216:38)
	    at UserContext.<anonymous> (node_modules/zone.js/fesm2015/zone-testing.js:234:32)
	    at <Jasmine>
Chrome 138.0.0.0 (Linux x86_64): Executed 207 of 355[31m (125 FAILED)[39m (0 secs / 0.576 secs)
[1A[2K[31mChrome 138.0.0.0 (Linux x86_64) GameDataService loadMasterData should fetch master data from backend API FAILED[39m
	Error: Expected one matching request for criteria "Match URL: /discovery/games/master.json", found none.
	    at _HttpClientTestingBackend.expectOne (node_modules/@angular/common/fesm2022/http/testing.mjs:273:19)
	    at UserContext.<anonymous> (src/app/game-picker/services/game-data.service.spec.ts:73:28)
	    at _ZoneDelegate.invoke (node_modules/zone.js/fesm2015/zone.js:398:28)
	    at _ProxyZoneSpec.onInvoke (node_modules/zone.js/fesm2015/zone-testing.js:2132:39)
	    at _ZoneDelegate.invoke (node_modules/zone.js/fesm2015/zone.js:397:34)
	    at ZoneImpl.run (node_modules/zone.js/fesm2015/zone.js:113:43)
	    at runInTestZone (node_modules/zone.js/fesm2015/zone-testing.js:216:38)
	    at UserContext.<anonymous> (node_modules/zone.js/fesm2015/zone-testing.js:234:32)
	    at <Jasmine>
Chrome 138.0.0.0 (Linux x86_64): Executed 208 of 355[31m (126 FAILED)[39m (0 secs / 0.581 secs)
[1A[2K[31mChrome 138.0.0.0 (Linux x86_64) GameDataService loadMasterData should cache data in IndexedDB after successful fetch FAILED[39m
	Error: Expected one matching request for criteria "Match URL: /discovery/games/master.json", found none.
	    at _HttpClientTestingBackend.expectOne (node_modules/@angular/common/fesm2022/http/testing.mjs:273:19)
	    at UserContext.<anonymous> (src/app/game-picker/services/game-data.service.spec.ts:81:28)
	    at _ZoneDelegate.invoke (node_modules/zone.js/fesm2015/zone.js:398:28)
	    at _ProxyZoneSpec.onInvoke (node_modules/zone.js/fesm2015/zone-testing.js:2132:39)
	    at _ZoneDelegate.invoke (node_modules/zone.js/fesm2015/zone.js:397:34)
	    at ZoneImpl.run (node_modules/zone.js/fesm2015/zone.js:113:43)
	    at runInTestZone (node_modules/zone.js/fesm2015/zone-testing.js:216:38)
	    at UserContext.<anonymous> (node_modules/zone.js/fesm2015/zone-testing.js:234:32)
	    at <Jasmine>
Chrome 138.0.0.0 (Linux x86_64): Executed 209 of 355[31m (127 FAILED)[39m (0 secs / 0.585 secs)
[1A[2K[31mChrome 138.0.0.0 (Linux x86_64) GameDataService loadMasterData should handle HTTP errors gracefully FAILED[39m
	Error: Expected one matching request for criteria "Match URL: /discovery/games/master.json", found none.
	    at _HttpClientTestingBackend.expectOne (node_modules/@angular/common/fesm2022/http/testing.mjs:273:19)
	    at UserContext.<anonymous> (src/app/game-picker/services/game-data.service.spec.ts:96:28)
	    at _ZoneDelegate.invoke (node_modules/zone.js/fesm2015/zone.js:398:28)
	    at _ProxyZoneSpec.onInvoke (node_modules/zone.js/fesm2015/zone-testing.js:2132:39)
	    at _ZoneDelegate.invoke (node_modules/zone.js/fesm2015/zone.js:397:34)
	    at ZoneImpl.run (node_modules/zone.js/fesm2015/zone.js:113:43)
	    at runInTestZone (node_modules/zone.js/fesm2015/zone-testing.js:216:38)
	    at UserContext.<anonymous> (node_modules/zone.js/fesm2015/zone-testing.js:234:32)
	    at <Jasmine>
Chrome 138.0.0.0 (Linux x86_64): Executed 210 of 355[31m (128 FAILED)[39m (0 secs / 0.59 secs)
[1A[2K[31mChrome 138.0.0.0 (Linux x86_64) GameDataService getAllGames should return all cached games FAILED[39m
	Error: Expected one matching request for criteria "Match URL: /discovery/games/master.json", found none.
	    at _HttpClientTestingBackend.expectOne (node_modules/@angular/common/fesm2022/http/testing.mjs:273:19)
	    at UserContext.<anonymous> (src/app/game-picker/services/game-data.service.spec.ts:135:28)
	    at _ZoneDelegate.invoke (node_modules/zone.js/fesm2015/zone.js:398:28)
	    at _ProxyZoneSpec.onInvoke (node_modules/zone.js/fesm2015/zone-testing.js:2132:39)
	    at _ZoneDelegate.invoke (node_modules/zone.js/fesm2015/zone.js:397:34)
	    at ZoneImpl.run (node_modules/zone.js/fesm2015/zone.js:113:43)
	    at runInTestZone (node_modules/zone.js/fesm2015/zone-testing.js:216:38)
	    at UserContext.<anonymous> (node_modules/zone.js/fesm2015/zone-testing.js:234:32)
	    at <Jasmine>
Chrome 138.0.0.0 (Linux x86_64): Executed 211 of 355[31m (129 FAILED)[39m (0 secs / 0.594 secs)
[1A[2KChrome 138.0.0.0 (Linux x86_64): Executed 212 of 355[31m (129 FAILED)[39m (0 secs / 0.597 secs)
[1A[2K[31mChrome 138.0.0.0 (Linux x86_64) GameDataService isCacheValid should return false after cache is cleared FAILED[39m
	Error: Expected one matching request for criteria "Match URL: /discovery/games/master.json", found none.
	    at _HttpClientTestingBackend.expectOne (node_modules/@angular/common/fesm2022/http/testing.mjs:273:19)
	    at src/app/game-picker/services/game-data.service.spec.ts:166:28
	    at Generator.next (<anonymous>)
	    at chunk-HBW54YOI.js:67:61
	    at new ZoneAwarePromise (node_modules/zone.js/fesm2015/zone.js:2701:25)
	    at __async (chunk-HBW54YOI.js:51:10)
	    at UserContext.<anonymous> (src/app/game-picker/services/game-data.service.spec.ts:163:65)
	    at _ZoneDelegate.invoke (node_modules/zone.js/fesm2015/zone.js:398:28)
	    at _ProxyZoneSpec.onInvoke (node_modules/zone.js/fesm2015/zone-testing.js:2132:39)
	    at _ZoneDelegate.invoke (node_modules/zone.js/fesm2015/zone.js:397:34)
Chrome 138.0.0.0 (Linux x86_64): Executed 213 of 355[31m (130 FAILED)[39m (0 secs / 0.602 secs)
[1A[2K[31mChrome 138.0.0.0 (Linux x86_64) GameDataService isCacheValid should return true after successful data load FAILED[39m
	Error: Expected one matching request for criteria "Match URL: /discovery/games/master.json", found none.
	    at _HttpClientTestingBackend.expectOne (node_modules/@angular/common/fesm2022/http/testing.mjs:273:19)
	    at UserContext.<anonymous> (src/app/game-picker/services/game-data.service.spec.ts:157:28)
	    at _ZoneDelegate.invoke (node_modules/zone.js/fesm2015/zone.js:398:28)
	    at _ProxyZoneSpec.onInvoke (node_modules/zone.js/fesm2015/zone-testing.js:2132:39)
	    at _ZoneDelegate.invoke (node_modules/zone.js/fesm2015/zone.js:397:34)
	    at ZoneImpl.run (node_modules/zone.js/fesm2015/zone.js:113:43)
	    at runInTestZone (node_modules/zone.js/fesm2015/zone-testing.js:216:38)
	    at UserContext.<anonymous> (node_modules/zone.js/fesm2015/zone-testing.js:234:32)
	    at <Jasmine>
Chrome 138.0.0.0 (Linux x86_64): Executed 214 of 355[31m (131 FAILED)[39m (0 secs / 0.605 secs)
[1A[2KChrome 138.0.0.0 (Linux x86_64): Executed 215 of 355[31m (131 FAILED)[39m (0 secs / 0.609 secs)
[1A[2K[31mChrome 138.0.0.0 (Linux x86_64) GameDataService clearCache should clear cached data FAILED[39m
	Error: Expected one matching request for criteria "Match URL: /discovery/games/master.json", found none.
	    at _HttpClientTestingBackend.expectOne (node_modules/@angular/common/fesm2022/http/testing.mjs:273:19)
	    at src/app/game-picker/services/game-data.service.spec.ts:181:28
	    at Generator.next (<anonymous>)
	    at chunk-HBW54YOI.js:67:61
	    at new ZoneAwarePromise (node_modules/zone.js/fesm2015/zone.js:2701:25)
	    at __async (chunk-HBW54YOI.js:51:10)
	    at UserContext.<anonymous> (src/app/game-picker/services/game-data.service.spec.ts:178:47)
	    at _ZoneDelegate.invoke (node_modules/zone.js/fesm2015/zone.js:398:28)
	    at _ProxyZoneSpec.onInvoke (node_modules/zone.js/fesm2015/zone-testing.js:2132:39)
	    at _ZoneDelegate.invoke (node_modules/zone.js/fesm2015/zone.js:397:34)
Chrome 138.0.0.0 (Linux x86_64): Executed 216 of 355[31m (132 FAILED)[39m (0 secs / 0.613 secs)
[1A[2KChrome 138.0.0.0 (Linux x86_64): Executed 217 of 355[31m (132 FAILED)[39m (0 secs / 0.616 secs)
[1A[2K[31mChrome 138.0.0.0 (Linux x86_64) GameDataService integration scenarios should handle multiple concurrent load requests FAILED[39m
	Error: Expected one matching request for criteria "Match URL: /discovery/games/master.json", found none.
	    at _HttpClientTestingBackend.expectOne (node_modules/@angular/common/fesm2022/http/testing.mjs:273:19)
	    at UserContext.<anonymous> (src/app/game-picker/services/game-data.service.spec.ts:227:28)
	    at _ZoneDelegate.invoke (node_modules/zone.js/fesm2015/zone.js:398:28)
	    at _ProxyZoneSpec.onInvoke (node_modules/zone.js/fesm2015/zone-testing.js:2132:39)
	    at _ZoneDelegate.invoke (node_modules/zone.js/fesm2015/zone.js:397:34)
	    at ZoneImpl.run (node_modules/zone.js/fesm2015/zone.js:113:43)
	    at runInTestZone (node_modules/zone.js/fesm2015/zone-testing.js:216:38)
	    at UserContext.<anonymous> (node_modules/zone.js/fesm2015/zone-testing.js:234:32)
	    at <Jasmine>
Chrome 138.0.0.0 (Linux x86_64): Executed 218 of 355[31m (133 FAILED)[39m (0 secs / 0.619 secs)
[1A[2K[31mChrome 138.0.0.0 (Linux x86_64) GameDataService integration scenarios should reload data after cache clear FAILED[39m
	Error: Expected one matching request for criteria "Match URL: /discovery/games/master.json", found none.
	    at _HttpClientTestingBackend.expectOne (node_modules/@angular/common/fesm2022/http/testing.mjs:273:19)
	    at UserContext.<anonymous> (src/app/game-picker/services/game-data.service.spec.ts:204:16)
	    at _ZoneDelegate.invoke (node_modules/zone.js/fesm2015/zone.js:398:28)
	    at _ProxyZoneSpec.onInvoke (node_modules/zone.js/fesm2015/zone-testing.js:2132:39)
	    at _ZoneDelegate.invoke (node_modules/zone.js/fesm2015/zone.js:397:34)
	    at ZoneImpl.run (node_modules/zone.js/fesm2015/zone.js:113:43)
	    at runInTestZone (node_modules/zone.js/fesm2015/zone-testing.js:216:38)
	    at UserContext.<anonymous> (node_modules/zone.js/fesm2015/zone-testing.js:234:32)
	    at <Jasmine>
Chrome 138.0.0.0 (Linux x86_64): Executed 219 of 355[31m (134 FAILED)[39m (0 secs / 0.623 secs)
[1A[2KChrome 138.0.0.0 (Linux x86_64): Executed 220 of 355[31m (134 FAILED)[39m (0 secs / 0.638 secs)
[1A[2KChrome 138.0.0.0 (Linux x86_64): Executed 221 of 355[31m (134 FAILED)[39m (0 secs / 0.641 secs)
[1A[2K[31mChrome 138.0.0.0 (Linux x86_64) GameComparisonComponent edge cases should handle game pair with missing game data FAILED[39m
	TypeError: Cannot read properties of null (reading 'nativeElement')
	    at UserContext.<anonymous> (src/app/game-picker/components/game-comparison/game-comparison.component.spec.ts:397:27)
	    at _ZoneDelegate.invoke (node_modules/zone.js/fesm2015/zone.js:398:28)
	    at _ProxyZoneSpec.onInvoke (node_modules/zone.js/fesm2015/zone-testing.js:2132:39)
	    at _ZoneDelegate.invoke (node_modules/zone.js/fesm2015/zone.js:397:34)
	    at ZoneImpl.run (node_modules/zone.js/fesm2015/zone.js:113:43)
	    at runInTestZone (node_modules/zone.js/fesm2015/zone-testing.js:216:38)
	    at UserContext.<anonymous> (node_modules/zone.js/fesm2015/zone-testing.js:234:32)
	    at <Jasmine>
Chrome 138.0.0.0 (Linux x86_64): Executed 222 of 355[31m (135 FAILED)[39m (0 secs / 0.645 secs)
[1A[2K[31mChrome 138.0.0.0 (Linux x86_64) GameComparisonComponent edge cases should handle undefined game pair FAILED[39m
	Expected null to be truthy.
	    at <Jasmine>
	    at UserContext.<anonymous> (src/app/game-picker/components/game-comparison/game-comparison.component.spec.ts:360:29)
	    at _ZoneDelegate.invoke (node_modules/zone.js/fesm2015/zone.js:398:28)
	    at _ProxyZoneSpec.onInvoke (node_modules/zone.js/fesm2015/zone-testing.js:2132:39)
	    at _ZoneDelegate.invoke (node_modules/zone.js/fesm2015/zone.js:397:34)
Chrome 138.0.0.0 (Linux x86_64): Executed 223 of 355[31m (136 FAILED)[39m (0 secs / 0.647 secs)
[1A[2K[31mChrome 138.0.0.0 (Linux x86_64) GameComparisonComponent edge cases should handle very long game names FAILED[39m
	TypeError: Cannot read properties of null (reading 'nativeElement')
	    at UserContext.<anonymous> (src/app/game-picker/components/game-comparison/game-comparison.component.spec.ts:419:27)
	    at _ZoneDelegate.invoke (node_modules/zone.js/fesm2015/zone.js:398:28)
	    at _ProxyZoneSpec.onInvoke (node_modules/zone.js/fesm2015/zone-testing.js:2132:39)
	    at _ZoneDelegate.invoke (node_modules/zone.js/fesm2015/zone.js:397:34)
	    at ZoneImpl.run (node_modules/zone.js/fesm2015/zone.js:113:43)
	    at runInTestZone (node_modules/zone.js/fesm2015/zone-testing.js:216:38)
	    at UserContext.<anonymous> (node_modules/zone.js/fesm2015/zone-testing.js:234:32)
	    at <Jasmine>
Chrome 138.0.0.0 (Linux x86_64): Executed 224 of 355[31m (137 FAILED)[39m (0 secs / 0.649 secs)
[1A[2K[31mChrome 138.0.0.0 (Linux x86_64) GameComparisonComponent accessibility should display game names as headings FAILED[39m
	Expected null to be truthy.
	    at <Jasmine>
	    at UserContext.<anonymous> (src/app/game-picker/components/game-comparison/game-comparison.component.spec.ts:347:27)
	    at _ZoneDelegate.invoke (node_modules/zone.js/fesm2015/zone.js:398:28)
	    at _ProxyZoneSpec.onInvoke (node_modules/zone.js/fesm2015/zone-testing.js:2132:39)
	    at _ZoneDelegate.invoke (node_modules/zone.js/fesm2015/zone.js:397:34)
	Expected null to be truthy.
	    at <Jasmine>
	    at UserContext.<anonymous> (src/app/game-picker/components/game-comparison/game-comparison.component.spec.ts:348:28)
	    at _ZoneDelegate.invoke (node_modules/zone.js/fesm2015/zone.js:398:28)
	    at _ProxyZoneSpec.onInvoke (node_modules/zone.js/fesm2015/zone-testing.js:2132:39)
	    at _ZoneDelegate.invoke (node_modules/zone.js/fesm2015/zone.js:397:34)
	TypeError: Cannot read properties of null (reading 'nativeElement')
	    at UserContext.<anonymous> (src/app/game-picker/components/game-comparison/game-comparison.component.spec.ts:349:26)
	    at _ZoneDelegate.invoke (node_modules/zone.js/fesm2015/zone.js:398:28)
	    at _ProxyZoneSpec.onInvoke (node_modules/zone.js/fesm2015/zone-testing.js:2132:39)
	    at _ZoneDelegate.invoke (node_modules/zone.js/fesm2015/zone.js:397:34)
	    at ZoneImpl.run (node_modules/zone.js/fesm2015/zone.js:113:43)
	    at runInTestZone (node_modules/zone.js/fesm2015/zone-testing.js:216:38)
	    at UserContext.<anonymous> (node_modules/zone.js/fesm2015/zone-testing.js:234:32)
	    at <Jasmine>
Chrome 138.0.0.0 (Linux x86_64): Executed 225 of 355[31m (138 FAILED)[39m (0 secs / 0.651 secs)
[1A[2K[31mChrome 138.0.0.0 (Linux x86_64) GameComparisonComponent accessibility should have proper button types FAILED[39m
	Expected 'submit' to be 'button'.
	    at <Jasmine>
	    at src/app/game-picker/components/game-comparison/game-comparison.component.spec.ts:339:43
	    at Array.forEach (<anonymous>)
	    at UserContext.<anonymous> (src/app/game-picker/components/game-comparison/game-comparison.component.spec.ts:338:15)
	    at _ZoneDelegate.invoke (node_modules/zone.js/fesm2015/zone.js:398:28)
	Expected 'submit' to be 'button'.
	    at <Jasmine>
	    at src/app/game-picker/components/game-comparison/game-comparison.component.spec.ts:339:43
	    at Array.forEach (<anonymous>)
	    at UserContext.<anonymous> (src/app/game-picker/components/game-comparison/game-comparison.component.spec.ts:338:15)
	    at _ZoneDelegate.invoke (node_modules/zone.js/fesm2015/zone.js:398:28)
	Expected 'submit' to be 'button'.
	    at <Jasmine>
	    at src/app/game-picker/components/game-comparison/game-comparison.component.spec.ts:339:43
	    at Array.forEach (<anonymous>)
	    at UserContext.<anonymous> (src/app/game-picker/components/game-comparison/game-comparison.component.spec.ts:338:15)
	    at _ZoneDelegate.invoke (node_modules/zone.js/fesm2015/zone.js:398:28)
Chrome 138.0.0.0 (Linux x86_64): Executed 226 of 355[31m (139 FAILED)[39m (0 secs / 0.654 secs)
[1A[2K[31mChrome 138.0.0.0 (Linux x86_64) GameComparisonComponent accessibility should have accessible button labels FAILED[39m
	TypeError: Cannot read properties of null (reading 'nativeElement')
	    at UserContext.<anonymous> (src/app/game-picker/components/game-comparison/game-comparison.component.spec.ts:330:25)
	    at _ZoneDelegate.invoke (node_modules/zone.js/fesm2015/zone.js:398:28)
	    at _ProxyZoneSpec.onInvoke (node_modules/zone.js/fesm2015/zone-testing.js:2132:39)
	    at _ZoneDelegate.invoke (node_modules/zone.js/fesm2015/zone.js:397:34)
	    at ZoneImpl.run (node_modules/zone.js/fesm2015/zone.js:113:43)
	    at runInTestZone (node_modules/zone.js/fesm2015/zone-testing.js:216:38)
	    at UserContext.<anonymous> (node_modules/zone.js/fesm2015/zone-testing.js:234:32)
	    at <Jasmine>
Chrome 138.0.0.0 (Linux x86_64): Executed 227 of 355[31m (140 FAILED)[39m (0 secs / 0.656 secs)
[1A[2KChrome 138.0.0.0 (Linux x86_64): Executed 228 of 355[31m (140 FAILED)[39m (0 secs / 0.657 secs)
[1A[2KChrome 138.0.0.0 (Linux x86_64): Executed 229 of 355[31m (140 FAILED)[39m (0 secs / 0.658 secs)
[1A[2KChrome 138.0.0.0 (Linux x86_64): Executed 230 of 355[31m (140 FAILED)[39m (0 secs / 0.66 secs)
[1A[2K[31mChrome 138.0.0.0 (Linux x86_64) GameComparisonComponent template rendering should display no pair message when no pair provided FAILED[39m
	Expected DebugElement({ nativeNode: <div _ngcontent-a-c1734992659 class="comparison-container">...</div> }) to be falsy.
	    at <Jasmine>
	    at UserContext.<anonymous> (src/app/game-picker/components/game-comparison/game-comparison.component.spec.ts:109:35)
	    at _ZoneDelegate.invoke (node_modules/zone.js/fesm2015/zone.js:398:28)
	    at _ProxyZoneSpec.onInvoke (node_modules/zone.js/fesm2015/zone-testing.js:2132:39)
	    at _ZoneDelegate.invoke (node_modules/zone.js/fesm2015/zone.js:397:34)
	Expected null to be truthy.
	    at <Jasmine>
	    at UserContext.<anonymous> (src/app/game-picker/components/game-comparison/game-comparison.component.spec.ts:112:29)
	    at _ZoneDelegate.invoke (node_modules/zone.js/fesm2015/zone.js:398:28)
	    at _ProxyZoneSpec.onInvoke (node_modules/zone.js/fesm2015/zone-testing.js:2132:39)
	    at _ZoneDelegate.invoke (node_modules/zone.js/fesm2015/zone.js:397:34)
	TypeError: Cannot read properties of null (reading 'nativeElement')
	    at UserContext.<anonymous> (src/app/game-picker/components/game-comparison/game-comparison.component.spec.ts:113:28)
	    at _ZoneDelegate.invoke (node_modules/zone.js/fesm2015/zone.js:398:28)
	    at _ProxyZoneSpec.onInvoke (node_modules/zone.js/fesm2015/zone-testing.js:2132:39)
	    at _ZoneDelegate.invoke (node_modules/zone.js/fesm2015/zone.js:397:34)
	    at ZoneImpl.run (node_modules/zone.js/fesm2015/zone.js:113:43)
	    at runInTestZone (node_modules/zone.js/fesm2015/zone-testing.js:216:38)
	    at UserContext.<anonymous> (node_modules/zone.js/fesm2015/zone-testing.js:234:32)
	    at <Jasmine>
Chrome 138.0.0.0 (Linux x86_64): Executed 231 of 355[31m (141 FAILED)[39m (0 secs / 0.662 secs)
[1A[2KChrome 138.0.0.0 (Linux x86_64): Executed 232 of 355[31m (141 FAILED)[39m (0 secs / 0.664 secs)
[1A[2K[31mChrome 138.0.0.0 (Linux x86_64) GameComparisonComponent template rendering should render all choice buttons FAILED[39m
	Expected null to be truthy.
	    at <Jasmine>
	    at UserContext.<anonymous> (src/app/game-picker/components/game-comparison/game-comparison.component.spec.ts:135:26)
	    at _ZoneDelegate.invoke (node_modules/zone.js/fesm2015/zone.js:398:28)
	    at _ProxyZoneSpec.onInvoke (node_modules/zone.js/fesm2015/zone-testing.js:2132:39)
	    at _ZoneDelegate.invoke (node_modules/zone.js/fesm2015/zone.js:397:34)
	Expected null to be truthy.
	    at <Jasmine>
	    at UserContext.<anonymous> (src/app/game-picker/components/game-comparison/game-comparison.component.spec.ts:136:27)
	    at _ZoneDelegate.invoke (node_modules/zone.js/fesm2015/zone.js:398:28)
	    at _ProxyZoneSpec.onInvoke (node_modules/zone.js/fesm2015/zone-testing.js:2132:39)
	    at _ZoneDelegate.invoke (node_modules/zone.js/fesm2015/zone.js:397:34)
	TypeError: Cannot read properties of null (reading 'nativeElement')
	    at UserContext.<anonymous> (src/app/game-picker/components/game-comparison/game-comparison.component.spec.ts:139:25)
	    at _ZoneDelegate.invoke (node_modules/zone.js/fesm2015/zone.js:398:28)
	    at _ProxyZoneSpec.onInvoke (node_modules/zone.js/fesm2015/zone-testing.js:2132:39)
	    at _ZoneDelegate.invoke (node_modules/zone.js/fesm2015/zone.js:397:34)
	    at ZoneImpl.run (node_modules/zone.js/fesm2015/zone.js:113:43)
	    at runInTestZone (node_modules/zone.js/fesm2015/zone-testing.js:216:38)
	    at UserContext.<anonymous> (node_modules/zone.js/fesm2015/zone-testing.js:234:32)
	    at <Jasmine>
Chrome 138.0.0.0 (Linux x86_64): Executed 233 of 355[31m (142 FAILED)[39m (0 secs / 0.666 secs)
[1A[2K[31mChrome 138.0.0.0 (Linux x86_64) GameComparisonComponent template rendering should render game names correctly FAILED[39m
	TypeError: Cannot read properties of null (reading 'nativeElement')
	    at UserContext.<anonymous> (src/app/game-picker/components/game-comparison/game-comparison.component.spec.ts:123:27)
	    at _ZoneDelegate.invoke (node_modules/zone.js/fesm2015/zone.js:398:28)
	    at _ProxyZoneSpec.onInvoke (node_modules/zone.js/fesm2015/zone-testing.js:2132:39)
	    at _ZoneDelegate.invoke (node_modules/zone.js/fesm2015/zone.js:397:34)
	    at ZoneImpl.run (node_modules/zone.js/fesm2015/zone.js:113:43)
	    at runInTestZone (node_modules/zone.js/fesm2015/zone-testing.js:216:38)
	    at UserContext.<anonymous> (node_modules/zone.js/fesm2015/zone-testing.js:234:32)
	    at <Jasmine>
Chrome 138.0.0.0 (Linux x86_64): Executed 234 of 355[31m (143 FAILED)[39m (0 secs / 0.668 secs)
[1A[2KChrome 138.0.0.0 (Linux x86_64): Executed 235 of 355[31m (143 FAILED)[39m (0 secs / 0.67 secs)
[1A[2K[31mChrome 138.0.0.0 (Linux x86_64) GameComparisonComponent component methods should implement hasValidPair method FAILED[39m
	Expected function to throw an Error.
	    at <Jasmine>
	    at UserContext.<anonymous> (src/app/game-picker/components/game-comparison/game-comparison.component.spec.ts:252:46)
	    at _ZoneDelegate.invoke (node_modules/zone.js/fesm2015/zone.js:398:28)
	    at _ProxyZoneSpec.onInvoke (node_modules/zone.js/fesm2015/zone-testing.js:2132:39)
	    at _ZoneDelegate.invoke (node_modules/zone.js/fesm2015/zone.js:397:34)
Chrome 138.0.0.0 (Linux x86_64): Executed 236 of 355[31m (144 FAILED)[39m (0 secs / 0.671 secs)
[1A[2K[31mChrome 138.0.0.0 (Linux x86_64) GameComparisonComponent component methods should implement selectLeft method FAILED[39m
	Expected function to throw an Error.
	    at <Jasmine>
	    at UserContext.<anonymous> (src/app/game-picker/components/game-comparison/game-comparison.component.spec.ts:240:44)
	    at _ZoneDelegate.invoke (node_modules/zone.js/fesm2015/zone.js:398:28)
	    at _ProxyZoneSpec.onInvoke (node_modules/zone.js/fesm2015/zone-testing.js:2132:39)
	    at _ZoneDelegate.invoke (node_modules/zone.js/fesm2015/zone.js:397:34)
Chrome 138.0.0.0 (Linux x86_64): Executed 237 of 355[31m (145 FAILED)[39m (0 secs / 0.672 secs)
[1A[2K[31mChrome 138.0.0.0 (Linux x86_64) GameComparisonComponent component methods should implement skip method FAILED[39m
	Expected function to throw an Error.
	    at <Jasmine>
	    at UserContext.<anonymous> (src/app/game-picker/components/game-comparison/game-comparison.component.spec.ts:248:38)
	    at _ZoneDelegate.invoke (node_modules/zone.js/fesm2015/zone.js:398:28)
	    at _ProxyZoneSpec.onInvoke (node_modules/zone.js/fesm2015/zone-testing.js:2132:39)
	    at _ZoneDelegate.invoke (node_modules/zone.js/fesm2015/zone.js:397:34)
Chrome 138.0.0.0 (Linux x86_64): Executed 238 of 355[31m (146 FAILED)[39m (0 secs / 0.674 secs)
[1A[2K[31mChrome 138.0.0.0 (Linux x86_64) GameComparisonComponent component methods should implement selectRight method FAILED[39m
	Expected function to throw an Error.
	    at <Jasmine>
	    at UserContext.<anonymous> (src/app/game-picker/components/game-comparison/game-comparison.component.spec.ts:244:45)
	    at _ZoneDelegate.invoke (node_modules/zone.js/fesm2015/zone.js:398:28)
	    at _ProxyZoneSpec.onInvoke (node_modules/zone.js/fesm2015/zone-testing.js:2132:39)
	    at _ZoneDelegate.invoke (node_modules/zone.js/fesm2015/zone.js:397:34)
Chrome 138.0.0.0 (Linux x86_64): Executed 239 of 355[31m (147 FAILED)[39m (0 secs / 0.675 secs)
[1A[2K[31mChrome 138.0.0.0 (Linux x86_64) GameComparisonComponent user interactions should record choice and emit event when left button clicked FAILED[39m
	Expected spy PairService.recordChoice to have been called with:
	  [ Object({ appId: 730, name: 'Counter-Strike: Global Offensive', coverUrl: null, price: 'Free', developer: 'Valve', publisher: 'Valve', tags: Object({ FPS: 91172, Shooter: 65634, Multiplayer: 45123 }), genres: [ 'Action' ], reviewPos: 1000000, reviewNeg: 100000 }), Object({ appId: 570, name: 'Dota 2', coverUrl: null, price: 'Free', developer: 'Valve', publisher: 'Valve', tags: Object({ MOBA: 55432, Strategy: 34521, Multiplayer: 67890 }), genres: [ 'Strategy' ], reviewPos: 800000, reviewNeg: 120000 }), 'left' ]
	but it was never called.
	    at <Jasmine>
	    at UserContext.<anonymous> (src/app/game-picker/components/game-comparison/game-comparison.component.spec.ts:169:44)
	    at _ZoneDelegate.invoke (node_modules/zone.js/fesm2015/zone.js:398:28)
	    at _ProxyZoneSpec.onInvoke (node_modules/zone.js/fesm2015/zone-testing.js:2132:39)
	    at _ZoneDelegate.invoke (node_modules/zone.js/fesm2015/zone.js:397:34)
	Expected spy ChoiceApiService.queueChoice to have been called.
	    at <Jasmine>
	    at UserContext.<anonymous> (src/app/game-picker/components/game-comparison/game-comparison.component.spec.ts:174:48)
	    at _ZoneDelegate.invoke (node_modules/zone.js/fesm2015/zone.js:398:28)
	    at _ProxyZoneSpec.onInvoke (node_modules/zone.js/fesm2015/zone-testing.js:2132:39)
	    at _ZoneDelegate.invoke (node_modules/zone.js/fesm2015/zone.js:397:34)
	Expected spy emit to have been called with:
	  [ Object({ leftGame: Object({ appId: 730, name: 'Counter-Strike: Global Offensive', coverUrl: null, price: 'Free', developer: 'Valve', publisher: 'Valve', tags: Object({ FPS: 91172, Shooter: 65634, Multiplayer: 45123 }), genres: [ 'Action' ], reviewPos: 1000000, reviewNeg: 100000 }), rightGame: Object({ appId: 570, name: 'Dota 2', coverUrl: null, price: 'Free', developer: 'Valve', publisher: 'Valve', tags: Object({ MOBA: 55432, Strategy: 34521, Multiplayer: 67890 }), genres: [ 'Strategy' ], reviewPos: 800000, reviewNeg: 120000 }), pick: 'left' }) ]
	but it was never called.
	    at <Jasmine>
	    at UserContext.<anonymous> (src/app/game-picker/components/game-comparison/game-comparison.component.spec.ts:175:41)
	    at _ZoneDelegate.invoke (node_modules/zone.js/fesm2015/zone.js:398:28)
	    at _ProxyZoneSpec.onInvoke (node_modules/zone.js/fesm2015/zone-testing.js:2132:39)
	    at _ZoneDelegate.invoke (node_modules/zone.js/fesm2015/zone.js:397:34)
Chrome 138.0.0.0 (Linux x86_64): Executed 240 of 355[31m (148 FAILED)[39m (0 secs / 0.678 secs)
[1A[2K[31mChrome 138.0.0.0 (Linux x86_64) GameComparisonComponent user interactions should record choice when skip button clicked FAILED[39m
	Expected spy PairService.recordChoice to have been called with:
	  [ Object({ appId: 730, name: 'Counter-Strike: Global Offensive', coverUrl: null, price: 'Free', developer: 'Valve', publisher: 'Valve', tags: Object({ FPS: 91172, Shooter: 65634, Multiplayer: 45123 }), genres: [ 'Action' ], reviewPos: 1000000, reviewNeg: 100000 }), Object({ appId: 570, name: 'Dota 2', coverUrl: null, price: 'Free', developer: 'Valve', publisher: 'Valve', tags: Object({ MOBA: 55432, Strategy: 34521, Multiplayer: 67890 }), genres: [ 'Strategy' ], reviewPos: 800000, reviewNeg: 120000 }), 'skip' ]
	but it was never called.
	    at <Jasmine>
	    at UserContext.<anonymous> (src/app/game-picker/components/game-comparison/game-comparison.component.spec.ts:201:44)
	    at _ZoneDelegate.invoke (node_modules/zone.js/fesm2015/zone.js:398:28)
	    at _ProxyZoneSpec.onInvoke (node_modules/zone.js/fesm2015/zone-testing.js:2132:39)
	    at _ZoneDelegate.invoke (node_modules/zone.js/fesm2015/zone.js:397:34)
Chrome 138.0.0.0 (Linux x86_64): Executed 241 of 355[31m (149 FAILED)[39m (0 secs / 0.68 secs)
[1A[2K[31mChrome 138.0.0.0 (Linux x86_64) GameComparisonComponent user interactions should record choice when right button clicked FAILED[39m
	Expected spy PairService.recordChoice to have been called with:
	  [ Object({ appId: 730, name: 'Counter-Strike: Global Offensive', coverUrl: null, price: 'Free', developer: 'Valve', publisher: 'Valve', tags: Object({ FPS: 91172, Shooter: 65634, Multiplayer: 45123 }), genres: [ 'Action' ], reviewPos: 1000000, reviewNeg: 100000 }), Object({ appId: 570, name: 'Dota 2', coverUrl: null, price: 'Free', developer: 'Valve', publisher: 'Valve', tags: Object({ MOBA: 55432, Strategy: 34521, Multiplayer: 67890 }), genres: [ 'Strategy' ], reviewPos: 800000, reviewNeg: 120000 }), 'right' ]
	but it was never called.
	    at <Jasmine>
	    at UserContext.<anonymous> (src/app/game-picker/components/game-comparison/game-comparison.component.spec.ts:188:44)
	    at _ZoneDelegate.invoke (node_modules/zone.js/fesm2015/zone.js:398:28)
	    at _ProxyZoneSpec.onInvoke (node_modules/zone.js/fesm2015/zone-testing.js:2132:39)
	    at _ZoneDelegate.invoke (node_modules/zone.js/fesm2015/zone.js:397:34)
Chrome 138.0.0.0 (Linux x86_64): Executed 242 of 355[31m (150 FAILED)[39m (0 secs / 0.682 secs)
[1A[2KChrome 138.0.0.0 (Linux x86_64): Executed 243 of 355[31m (150 FAILED)[39m (0 secs / 0.684 secs)
[1A[2K[31mChrome 138.0.0.0 (Linux x86_64) GameComparisonComponent user interactions should emit choice when right button clicked FAILED[39m
	TypeError: Cannot read properties of null (reading 'nativeElement')
	    at UserContext.<anonymous> (src/app/game-picker/components/game-comparison/game-comparison.component.spec.ts:214:19)
	    at _ZoneDelegate.invoke (node_modules/zone.js/fesm2015/zone.js:398:28)
	    at _ProxyZoneSpec.onInvoke (node_modules/zone.js/fesm2015/zone-testing.js:2132:39)
	    at _ZoneDelegate.invoke (node_modules/zone.js/fesm2015/zone.js:397:34)
	    at ZoneImpl.run (node_modules/zone.js/fesm2015/zone.js:113:43)
	    at runInTestZone (node_modules/zone.js/fesm2015/zone-testing.js:216:38)
	    at UserContext.<anonymous> (node_modules/zone.js/fesm2015/zone-testing.js:234:32)
	    at <Jasmine>
Chrome 138.0.0.0 (Linux x86_64): Executed 244 of 355[31m (151 FAILED)[39m (0 secs / 0.686 secs)
[1A[2KChrome 138.0.0.0 (Linux x86_64): Executed 245 of 355[31m (151 FAILED)[39m (0 secs / 0.688 secs)
[1A[2KChrome 138.0.0.0 (Linux x86_64): Executed 246 of 355[31m (151 FAILED)[39m (0 secs / 0.689 secs)
[1A[2K[31mChrome 138.0.0.0 (Linux x86_64) GameComparisonComponent responsive layout should maintain proper button styling FAILED[39m
	TypeError: Cannot read properties of null (reading 'nativeElement')
	    at UserContext.<anonymous> (src/app/game-picker/components/game-comparison/game-comparison.component.spec.ts:309:25)
	    at _ZoneDelegate.invoke (node_modules/zone.js/fesm2015/zone.js:398:28)
	    at _ProxyZoneSpec.onInvoke (node_modules/zone.js/fesm2015/zone-testing.js:2132:39)
	    at _ZoneDelegate.invoke (node_modules/zone.js/fesm2015/zone.js:397:34)
	    at ZoneImpl.run (node_modules/zone.js/fesm2015/zone.js:113:43)
	    at runInTestZone (node_modules/zone.js/fesm2015/zone-testing.js:216:38)
	    at UserContext.<anonymous> (node_modules/zone.js/fesm2015/zone-testing.js:234:32)
	    at <Jasmine>
Chrome 138.0.0.0 (Linux x86_64): Executed 247 of 355[31m (152 FAILED)[39m (0 secs / 0.691 secs)
[1A[2K[31mChrome 138.0.0.0 (Linux x86_64) GameComparisonComponent responsive layout should have grid layout structure FAILED[39m
	Expected null to be truthy.
	    at <Jasmine>
	    at UserContext.<anonymous> (src/app/game-picker/components/game-comparison/game-comparison.component.spec.ts:299:26)
	    at _ZoneDelegate.invoke (node_modules/zone.js/fesm2015/zone.js:398:28)
	    at _ProxyZoneSpec.onInvoke (node_modules/zone.js/fesm2015/zone-testing.js:2132:39)
	    at _ZoneDelegate.invoke (node_modules/zone.js/fesm2015/zone.js:397:34)
	Expected null to be truthy.
	    at <Jasmine>
	    at UserContext.<anonymous> (src/app/game-picker/components/game-comparison/game-comparison.component.spec.ts:300:27)
	    at _ZoneDelegate.invoke (node_modules/zone.js/fesm2015/zone.js:398:28)
	    at _ProxyZoneSpec.onInvoke (node_modules/zone.js/fesm2015/zone-testing.js:2132:39)
	    at _ZoneDelegate.invoke (node_modules/zone.js/fesm2015/zone.js:397:34)
Chrome 138.0.0.0 (Linux x86_64): Executed 248 of 355[31m (153 FAILED)[39m (0 secs / 0.693 secs)
[1A[2KChrome 138.0.0.0 (Linux x86_64): Executed 249 of 355[31m (153 FAILED)[39m (0 secs / 0.694 secs)
[1A[2KChrome 138.0.0.0 (Linux x86_64): Executed 250 of 355[31m (153 FAILED)[39m (0 secs / 0.696 secs)
[1A[2KChrome 138.0.0.0 (Linux x86_64): Executed 251 of 355[31m (153 FAILED)[39m (0 secs / 0.697 secs)
[1A[2KChrome 138.0.0.0 (Linux x86_64): Executed 252 of 355[31m (153 FAILED)[39m (0 secs / 0.698 secs)
[1A[2KChrome 138.0.0.0 (Linux x86_64): Executed 253 of 355[31m (153 FAILED)[39m (0 secs / 0.699 secs)
[1A[2KChrome 138.0.0.0 (Linux x86_64): Executed 254 of 355[31m (153 FAILED)[39m (0 secs / 0.7 secs)
[1A[2KChrome 138.0.0.0 (Linux x86_64): Executed 255 of 355[31m (153 FAILED)[39m (0 secs / 0.701 secs)
[1A[2K[31mChrome 138.0.0.0 (Linux x86_64) VectorService gameToSparseVector should sort indices in ascending order FAILED[39m
	Expected 2 to be greater than 3.
	    at <Jasmine>
	    at UserContext.<anonymous> (src/app/game-picker/services/vector.service.spec.ts:144:38)
	    at _ZoneDelegate.invoke (node_modules/zone.js/fesm2015/zone.js:398:28)
	    at _ProxyZoneSpec.onInvoke (node_modules/zone.js/fesm2015/zone-testing.js:2132:39)
	    at _ZoneDelegate.invoke (node_modules/zone.js/fesm2015/zone.js:397:34)
Chrome 138.0.0.0 (Linux x86_64): Executed 256 of 355[31m (154 FAILED)[39m (0 secs / 0.702 secs)
[1A[2KChrome 138.0.0.0 (Linux x86_64): Executed 257 of 355[31m (154 FAILED)[39m (0 secs / 0.704 secs)
[1A[2KChrome 138.0.0.0 (Linux x86_64): Executed 258 of 355[31m (154 FAILED)[39m (0 secs / 0.704 secs)
[1A[2KChrome 138.0.0.0 (Linux x86_64): Executed 259 of 355[31m (154 FAILED)[39m (0 secs / 0.704 secs)
[1A[2KChrome 138.0.0.0 (Linux x86_64): Executed 260 of 355[31m (154 FAILED)[39m (0 secs / 0.705 secs)
[1A[2KChrome 138.0.0.0 (Linux x86_64): Executed 261 of 355[31m (154 FAILED)[39m (0 secs / 0.705 secs)
[1A[2KChrome 138.0.0.0 (Linux x86_64): Executed 262 of 355[31m (154 FAILED)[39m (0 secs / 0.706 secs)
[1A[2KChrome 138.0.0.0 (Linux x86_64): Executed 263 of 355[31m (154 FAILED)[39m (0 secs / 0.707 secs)
[1A[2KChrome 138.0.0.0 (Linux x86_64): Executed 264 of 355[31m (154 FAILED)[39m (0 secs / 0.708 secs)
[1A[2KChrome 138.0.0.0 (Linux x86_64): Executed 265 of 355[31m (154 FAILED)[39m (0 secs / 0.709 secs)
[1A[2KChrome 138.0.0.0 (Linux x86_64): Executed 266 of 355[31m (154 FAILED)[39m (0 secs / 0.716 secs)
[1A[2KChrome 138.0.0.0 (Linux x86_64): Executed 267 of 355[31m (154 FAILED)[39m (0 secs / 0.717 secs)
[1A[2KChrome 138.0.0.0 (Linux x86_64): Executed 268 of 355[31m (154 FAILED)[39m (0 secs / 0.718 secs)
[1A[2KChrome 138.0.0.0 (Linux x86_64): Executed 269 of 355[31m (154 FAILED)[39m (0 secs / 0.719 secs)
[1A[2KChrome 138.0.0.0 (Linux x86_64): Executed 270 of 355[31m (154 FAILED)[39m (0 secs / 0.72 secs)
[1A[2KChrome 138.0.0.0 (Linux x86_64): Executed 271 of 355[31m (154 FAILED)[39m (0 secs / 0.72 secs)
[1A[2KChrome 138.0.0.0 (Linux x86_64): Executed 272 of 355[31m (154 FAILED)[39m (0 secs / 0.721 secs)
[1A[2KChrome 138.0.0.0 (Linux x86_64): Executed 273 of 355[31m (154 FAILED)[39m (0 secs / 0.721 secs)
[1A[2KChrome 138.0.0.0 (Linux x86_64): Executed 274 of 355[31m (154 FAILED)[39m (0 secs / 0.722 secs)
[1A[2KChrome 138.0.0.0 (Linux x86_64): Executed 275 of 355[31m (154 FAILED)[39m (0 secs / 0.723 secs)
[1A[2KChrome 138.0.0.0 (Linux x86_64): Executed 276 of 355[31m (154 FAILED)[39m (0 secs / 0.723 secs)
[1A[2KChrome 138.0.0.0 (Linux x86_64): Executed 277 of 355[31m (154 FAILED)[39m (0 secs / 0.723 secs)
[1A[2KChrome 138.0.0.0 (Linux x86_64): Executed 278 of 355[31m (154 FAILED)[39m (0 secs / 0.724 secs)
[1A[2KChrome 138.0.0.0 (Linux x86_64): Executed 279 of 355[31m (154 FAILED)[39m (0 secs / 0.725 secs)
[1A[2KChrome 138.0.0.0 (Linux x86_64): Executed 280 of 355[31m (154 FAILED)[39m (0 secs / 0.726 secs)
[1A[2KChrome 138.0.0.0 (Linux x86_64): Executed 281 of 355[31m (154 FAILED)[39m (0 secs / 0.726 secs)
[1A[2KChrome 138.0.0.0 (Linux x86_64): Executed 282 of 355[31m (154 FAILED)[39m (0 secs / 0.726 secs)
[1A[2KChrome 138.0.0.0 (Linux x86_64): Executed 283 of 355[31m (154 FAILED)[39m (0 secs / 0.727 secs)
[1A[2KChrome 138.0.0.0 (Linux x86_64): Executed 284 of 355[31m (154 FAILED)[39m (0 secs / 0.727 secs)
[1A[2KChrome 138.0.0.0 (Linux x86_64): Executed 285 of 355[31m (154 FAILED)[39m (0 secs / 0.728 secs)
[1A[2KChrome 138.0.0.0 (Linux x86_64): Executed 286 of 355[31m (154 FAILED)[39m (0 secs / 0.728 secs)
[1A[2KChrome 138.0.0.0 (Linux x86_64): Executed 287 of 355[31m (154 FAILED)[39m (0 secs / 0.728 secs)
[1A[2KChrome 138.0.0.0 (Linux x86_64): Executed 288 of 355[31m (154 FAILED)[39m (0 secs / 0.729 secs)
[1A[2KChrome 138.0.0.0 (Linux x86_64): Executed 289 of 355[31m (154 FAILED)[39m (0 secs / 0.73 secs)
[1A[2KChrome 138.0.0.0 (Linux x86_64): Executed 290 of 355[31m (154 FAILED)[39m (0 secs / 0.731 secs)
[1A[2KChrome 138.0.0.0 (Linux x86_64): Executed 291 of 355[31m (154 FAILED)[39m (0 secs / 0.732 secs)
[1A[2KChrome 138.0.0.0 (Linux x86_64): Executed 292 of 355[31m (154 FAILED)[39m (0 secs / 0.733 secs)
[1A[2KChrome 138.0.0.0 (Linux x86_64): Executed 293 of 355[31m (154 FAILED)[39m (0 secs / 0.734 secs)
[1A[2KChrome 138.0.0.0 (Linux x86_64): Executed 294 of 355[31m (154 FAILED)[39m (0 secs / 0.734 secs)
[1A[2KChrome 138.0.0.0 (Linux x86_64): Executed 295 of 355[31m (154 FAILED)[39m (0 secs / 0.734 secs)
[1A[2KChrome 138.0.0.0 (Linux x86_64): Executed 296 of 355[31m (154 FAILED)[39m (0 secs / 0.735 secs)
[1A[2KChrome 138.0.0.0 (Linux x86_64): Executed 297 of 355[31m (154 FAILED)[39m (0 secs / 0.736 secs)
[1A[2KChrome 138.0.0.0 (Linux x86_64): Executed 298 of 355[31m (154 FAILED)[39m (0 secs / 0.736 secs)
[1A[2KChrome 138.0.0.0 (Linux x86_64): Executed 299 of 355[31m (154 FAILED)[39m (0 secs / 0.736 secs)
[1A[2KChrome 138.0.0.0 (Linux x86_64): Executed 300 of 355[31m (154 FAILED)[39m (0 secs / 0.736 secs)
[1A[2KWARN: [36m'Spec 'PreferenceService getPreferenceSummary should update when preferences change' has no expectations.'[39m
Chrome 138.0.0.0 (Linux x86_64): Executed 300 of 355[31m (154 FAILED)[39m (0 secs / 0.736 secs)
WARN: 'Spec 'PreferenceService getPreferenceSummary should update when preferences change' has no expectations.'
[1A[2KChrome 138.0.0.0 (Linux x86_64): Executed 301 of 355[31m (154 FAILED)[39m (0 secs / 0.737 secs)
[1A[2K[31mChrome 138.0.0.0 (Linux x86_64) PreferenceService getPreferenceSummary should return top liked and disliked tags FAILED[39m
	Expected 2771.60009765625 to be less than 0.
	    at <Jasmine>
	    at Object.next (src/app/game-picker/services/preference.service.spec.ts:175:50)
	    at ConsumerObserver.next (node_modules/rxjs/dist/esm/internal/Subscriber.js:91:33)
	    at SafeSubscriber._next (node_modules/rxjs/dist/esm/internal/Subscriber.js:60:26)
	    at SafeSubscriber.next (node_modules/rxjs/dist/esm/internal/Subscriber.js:31:18)
Chrome 138.0.0.0 (Linux x86_64): Executed 302 of 355[31m (155 FAILED)[39m (0 secs / 0.916 secs)
[1A[2KChrome 138.0.0.0 (Linux x86_64): Executed 303 of 355[31m (155 FAILED)[39m (0 secs / 0.917 secs)
[1A[2KChrome 138.0.0.0 (Linux x86_64): Executed 304 of 355[31m (155 FAILED)[39m (0 secs / 0.918 secs)
[1A[2KChrome 138.0.0.0 (Linux x86_64): Executed 305 of 355[31m (155 FAILED)[39m (0 secs / 0.918 secs)
[1A[2KChrome 138.0.0.0 (Linux x86_64): Executed 306 of 355[31m (155 FAILED)[39m (0 secs / 0.918 secs)
[1A[2KChrome 138.0.0.0 (Linux x86_64): Executed 307 of 355[31m (155 FAILED)[39m (0 secs / 0.919 secs)
[1A[2KChrome 138.0.0.0 (Linux x86_64): Executed 308 of 355[31m (155 FAILED)[39m (0 secs / 0.921 secs)
[1A[2KChrome 138.0.0.0 (Linux x86_64): Executed 309 of 355[31m (155 FAILED)[39m (0 secs / 0.922 secs)
[1A[2KChrome 138.0.0.0 (Linux x86_64): Executed 310 of 355[31m (155 FAILED)[39m (0 secs / 0.924 secs)
[1A[2KChrome 138.0.0.0 (Linux x86_64): Executed 311 of 355[31m (155 FAILED)[39m (0 secs / 0.941 secs)
[1A[2KChrome 138.0.0.0 (Linux x86_64): Executed 312 of 355[31m (155 FAILED)[39m (0 secs / 0.943 secs)
[1A[2KChrome 138.0.0.0 (Linux x86_64): Executed 313 of 355[31m (155 FAILED)[39m (0 secs / 0.944 secs)
[1A[2KChrome 138.0.0.0 (Linux x86_64): Executed 314 of 355[31m (155 FAILED)[39m (0 secs / 0.945 secs)
[1A[2KChrome 138.0.0.0 (Linux x86_64): Executed 315 of 355[31m (155 FAILED)[39m (0 secs / 0.947 secs)
[1A[2K[31mChrome 138.0.0.0 (Linux x86_64) ProgressBarComponent completion state should display completion message when progress is complete FAILED[39m
	Expected null to be truthy.
	    at <Jasmine>
	    at UserContext.<anonymous> (src/app/game-picker/components/progress-bar/progress-bar.component.spec.ts:155:33)
	    at _ZoneDelegate.invoke (node_modules/zone.js/fesm2015/zone.js:398:28)
	    at _ProxyZoneSpec.onInvoke (node_modules/zone.js/fesm2015/zone-testing.js:2132:39)
	    at _ZoneDelegate.invoke (node_modules/zone.js/fesm2015/zone.js:397:34)
	TypeError: Cannot read properties of null (reading 'nativeElement')
	    at UserContext.<anonymous> (src/app/game-picker/components/progress-bar/progress-bar.component.spec.ts:156:32)
	    at _ZoneDelegate.invoke (node_modules/zone.js/fesm2015/zone.js:398:28)
	    at _ProxyZoneSpec.onInvoke (node_modules/zone.js/fesm2015/zone-testing.js:2132:39)
	    at _ZoneDelegate.invoke (node_modules/zone.js/fesm2015/zone.js:397:34)
	    at ZoneImpl.run (node_modules/zone.js/fesm2015/zone.js:113:43)
	    at runInTestZone (node_modules/zone.js/fesm2015/zone-testing.js:216:38)
	    at UserContext.<anonymous> (node_modules/zone.js/fesm2015/zone-testing.js:234:32)
	    at <Jasmine>
Chrome 138.0.0.0 (Linux x86_64): Executed 316 of 355[31m (156 FAILED)[39m (0 secs / 0.949 secs)
[1A[2K[31mChrome 138.0.0.0 (Linux x86_64) ProgressBarComponent completion state should display checkmark in completion message FAILED[39m
	Expected null to be truthy.
	    at <Jasmine>
	    at UserContext.<anonymous> (src/app/game-picker/components/progress-bar/progress-bar.component.spec.ts:161:25)
	    at _ZoneDelegate.invoke (node_modules/zone.js/fesm2015/zone.js:398:28)
	    at _ProxyZoneSpec.onInvoke (node_modules/zone.js/fesm2015/zone-testing.js:2132:39)
	    at _ZoneDelegate.invoke (node_modules/zone.js/fesm2015/zone.js:397:34)
	TypeError: Cannot read properties of null (reading 'nativeElement')
	    at UserContext.<anonymous> (src/app/game-picker/components/progress-bar/progress-bar.component.spec.ts:162:24)
	    at _ZoneDelegate.invoke (node_modules/zone.js/fesm2015/zone.js:398:28)
	    at _ProxyZoneSpec.onInvoke (node_modules/zone.js/fesm2015/zone-testing.js:2132:39)
	    at _ZoneDelegate.invoke (node_modules/zone.js/fesm2015/zone.js:397:34)
	    at ZoneImpl.run (node_modules/zone.js/fesm2015/zone.js:113:43)
	    at runInTestZone (node_modules/zone.js/fesm2015/zone-testing.js:216:38)
	    at UserContext.<anonymous> (node_modules/zone.js/fesm2015/zone-testing.js:234:32)
	    at <Jasmine>
Chrome 138.0.0.0 (Linux x86_64): Executed 317 of 355[31m (157 FAILED)[39m (0 secs / 0.952 secs)
[1A[2KChrome 138.0.0.0 (Linux x86_64): Executed 318 of 355[31m (157 FAILED)[39m (0 secs / 0.953 secs)
[1A[2KChrome 138.0.0.0 (Linux x86_64): Executed 319 of 355[31m (157 FAILED)[39m (0 secs / 0.954 secs)
[1A[2KChrome 138.0.0.0 (Linux x86_64): Executed 320 of 355[31m (157 FAILED)[39m (0 secs / 0.955 secs)
[1A[2KChrome 138.0.0.0 (Linux x86_64): Executed 321 of 355[31m (157 FAILED)[39m (0 secs / 0.957 secs)
[1A[2KChrome 138.0.0.0 (Linux x86_64): Executed 322 of 355[31m (157 FAILED)[39m (0 secs / 0.958 secs)
[1A[2K[31mChrome 138.0.0.0 (Linux x86_64) ProgressBarComponent completion message behavior should handle edge case where current equals total FAILED[39m
	Expected null to be truthy.
	    at <Jasmine>
	    at UserContext.<anonymous> (src/app/game-picker/components/progress-bar/progress-bar.component.spec.ts:448:33)
	    at _ZoneDelegate.invoke (node_modules/zone.js/fesm2015/zone.js:398:28)
	    at _ProxyZoneSpec.onInvoke (node_modules/zone.js/fesm2015/zone-testing.js:2132:39)
	    at _ZoneDelegate.invoke (node_modules/zone.js/fesm2015/zone.js:397:34)
Chrome 138.0.0.0 (Linux x86_64): Executed 323 of 355[31m (158 FAILED)[39m (0 secs / 0.961 secs)
[1A[2KChrome 138.0.0.0 (Linux x86_64): Executed 324 of 355[31m (158 FAILED)[39m (0 secs / 0.963 secs)
[1A[2K[31mChrome 138.0.0.0 (Linux x86_64) ProgressBarComponent completion message behavior should show completion message only when complete FAILED[39m
	Expected null to be truthy.
	    at <Jasmine>
	    at UserContext.<anonymous> (src/app/game-picker/components/progress-bar/progress-bar.component.spec.ts:440:33)
	    at _ZoneDelegate.invoke (node_modules/zone.js/fesm2015/zone.js:398:28)
	    at _ProxyZoneSpec.onInvoke (node_modules/zone.js/fesm2015/zone-testing.js:2132:39)
	    at _ZoneDelegate.invoke (node_modules/zone.js/fesm2015/zone.js:397:34)
Chrome 138.0.0.0 (Linux x86_64): Executed 325 of 355[31m (159 FAILED)[39m (0 secs / 0.965 secs)
[1A[2KChrome 138.0.0.0 (Linux x86_64): Executed 326 of 355[31m (159 FAILED)[39m (0 secs / 0.966 secs)
[1A[2KChrome 138.0.0.0 (Linux x86_64): Executed 327 of 355[31m (159 FAILED)[39m (0 secs / 0.967 secs)
[1A[2KChrome 138.0.0.0 (Linux x86_64): Executed 328 of 355[31m (159 FAILED)[39m (0 secs / 0.969 secs)
[1A[2KChrome 138.0.0.0 (Linux x86_64): Executed 329 of 355[31m (159 FAILED)[39m (0 secs / 0.971 secs)
[1A[2K[31mChrome 138.0.0.0 (Linux x86_64) ProgressBarComponent responsive behavior should have flexible progress bar layout FAILED[39m
	Expected '' to be 'flex'.
	    at <Jasmine>
	    at UserContext.<anonymous> (src/app/game-picker/components/progress-bar/progress-bar.component.spec.ts:312:55)
	    at _ZoneDelegate.invoke (node_modules/zone.js/fesm2015/zone.js:398:28)
	    at _ProxyZoneSpec.onInvoke (node_modules/zone.js/fesm2015/zone-testing.js:2132:39)
	    at _ZoneDelegate.invoke (node_modules/zone.js/fesm2015/zone.js:397:34)
Chrome 138.0.0.0 (Linux x86_64): Executed 330 of 355[31m (160 FAILED)[39m (0 secs / 0.973 secs)
[1A[2K[31mChrome 138.0.0.0 (Linux x86_64) ProgressBarComponent template rendering without progress should display no progress message when progress is null FAILED[39m
	Expected DebugElement({ nativeNode: <div _ngcontent-a-c408347114 class="progress-section">...</div> }) to be falsy.
	    at <Jasmine>
	    at UserContext.<anonymous> (src/app/game-picker/components/progress-bar/progress-bar.component.spec.ts:141:31)
	    at _ZoneDelegate.invoke (node_modules/zone.js/fesm2015/zone.js:398:28)
	    at _ProxyZoneSpec.onInvoke (node_modules/zone.js/fesm2015/zone-testing.js:2132:39)
	    at _ZoneDelegate.invoke (node_modules/zone.js/fesm2015/zone.js:397:34)
	Expected null to be truthy.
	    at <Jasmine>
	    at UserContext.<anonymous> (src/app/game-picker/components/progress-bar/progress-bar.component.spec.ts:142:26)
	    at _ZoneDelegate.invoke (node_modules/zone.js/fesm2015/zone.js:398:28)
	    at _ProxyZoneSpec.onInvoke (node_modules/zone.js/fesm2015/zone-testing.js:2132:39)
	    at _ZoneDelegate.invoke (node_modules/zone.js/fesm2015/zone.js:397:34)
	TypeError: Cannot read properties of null (reading 'nativeElement')
	    at UserContext.<anonymous> (src/app/game-picker/components/progress-bar/progress-bar.component.spec.ts:143:25)
	    at _ZoneDelegate.invoke (node_modules/zone.js/fesm2015/zone.js:398:28)
	    at _ProxyZoneSpec.onInvoke (node_modules/zone.js/fesm2015/zone-testing.js:2132:39)
	    at _ZoneDelegate.invoke (node_modules/zone.js/fesm2015/zone.js:397:34)
	    at ZoneImpl.run (node_modules/zone.js/fesm2015/zone.js:113:43)
	    at runInTestZone (node_modules/zone.js/fesm2015/zone-testing.js:216:38)
	    at UserContext.<anonymous> (node_modules/zone.js/fesm2015/zone-testing.js:234:32)
	    at <Jasmine>
Chrome 138.0.0.0 (Linux x86_64): Executed 331 of 355[31m (161 FAILED)[39m (0 secs / 0.976 secs)
[1A[2KChrome 138.0.0.0 (Linux x86_64): Executed 332 of 355[31m (161 FAILED)[39m (0 secs / 0.977 secs)
[1A[2KChrome 138.0.0.0 (Linux x86_64): Executed 333 of 355[31m (161 FAILED)[39m (0 secs / 0.979 secs)
[1A[2KChrome 138.0.0.0 (Linux x86_64): Executed 334 of 355[31m (161 FAILED)[39m (0 secs / 0.98 secs)
[1A[2KChrome 138.0.0.0 (Linux x86_64): Executed 335 of 355[31m (161 FAILED)[39m (0 secs / 0.981 secs)
[1A[2KChrome 138.0.0.0 (Linux x86_64): Executed 336 of 355[31m (161 FAILED)[39m (0 secs / 0.982 secs)
[1A[2KChrome 138.0.0.0 (Linux x86_64): Executed 337 of 355[31m (161 FAILED)[39m (0 secs / 0.982 secs)
[1A[2KChrome 138.0.0.0 (Linux x86_64): Executed 338 of 355[31m (161 FAILED)[39m (0 secs / 0.983 secs)
[1A[2KChrome 138.0.0.0 (Linux x86_64): Executed 339 of 355[31m (161 FAILED)[39m (0 secs / 0.984 secs)
[1A[2KChrome 138.0.0.0 (Linux x86_64): Executed 340 of 355[31m (161 FAILED)[39m (0 secs / 0.986 secs)
[1A[2KChrome 138.0.0.0 (Linux x86_64): Executed 341 of 355[31m (161 FAILED)[39m (0 secs / 0.988 secs)
[1A[2KChrome 138.0.0.0 (Linux x86_64): Executed 342 of 355[31m (161 FAILED)[39m (0 secs / 0.99 secs)
[1A[2K[31mChrome 138.0.0.0 (Linux x86_64) ProgressBarComponent various progress states should handle complete progress state FAILED[39m
	Expected null to be truthy.
	    at <Jasmine>
	    at UserContext.<anonymous> (src/app/game-picker/components/progress-bar/progress-bar.component.spec.ts:265:33)
	    at _ZoneDelegate.invoke (node_modules/zone.js/fesm2015/zone.js:398:28)
	    at _ProxyZoneSpec.onInvoke (node_modules/zone.js/fesm2015/zone-testing.js:2132:39)
	    at _ZoneDelegate.invoke (node_modules/zone.js/fesm2015/zone.js:397:34)
Chrome 138.0.0.0 (Linux x86_64): Executed 343 of 355[31m (162 FAILED)[39m (0 secs / 0.992 secs)
[1A[2KChrome 138.0.0.0 (Linux x86_64): Executed 344 of 355[31m (162 FAILED)[39m (0 secs / 0.993 secs)
[1A[2KChrome 138.0.0.0 (Linux x86_64): Executed 345 of 355[31m (162 FAILED)[39m (0 secs / 0.995 secs)
[1A[2KChrome 138.0.0.0 (Linux x86_64): Executed 346 of 355[31m (162 FAILED)[39m (0 secs / 0.997 secs)
[1A[2KChrome 138.0.0.0 (Linux x86_64): Executed 347 of 355[31m (162 FAILED)[39m (0 secs / 0.998 secs)
[1A[2KChrome 138.0.0.0 (Linux x86_64): Executed 348 of 355[31m (162 FAILED)[39m (0 secs / 0.999 secs)
[1A[2K[31mChrome 138.0.0.0 (Linux x86_64) ProgressBarComponent component methods should implement getProgressColor method FAILED[39m
	Expected function to throw an Error.
	    at <Jasmine>
	    at UserContext.<anonymous> (src/app/game-picker/components/progress-bar/progress-bar.component.spec.ts:228:50)
	    at _ZoneDelegate.invoke (node_modules/zone.js/fesm2015/zone.js:398:28)
	    at _ProxyZoneSpec.onInvoke (node_modules/zone.js/fesm2015/zone-testing.js:2132:39)
	    at _ZoneDelegate.invoke (node_modules/zone.js/fesm2015/zone.js:397:34)
Chrome 138.0.0.0 (Linux x86_64): Executed 349 of 355[31m (163 FAILED)[39m (0 secs / 1.001 secs)
[1A[2K[31mChrome 138.0.0.0 (Linux x86_64) ProgressBarComponent component methods should implement getProgressWidth method FAILED[39m
	Expected function to throw an Error.
	    at <Jasmine>
	    at UserContext.<anonymous> (src/app/game-picker/components/progress-bar/progress-bar.component.spec.ts:224:50)
	    at _ZoneDelegate.invoke (node_modules/zone.js/fesm2015/zone.js:398:28)
	    at _ProxyZoneSpec.onInvoke (node_modules/zone.js/fesm2015/zone-testing.js:2132:39)
	    at _ZoneDelegate.invoke (node_modules/zone.js/fesm2015/zone.js:397:34)
Chrome 138.0.0.0 (Linux x86_64): Executed 350 of 355[31m (164 FAILED)[39m (0 secs / 1.003 secs)
[1A[2K[31mChrome 138.0.0.0 (Linux x86_64) ProgressBarComponent component methods should implement isComplete method FAILED[39m
	Expected function to throw an Error.
	    at <Jasmine>
	    at UserContext.<anonymous> (src/app/game-picker/components/progress-bar/progress-bar.component.spec.ts:220:44)
	    at _ZoneDelegate.invoke (node_modules/zone.js/fesm2015/zone.js:398:28)
	    at _ProxyZoneSpec.onInvoke (node_modules/zone.js/fesm2015/zone-testing.js:2132:39)
	    at _ZoneDelegate.invoke (node_modules/zone.js/fesm2015/zone.js:397:34)
Chrome 138.0.0.0 (Linux x86_64): Executed 351 of 355[31m (165 FAILED)[39m (0 secs / 1.005 secs)
[1A[2K[31mChrome 138.0.0.0 (Linux x86_64) ProgressBarComponent component methods should implement getPercentageText method FAILED[39m
	Expected function to throw an Error.
	    at <Jasmine>
	    at UserContext.<anonymous> (src/app/game-picker/components/progress-bar/progress-bar.component.spec.ts:216:51)
	    at _ZoneDelegate.invoke (node_modules/zone.js/fesm2015/zone.js:398:28)
	    at _ProxyZoneSpec.onInvoke (node_modules/zone.js/fesm2015/zone-testing.js:2132:39)
	    at _ZoneDelegate.invoke (node_modules/zone.js/fesm2015/zone.js:397:34)
Chrome 138.0.0.0 (Linux x86_64): Executed 352 of 355[31m (166 FAILED)[39m (0 secs / 1.007 secs)
[1A[2K[31mChrome 138.0.0.0 (Linux x86_64) ProgressBarComponent component methods should implement getProgressText method FAILED[39m
	Expected function to throw an Error.
	    at <Jasmine>
	    at UserContext.<anonymous> (src/app/game-picker/components/progress-bar/progress-bar.component.spec.ts:212:49)
	    at _ZoneDelegate.invoke (node_modules/zone.js/fesm2015/zone.js:398:28)
	    at _ProxyZoneSpec.onInvoke (node_modules/zone.js/fesm2015/zone-testing.js:2132:39)
	    at _ZoneDelegate.invoke (node_modules/zone.js/fesm2015/zone.js:397:34)
Chrome 138.0.0.0 (Linux x86_64): Executed 353 of 355[31m (167 FAILED)[39m (0 secs / 1.008 secs)
[1A[2K[31mChrome 138.0.0.0 (Linux x86_64) ProgressBarComponent component methods should implement getProgressPercentage method FAILED[39m
	Expected function to throw an Error.
	    at <Jasmine>
	    at UserContext.<anonymous> (src/app/game-picker/components/progress-bar/progress-bar.component.spec.ts:208:55)
	    at _ZoneDelegate.invoke (node_modules/zone.js/fesm2015/zone.js:398:28)
	    at _ProxyZoneSpec.onInvoke (node_modules/zone.js/fesm2015/zone-testing.js:2132:39)
	    at _ZoneDelegate.invoke (node_modules/zone.js/fesm2015/zone.js:397:34)
Chrome 138.0.0.0 (Linux x86_64): Executed 354 of 355[31m (168 FAILED)[39m (0 secs / 1.009 secs)
[1A[2K[31mChrome 138.0.0.0 (Linux x86_64) ProgressBarComponent component methods should implement hasProgress method FAILED[39m
	Expected function to throw an Error.
	    at <Jasmine>
	    at UserContext.<anonymous> (src/app/game-picker/components/progress-bar/progress-bar.component.spec.ts:204:45)
	    at _ZoneDelegate.invoke (node_modules/zone.js/fesm2015/zone.js:398:28)
	    at _ProxyZoneSpec.onInvoke (node_modules/zone.js/fesm2015/zone-testing.js:2132:39)
	    at _ZoneDelegate.invoke (node_modules/zone.js/fesm2015/zone.js:397:34)
Chrome 138.0.0.0 (Linux x86_64): Executed 355 of 355[31m (169 FAILED)[39m (0 secs / 1.01 secs)
[1A[2KChrome 138.0.0.0 (Linux x86_64): Executed 355 of 355[31m (169 FAILED)[39m (1.177 secs / 1.01 secs)
[31mTOTAL: 169 FAILED, 186 SUCCESS[39m
