
> endless-gaming-frontend@0.0.0 test
> ng test --watch=false

‚ùØ Building...
‚úî Building...
Initial chunk files                                                                       | Names                                                                                  |  Raw size
chunk-IHLIGXQN.js                                                                         | -                                                                                      |   2.22 MB | 
polyfills.js                                                                              | polyfills                                                                              |   1.02 MB | 
chunk-PWLKXQKD.js                                                                         | -                                                                                      | 249.73 kB | 
chunk-ELJY3N5C.js                                                                         | -                                                                                      | 234.92 kB | 
spec-app-app.spec.js                                                                      | spec-app-app.spec                                                                      | 206.89 kB | 
chunk-6LHDLQWK.js                                                                         | -                                                                                      |  93.72 kB | 
jasmine-cleanup-1.js                                                                      | jasmine-cleanup-1                                                                      |  67.20 kB | 
chunk-4YLNFBCI.js                                                                         | -                                                                                      |  23.85 kB | 
test_main.js                                                                              | test_main                                                                              |  21.82 kB | 
spec-app-game-picker-components-game-picker-page-game-picker-page.component.spec.js       | spec-app-game-picker-components-game-picker-page-game-picker-page.component.spec       |  16.35 kB | 
spec-app-game-picker-services-pair.service.spec.js                                        | spec-app-game-picker-services-pair.service.spec                                        |  13.77 kB | 
chunk-SDRVTIXE.js                                                                         | -                                                                                      |  13.12 kB | 
chunk-TR6ZUQ3T.js                                                                         | -                                                                                      |  12.23 kB | 
spec-app-game-picker-services-preference.service.spec.js                                  | spec-app-game-picker-services-preference.service.spec                                  |  11.74 kB | 
spec-app-game-picker-components-recommendation-list-recommendation-list.component.spec.js | spec-app-game-picker-components-recommendation-list-recommendation-list.component.spec |  11.48 kB | 
spec-app-game-picker-services-choice-api.service.spec.js                                  | spec-app-game-picker-services-choice-api.service.spec                                  |  11.07 kB | 
spec-app-game-picker-components-game-comparison-game-comparison.component.spec.js         | spec-app-game-picker-components-game-comparison-game-comparison.component.spec         |  10.69 kB | 
chunk-WHL5SRWP.js                                                                         | -                                                                                      |  10.49 kB | 
spec-app-game-picker-components-preference-summary-preference-summary.component.spec.js   | spec-app-game-picker-components-preference-summary-preference-summary.component.spec   |  10.29 kB | 
spec-app-game-picker-services-vector.service.spec.js                                      | spec-app-game-picker-services-vector.service.spec                                      |  10.04 kB | 
chunk-5HYMMRKU.js                                                                         | -                                                                                      |   9.98 kB | 
spec-app-game-picker-components-game-card-game-card.component.spec.js                     | spec-app-game-picker-components-game-card-game-card.component.spec                     |   9.56 kB | 
spec-app-game-picker-components-progress-bar-progress-bar.component.spec.js               | spec-app-game-picker-components-progress-bar-progress-bar.component.spec               |   9.38 kB | 
chunk-T5HIWZJZ.js                                                                         | -                                                                                      |   9.18 kB | 
chunk-5PEUPYQ5.js                                                                         | -                                                                                      |   8.77 kB | 
spec-app-game-picker-services-game-data.service.spec.js                                   | spec-app-game-picker-services-game-data.service.spec                                   |   7.98 kB | 
chunk-K2WKYCSK.js                                                                         | -                                                                                      |   7.84 kB | 
chunk-LOKG55HS.js                                                                         | -                                                                                      |   6.44 kB | 
chunk-MPKEDGDU.js                                                                         | -                                                                                      |   5.48 kB | 
chunk-DOULEIDM.js                                                                         | -                                                                                      |   3.75 kB | 
chunk-HBW54YOI.js                                                                         | -                                                                                      |   3.02 kB | 
chunk-MIZUV7DD.js                                                                         | -                                                                                      | 934 bytes | 
jasmine-cleanup-0.js                                                                      | jasmine-cleanup-0                                                                      | 519 bytes | 
styles.css                                                                                | styles                                                                                 |  96 bytes | 

                                                                                          | Initial total                                                                          |   4.35 MB

Application bundle generation complete. [1.789 seconds]

[32m20 07 2025 14:17:57.078:INFO [karma-server]: [39mKarma v6.4.4 server started at http://localhost:9876/
[32m20 07 2025 14:17:57.078:INFO [launcher]: [39mLaunching browsers Chrome with concurrency unlimited
[32m20 07 2025 14:17:57.081:INFO [launcher]: [39mStarting browser Chrome
[32m20 07 2025 14:17:57.569:INFO [Chrome 138.0.0.0 (Linux x86_64)]: [39mConnected on socket S9aIVXuJdaDRT6nxAAAB with id 64662958
Chrome 138.0.0.0 (Linux x86_64): Executed 0 of 274[32m SUCCESS[39m (0 secs / 0 secs)
[1A[2KChrome 138.0.0.0 (Linux x86_64): Executed 1 of 274[32m SUCCESS[39m (0 secs / 0.071 secs)
[1A[2KChrome 138.0.0.0 (Linux x86_64): Executed 2 of 274[32m SUCCESS[39m (0 secs / 0.077 secs)
[1A[2K[31mChrome 138.0.0.0 (Linux x86_64) GamePickerPageComponent user interactions should handle restart button click in recommendations state FAILED[39m
	TypeError: Cannot read properties of null (reading 'nativeElement')
	    at UserContext.<anonymous> (src/app/game-picker/components/game-picker-page/game-picker-page.component.spec.ts:102:21)
	    at _ZoneDelegate.invoke (node_modules/zone.js/fesm2015/zone.js:398:28)
	    at _ProxyZoneSpec.onInvoke (node_modules/zone.js/fesm2015/zone-testing.js:2132:39)
	    at _ZoneDelegate.invoke (node_modules/zone.js/fesm2015/zone.js:397:34)
	    at ZoneImpl.run (node_modules/zone.js/fesm2015/zone.js:113:43)
	    at runInTestZone (node_modules/zone.js/fesm2015/zone-testing.js:216:38)
	    at UserContext.<anonymous> (node_modules/zone.js/fesm2015/zone-testing.js:234:32)
	    at <Jasmine>
Chrome 138.0.0.0 (Linux x86_64): Executed 3 of 274[31m (1 FAILED)[39m (0 secs / 0.081 secs)
[1A[2KChrome 138.0.0.0 (Linux x86_64): Executed 4 of 274[31m (1 FAILED)[39m (0 secs / 0.085 secs)
[1A[2K[31mChrome 138.0.0.0 (Linux x86_64) GamePickerPageComponent state transitions should display error state FAILED[39m
	Expected null to be truthy.
	    at <Jasmine>
	    at UserContext.<anonymous> (src/app/game-picker/components/game-picker-page/game-picker-page.component.spec.ts:76:28)
	    at _ZoneDelegate.invoke (node_modules/zone.js/fesm2015/zone.js:398:28)
	    at _ProxyZoneSpec.onInvoke (node_modules/zone.js/fesm2015/zone-testing.js:2132:39)
	    at _ZoneDelegate.invoke (node_modules/zone.js/fesm2015/zone.js:397:34)
	Expected null to be truthy.
	    at <Jasmine>
	    at UserContext.<anonymous> (src/app/game-picker/components/game-picker-page/game-picker-page.component.spec.ts:77:27)
	    at _ZoneDelegate.invoke (node_modules/zone.js/fesm2015/zone.js:398:28)
	    at _ProxyZoneSpec.onInvoke (node_modules/zone.js/fesm2015/zone-testing.js:2132:39)
	    at _ZoneDelegate.invoke (node_modules/zone.js/fesm2015/zone.js:397:34)
	TypeError: Cannot read properties of null (reading 'nativeElement')
	    at UserContext.<anonymous> (src/app/game-picker/components/game-picker-page/game-picker-page.component.spec.ts:78:27)
	    at _ZoneDelegate.invoke (node_modules/zone.js/fesm2015/zone.js:398:28)
	    at _ProxyZoneSpec.onInvoke (node_modules/zone.js/fesm2015/zone-testing.js:2132:39)
	    at _ZoneDelegate.invoke (node_modules/zone.js/fesm2015/zone.js:397:34)
	    at ZoneImpl.run (node_modules/zone.js/fesm2015/zone.js:113:43)
	    at runInTestZone (node_modules/zone.js/fesm2015/zone-testing.js:216:38)
	    at UserContext.<anonymous> (node_modules/zone.js/fesm2015/zone-testing.js:234:32)
	    at <Jasmine>
Chrome 138.0.0.0 (Linux x86_64): Executed 5 of 274[31m (2 FAILED)[39m (0 secs / 0.089 secs)
[1A[2K[31mChrome 138.0.0.0 (Linux x86_64) GamePickerPageComponent state transitions should transition to comparing state FAILED[39m
	Expected null to be truthy.
	    at <Jasmine>
	    at UserContext.<anonymous> (src/app/game-picker/components/game-picker-page/game-picker-page.component.spec.ts:53:32)
	    at _ZoneDelegate.invoke (node_modules/zone.js/fesm2015/zone.js:398:28)
	    at _ProxyZoneSpec.onInvoke (node_modules/zone.js/fesm2015/zone-testing.js:2132:39)
	    at _ZoneDelegate.invoke (node_modules/zone.js/fesm2015/zone.js:397:34)
	TypeError: Cannot read properties of null (reading 'nativeElement')
	    at UserContext.<anonymous> (src/app/game-picker/components/game-picker-page/game-picker-page.component.spec.ts:54:31)
	    at _ZoneDelegate.invoke (node_modules/zone.js/fesm2015/zone.js:398:28)
	    at _ProxyZoneSpec.onInvoke (node_modules/zone.js/fesm2015/zone-testing.js:2132:39)
	    at _ZoneDelegate.invoke (node_modules/zone.js/fesm2015/zone.js:397:34)
	    at ZoneImpl.run (node_modules/zone.js/fesm2015/zone.js:113:43)
	    at runInTestZone (node_modules/zone.js/fesm2015/zone-testing.js:216:38)
	    at UserContext.<anonymous> (node_modules/zone.js/fesm2015/zone-testing.js:234:32)
	    at <Jasmine>
Chrome 138.0.0.0 (Linux x86_64): Executed 6 of 274[31m (3 FAILED)[39m (0 secs / 0.092 secs)
[1A[2K[31mChrome 138.0.0.0 (Linux x86_64) GamePickerPageComponent state transitions should transition to recommendations state FAILED[39m
	Expected null to be truthy.
	    at <Jasmine>
	    at UserContext.<anonymous> (src/app/game-picker/components/game-picker-page/game-picker-page.component.spec.ts:64:38)
	    at _ZoneDelegate.invoke (node_modules/zone.js/fesm2015/zone.js:398:28)
	    at _ProxyZoneSpec.onInvoke (node_modules/zone.js/fesm2015/zone-testing.js:2132:39)
	    at _ZoneDelegate.invoke (node_modules/zone.js/fesm2015/zone.js:397:34)
	Expected null to be truthy.
	    at <Jasmine>
	    at UserContext.<anonymous> (src/app/game-picker/components/game-picker-page/game-picker-page.component.spec.ts:65:29)
	    at _ZoneDelegate.invoke (node_modules/zone.js/fesm2015/zone.js:398:28)
	    at _ProxyZoneSpec.onInvoke (node_modules/zone.js/fesm2015/zone-testing.js:2132:39)
	    at _ZoneDelegate.invoke (node_modules/zone.js/fesm2015/zone.js:397:34)
	TypeError: Cannot read properties of null (reading 'nativeElement')
	    at UserContext.<anonymous> (src/app/game-picker/components/game-picker-page/game-picker-page.component.spec.ts:66:37)
	    at _ZoneDelegate.invoke (node_modules/zone.js/fesm2015/zone.js:398:28)
	    at _ProxyZoneSpec.onInvoke (node_modules/zone.js/fesm2015/zone-testing.js:2132:39)
	    at _ZoneDelegate.invoke (node_modules/zone.js/fesm2015/zone.js:397:34)
	    at ZoneImpl.run (node_modules/zone.js/fesm2015/zone.js:113:43)
	    at runInTestZone (node_modules/zone.js/fesm2015/zone-testing.js:216:38)
	    at UserContext.<anonymous> (node_modules/zone.js/fesm2015/zone-testing.js:234:32)
	    at <Jasmine>
Chrome 138.0.0.0 (Linux x86_64): Executed 7 of 274[31m (4 FAILED)[39m (0 secs / 0.095 secs)
[1A[2K[31mChrome 138.0.0.0 (Linux x86_64) GamePickerPageComponent template rendering should render only comparing content in comparing state FAILED[39m
	Expected DebugElement({ nativeNode: <div _ngcontent-a-c2735517478 class="loading-state">...</div> }) to be falsy.
	    at <Jasmine>
	    at UserContext.<anonymous> (src/app/game-picker/components/game-picker-page/game-picker-page.component.spec.ts:146:68)
	    at _ZoneDelegate.invoke (node_modules/zone.js/fesm2015/zone.js:398:28)
	    at _ProxyZoneSpec.onInvoke (node_modules/zone.js/fesm2015/zone-testing.js:2132:39)
	    at _ZoneDelegate.invoke (node_modules/zone.js/fesm2015/zone.js:397:34)
	Expected null to be truthy.
	    at <Jasmine>
	    at UserContext.<anonymous> (src/app/game-picker/components/game-picker-page/game-picker-page.component.spec.ts:147:71)
	    at _ZoneDelegate.invoke (node_modules/zone.js/fesm2015/zone.js:398:28)
	    at _ProxyZoneSpec.onInvoke (node_modules/zone.js/fesm2015/zone-testing.js:2132:39)
	    at _ZoneDelegate.invoke (node_modules/zone.js/fesm2015/zone.js:397:34)
Chrome 138.0.0.0 (Linux x86_64): Executed 8 of 274[31m (5 FAILED)[39m (0 secs / 0.098 secs)
[1A[2KChrome 138.0.0.0 (Linux x86_64): Executed 9 of 274[31m (5 FAILED)[39m (0 secs / 0.1 secs)
[1A[2K[31mChrome 138.0.0.0 (Linux x86_64) GamePickerPageComponent template rendering should render only recommendations content in recommendations state FAILED[39m
	Expected DebugElement({ nativeNode: <div _ngcontent-a-c2735517478 class="loading-state">...</div> }) to be falsy.
	    at <Jasmine>
	    at UserContext.<anonymous> (src/app/game-picker/components/game-picker-page/game-picker-page.component.spec.ts:156:68)
	    at _ZoneDelegate.invoke (node_modules/zone.js/fesm2015/zone.js:398:28)
	    at _ProxyZoneSpec.onInvoke (node_modules/zone.js/fesm2015/zone-testing.js:2132:39)
	    at _ZoneDelegate.invoke (node_modules/zone.js/fesm2015/zone.js:397:34)
	Expected null to be truthy.
	    at <Jasmine>
	    at UserContext.<anonymous> (src/app/game-picker/components/game-picker-page/game-picker-page.component.spec.ts:158:76)
	    at _ZoneDelegate.invoke (node_modules/zone.js/fesm2015/zone.js:398:28)
	    at _ProxyZoneSpec.onInvoke (node_modules/zone.js/fesm2015/zone-testing.js:2132:39)
	    at _ZoneDelegate.invoke (node_modules/zone.js/fesm2015/zone.js:397:34)
Chrome 138.0.0.0 (Linux x86_64): Executed 10 of 274[31m (6 FAILED)[39m (0 secs / 0.104 secs)
[1A[2K[31mChrome 138.0.0.0 (Linux x86_64) GamePickerPageComponent template rendering should render only error content in error state FAILED[39m
	Expected DebugElement({ nativeNode: <div _ngcontent-a-c2735517478 class="loading-state">...</div> }) to be falsy.
	    at <Jasmine>
	    at UserContext.<anonymous> (src/app/game-picker/components/game-picker-page/game-picker-page.component.spec.ts:166:68)
	    at _ZoneDelegate.invoke (node_modules/zone.js/fesm2015/zone.js:398:28)
	    at _ProxyZoneSpec.onInvoke (node_modules/zone.js/fesm2015/zone-testing.js:2132:39)
	    at _ZoneDelegate.invoke (node_modules/zone.js/fesm2015/zone.js:397:34)
	Expected null to be truthy.
	    at <Jasmine>
	    at UserContext.<anonymous> (src/app/game-picker/components/game-picker-page/game-picker-page.component.spec.ts:169:66)
	    at _ZoneDelegate.invoke (node_modules/zone.js/fesm2015/zone.js:398:28)
	    at _ProxyZoneSpec.onInvoke (node_modules/zone.js/fesm2015/zone-testing.js:2132:39)
	    at _ZoneDelegate.invoke (node_modules/zone.js/fesm2015/zone.js:397:34)
Chrome 138.0.0.0 (Linux x86_64): Executed 11 of 274[31m (7 FAILED)[39m (0 secs / 0.107 secs)
[1A[2KChrome 138.0.0.0 (Linux x86_64): Executed 12 of 274[31m (7 FAILED)[39m (0 secs / 0.108 secs)
[1A[2K[31mChrome 138.0.0.0 (Linux x86_64) GamePickerPageComponent component methods should implement resetGamePicker method FAILED[39m
	Expected function to throw an Error.
	    at <Jasmine>
	    at UserContext.<anonymous> (src/app/game-picker/components/game-picker-page/game-picker-page.component.spec.ts:122:49)
	    at _ZoneDelegate.invoke (node_modules/zone.js/fesm2015/zone.js:398:28)
	    at _ProxyZoneSpec.onInvoke (node_modules/zone.js/fesm2015/zone-testing.js:2132:39)
	    at _ZoneDelegate.invoke (node_modules/zone.js/fesm2015/zone.js:397:34)
Chrome 138.0.0.0 (Linux x86_64): Executed 13 of 274[31m (8 FAILED)[39m (0 secs / 0.11 secs)
[1A[2K[31mChrome 138.0.0.0 (Linux x86_64) GamePickerPageComponent component methods should implement startGamePicker method FAILED[39m
	Expected function to throw an Error.
	    at <Jasmine>
	    at UserContext.<anonymous> (src/app/game-picker/components/game-picker-page/game-picker-page.component.spec.ts:110:49)
	    at _ZoneDelegate.invoke (node_modules/zone.js/fesm2015/zone.js:398:28)
	    at _ProxyZoneSpec.onInvoke (node_modules/zone.js/fesm2015/zone-testing.js:2132:39)
	    at _ZoneDelegate.invoke (node_modules/zone.js/fesm2015/zone.js:397:34)
Chrome 138.0.0.0 (Linux x86_64): Executed 14 of 274[31m (9 FAILED)[39m (0 secs / 0.111 secs)
[1A[2K[31mChrome 138.0.0.0 (Linux x86_64) GamePickerPageComponent component methods should implement onError method FAILED[39m
	Expected function to throw an Error.
	    at <Jasmine>
	    at UserContext.<anonymous> (src/app/game-picker/components/game-picker-page/game-picker-page.component.spec.ts:127:46)
	    at _ZoneDelegate.invoke (node_modules/zone.js/fesm2015/zone.js:398:28)
	    at _ProxyZoneSpec.onInvoke (node_modules/zone.js/fesm2015/zone-testing.js:2132:39)
	    at _ZoneDelegate.invoke (node_modules/zone.js/fesm2015/zone.js:397:34)
Chrome 138.0.0.0 (Linux x86_64): Executed 15 of 274[31m (10 FAILED)[39m (0 secs / 0.113 secs)
[1A[2K[31mChrome 138.0.0.0 (Linux x86_64) GamePickerPageComponent component methods should implement onStartComparisons method FAILED[39m
	Expected function to throw an Error.
	    at <Jasmine>
	    at UserContext.<anonymous> (src/app/game-picker/components/game-picker-page/game-picker-page.component.spec.ts:114:52)
	    at _ZoneDelegate.invoke (node_modules/zone.js/fesm2015/zone.js:398:28)
	    at _ProxyZoneSpec.onInvoke (node_modules/zone.js/fesm2015/zone-testing.js:2132:39)
	    at _ZoneDelegate.invoke (node_modules/zone.js/fesm2015/zone.js:397:34)
Chrome 138.0.0.0 (Linux x86_64): Executed 16 of 274[31m (11 FAILED)[39m (0 secs / 0.114 secs)
[1A[2K[31mChrome 138.0.0.0 (Linux x86_64) GamePickerPageComponent component methods should implement onComparisonsComplete method FAILED[39m
	Expected function to throw an Error.
	    at <Jasmine>
	    at UserContext.<anonymous> (src/app/game-picker/components/game-picker-page/game-picker-page.component.spec.ts:118:55)
	    at _ZoneDelegate.invoke (node_modules/zone.js/fesm2015/zone.js:398:28)
	    at _ProxyZoneSpec.onInvoke (node_modules/zone.js/fesm2015/zone-testing.js:2132:39)
	    at _ZoneDelegate.invoke (node_modules/zone.js/fesm2015/zone.js:397:34)
Chrome 138.0.0.0 (Linux x86_64): Executed 17 of 274[31m (12 FAILED)[39m (0 secs / 0.115 secs)
[1A[2KChrome 138.0.0.0 (Linux x86_64): Executed 18 of 274[31m (12 FAILED)[39m (0 secs / 0.12 secs)
[1A[2K[31mChrome 138.0.0.0 (Linux x86_64) GameComparisonComponent user interactions should record choice when skip button clicked FAILED[39m
	Expected spy PairService.recordChoice to have been called with:
	  [ Object({ appId: 730, name: 'Counter-Strike: Global Offensive', coverUrl: null, price: 'Free', developer: 'Valve', publisher: 'Valve', tags: Object({ FPS: 91172, Shooter: 65634, Multiplayer: 45123 }), genres: [ 'Action' ], reviewPos: 1000000, reviewNeg: 100000 }), Object({ appId: 570, name: 'Dota 2', coverUrl: null, price: 'Free', developer: 'Valve', publisher: 'Valve', tags: Object({ MOBA: 55432, Strategy: 34521, Multiplayer: 67890 }), genres: [ 'Strategy' ], reviewPos: 800000, reviewNeg: 120000 }), 'skip' ]
	but it was never called.
	    at <Jasmine>
	    at UserContext.<anonymous> (src/app/game-picker/components/game-comparison/game-comparison.component.spec.ts:201:44)
	    at _ZoneDelegate.invoke (node_modules/zone.js/fesm2015/zone.js:398:28)
	    at _ProxyZoneSpec.onInvoke (node_modules/zone.js/fesm2015/zone-testing.js:2132:39)
	    at _ZoneDelegate.invoke (node_modules/zone.js/fesm2015/zone.js:397:34)
Chrome 138.0.0.0 (Linux x86_64): Executed 19 of 274[31m (13 FAILED)[39m (0 secs / 0.124 secs)
[1A[2K[31mChrome 138.0.0.0 (Linux x86_64) GameComparisonComponent user interactions should record choice when right button clicked FAILED[39m
	Expected spy PairService.recordChoice to have been called with:
	  [ Object({ appId: 730, name: 'Counter-Strike: Global Offensive', coverUrl: null, price: 'Free', developer: 'Valve', publisher: 'Valve', tags: Object({ FPS: 91172, Shooter: 65634, Multiplayer: 45123 }), genres: [ 'Action' ], reviewPos: 1000000, reviewNeg: 100000 }), Object({ appId: 570, name: 'Dota 2', coverUrl: null, price: 'Free', developer: 'Valve', publisher: 'Valve', tags: Object({ MOBA: 55432, Strategy: 34521, Multiplayer: 67890 }), genres: [ 'Strategy' ], reviewPos: 800000, reviewNeg: 120000 }), 'right' ]
	but it was never called.
	    at <Jasmine>
	    at UserContext.<anonymous> (src/app/game-picker/components/game-comparison/game-comparison.component.spec.ts:188:44)
	    at _ZoneDelegate.invoke (node_modules/zone.js/fesm2015/zone.js:398:28)
	    at _ProxyZoneSpec.onInvoke (node_modules/zone.js/fesm2015/zone-testing.js:2132:39)
	    at _ZoneDelegate.invoke (node_modules/zone.js/fesm2015/zone.js:397:34)
Chrome 138.0.0.0 (Linux x86_64): Executed 20 of 274[31m (14 FAILED)[39m (0 secs / 0.127 secs)
[1A[2KChrome 138.0.0.0 (Linux x86_64): Executed 21 of 274[31m (14 FAILED)[39m (0 secs / 0.129 secs)
[1A[2K[31mChrome 138.0.0.0 (Linux x86_64) GameComparisonComponent user interactions should emit choice when right button clicked FAILED[39m
	TypeError: Cannot read properties of null (reading 'nativeElement')
	    at UserContext.<anonymous> (src/app/game-picker/components/game-comparison/game-comparison.component.spec.ts:214:19)
	    at _ZoneDelegate.invoke (node_modules/zone.js/fesm2015/zone.js:398:28)
	    at _ProxyZoneSpec.onInvoke (node_modules/zone.js/fesm2015/zone-testing.js:2132:39)
	    at _ZoneDelegate.invoke (node_modules/zone.js/fesm2015/zone.js:397:34)
	    at ZoneImpl.run (node_modules/zone.js/fesm2015/zone.js:113:43)
	    at runInTestZone (node_modules/zone.js/fesm2015/zone-testing.js:216:38)
	    at UserContext.<anonymous> (node_modules/zone.js/fesm2015/zone-testing.js:234:32)
	    at <Jasmine>
Chrome 138.0.0.0 (Linux x86_64): Executed 22 of 274[31m (15 FAILED)[39m (0 secs / 0.132 secs)
[1A[2K[31mChrome 138.0.0.0 (Linux x86_64) GameComparisonComponent user interactions should record choice and emit event when left button clicked FAILED[39m
	Expected spy PairService.recordChoice to have been called with:
	  [ Object({ appId: 730, name: 'Counter-Strike: Global Offensive', coverUrl: null, price: 'Free', developer: 'Valve', publisher: 'Valve', tags: Object({ FPS: 91172, Shooter: 65634, Multiplayer: 45123 }), genres: [ 'Action' ], reviewPos: 1000000, reviewNeg: 100000 }), Object({ appId: 570, name: 'Dota 2', coverUrl: null, price: 'Free', developer: 'Valve', publisher: 'Valve', tags: Object({ MOBA: 55432, Strategy: 34521, Multiplayer: 67890 }), genres: [ 'Strategy' ], reviewPos: 800000, reviewNeg: 120000 }), 'left' ]
	but it was never called.
	    at <Jasmine>
	    at UserContext.<anonymous> (src/app/game-picker/components/game-comparison/game-comparison.component.spec.ts:169:44)
	    at _ZoneDelegate.invoke (node_modules/zone.js/fesm2015/zone.js:398:28)
	    at _ProxyZoneSpec.onInvoke (node_modules/zone.js/fesm2015/zone-testing.js:2132:39)
	    at _ZoneDelegate.invoke (node_modules/zone.js/fesm2015/zone.js:397:34)
	Expected spy ChoiceApiService.queueChoice to have been called.
	    at <Jasmine>
	    at UserContext.<anonymous> (src/app/game-picker/components/game-comparison/game-comparison.component.spec.ts:174:48)
	    at _ZoneDelegate.invoke (node_modules/zone.js/fesm2015/zone.js:398:28)
	    at _ProxyZoneSpec.onInvoke (node_modules/zone.js/fesm2015/zone-testing.js:2132:39)
	    at _ZoneDelegate.invoke (node_modules/zone.js/fesm2015/zone.js:397:34)
	Expected spy emit to have been called with:
	  [ Object({ leftGame: Object({ appId: 730, name: 'Counter-Strike: Global Offensive', coverUrl: null, price: 'Free', developer: 'Valve', publisher: 'Valve', tags: Object({ FPS: 91172, Shooter: 65634, Multiplayer: 45123 }), genres: [ 'Action' ], reviewPos: 1000000, reviewNeg: 100000 }), rightGame: Object({ appId: 570, name: 'Dota 2', coverUrl: null, price: 'Free', developer: 'Valve', publisher: 'Valve', tags: Object({ MOBA: 55432, Strategy: 34521, Multiplayer: 67890 }), genres: [ 'Strategy' ], reviewPos: 800000, reviewNeg: 120000 }), pick: 'left' }) ]
	but it was never called.
	    at <Jasmine>
	    at UserContext.<anonymous> (src/app/game-picker/components/game-comparison/game-comparison.component.spec.ts:175:41)
	    at _ZoneDelegate.invoke (node_modules/zone.js/fesm2015/zone.js:398:28)
	    at _ProxyZoneSpec.onInvoke (node_modules/zone.js/fesm2015/zone-testing.js:2132:39)
	    at _ZoneDelegate.invoke (node_modules/zone.js/fesm2015/zone.js:397:34)
Chrome 138.0.0.0 (Linux x86_64): Executed 23 of 274[31m (16 FAILED)[39m (0 secs / 0.134 secs)
[1A[2K[31mChrome 138.0.0.0 (Linux x86_64) GameComparisonComponent template rendering should render all choice buttons FAILED[39m
	Expected null to be truthy.
	    at <Jasmine>
	    at UserContext.<anonymous> (src/app/game-picker/components/game-comparison/game-comparison.component.spec.ts:135:26)
	    at _ZoneDelegate.invoke (node_modules/zone.js/fesm2015/zone.js:398:28)
	    at _ProxyZoneSpec.onInvoke (node_modules/zone.js/fesm2015/zone-testing.js:2132:39)
	    at _ZoneDelegate.invoke (node_modules/zone.js/fesm2015/zone.js:397:34)
	Expected null to be truthy.
	    at <Jasmine>
	    at UserContext.<anonymous> (src/app/game-picker/components/game-comparison/game-comparison.component.spec.ts:136:27)
	    at _ZoneDelegate.invoke (node_modules/zone.js/fesm2015/zone.js:398:28)
	    at _ProxyZoneSpec.onInvoke (node_modules/zone.js/fesm2015/zone-testing.js:2132:39)
	    at _ZoneDelegate.invoke (node_modules/zone.js/fesm2015/zone.js:397:34)
	TypeError: Cannot read properties of null (reading 'nativeElement')
	    at UserContext.<anonymous> (src/app/game-picker/components/game-comparison/game-comparison.component.spec.ts:139:25)
	    at _ZoneDelegate.invoke (node_modules/zone.js/fesm2015/zone.js:398:28)
	    at _ProxyZoneSpec.onInvoke (node_modules/zone.js/fesm2015/zone-testing.js:2132:39)
	    at _ZoneDelegate.invoke (node_modules/zone.js/fesm2015/zone.js:397:34)
	    at ZoneImpl.run (node_modules/zone.js/fesm2015/zone.js:113:43)
	    at runInTestZone (node_modules/zone.js/fesm2015/zone-testing.js:216:38)
	    at UserContext.<anonymous> (node_modules/zone.js/fesm2015/zone-testing.js:234:32)
	    at <Jasmine>
Chrome 138.0.0.0 (Linux x86_64): Executed 24 of 274[31m (17 FAILED)[39m (0 secs / 0.137 secs)
[1A[2K[31mChrome 138.0.0.0 (Linux x86_64) GameComparisonComponent template rendering should render game names correctly FAILED[39m
	TypeError: Cannot read properties of null (reading 'nativeElement')
	    at UserContext.<anonymous> (src/app/game-picker/components/game-comparison/game-comparison.component.spec.ts:123:27)
	    at _ZoneDelegate.invoke (node_modules/zone.js/fesm2015/zone.js:398:28)
	    at _ProxyZoneSpec.onInvoke (node_modules/zone.js/fesm2015/zone-testing.js:2132:39)
	    at _ZoneDelegate.invoke (node_modules/zone.js/fesm2015/zone.js:397:34)
	    at ZoneImpl.run (node_modules/zone.js/fesm2015/zone.js:113:43)
	    at runInTestZone (node_modules/zone.js/fesm2015/zone-testing.js:216:38)
	    at UserContext.<anonymous> (node_modules/zone.js/fesm2015/zone-testing.js:234:32)
	    at <Jasmine>
Chrome 138.0.0.0 (Linux x86_64): Executed 25 of 274[31m (18 FAILED)[39m (0 secs / 0.139 secs)
[1A[2KChrome 138.0.0.0 (Linux x86_64): Executed 26 of 274[31m (18 FAILED)[39m (0 secs / 0.142 secs)
[1A[2K[31mChrome 138.0.0.0 (Linux x86_64) GameComparisonComponent template rendering should display no pair message when no pair provided FAILED[39m
	Expected DebugElement({ nativeNode: <div _ngcontent-a-c1734992659 class="comparison-container">...</div> }) to be falsy.
	    at <Jasmine>
	    at UserContext.<anonymous> (src/app/game-picker/components/game-comparison/game-comparison.component.spec.ts:109:35)
	    at _ZoneDelegate.invoke (node_modules/zone.js/fesm2015/zone.js:398:28)
	    at _ProxyZoneSpec.onInvoke (node_modules/zone.js/fesm2015/zone-testing.js:2132:39)
	    at _ZoneDelegate.invoke (node_modules/zone.js/fesm2015/zone.js:397:34)
	Expected null to be truthy.
	    at <Jasmine>
	    at UserContext.<anonymous> (src/app/game-picker/components/game-comparison/game-comparison.component.spec.ts:112:29)
	    at _ZoneDelegate.invoke (node_modules/zone.js/fesm2015/zone.js:398:28)
	    at _ProxyZoneSpec.onInvoke (node_modules/zone.js/fesm2015/zone-testing.js:2132:39)
	    at _ZoneDelegate.invoke (node_modules/zone.js/fesm2015/zone.js:397:34)
	TypeError: Cannot read properties of null (reading 'nativeElement')
	    at UserContext.<anonymous> (src/app/game-picker/components/game-comparison/game-comparison.component.spec.ts:113:28)
	    at _ZoneDelegate.invoke (node_modules/zone.js/fesm2015/zone.js:398:28)
	    at _ProxyZoneSpec.onInvoke (node_modules/zone.js/fesm2015/zone-testing.js:2132:39)
	    at _ZoneDelegate.invoke (node_modules/zone.js/fesm2015/zone.js:397:34)
	    at ZoneImpl.run (node_modules/zone.js/fesm2015/zone.js:113:43)
	    at runInTestZone (node_modules/zone.js/fesm2015/zone-testing.js:216:38)
	    at UserContext.<anonymous> (node_modules/zone.js/fesm2015/zone-testing.js:234:32)
	    at <Jasmine>
Chrome 138.0.0.0 (Linux x86_64): Executed 27 of 274[31m (19 FAILED)[39m (0 secs / 0.144 secs)
[1A[2KChrome 138.0.0.0 (Linux x86_64): Executed 28 of 274[31m (19 FAILED)[39m (0 secs / 0.146 secs)
[1A[2KChrome 138.0.0.0 (Linux x86_64): Executed 29 of 274[31m (19 FAILED)[39m (0 secs / 0.147 secs)
[1A[2KChrome 138.0.0.0 (Linux x86_64): Executed 30 of 274[31m (19 FAILED)[39m (0 secs / 0.148 secs)
[1A[2KChrome 138.0.0.0 (Linux x86_64): Executed 31 of 274[31m (19 FAILED)[39m (0 secs / 0.15 secs)
[1A[2K[31mChrome 138.0.0.0 (Linux x86_64) GameComparisonComponent component methods should implement selectLeft method FAILED[39m
	Expected function to throw an Error.
	    at <Jasmine>
	    at UserContext.<anonymous> (src/app/game-picker/components/game-comparison/game-comparison.component.spec.ts:240:44)
	    at _ZoneDelegate.invoke (node_modules/zone.js/fesm2015/zone.js:398:28)
	    at _ProxyZoneSpec.onInvoke (node_modules/zone.js/fesm2015/zone-testing.js:2132:39)
	    at _ZoneDelegate.invoke (node_modules/zone.js/fesm2015/zone.js:397:34)
Chrome 138.0.0.0 (Linux x86_64): Executed 32 of 274[31m (20 FAILED)[39m (0 secs / 0.152 secs)
[1A[2K[31mChrome 138.0.0.0 (Linux x86_64) GameComparisonComponent component methods should implement hasValidPair method FAILED[39m
	Expected function to throw an Error.
	    at <Jasmine>
	    at UserContext.<anonymous> (src/app/game-picker/components/game-comparison/game-comparison.component.spec.ts:252:46)
	    at _ZoneDelegate.invoke (node_modules/zone.js/fesm2015/zone.js:398:28)
	    at _ProxyZoneSpec.onInvoke (node_modules/zone.js/fesm2015/zone-testing.js:2132:39)
	    at _ZoneDelegate.invoke (node_modules/zone.js/fesm2015/zone.js:397:34)
Chrome 138.0.0.0 (Linux x86_64): Executed 33 of 274[31m (21 FAILED)[39m (0 secs / 0.153 secs)
[1A[2K[31mChrome 138.0.0.0 (Linux x86_64) GameComparisonComponent component methods should implement skip method FAILED[39m
	Expected function to throw an Error.
	    at <Jasmine>
	    at UserContext.<anonymous> (src/app/game-picker/components/game-comparison/game-comparison.component.spec.ts:248:38)
	    at _ZoneDelegate.invoke (node_modules/zone.js/fesm2015/zone.js:398:28)
	    at _ProxyZoneSpec.onInvoke (node_modules/zone.js/fesm2015/zone-testing.js:2132:39)
	    at _ZoneDelegate.invoke (node_modules/zone.js/fesm2015/zone.js:397:34)
Chrome 138.0.0.0 (Linux x86_64): Executed 34 of 274[31m (22 FAILED)[39m (0 secs / 0.154 secs)
[1A[2K[31mChrome 138.0.0.0 (Linux x86_64) GameComparisonComponent component methods should implement selectRight method FAILED[39m
	Expected function to throw an Error.
	    at <Jasmine>
	    at UserContext.<anonymous> (src/app/game-picker/components/game-comparison/game-comparison.component.spec.ts:244:45)
	    at _ZoneDelegate.invoke (node_modules/zone.js/fesm2015/zone.js:398:28)
	    at _ProxyZoneSpec.onInvoke (node_modules/zone.js/fesm2015/zone-testing.js:2132:39)
	    at _ZoneDelegate.invoke (node_modules/zone.js/fesm2015/zone.js:397:34)
Chrome 138.0.0.0 (Linux x86_64): Executed 35 of 274[31m (23 FAILED)[39m (0 secs / 0.155 secs)
[1A[2KChrome 138.0.0.0 (Linux x86_64): Executed 36 of 274[31m (23 FAILED)[39m (0 secs / 0.156 secs)
[1A[2KChrome 138.0.0.0 (Linux x86_64): Executed 37 of 274[31m (23 FAILED)[39m (0 secs / 0.157 secs)
[1A[2KChrome 138.0.0.0 (Linux x86_64): Executed 38 of 274[31m (23 FAILED)[39m (0 secs / 0.158 secs)
[1A[2K[31mChrome 138.0.0.0 (Linux x86_64) ProgressBarComponent completion state should display checkmark in completion message FAILED[39m
	Expected null to be truthy.
	    at <Jasmine>
	    at UserContext.<anonymous> (src/app/game-picker/components/progress-bar/progress-bar.component.spec.ts:161:25)
	    at _ZoneDelegate.invoke (node_modules/zone.js/fesm2015/zone.js:398:28)
	    at _ProxyZoneSpec.onInvoke (node_modules/zone.js/fesm2015/zone-testing.js:2132:39)
	    at _ZoneDelegate.invoke (node_modules/zone.js/fesm2015/zone.js:397:34)
	TypeError: Cannot read properties of null (reading 'nativeElement')
	    at UserContext.<anonymous> (src/app/game-picker/components/progress-bar/progress-bar.component.spec.ts:162:24)
	    at _ZoneDelegate.invoke (node_modules/zone.js/fesm2015/zone.js:398:28)
	    at _ProxyZoneSpec.onInvoke (node_modules/zone.js/fesm2015/zone-testing.js:2132:39)
	    at _ZoneDelegate.invoke (node_modules/zone.js/fesm2015/zone.js:397:34)
	    at ZoneImpl.run (node_modules/zone.js/fesm2015/zone.js:113:43)
	    at runInTestZone (node_modules/zone.js/fesm2015/zone-testing.js:216:38)
	    at UserContext.<anonymous> (node_modules/zone.js/fesm2015/zone-testing.js:234:32)
	    at <Jasmine>
Chrome 138.0.0.0 (Linux x86_64): Executed 39 of 274[31m (24 FAILED)[39m (0 secs / 0.167 secs)
[1A[2K[31mChrome 138.0.0.0 (Linux x86_64) ProgressBarComponent completion state should display completion message when progress is complete FAILED[39m
	Expected null to be truthy.
	    at <Jasmine>
	    at UserContext.<anonymous> (src/app/game-picker/components/progress-bar/progress-bar.component.spec.ts:155:33)
	    at _ZoneDelegate.invoke (node_modules/zone.js/fesm2015/zone.js:398:28)
	    at _ProxyZoneSpec.onInvoke (node_modules/zone.js/fesm2015/zone-testing.js:2132:39)
	    at _ZoneDelegate.invoke (node_modules/zone.js/fesm2015/zone.js:397:34)
	TypeError: Cannot read properties of null (reading 'nativeElement')
	    at UserContext.<anonymous> (src/app/game-picker/components/progress-bar/progress-bar.component.spec.ts:156:32)
	    at _ZoneDelegate.invoke (node_modules/zone.js/fesm2015/zone.js:398:28)
	    at _ProxyZoneSpec.onInvoke (node_modules/zone.js/fesm2015/zone-testing.js:2132:39)
	    at _ZoneDelegate.invoke (node_modules/zone.js/fesm2015/zone.js:397:34)
	    at ZoneImpl.run (node_modules/zone.js/fesm2015/zone.js:113:43)
	    at runInTestZone (node_modules/zone.js/fesm2015/zone-testing.js:216:38)
	    at UserContext.<anonymous> (node_modules/zone.js/fesm2015/zone-testing.js:234:32)
	    at <Jasmine>
Chrome 138.0.0.0 (Linux x86_64): Executed 40 of 274[31m (25 FAILED)[39m (0 secs / 0.169 secs)
[1A[2KChrome 138.0.0.0 (Linux x86_64): Executed 41 of 274[31m (25 FAILED)[39m (0 secs / 0.17 secs)
[1A[2KChrome 138.0.0.0 (Linux x86_64): Executed 42 of 274[31m (25 FAILED)[39m (0 secs / 0.171 secs)
[1A[2KChrome 138.0.0.0 (Linux x86_64): Executed 43 of 274[31m (25 FAILED)[39m (0 secs / 0.173 secs)
[1A[2KChrome 138.0.0.0 (Linux x86_64): Executed 44 of 274[31m (25 FAILED)[39m (0 secs / 0.176 secs)
[1A[2KChrome 138.0.0.0 (Linux x86_64): Executed 45 of 274[31m (25 FAILED)[39m (0 secs / 0.178 secs)
[1A[2KChrome 138.0.0.0 (Linux x86_64): Executed 46 of 274[31m (25 FAILED)[39m (0 secs / 0.179 secs)
[1A[2KChrome 138.0.0.0 (Linux x86_64): Executed 47 of 274[31m (25 FAILED)[39m (0 secs / 0.18 secs)
[1A[2KChrome 138.0.0.0 (Linux x86_64): Executed 48 of 274[31m (25 FAILED)[39m (0 secs / 0.181 secs)
[1A[2KChrome 138.0.0.0 (Linux x86_64): Executed 49 of 274[31m (25 FAILED)[39m (0 secs / 0.182 secs)
[1A[2K[31mChrome 138.0.0.0 (Linux x86_64) ProgressBarComponent various progress states should handle complete progress state FAILED[39m
	Expected null to be truthy.
	    at <Jasmine>
	    at UserContext.<anonymous> (src/app/game-picker/components/progress-bar/progress-bar.component.spec.ts:241:33)
	    at _ZoneDelegate.invoke (node_modules/zone.js/fesm2015/zone.js:398:28)
	    at _ProxyZoneSpec.onInvoke (node_modules/zone.js/fesm2015/zone-testing.js:2132:39)
	    at _ZoneDelegate.invoke (node_modules/zone.js/fesm2015/zone.js:397:34)
Chrome 138.0.0.0 (Linux x86_64): Executed 50 of 274[31m (26 FAILED)[39m (0 secs / 0.184 secs)
[1A[2K[31mChrome 138.0.0.0 (Linux x86_64) ProgressBarComponent template rendering without progress should display no progress message when progress is null FAILED[39m
	Expected DebugElement({ nativeNode: <div _ngcontent-a-c408347114 class="progress-section">...</div> }) to be falsy.
	    at <Jasmine>
	    at UserContext.<anonymous> (src/app/game-picker/components/progress-bar/progress-bar.component.spec.ts:141:31)
	    at _ZoneDelegate.invoke (node_modules/zone.js/fesm2015/zone.js:398:28)
	    at _ProxyZoneSpec.onInvoke (node_modules/zone.js/fesm2015/zone-testing.js:2132:39)
	    at _ZoneDelegate.invoke (node_modules/zone.js/fesm2015/zone.js:397:34)
	Expected null to be truthy.
	    at <Jasmine>
	    at UserContext.<anonymous> (src/app/game-picker/components/progress-bar/progress-bar.component.spec.ts:142:26)
	    at _ZoneDelegate.invoke (node_modules/zone.js/fesm2015/zone.js:398:28)
	    at _ProxyZoneSpec.onInvoke (node_modules/zone.js/fesm2015/zone-testing.js:2132:39)
	    at _ZoneDelegate.invoke (node_modules/zone.js/fesm2015/zone.js:397:34)
	TypeError: Cannot read properties of null (reading 'nativeElement')
	    at UserContext.<anonymous> (src/app/game-picker/components/progress-bar/progress-bar.component.spec.ts:143:25)
	    at _ZoneDelegate.invoke (node_modules/zone.js/fesm2015/zone.js:398:28)
	    at _ProxyZoneSpec.onInvoke (node_modules/zone.js/fesm2015/zone-testing.js:2132:39)
	    at _ZoneDelegate.invoke (node_modules/zone.js/fesm2015/zone.js:397:34)
	    at ZoneImpl.run (node_modules/zone.js/fesm2015/zone.js:113:43)
	    at runInTestZone (node_modules/zone.js/fesm2015/zone-testing.js:216:38)
	    at UserContext.<anonymous> (node_modules/zone.js/fesm2015/zone-testing.js:234:32)
	    at <Jasmine>
Chrome 138.0.0.0 (Linux x86_64): Executed 51 of 274[31m (27 FAILED)[39m (0 secs / 0.188 secs)
[1A[2KChrome 138.0.0.0 (Linux x86_64): Executed 52 of 274[31m (27 FAILED)[39m (0 secs / 0.19 secs)
[1A[2KChrome 138.0.0.0 (Linux x86_64): Executed 53 of 274[31m (27 FAILED)[39m (0 secs / 0.191 secs)
[1A[2KChrome 138.0.0.0 (Linux x86_64): Executed 54 of 274[31m (27 FAILED)[39m (0 secs / 0.192 secs)
[1A[2KChrome 138.0.0.0 (Linux x86_64): Executed 55 of 274[31m (27 FAILED)[39m (0 secs / 0.193 secs)
[1A[2KChrome 138.0.0.0 (Linux x86_64): Executed 56 of 274[31m (27 FAILED)[39m (0 secs / 0.194 secs)
[1A[2KChrome 138.0.0.0 (Linux x86_64): Executed 57 of 274[31m (27 FAILED)[39m (0 secs / 0.195 secs)
[1A[2KChrome 138.0.0.0 (Linux x86_64): Executed 58 of 274[31m (27 FAILED)[39m (0 secs / 0.196 secs)
[1A[2KChrome 138.0.0.0 (Linux x86_64): Executed 59 of 274[31m (27 FAILED)[39m (0 secs / 0.197 secs)
[1A[2KChrome 138.0.0.0 (Linux x86_64): Executed 60 of 274[31m (27 FAILED)[39m (0 secs / 0.198 secs)
[1A[2KChrome 138.0.0.0 (Linux x86_64): Executed 61 of 274[31m (27 FAILED)[39m (0 secs / 0.199 secs)
[1A[2KChrome 138.0.0.0 (Linux x86_64): Executed 62 of 274[31m (27 FAILED)[39m (0 secs / 0.199 secs)
[1A[2KChrome 138.0.0.0 (Linux x86_64): Executed 63 of 274[31m (27 FAILED)[39m (0 secs / 0.2 secs)
[1A[2KChrome 138.0.0.0 (Linux x86_64): Executed 64 of 274[31m (27 FAILED)[39m (0 secs / 0.201 secs)
[1A[2KChrome 138.0.0.0 (Linux x86_64): Executed 65 of 274[31m (27 FAILED)[39m (0 secs / 0.202 secs)
[1A[2KChrome 138.0.0.0 (Linux x86_64): Executed 66 of 274[31m (27 FAILED)[39m (0 secs / 0.203 secs)
[1A[2KChrome 138.0.0.0 (Linux x86_64): Executed 67 of 274[31m (27 FAILED)[39m (0 secs / 0.203 secs)
[1A[2KChrome 138.0.0.0 (Linux x86_64): Executed 68 of 274[31m (27 FAILED)[39m (0 secs / 0.204 secs)
[1A[2KChrome 138.0.0.0 (Linux x86_64): Executed 69 of 274[31m (27 FAILED)[39m (0 secs / 0.205 secs)
[1A[2KChrome 138.0.0.0 (Linux x86_64): Executed 70 of 274[31m (27 FAILED)[39m (0 secs / 0.206 secs)
[1A[2KChrome 138.0.0.0 (Linux x86_64): Executed 71 of 274[31m (27 FAILED)[39m (0 secs / 0.207 secs)
[1A[2KChrome 138.0.0.0 (Linux x86_64): Executed 72 of 274[31m (27 FAILED)[39m (0 secs / 0.207 secs)
[1A[2KChrome 138.0.0.0 (Linux x86_64): Executed 73 of 274[31m (27 FAILED)[39m (0 secs / 0.208 secs)
[1A[2KChrome 138.0.0.0 (Linux x86_64): Executed 74 of 274[31m (27 FAILED)[39m (0 secs / 0.21 secs)
[1A[2KChrome 138.0.0.0 (Linux x86_64): Executed 75 of 274[31m (27 FAILED)[39m (0 secs / 0.211 secs)
[1A[2KChrome 138.0.0.0 (Linux x86_64): Executed 76 of 274[31m (27 FAILED)[39m (0 secs / 0.213 secs)
[1A[2KChrome 138.0.0.0 (Linux x86_64): Executed 77 of 274[31m (27 FAILED)[39m (0 secs / 0.214 secs)
[1A[2KChrome 138.0.0.0 (Linux x86_64): Executed 78 of 274[31m (27 FAILED)[39m (0 secs / 0.215 secs)
[1A[2KChrome 138.0.0.0 (Linux x86_64): Executed 79 of 274[31m (27 FAILED)[39m (0 secs / 0.216 secs)
[1A[2KChrome 138.0.0.0 (Linux x86_64): Executed 80 of 274[31m (27 FAILED)[39m (0 secs / 0.218 secs)
[1A[2KChrome 138.0.0.0 (Linux x86_64): Executed 81 of 274[31m (27 FAILED)[39m (0 secs / 0.219 secs)
[1A[2KChrome 138.0.0.0 (Linux x86_64): Executed 82 of 274[31m (27 FAILED)[39m (0 secs / 0.22 secs)
[1A[2KChrome 138.0.0.0 (Linux x86_64): Executed 83 of 274[31m (27 FAILED)[39m (0 secs / 0.221 secs)
[1A[2KChrome 138.0.0.0 (Linux x86_64): Executed 84 of 274[31m (27 FAILED)[39m (0 secs / 0.221 secs)
[1A[2KChrome 138.0.0.0 (Linux x86_64): Executed 85 of 274[31m (27 FAILED)[39m (0 secs / 0.222 secs)
[1A[2KChrome 138.0.0.0 (Linux x86_64): Executed 86 of 274[31m (27 FAILED)[39m (0 secs / 0.223 secs)
[1A[2KChrome 138.0.0.0 (Linux x86_64): Executed 87 of 274[31m (27 FAILED)[39m (0 secs / 0.224 secs)
[1A[2KChrome 138.0.0.0 (Linux x86_64): Executed 88 of 274[31m (27 FAILED)[39m (0 secs / 0.225 secs)
[1A[2KChrome 138.0.0.0 (Linux x86_64): Executed 89 of 274[31m (27 FAILED)[39m (0 secs / 0.226 secs)
[1A[2KChrome 138.0.0.0 (Linux x86_64): Executed 90 of 274[31m (27 FAILED)[39m (0 secs / 0.228 secs)
[1A[2KChrome 138.0.0.0 (Linux x86_64): Executed 91 of 274[31m (27 FAILED)[39m (0 secs / 0.229 secs)
[1A[2KWARN: [36m'Spec 'PreferenceService getPreferenceSummary should update when preferences change' has no expectations.'[39m
Chrome 138.0.0.0 (Linux x86_64): Executed 91 of 274[31m (27 FAILED)[39m (0 secs / 0.229 secs)
WARN: 'Spec 'PreferenceService getPreferenceSummary should update when preferences change' has no expectations.'
[1A[2KChrome 138.0.0.0 (Linux x86_64): Executed 92 of 274[31m (27 FAILED)[39m (0 secs / 0.231 secs)
[1A[2K[31mChrome 138.0.0.0 (Linux x86_64) PreferenceService getPreferenceSummary should return top liked and disliked tags FAILED[39m
	Expected 2771.60009765625 to be less than 0.
	    at <Jasmine>
	    at Object.next (src/app/game-picker/services/preference.service.spec.ts:175:50)
	    at ConsumerObserver.next (node_modules/rxjs/dist/esm/internal/Subscriber.js:91:33)
	    at SafeSubscriber._next (node_modules/rxjs/dist/esm/internal/Subscriber.js:60:26)
	    at SafeSubscriber.next (node_modules/rxjs/dist/esm/internal/Subscriber.js:31:18)
Chrome 138.0.0.0 (Linux x86_64): Executed 93 of 274[31m (28 FAILED)[39m (0 secs / 0.444 secs)
[1A[2KChrome 138.0.0.0 (Linux x86_64): Executed 94 of 274[31m (28 FAILED)[39m (0 secs / 0.459 secs)
[1A[2KChrome 138.0.0.0 (Linux x86_64): Executed 95 of 274[31m (28 FAILED)[39m (0 secs / 0.462 secs)
[1A[2K[31mChrome 138.0.0.0 (Linux x86_64) GameDataService integration scenarios should handle multiple concurrent load requests FAILED[39m
	Error: Expected one matching request for criteria "Match URL: /discovery/games/master.json", found none.
	    at _HttpClientTestingBackend.expectOne (node_modules/@angular/common/fesm2022/http/testing.mjs:273:19)
	    at UserContext.<anonymous> (src/app/game-picker/services/game-data.service.spec.ts:227:28)
	    at _ZoneDelegate.invoke (node_modules/zone.js/fesm2015/zone.js:398:28)
	    at _ProxyZoneSpec.onInvoke (node_modules/zone.js/fesm2015/zone-testing.js:2132:39)
	    at _ZoneDelegate.invoke (node_modules/zone.js/fesm2015/zone.js:397:34)
	    at ZoneImpl.run (node_modules/zone.js/fesm2015/zone.js:113:43)
	    at runInTestZone (node_modules/zone.js/fesm2015/zone-testing.js:216:38)
	    at UserContext.<anonymous> (node_modules/zone.js/fesm2015/zone-testing.js:234:32)
	    at <Jasmine>
Chrome 138.0.0.0 (Linux x86_64): Executed 96 of 274[31m (29 FAILED)[39m (0 secs / 0.493 secs)
[1A[2K[31mChrome 138.0.0.0 (Linux x86_64) GameDataService integration scenarios should reload data after cache clear FAILED[39m
	Error: Expected one matching request for criteria "Match URL: /discovery/games/master.json", found none.
	    at _HttpClientTestingBackend.expectOne (node_modules/@angular/common/fesm2022/http/testing.mjs:273:19)
	    at UserContext.<anonymous> (src/app/game-picker/services/game-data.service.spec.ts:204:16)
	    at _ZoneDelegate.invoke (node_modules/zone.js/fesm2015/zone.js:398:28)
	    at _ProxyZoneSpec.onInvoke (node_modules/zone.js/fesm2015/zone-testing.js:2132:39)
	    at _ZoneDelegate.invoke (node_modules/zone.js/fesm2015/zone.js:397:34)
	    at ZoneImpl.run (node_modules/zone.js/fesm2015/zone.js:113:43)
	    at runInTestZone (node_modules/zone.js/fesm2015/zone-testing.js:216:38)
	    at UserContext.<anonymous> (node_modules/zone.js/fesm2015/zone-testing.js:234:32)
	    at <Jasmine>
Chrome 138.0.0.0 (Linux x86_64): Executed 97 of 274[31m (30 FAILED)[39m (0 secs / 0.498 secs)
[1A[2K[31mChrome 138.0.0.0 (Linux x86_64) GameDataService clearCache should clear cached data FAILED[39m
	Error: Expected one matching request for criteria "Match URL: /discovery/games/master.json", found none.
	    at _HttpClientTestingBackend.expectOne (node_modules/@angular/common/fesm2022/http/testing.mjs:273:19)
	    at src/app/game-picker/services/game-data.service.spec.ts:181:28
	    at Generator.next (<anonymous>)
	    at chunk-HBW54YOI.js:67:61
	    at new ZoneAwarePromise (node_modules/zone.js/fesm2015/zone.js:2701:25)
	    at __async (chunk-HBW54YOI.js:51:10)
	    at UserContext.<anonymous> (src/app/game-picker/services/game-data.service.spec.ts:178:47)
	    at _ZoneDelegate.invoke (node_modules/zone.js/fesm2015/zone.js:398:28)
	    at _ProxyZoneSpec.onInvoke (node_modules/zone.js/fesm2015/zone-testing.js:2132:39)
	    at _ZoneDelegate.invoke (node_modules/zone.js/fesm2015/zone.js:397:34)
Chrome 138.0.0.0 (Linux x86_64): Executed 98 of 274[31m (31 FAILED)[39m (0 secs / 0.503 secs)
[1A[2KChrome 138.0.0.0 (Linux x86_64): Executed 99 of 274[31m (31 FAILED)[39m (0 secs / 0.508 secs)
[1A[2KChrome 138.0.0.0 (Linux x86_64): Executed 100 of 274[31m (31 FAILED)[39m (0 secs / 0.512 secs)
[1A[2KChrome 138.0.0.0 (Linux x86_64): Executed 101 of 274[31m (31 FAILED)[39m (0 secs / 0.516 secs)
[1A[2K[31mChrome 138.0.0.0 (Linux x86_64) GameDataService isCacheValid should return true after successful data load FAILED[39m
	Error: Expected one matching request for criteria "Match URL: /discovery/games/master.json", found none.
	    at _HttpClientTestingBackend.expectOne (node_modules/@angular/common/fesm2022/http/testing.mjs:273:19)
	    at UserContext.<anonymous> (src/app/game-picker/services/game-data.service.spec.ts:157:28)
	    at _ZoneDelegate.invoke (node_modules/zone.js/fesm2015/zone.js:398:28)
	    at _ProxyZoneSpec.onInvoke (node_modules/zone.js/fesm2015/zone-testing.js:2132:39)
	    at _ZoneDelegate.invoke (node_modules/zone.js/fesm2015/zone.js:397:34)
	    at ZoneImpl.run (node_modules/zone.js/fesm2015/zone.js:113:43)
	    at runInTestZone (node_modules/zone.js/fesm2015/zone-testing.js:216:38)
	    at UserContext.<anonymous> (node_modules/zone.js/fesm2015/zone-testing.js:234:32)
	    at <Jasmine>
Chrome 138.0.0.0 (Linux x86_64): Executed 102 of 274[31m (32 FAILED)[39m (0 secs / 0.521 secs)
[1A[2K[31mChrome 138.0.0.0 (Linux x86_64) GameDataService isCacheValid should return false after cache is cleared FAILED[39m
	Error: Expected one matching request for criteria "Match URL: /discovery/games/master.json", found none.
	    at _HttpClientTestingBackend.expectOne (node_modules/@angular/common/fesm2022/http/testing.mjs:273:19)
	    at src/app/game-picker/services/game-data.service.spec.ts:166:28
	    at Generator.next (<anonymous>)
	    at chunk-HBW54YOI.js:67:61
	    at new ZoneAwarePromise (node_modules/zone.js/fesm2015/zone.js:2701:25)
	    at __async (chunk-HBW54YOI.js:51:10)
	    at UserContext.<anonymous> (src/app/game-picker/services/game-data.service.spec.ts:163:65)
	    at _ZoneDelegate.invoke (node_modules/zone.js/fesm2015/zone.js:398:28)
	    at _ProxyZoneSpec.onInvoke (node_modules/zone.js/fesm2015/zone-testing.js:2132:39)
	    at _ZoneDelegate.invoke (node_modules/zone.js/fesm2015/zone.js:397:34)
Chrome 138.0.0.0 (Linux x86_64): Executed 103 of 274[31m (33 FAILED)[39m (0 secs / 0.526 secs)
[1A[2K[31mChrome 138.0.0.0 (Linux x86_64) GameDataService getAllGames should return all cached games FAILED[39m
	Error: Expected one matching request for criteria "Match URL: /discovery/games/master.json", found none.
	    at _HttpClientTestingBackend.expectOne (node_modules/@angular/common/fesm2022/http/testing.mjs:273:19)
	    at UserContext.<anonymous> (src/app/game-picker/services/game-data.service.spec.ts:135:28)
	    at _ZoneDelegate.invoke (node_modules/zone.js/fesm2015/zone.js:398:28)
	    at _ProxyZoneSpec.onInvoke (node_modules/zone.js/fesm2015/zone-testing.js:2132:39)
	    at _ZoneDelegate.invoke (node_modules/zone.js/fesm2015/zone.js:397:34)
	    at ZoneImpl.run (node_modules/zone.js/fesm2015/zone.js:113:43)
	    at runInTestZone (node_modules/zone.js/fesm2015/zone-testing.js:216:38)
	    at UserContext.<anonymous> (node_modules/zone.js/fesm2015/zone-testing.js:234:32)
	    at <Jasmine>
Chrome 138.0.0.0 (Linux x86_64): Executed 104 of 274[31m (34 FAILED)[39m (0 secs / 0.531 secs)
[1A[2KChrome 138.0.0.0 (Linux x86_64): Executed 105 of 274[31m (34 FAILED)[39m (0 secs / 0.536 secs)
[1A[2K[31mChrome 138.0.0.0 (Linux x86_64) GameDataService getGameById should return game by app ID FAILED[39m
	Error: Expected one matching request for criteria "Match URL: /discovery/games/master.json", found none.
	    at _HttpClientTestingBackend.expectOne (node_modules/@angular/common/fesm2022/http/testing.mjs:273:19)
	    at UserContext.<anonymous> (src/app/game-picker/services/game-data.service.spec.ts:105:28)
	    at _ZoneDelegate.invoke (node_modules/zone.js/fesm2015/zone.js:398:28)
	    at _ProxyZoneSpec.onInvoke (node_modules/zone.js/fesm2015/zone-testing.js:2132:39)
	    at _ZoneDelegate.invoke (node_modules/zone.js/fesm2015/zone.js:397:34)
	    at ZoneImpl.run (node_modules/zone.js/fesm2015/zone.js:113:43)
	    at runInTestZone (node_modules/zone.js/fesm2015/zone-testing.js:216:38)
	    at UserContext.<anonymous> (node_modules/zone.js/fesm2015/zone-testing.js:234:32)
	    at <Jasmine>
Chrome 138.0.0.0 (Linux x86_64): Executed 106 of 274[31m (35 FAILED)[39m (0 secs / 0.541 secs)
[1A[2K[31mChrome 138.0.0.0 (Linux x86_64) GameDataService getGameById should return null for non-existent game ID FAILED[39m
	Error: Expected one matching request for criteria "Match URL: /discovery/games/master.json", found none.
	    at _HttpClientTestingBackend.expectOne (node_modules/@angular/common/fesm2022/http/testing.mjs:273:19)
	    at UserContext.<anonymous> (src/app/game-picker/services/game-data.service.spec.ts:105:28)
	    at _ZoneDelegate.invoke (node_modules/zone.js/fesm2015/zone.js:398:28)
	    at _ProxyZoneSpec.onInvoke (node_modules/zone.js/fesm2015/zone-testing.js:2132:39)
	    at _ZoneDelegate.invoke (node_modules/zone.js/fesm2015/zone.js:397:34)
	    at ZoneImpl.run (node_modules/zone.js/fesm2015/zone.js:113:43)
	    at runInTestZone (node_modules/zone.js/fesm2015/zone-testing.js:216:38)
	    at UserContext.<anonymous> (node_modules/zone.js/fesm2015/zone-testing.js:234:32)
	    at <Jasmine>
Chrome 138.0.0.0 (Linux x86_64): Executed 107 of 274[31m (36 FAILED)[39m (0 secs / 0.545 secs)
[1A[2K[31mChrome 138.0.0.0 (Linux x86_64) GameDataService getGameById should return null if no data is loaded FAILED[39m
	Error: Expected one matching request for criteria "Match URL: /discovery/games/master.json", found none.
	    at _HttpClientTestingBackend.expectOne (node_modules/@angular/common/fesm2022/http/testing.mjs:273:19)
	    at UserContext.<anonymous> (src/app/game-picker/services/game-data.service.spec.ts:105:28)
	    at _ZoneDelegate.invoke (node_modules/zone.js/fesm2015/zone.js:398:28)
	    at _ProxyZoneSpec.onInvoke (node_modules/zone.js/fesm2015/zone-testing.js:2132:39)
	    at _ZoneDelegate.invoke (node_modules/zone.js/fesm2015/zone.js:397:34)
	    at ZoneImpl.run (node_modules/zone.js/fesm2015/zone.js:113:43)
	    at runInTestZone (node_modules/zone.js/fesm2015/zone-testing.js:216:38)
	    at UserContext.<anonymous> (node_modules/zone.js/fesm2015/zone-testing.js:234:32)
	    at <Jasmine>
Chrome 138.0.0.0 (Linux x86_64): Executed 108 of 274[31m (37 FAILED)[39m (0 secs / 0.549 secs)
[1A[2K[31mChrome 138.0.0.0 (Linux x86_64) GameDataService loadMasterData should cache data in IndexedDB after successful fetch FAILED[39m
	Error: Expected one matching request for criteria "Match URL: /discovery/games/master.json", found none.
	    at _HttpClientTestingBackend.expectOne (node_modules/@angular/common/fesm2022/http/testing.mjs:273:19)
	    at UserContext.<anonymous> (src/app/game-picker/services/game-data.service.spec.ts:81:28)
	    at _ZoneDelegate.invoke (node_modules/zone.js/fesm2015/zone.js:398:28)
	    at _ProxyZoneSpec.onInvoke (node_modules/zone.js/fesm2015/zone-testing.js:2132:39)
	    at _ZoneDelegate.invoke (node_modules/zone.js/fesm2015/zone.js:397:34)
	    at ZoneImpl.run (node_modules/zone.js/fesm2015/zone.js:113:43)
	    at runInTestZone (node_modules/zone.js/fesm2015/zone-testing.js:216:38)
	    at UserContext.<anonymous> (node_modules/zone.js/fesm2015/zone-testing.js:234:32)
	    at <Jasmine>
Chrome 138.0.0.0 (Linux x86_64): Executed 109 of 274[31m (38 FAILED)[39m (0 secs / 0.554 secs)
[1A[2K[31mChrome 138.0.0.0 (Linux x86_64) GameDataService loadMasterData should fetch master data from backend API FAILED[39m
	Error: Expected one matching request for criteria "Match URL: /discovery/games/master.json", found none.
	    at _HttpClientTestingBackend.expectOne (node_modules/@angular/common/fesm2022/http/testing.mjs:273:19)
	    at UserContext.<anonymous> (src/app/game-picker/services/game-data.service.spec.ts:73:28)
	    at _ZoneDelegate.invoke (node_modules/zone.js/fesm2015/zone.js:398:28)
	    at _ProxyZoneSpec.onInvoke (node_modules/zone.js/fesm2015/zone-testing.js:2132:39)
	    at _ZoneDelegate.invoke (node_modules/zone.js/fesm2015/zone.js:397:34)
	    at ZoneImpl.run (node_modules/zone.js/fesm2015/zone.js:113:43)
	    at runInTestZone (node_modules/zone.js/fesm2015/zone-testing.js:216:38)
	    at UserContext.<anonymous> (node_modules/zone.js/fesm2015/zone-testing.js:234:32)
	    at <Jasmine>
Chrome 138.0.0.0 (Linux x86_64): Executed 110 of 274[31m (39 FAILED)[39m (0 secs / 0.568 secs)
[1A[2K[31mChrome 138.0.0.0 (Linux x86_64) GameDataService loadMasterData should handle HTTP errors gracefully FAILED[39m
	Error: Expected one matching request for criteria "Match URL: /discovery/games/master.json", found none.
	    at _HttpClientTestingBackend.expectOne (node_modules/@angular/common/fesm2022/http/testing.mjs:273:19)
	    at UserContext.<anonymous> (src/app/game-picker/services/game-data.service.spec.ts:96:28)
	    at _ZoneDelegate.invoke (node_modules/zone.js/fesm2015/zone.js:398:28)
	    at _ProxyZoneSpec.onInvoke (node_modules/zone.js/fesm2015/zone-testing.js:2132:39)
	    at _ZoneDelegate.invoke (node_modules/zone.js/fesm2015/zone.js:397:34)
	    at ZoneImpl.run (node_modules/zone.js/fesm2015/zone.js:113:43)
	    at runInTestZone (node_modules/zone.js/fesm2015/zone-testing.js:216:38)
	    at UserContext.<anonymous> (node_modules/zone.js/fesm2015/zone-testing.js:234:32)
	    at <Jasmine>
Chrome 138.0.0.0 (Linux x86_64): Executed 111 of 274[31m (40 FAILED)[39m (0 secs / 0.572 secs)
[1A[2KChrome 138.0.0.0 (Linux x86_64): Executed 112 of 274[31m (40 FAILED)[39m (0 secs / 0.58 secs)
[1A[2KChrome 138.0.0.0 (Linux x86_64): Executed 113 of 274[31m (40 FAILED)[39m (0 secs / 0.582 secs)
[1A[2KChrome 138.0.0.0 (Linux x86_64): Executed 114 of 274[31m (40 FAILED)[39m (0 secs / 0.584 secs)
[1A[2KChrome 138.0.0.0 (Linux x86_64): Executed 115 of 274[31m (40 FAILED)[39m (0 secs / 0.586 secs)
[1A[2KChrome 138.0.0.0 (Linux x86_64): Executed 116 of 274[31m (40 FAILED)[39m (0 secs / 0.589 secs)
[1A[2KChrome 138.0.0.0 (Linux x86_64): Executed 117 of 274[31m (40 FAILED)[39m (0 secs / 0.59 secs)
[1A[2KChrome 138.0.0.0 (Linux x86_64): Executed 118 of 274[31m (40 FAILED)[39m (0 secs / 0.592 secs)
[1A[2KChrome 138.0.0.0 (Linux x86_64): Executed 119 of 274[31m (40 FAILED)[39m (0 secs / 0.594 secs)
[1A[2KChrome 138.0.0.0 (Linux x86_64): Executed 120 of 274[31m (40 FAILED)[39m (0 secs / 0.595 secs)
[1A[2KChrome 138.0.0.0 (Linux x86_64): Executed 121 of 274[31m (40 FAILED)[39m (0 secs / 0.596 secs)
[1A[2KChrome 138.0.0.0 (Linux x86_64): Executed 122 of 274[31m (40 FAILED)[39m (0 secs / 0.598 secs)
[1A[2KChrome 138.0.0.0 (Linux x86_64): Executed 123 of 274[31m (40 FAILED)[39m (0 secs / 0.599 secs)
[1A[2KChrome 138.0.0.0 (Linux x86_64): Executed 124 of 274[31m (40 FAILED)[39m (0 secs / 0.6 secs)
[1A[2KChrome 138.0.0.0 (Linux x86_64): Executed 125 of 274[31m (40 FAILED)[39m (0 secs / 0.602 secs)
[1A[2KChrome 138.0.0.0 (Linux x86_64): Executed 126 of 274[31m (40 FAILED)[39m (0 secs / 0.603 secs)
[1A[2KChrome 138.0.0.0 (Linux x86_64): Executed 127 of 274[31m (40 FAILED)[39m (0 secs / 0.604 secs)
[1A[2KChrome 138.0.0.0 (Linux x86_64): Executed 128 of 274[31m (40 FAILED)[39m (0 secs / 0.604 secs)
[1A[2KChrome 138.0.0.0 (Linux x86_64): Executed 129 of 274[31m (40 FAILED)[39m (0 secs / 0.604 secs)
[1A[2KChrome 138.0.0.0 (Linux x86_64): Executed 130 of 274[31m (40 FAILED)[39m (0 secs / 0.605 secs)
[1A[2KChrome 138.0.0.0 (Linux x86_64): Executed 131 of 274[31m (40 FAILED)[39m (0 secs / 0.606 secs)
[1A[2KChrome 138.0.0.0 (Linux x86_64): Executed 132 of 274[31m (40 FAILED)[39m (0 secs / 0.608 secs)
[1A[2KChrome 138.0.0.0 (Linux x86_64): Executed 133 of 274[31m (40 FAILED)[39m (0 secs / 0.61 secs)
[1A[2KChrome 138.0.0.0 (Linux x86_64): Executed 134 of 274[31m (40 FAILED)[39m (0 secs / 0.612 secs)
[1A[2KChrome 138.0.0.0 (Linux x86_64): Executed 135 of 274[31m (40 FAILED)[39m (0 secs / 0.613 secs)
[1A[2KChrome 138.0.0.0 (Linux x86_64): Executed 136 of 274[31m (40 FAILED)[39m (0 secs / 0.615 secs)
[1A[2KChrome 138.0.0.0 (Linux x86_64): Executed 137 of 274[31m (40 FAILED)[39m (0 secs / 0.616 secs)
[1A[2KChrome 138.0.0.0 (Linux x86_64): Executed 138 of 274[31m (40 FAILED)[39m (0 secs / 0.617 secs)
[1A[2KChrome 138.0.0.0 (Linux x86_64): Executed 139 of 274[31m (40 FAILED)[39m (0 secs / 0.618 secs)
[1A[2KChrome 138.0.0.0 (Linux x86_64): Executed 140 of 274[31m (40 FAILED)[39m (0 secs / 0.619 secs)
[1A[2KChrome 138.0.0.0 (Linux x86_64): Executed 141 of 274[31m (40 FAILED)[39m (0 secs / 0.62 secs)
[1A[2KChrome 138.0.0.0 (Linux x86_64): Executed 142 of 274[31m (40 FAILED)[39m (0 secs / 0.621 secs)
[1A[2K[31mChrome 138.0.0.0 (Linux x86_64) ChoiceApiService integration scenarios should handle typical usage pattern FAILED[39m
	Expected Object({ choices: [ Object({ leftId: 730, rightId: 570, pick: 'left', ts: 1753035478646 }), Object({ leftId: 440, rightId: 289070, pick: 'right', ts: 1753035478646 }), Object({ leftId: 730, rightId: 440, pick: 'skip', ts: 1753035478646 }) ] }) to equal [ Object({ leftId: 730, rightId: 570, pick: 'left', ts: 1753035478646 }), Object({ leftId: 440, rightId: 289070, pick: 'right', ts: 1753035478646 }), Object({ leftId: 730, rightId: 440, pick: 'skip', ts: 1753035478646 }) ].
	    at <Jasmine>
	    at UserContext.<anonymous> (src/app/game-picker/services/choice-api.service.spec.ts:359:32)
	    at _ZoneDelegate.invoke (node_modules/zone.js/fesm2015/zone.js:398:28)
	    at _ProxyZoneSpec.onInvoke (node_modules/zone.js/fesm2015/zone-testing.js:2132:39)
	    at _ZoneDelegate.invoke (node_modules/zone.js/fesm2015/zone.js:397:34)
Chrome 138.0.0.0 (Linux x86_64): Executed 143 of 274[31m (41 FAILED)[39m (0 secs / 0.624 secs)
[1A[2KChrome 138.0.0.0 (Linux x86_64): Executed 144 of 274[31m (41 FAILED)[39m (0 secs / 0.625 secs)
[1A[2K[31mChrome 138.0.0.0 (Linux x86_64) ChoiceApiService integration scenarios should maintain user session across operations FAILED[39m
	Expected null to be '139eb5a5-f652-440f-ba43-e97f3501c9eb'.
	    at <Jasmine>
	    at UserContext.<anonymous> (src/app/game-picker/services/choice-api.service.spec.ts:389:52)
	    at _ZoneDelegate.invoke (node_modules/zone.js/fesm2015/zone.js:398:28)
	    at _ProxyZoneSpec.onInvoke (node_modules/zone.js/fesm2015/zone-testing.js:2132:39)
	    at _ZoneDelegate.invoke (node_modules/zone.js/fesm2015/zone.js:397:34)
Chrome 138.0.0.0 (Linux x86_64): Executed 145 of 274[31m (42 FAILED)[39m (0 secs / 0.627 secs)
[1A[2K[31mChrome 138.0.0.0 (Linux x86_64) ChoiceApiService integration scenarios should handle rapid queueing and flushing FAILED[39m
	Error: Expected one matching request for criteria "Match URL: /discovery/choices", found 8 requests.
	    at _HttpClientTestingBackend.expectOne (node_modules/@angular/common/fesm2022/http/testing.mjs:264:19)
	    at UserContext.<anonymous> (src/app/game-picker/services/choice-api.service.spec.ts:414:28)
	    at _ZoneDelegate.invoke (node_modules/zone.js/fesm2015/zone.js:398:28)
	    at _ProxyZoneSpec.onInvoke (node_modules/zone.js/fesm2015/zone-testing.js:2132:39)
	    at _ZoneDelegate.invoke (node_modules/zone.js/fesm2015/zone.js:397:34)
	    at ZoneImpl.run (node_modules/zone.js/fesm2015/zone.js:113:43)
	    at runInTestZone (node_modules/zone.js/fesm2015/zone-testing.js:216:38)
	    at UserContext.<anonymous> (node_modules/zone.js/fesm2015/zone-testing.js:234:32)
	    at <Jasmine>
Chrome 138.0.0.0 (Linux x86_64): Executed 146 of 274[31m (43 FAILED)[39m (0 secs / 0.628 secs)
[1A[2KChrome 138.0.0.0 (Linux x86_64): Executed 147 of 274[31m (43 FAILED)[39m (0 secs / 0.629 secs)
[1A[2K[31mChrome 138.0.0.0 (Linux x86_64) ChoiceApiService getQueuedCount should update when choices are queued FAILED[39m
	Error: Expected no open requests, found 1: POST /discovery/choices
	    at _HttpClientTestingBackend.verify (node_modules/@angular/common/fesm2022/http/testing.mjs:301:19)
	    at UserContext.<anonymous> (src/app/game-picker/services/choice-api.service.spec.ts:30:14)
	    at _ZoneDelegate.invoke (node_modules/zone.js/fesm2015/zone.js:398:28)
	    at _ProxyZoneSpec.onInvoke (node_modules/zone.js/fesm2015/zone-testing.js:2132:39)
	    at _ZoneDelegate.invoke (node_modules/zone.js/fesm2015/zone.js:397:34)
	    at ZoneImpl.run (node_modules/zone.js/fesm2015/zone.js:113:43)
	    at runInTestZone (node_modules/zone.js/fesm2015/zone-testing.js:216:38)
	    at UserContext.<anonymous> (node_modules/zone.js/fesm2015/zone-testing.js:234:32)
	    at <Jasmine>
Chrome 138.0.0.0 (Linux x86_64): Executed 148 of 274[31m (44 FAILED)[39m (0 secs / 0.632 secs)
[1A[2K[31mChrome 138.0.0.0 (Linux x86_64) ChoiceApiService getQueuedCount should update when queue is cleared FAILED[39m
	Expected 7 to be 2.
	    at <Jasmine>
	    at UserContext.<anonymous> (src/app/game-picker/services/choice-api.service.spec.ts:186:40)
	    at _ZoneDelegate.invoke (node_modules/zone.js/fesm2015/zone.js:398:28)
	    at _ProxyZoneSpec.onInvoke (node_modules/zone.js/fesm2015/zone-testing.js:2132:39)
	    at _ZoneDelegate.invoke (node_modules/zone.js/fesm2015/zone.js:397:34)
	Error: Expected no open requests, found 2: POST /discovery/choices, POST /discovery/choices
	    at _HttpClientTestingBackend.verify (node_modules/@angular/common/fesm2022/http/testing.mjs:301:19)
	    at UserContext.<anonymous> (src/app/game-picker/services/choice-api.service.spec.ts:30:14)
	    at _ZoneDelegate.invoke (node_modules/zone.js/fesm2015/zone.js:398:28)
	    at _ProxyZoneSpec.onInvoke (node_modules/zone.js/fesm2015/zone-testing.js:2132:39)
	    at _ZoneDelegate.invoke (node_modules/zone.js/fesm2015/zone.js:397:34)
	    at ZoneImpl.run (node_modules/zone.js/fesm2015/zone.js:113:43)
	    at runInTestZone (node_modules/zone.js/fesm2015/zone-testing.js:216:38)
	    at UserContext.<anonymous> (node_modules/zone.js/fesm2015/zone-testing.js:234:32)
	    at <Jasmine>
Chrome 138.0.0.0 (Linux x86_64): Executed 149 of 274[31m (45 FAILED)[39m (0 secs / 0.634 secs)
[1A[2KChrome 138.0.0.0 (Linux x86_64): Executed 150 of 274[31m (45 FAILED)[39m (0 secs / 0.636 secs)
[1A[2KChrome 138.0.0.0 (Linux x86_64): Executed 151 of 274[31m (45 FAILED)[39m (0 secs / 0.637 secs)
[1A[2KChrome 138.0.0.0 (Linux x86_64): Executed 152 of 274[31m (45 FAILED)[39m (0 secs / 0.639 secs)
[1A[2KChrome 138.0.0.0 (Linux x86_64): Executed 153 of 274[31m (45 FAILED)[39m (0 secs / 0.64 secs)
[1A[2K[31mChrome 138.0.0.0 (Linux x86_64) ChoiceApiService auto flush functionality should start auto flush FAILED[39m
	Error: Expected one matching request for criteria "Match URL: /discovery/choices", found 2 requests.
	    at _HttpClientTestingBackend.expectOne (node_modules/@angular/common/fesm2022/http/testing.mjs:264:19)
	    at UserContext.<anonymous> (src/app/game-picker/services/choice-api.service.spec.ts:297:16)
	    at _ZoneDelegate.invoke (node_modules/zone.js/fesm2015/zone.js:398:28)
	    at _ProxyZoneSpec.onInvoke (node_modules/zone.js/fesm2015/zone-testing.js:2132:39)
	    at _ZoneDelegate.invoke (node_modules/zone.js/fesm2015/zone.js:397:34)
	    at ZoneImpl.run (node_modules/zone.js/fesm2015/zone.js:113:43)
	    at runInTestZone (node_modules/zone.js/fesm2015/zone-testing.js:216:38)
	    at UserContext.<anonymous> (node_modules/zone.js/fesm2015/zone-testing.js:234:32)
	    at <Jasmine>
Chrome 138.0.0.0 (Linux x86_64): Executed 154 of 274[31m (46 FAILED)[39m (0 secs / 0.642 secs)
[1A[2KWARN: [36m'Spec 'ChoiceApiService auto flush functionality should stop auto flush' has no expectations.'[39m
Chrome 138.0.0.0 (Linux x86_64): Executed 154 of 274[31m (46 FAILED)[39m (0 secs / 0.642 secs)
WARN: 'Spec 'ChoiceApiService auto flush functionality should stop auto flush' has no expectations.'
[1A[2KChrome 138.0.0.0 (Linux x86_64): Executed 155 of 274[31m (46 FAILED)[39m (0 secs / 0.643 secs)
[1A[2KWARN: [36m'Spec 'ChoiceApiService auto flush functionality should not flush when offline' has no expectations.'[39m
Chrome 138.0.0.0 (Linux x86_64): Executed 155 of 274[31m (46 FAILED)[39m (0 secs / 0.643 secs)
WARN: 'Spec 'ChoiceApiService auto flush functionality should not flush when offline' has no expectations.'
[1A[2KChrome 138.0.0.0 (Linux x86_64): Executed 156 of 274[31m (46 FAILED)[39m (0 secs / 0.644 secs)
[1A[2K[31mChrome 138.0.0.0 (Linux x86_64) ChoiceApiService auto flush functionality should handle auto flush errors gracefully FAILED[39m
	Error: Expected one matching request for criteria "Match URL: /discovery/choices", found 2 requests.
	    at _HttpClientTestingBackend.expectOne (node_modules/@angular/common/fesm2022/http/testing.mjs:264:19)
	    at UserContext.<anonymous> (src/app/game-picker/services/choice-api.service.spec.ts:333:28)
	    at _ZoneDelegate.invoke (node_modules/zone.js/fesm2015/zone.js:398:28)
	    at _ProxyZoneSpec.onInvoke (node_modules/zone.js/fesm2015/zone-testing.js:2132:39)
	    at _ZoneDelegate.invoke (node_modules/zone.js/fesm2015/zone.js:397:34)
	    at ZoneImpl.run (node_modules/zone.js/fesm2015/zone.js:113:43)
	    at runInTestZone (node_modules/zone.js/fesm2015/zone-testing.js:216:38)
	    at UserContext.<anonymous> (node_modules/zone.js/fesm2015/zone-testing.js:234:32)
	    at <Jasmine>
Chrome 138.0.0.0 (Linux x86_64): Executed 157 of 274[31m (47 FAILED)[39m (0 secs / 0.645 secs)
[1A[2KChrome 138.0.0.0 (Linux x86_64): Executed 158 of 274[31m (47 FAILED)[39m (0 secs / 0.646 secs)
[1A[2KChrome 138.0.0.0 (Linux x86_64): Executed 159 of 274[31m (47 FAILED)[39m (0 secs / 0.648 secs)
[1A[2KChrome 138.0.0.0 (Linux x86_64): Executed 160 of 274[31m (47 FAILED)[39m (0 secs / 0.649 secs)
[1A[2KChrome 138.0.0.0 (Linux x86_64): Executed 161 of 274[31m (47 FAILED)[39m (0 secs / 0.65 secs)
[1A[2KChrome 138.0.0.0 (Linux x86_64): Executed 162 of 274[31m (47 FAILED)[39m (0 secs / 0.651 secs)
[1A[2K[31mChrome 138.0.0.0 (Linux x86_64) ChoiceApiService flushChoices should send queued choices to backend FAILED[39m
	Expected Object({ choices: [ Object({ leftId: 730, rightId: 570, pick: 'left', ts: 1753035477917 }) ] }) to equal [ Object({ leftId: 730, rightId: 570, pick: 'left', ts: 1753035477917 }) ].
	    at <Jasmine>
	    at UserContext.<anonymous> (src/app/game-picker/services/choice-api.service.spec.ts:97:32)
	    at _ZoneDelegate.invoke (node_modules/zone.js/fesm2015/zone.js:398:28)
	    at _ProxyZoneSpec.onInvoke (node_modules/zone.js/fesm2015/zone-testing.js:2132:39)
	    at _ZoneDelegate.invoke (node_modules/zone.js/fesm2015/zone.js:397:34)
Chrome 138.0.0.0 (Linux x86_64): Executed 163 of 274[31m (48 FAILED)[39m (0 secs / 0.653 secs)
[1A[2KERROR: [36m'Failed to send choices to backend:', HttpErrorResponse{headers: _HttpHeaders{headers: Map{}, normalizedNames: Map{}, lazyInit: undefined, lazyUpdate: null}, status: 500, statusText: 'Internal Server Error', url: '/discovery/choices', ok: false, type: undefined, name: 'HttpErrorResponse', message: 'Http failure response for /discovery/choices: 500 Internal Server Error', error: 'Server Error'}[39m
Chrome 138.0.0.0 (Linux x86_64): Executed 163 of 274[31m (48 FAILED)[39m (0 secs / 0.653 secs)
ERROR: 'Failed to send choices to backend:', HttpErrorResponse{headers: _HttpHeaders{headers: Map{}, normalizedNames: Map{}, lazyInit: undefined, lazyUpdate: null}, status: 500, statusText: 'Internal Server Error', url: '/discovery/choices', ok: false, type: undefined, name: 'HttpErrorResponse', message: 'Http failure response for /discovery/choices: 500 Internal Server Error', error: 'Server Error'}
[1A[2KWARN: [36m'Spec 'ChoiceApiService flushChoices should handle HTTP errors gracefully' has no expectations.'[39m
Chrome 138.0.0.0 (Linux x86_64): Executed 163 of 274[31m (48 FAILED)[39m (0 secs / 0.653 secs)
WARN: 'Spec 'ChoiceApiService flushChoices should handle HTTP errors gracefully' has no expectations.'
[1A[2KChrome 138.0.0.0 (Linux x86_64): Executed 164 of 274[31m (48 FAILED)[39m (0 secs / 0.655 secs)
[1A[2K[31mChrome 138.0.0.0 (Linux x86_64) ChoiceApiService flushChoices should include user ID in request FAILED[39m
	Expected null to be '139eb5a5-f652-440f-ba43-e97f3501c9eb'.
	    at <Jasmine>
	    at UserContext.<anonymous> (src/app/game-picker/services/choice-api.service.spec.ts:150:52)
	    at _ZoneDelegate.invoke (node_modules/zone.js/fesm2015/zone.js:398:28)
	    at _ProxyZoneSpec.onInvoke (node_modules/zone.js/fesm2015/zone-testing.js:2132:39)
	    at _ZoneDelegate.invoke (node_modules/zone.js/fesm2015/zone.js:397:34)
Chrome 138.0.0.0 (Linux x86_64): Executed 165 of 274[31m (49 FAILED)[39m (0 secs / 0.657 secs)
[1A[2K[31mChrome 138.0.0.0 (Linux x86_64) ChoiceApiService flushChoices should handle multiple choices in batch FAILED[39m
	Expected undefined to be 3.
	    at <Jasmine>
	    at UserContext.<anonymous> (src/app/game-picker/services/choice-api.service.spec.ts:114:39)
	    at _ZoneDelegate.invoke (node_modules/zone.js/fesm2015/zone.js:398:28)
	    at _ProxyZoneSpec.onInvoke (node_modules/zone.js/fesm2015/zone-testing.js:2132:39)
	    at _ZoneDelegate.invoke (node_modules/zone.js/fesm2015/zone.js:397:34)
Chrome 138.0.0.0 (Linux x86_64): Executed 166 of 274[31m (50 FAILED)[39m (0 secs / 0.659 secs)
[1A[2KChrome 138.0.0.0 (Linux x86_64): Executed 167 of 274[31m (50 FAILED)[39m (0 secs / 0.663 secs)
[1A[2KChrome 138.0.0.0 (Linux x86_64): Executed 168 of 274[31m (50 FAILED)[39m (0 secs / 0.665 secs)
[1A[2KChrome 138.0.0.0 (Linux x86_64): Executed 169 of 274[31m (50 FAILED)[39m (0 secs / 0.666 secs)
[1A[2KChrome 138.0.0.0 (Linux x86_64): Executed 170 of 274[31m (50 FAILED)[39m (0 secs / 0.668 secs)
[1A[2K[31mChrome 138.0.0.0 (Linux x86_64) PreferenceSummaryComponent input handling should accept null preference summary initially FAILED[39m
	Expected Object({ likedTags: [  ], dislikedTags: [  ] }) to be null.
	    at <Jasmine>
	    at UserContext.<anonymous> (src/app/game-picker/components/preference-summary/preference-summary.component.spec.ts:53:43)
	    at _ZoneDelegate.invoke (node_modules/zone.js/fesm2015/zone.js:398:28)
	    at _ProxyZoneSpec.onInvoke (node_modules/zone.js/fesm2015/zone-testing.js:2132:39)
	    at _ZoneDelegate.invoke (node_modules/zone.js/fesm2015/zone.js:397:34)
Chrome 138.0.0.0 (Linux x86_64): Executed 171 of 274[31m (51 FAILED)[39m (0 secs / 0.67 secs)
[1A[2KChrome 138.0.0.0 (Linux x86_64): Executed 172 of 274[31m (51 FAILED)[39m (0 secs / 0.672 secs)
[1A[2KChrome 138.0.0.0 (Linux x86_64): Executed 173 of 274[31m (51 FAILED)[39m (0 secs / 0.673 secs)
[1A[2K[31mChrome 138.0.0.0 (Linux x86_64) PreferenceSummaryComponent template rendering with empty preferences should display no preferences messages when tags are empty FAILED[39m
	Expected null to be truthy.
	    at <Jasmine>
	    at UserContext.<anonymous> (src/app/game-picker/components/preference-summary/preference-summary.component.spec.ts:167:28)
	    at _ZoneDelegate.invoke (node_modules/zone.js/fesm2015/zone.js:398:28)
	    at _ProxyZoneSpec.onInvoke (node_modules/zone.js/fesm2015/zone-testing.js:2132:39)
	    at _ZoneDelegate.invoke (node_modules/zone.js/fesm2015/zone.js:397:34)
	Expected null to be truthy.
	    at <Jasmine>
	    at UserContext.<anonymous> (src/app/game-picker/components/preference-summary/preference-summary.component.spec.ts:168:31)
	    at _ZoneDelegate.invoke (node_modules/zone.js/fesm2015/zone.js:398:28)
	    at _ProxyZoneSpec.onInvoke (node_modules/zone.js/fesm2015/zone-testing.js:2132:39)
	    at _ZoneDelegate.invoke (node_modules/zone.js/fesm2015/zone.js:397:34)
	TypeError: Cannot read properties of null (reading 'nativeElement')
	    at UserContext.<anonymous> (src/app/game-picker/components/preference-summary/preference-summary.component.spec.ts:170:27)
	    at _ZoneDelegate.invoke (node_modules/zone.js/fesm2015/zone.js:398:28)
	    at _ProxyZoneSpec.onInvoke (node_modules/zone.js/fesm2015/zone-testing.js:2132:39)
	    at _ZoneDelegate.invoke (node_modules/zone.js/fesm2015/zone.js:397:34)
	    at ZoneImpl.run (node_modules/zone.js/fesm2015/zone.js:113:43)
	    at runInTestZone (node_modules/zone.js/fesm2015/zone-testing.js:216:38)
	    at UserContext.<anonymous> (node_modules/zone.js/fesm2015/zone-testing.js:234:32)
	    at <Jasmine>
Chrome 138.0.0.0 (Linux x86_64): Executed 174 of 274[31m (52 FAILED)[39m (0 secs / 0.675 secs)
[1A[2K[31mChrome 138.0.0.0 (Linux x86_64) PreferenceSummaryComponent component methods should implement getMaxWeight method FAILED[39m
	Expected 1 to be 0.85.
	    at <Jasmine>
	    at UserContext.<anonymous> (src/app/game-picker/components/preference-summary/preference-summary.component.spec.ts:232:25)
	    at _ZoneDelegate.invoke (node_modules/zone.js/fesm2015/zone.js:398:28)
	    at _ProxyZoneSpec.onInvoke (node_modules/zone.js/fesm2015/zone-testing.js:2132:39)
	    at _ZoneDelegate.invoke (node_modules/zone.js/fesm2015/zone.js:397:34)
Chrome 138.0.0.0 (Linux x86_64): Executed 175 of 274[31m (53 FAILED)[39m (0 secs / 0.677 secs)
[1A[2KChrome 138.0.0.0 (Linux x86_64): Executed 176 of 274[31m (53 FAILED)[39m (0 secs / 0.678 secs)
[1A[2KChrome 138.0.0.0 (Linux x86_64): Executed 177 of 274[31m (53 FAILED)[39m (0 secs / 0.679 secs)
[1A[2KChrome 138.0.0.0 (Linux x86_64): Executed 178 of 274[31m (53 FAILED)[39m (0 secs / 0.68 secs)
[1A[2KChrome 138.0.0.0 (Linux x86_64): Executed 179 of 274[31m (53 FAILED)[39m (0 secs / 0.681 secs)
[1A[2KChrome 138.0.0.0 (Linux x86_64): Executed 180 of 274[31m (53 FAILED)[39m (0 secs / 0.682 secs)
[1A[2K[31mChrome 138.0.0.0 (Linux x86_64) PreferenceSummaryComponent template rendering with preferences should display section titles with icons FAILED[39m
	TypeError: Cannot read properties of null (reading 'nativeElement')
	    at UserContext.<anonymous> (src/app/game-picker/components/preference-summary/preference-summary.component.spec.ts:103:25)
	    at _ZoneDelegate.invoke (node_modules/zone.js/fesm2015/zone.js:398:28)
	    at _ProxyZoneSpec.onInvoke (node_modules/zone.js/fesm2015/zone-testing.js:2132:39)
	    at _ZoneDelegate.invoke (node_modules/zone.js/fesm2015/zone.js:397:34)
	    at ZoneImpl.run (node_modules/zone.js/fesm2015/zone.js:113:43)
	    at runInTestZone (node_modules/zone.js/fesm2015/zone-testing.js:216:38)
	    at UserContext.<anonymous> (node_modules/zone.js/fesm2015/zone-testing.js:234:32)
	    at <Jasmine>
Chrome 138.0.0.0 (Linux x86_64): Executed 181 of 274[31m (54 FAILED)[39m (0 secs / 0.684 secs)
[1A[2K[31mChrome 138.0.0.0 (Linux x86_64) PreferenceSummaryComponent template rendering with preferences should display weight bars for all tags FAILED[39m
	Expected 0 to be 5.
	    at <Jasmine>
	    at UserContext.<anonymous> (src/app/game-picker/components/preference-summary/preference-summary.component.spec.ts:136:32)
	    at _ZoneDelegate.invoke (node_modules/zone.js/fesm2015/zone.js:398:28)
	    at _ProxyZoneSpec.onInvoke (node_modules/zone.js/fesm2015/zone-testing.js:2132:39)
	    at _ZoneDelegate.invoke (node_modules/zone.js/fesm2015/zone.js:397:34)
	Expected 0 to be 4.
	    at <Jasmine>
	    at UserContext.<anonymous> (src/app/game-picker/components/preference-summary/preference-summary.component.spec.ts:137:35)
	    at _ZoneDelegate.invoke (node_modules/zone.js/fesm2015/zone.js:398:28)
	    at _ProxyZoneSpec.onInvoke (node_modules/zone.js/fesm2015/zone-testing.js:2132:39)
	    at _ZoneDelegate.invoke (node_modules/zone.js/fesm2015/zone.js:397:34)
Chrome 138.0.0.0 (Linux x86_64): Executed 182 of 274[31m (55 FAILED)[39m (0 secs / 0.685 secs)
[1A[2K[31mChrome 138.0.0.0 (Linux x86_64) PreferenceSummaryComponent template rendering with preferences should display liked tag items FAILED[39m
	Expected 0 to be 5.
	    at <Jasmine>
	    at UserContext.<anonymous> (src/app/game-picker/components/preference-summary/preference-summary.component.spec.ts:112:32)
	    at _ZoneDelegate.invoke (node_modules/zone.js/fesm2015/zone.js:398:28)
	    at _ProxyZoneSpec.onInvoke (node_modules/zone.js/fesm2015/zone-testing.js:2132:39)
	    at _ZoneDelegate.invoke (node_modules/zone.js/fesm2015/zone.js:397:34)
	TypeError: Cannot read properties of undefined (reading 'query')
	    at UserContext.<anonymous> (src/app/game-picker/components/preference-summary/preference-summary.component.spec.ts:115:32)
	    at _ZoneDelegate.invoke (node_modules/zone.js/fesm2015/zone.js:398:28)
	    at _ProxyZoneSpec.onInvoke (node_modules/zone.js/fesm2015/zone-testing.js:2132:39)
	    at _ZoneDelegate.invoke (node_modules/zone.js/fesm2015/zone.js:397:34)
	    at ZoneImpl.run (node_modules/zone.js/fesm2015/zone.js:113:43)
	    at runInTestZone (node_modules/zone.js/fesm2015/zone-testing.js:216:38)
	    at UserContext.<anonymous> (node_modules/zone.js/fesm2015/zone-testing.js:234:32)
	    at <Jasmine>
Chrome 138.0.0.0 (Linux x86_64): Executed 183 of 274[31m (56 FAILED)[39m (0 secs / 0.688 secs)
[1A[2K[31mChrome 138.0.0.0 (Linux x86_64) PreferenceSummaryComponent template rendering with preferences should display disliked tag items FAILED[39m
	Expected 0 to be 4.
	    at <Jasmine>
	    at UserContext.<anonymous> (src/app/game-picker/components/preference-summary/preference-summary.component.spec.ts:124:35)
	    at _ZoneDelegate.invoke (node_modules/zone.js/fesm2015/zone.js:398:28)
	    at _ProxyZoneSpec.onInvoke (node_modules/zone.js/fesm2015/zone-testing.js:2132:39)
	    at _ZoneDelegate.invoke (node_modules/zone.js/fesm2015/zone.js:397:34)
	TypeError: Cannot read properties of undefined (reading 'query')
	    at UserContext.<anonymous> (src/app/game-picker/components/preference-summary/preference-summary.component.spec.ts:127:32)
	    at _ZoneDelegate.invoke (node_modules/zone.js/fesm2015/zone.js:398:28)
	    at _ProxyZoneSpec.onInvoke (node_modules/zone.js/fesm2015/zone-testing.js:2132:39)
	    at _ZoneDelegate.invoke (node_modules/zone.js/fesm2015/zone.js:397:34)
	    at ZoneImpl.run (node_modules/zone.js/fesm2015/zone.js:113:43)
	    at runInTestZone (node_modules/zone.js/fesm2015/zone-testing.js:216:38)
	    at UserContext.<anonymous> (node_modules/zone.js/fesm2015/zone-testing.js:234:32)
	    at <Jasmine>
Chrome 138.0.0.0 (Linux x86_64): Executed 184 of 274[31m (57 FAILED)[39m (0 secs / 0.69 secs)
[1A[2K[31mChrome 138.0.0.0 (Linux x86_64) PreferenceSummaryComponent template rendering with preferences should display liked and disliked sections FAILED[39m
	Expected null to be truthy.
	    at <Jasmine>
	    at UserContext.<anonymous> (src/app/game-picker/components/preference-summary/preference-summary.component.spec.ts:95:28)
	    at _ZoneDelegate.invoke (node_modules/zone.js/fesm2015/zone.js:398:28)
	    at _ProxyZoneSpec.onInvoke (node_modules/zone.js/fesm2015/zone-testing.js:2132:39)
	    at _ZoneDelegate.invoke (node_modules/zone.js/fesm2015/zone.js:397:34)
	Expected null to be truthy.
	    at <Jasmine>
	    at UserContext.<anonymous> (src/app/game-picker/components/preference-summary/preference-summary.component.spec.ts:96:31)
	    at _ZoneDelegate.invoke (node_modules/zone.js/fesm2015/zone.js:398:28)
	    at _ProxyZoneSpec.onInvoke (node_modules/zone.js/fesm2015/zone-testing.js:2132:39)
	    at _ZoneDelegate.invoke (node_modules/zone.js/fesm2015/zone.js:397:34)
Chrome 138.0.0.0 (Linux x86_64): Executed 185 of 274[31m (58 FAILED)[39m (0 secs / 0.691 secs)
[1A[2K[31mChrome 138.0.0.0 (Linux x86_64) PreferenceSummaryComponent template rendering with preferences should display summary container when preferences available FAILED[39m
	Expected null to be truthy.
	    at <Jasmine>
	    at UserContext.<anonymous> (src/app/game-picker/components/preference-summary/preference-summary.component.spec.ts:81:32)
	    at _ZoneDelegate.invoke (node_modules/zone.js/fesm2015/zone.js:398:28)
	    at _ProxyZoneSpec.onInvoke (node_modules/zone.js/fesm2015/zone-testing.js:2132:39)
	    at _ZoneDelegate.invoke (node_modules/zone.js/fesm2015/zone.js:397:34)
	Expected DebugElement({ nativeNode: <div _ngcontent-a-c1350840349 class="no-data">...</div> }) to be falsy.
	    at <Jasmine>
	    at UserContext.<anonymous> (src/app/game-picker/components/preference-summary/preference-summary.component.spec.ts:82:22)
	    at _ZoneDelegate.invoke (node_modules/zone.js/fesm2015/zone.js:398:28)
	    at _ProxyZoneSpec.onInvoke (node_modules/zone.js/fesm2015/zone-testing.js:2132:39)
	    at _ZoneDelegate.invoke (node_modules/zone.js/fesm2015/zone.js:397:34)
Chrome 138.0.0.0 (Linux x86_64): Executed 186 of 274[31m (59 FAILED)[39m (0 secs / 0.693 secs)
[1A[2K[31mChrome 138.0.0.0 (Linux x86_64) PreferenceSummaryComponent template rendering with preferences should display main title FAILED[39m
	Expected null to be truthy.
	    at <Jasmine>
	    at UserContext.<anonymous> (src/app/game-picker/components/preference-summary/preference-summary.component.spec.ts:87:21)
	    at _ZoneDelegate.invoke (node_modules/zone.js/fesm2015/zone.js:398:28)
	    at _ProxyZoneSpec.onInvoke (node_modules/zone.js/fesm2015/zone-testing.js:2132:39)
	    at _ZoneDelegate.invoke (node_modules/zone.js/fesm2015/zone.js:397:34)
	TypeError: Cannot read properties of null (reading 'nativeElement')
	    at UserContext.<anonymous> (src/app/game-picker/components/preference-summary/preference-summary.component.spec.ts:88:20)
	    at _ZoneDelegate.invoke (node_modules/zone.js/fesm2015/zone.js:398:28)
	    at _ProxyZoneSpec.onInvoke (node_modules/zone.js/fesm2015/zone-testing.js:2132:39)
	    at _ZoneDelegate.invoke (node_modules/zone.js/fesm2015/zone.js:397:34)
	    at ZoneImpl.run (node_modules/zone.js/fesm2015/zone.js:113:43)
	    at runInTestZone (node_modules/zone.js/fesm2015/zone-testing.js:216:38)
	    at UserContext.<anonymous> (node_modules/zone.js/fesm2015/zone-testing.js:234:32)
	    at <Jasmine>
Chrome 138.0.0.0 (Linux x86_64): Executed 187 of 274[31m (60 FAILED)[39m (0 secs / 0.694 secs)
[1A[2K[31mChrome 138.0.0.0 (Linux x86_64) PreferenceSummaryComponent template rendering with partial preferences should display liked tags and no dislikes message FAILED[39m
	Expected 0 to be 1.
	    at <Jasmine>
	    at UserContext.<anonymous> (src/app/game-picker/components/preference-summary/preference-summary.component.spec.ts:185:32)
	    at _ZoneDelegate.invoke (node_modules/zone.js/fesm2015/zone.js:398:28)
	    at _ProxyZoneSpec.onInvoke (node_modules/zone.js/fesm2015/zone-testing.js:2132:39)
	    at _ZoneDelegate.invoke (node_modules/zone.js/fesm2015/zone.js:397:34)
	Expected null to be truthy.
	    at <Jasmine>
	    at UserContext.<anonymous> (src/app/game-picker/components/preference-summary/preference-summary.component.spec.ts:186:31)
	    at _ZoneDelegate.invoke (node_modules/zone.js/fesm2015/zone.js:398:28)
	    at _ProxyZoneSpec.onInvoke (node_modules/zone.js/fesm2015/zone-testing.js:2132:39)
	    at _ZoneDelegate.invoke (node_modules/zone.js/fesm2015/zone.js:397:34)
Chrome 138.0.0.0 (Linux x86_64): Executed 188 of 274[31m (61 FAILED)[39m (0 secs / 0.697 secs)
[1A[2KChrome 138.0.0.0 (Linux x86_64): Executed 189 of 274[31m (61 FAILED)[39m (0 secs / 0.7 secs)
[1A[2KChrome 138.0.0.0 (Linux x86_64): Executed 190 of 274[31m (61 FAILED)[39m (0 secs / 0.704 secs)
[1A[2KChrome 138.0.0.0 (Linux x86_64): Executed 191 of 274[31m (61 FAILED)[39m (0 secs / 0.706 secs)
[1A[2KChrome 138.0.0.0 (Linux x86_64): Executed 192 of 274[31m (61 FAILED)[39m (0 secs / 0.707 secs)
[1A[2KChrome 138.0.0.0 (Linux x86_64): Executed 193 of 274[31m (61 FAILED)[39m (0 secs / 0.708 secs)
[1A[2KChrome 138.0.0.0 (Linux x86_64): Executed 194 of 274[31m (61 FAILED)[39m (0 secs / 0.709 secs)
[1A[2KChrome 138.0.0.0 (Linux x86_64): Executed 195 of 274[31m (61 FAILED)[39m (0 secs / 0.71 secs)
[1A[2KChrome 138.0.0.0 (Linux x86_64): Executed 196 of 274[31m (61 FAILED)[39m (0 secs / 0.711 secs)
[1A[2KChrome 138.0.0.0 (Linux x86_64): Executed 197 of 274[31m (61 FAILED)[39m (0 secs / 0.712 secs)
[1A[2KChrome 138.0.0.0 (Linux x86_64): Executed 198 of 274[31m (61 FAILED)[39m (0 secs / 0.714 secs)
[1A[2K[31mChrome 138.0.0.0 (Linux x86_64) RecommendationListComponent user interactions should handle recommendation item clicks FAILED[39m
	Expected spy onRecommendationClick to have been called with:
	  [ Object({ game: Object({ appId: 730, name: 'Counter-Strike: Global Offensive', coverUrl: null, price: 'Free', developer: 'Valve', publisher: 'Valve', tags: Object({ FPS: 91172, Shooter: 65634, Multiplayer: 45123 }), genres: [ 'Action' ], reviewPos: 1000000, reviewNeg: 100000 }), score: 0.95, rank: 1 }) ]
	but actual calls were:
	  [ Object({ game: Object({ appId: 730, name: 'Counter-Strike: Global Offensive', coverUrl: null, price: 'Free', developer: 'Valve', publisher: 'Valve', tags: Object({ FPS: 91172, Shooter: 65634, Multiplayer: 45123 }), genres: [ 'Action' ], reviewPos: 1000000, reviewNeg: 100000 }), score: 0, rank: 1 }) ].
	
	Call 0:
	  Expected $[0].score = 0 to equal 0.95.
	Error: Expected spy onRecommendationClick to have been called with:
	  [ Object({ game: Object({ appId: 730, name: 'Counter-Strike: Global Offensive', coverUrl: null, price: 'Free', developer: 'Valve', publisher: 'Valve', tags: Object({ FPS: 91172, Shooter: 65634, Multiplayer: 45123 }), genres: [ 'Action' ], reviewPos: 1000000, reviewNeg: 100000 }), score: 0.95, rank: 1 }) ]
	but actual calls were:
	  [ Object({ game: Object({ appId: 730, name: 'Counter-Strike: Global Offensive', coverUrl: null, price: 'Free', developer: 'Valve', publisher: 'Valve', tags: Object({ FPS: 91172, Shooter: 65634, Multiplayer: 45123 }), genres: [ 'Action' ], reviewPos: 1000000, reviewNeg: 100000 }), score: 0, rank: 1 }) ].
	Call 0:
	  Expected $[0].score = 0 to equal 0.95.
	    at <Jasmine>
	    at UserContext.<anonymous> (src/app/game-picker/components/recommendation-list/recommendation-list.component.spec.ts:219:47)
	    at _ZoneDelegate.invoke (node_modules/zone.js/fesm2015/zone.js:398:28)
	    at _ProxyZoneSpec.onInvoke (node_modules/zone.js/fesm2015/zone-testing.js:2132:39)
	    at _ZoneDelegate.invoke (node_modules/zone.js/fesm2015/zone.js:397:34)
Chrome 138.0.0.0 (Linux x86_64): Executed 199 of 274[31m (62 FAILED)[39m (0 secs / 0.719 secs)
[33m20 07 2025 14:17:58.769:WARN [web-server]: [39m404: /assets/images/game-placeholder.png
[1A[2KChrome 138.0.0.0 (Linux x86_64): Executed 200 of 274[31m (62 FAILED)[39m (0 secs / 0.722 secs)
[1A[2KChrome 138.0.0.0 (Linux x86_64): Executed 201 of 274[31m (62 FAILED)[39m (0 secs / 0.725 secs)
[33m20 07 2025 14:17:58.777:WARN [web-server]: [39m404: /assets/images/game-placeholder.png
[1A[2KChrome 138.0.0.0 (Linux x86_64): Executed 202 of 274[31m (62 FAILED)[39m (0 secs / 0.729 secs)
[1A[2KChrome 138.0.0.0 (Linux x86_64): Executed 203 of 274[31m (62 FAILED)[39m (0 secs / 0.732 secs)
[33m20 07 2025 14:17:58.786:WARN [web-server]: [39m404: /assets/images/game-placeholder.png
[1A[2KChrome 138.0.0.0 (Linux x86_64): Executed 204 of 274[31m (62 FAILED)[39m (0 secs / 0.734 secs)
[1A[2KChrome 138.0.0.0 (Linux x86_64): Executed 205 of 274[31m (62 FAILED)[39m (0 secs / 0.737 secs)
[33m20 07 2025 14:17:58.794:WARN [web-server]: [39m404: /assets/images/game-placeholder.png
[1A[2KChrome 138.0.0.0 (Linux x86_64): Executed 206 of 274[31m (62 FAILED)[39m (0 secs / 0.74 secs)
[1A[2KChrome 138.0.0.0 (Linux x86_64): Executed 207 of 274[31m (62 FAILED)[39m (0 secs / 0.744 secs)
[33m20 07 2025 14:17:58.803:WARN [web-server]: [39m404: /assets/images/game-placeholder.png
[1A[2KChrome 138.0.0.0 (Linux x86_64): Executed 208 of 274[31m (62 FAILED)[39m (0 secs / 0.746 secs)
[1A[2K[31mChrome 138.0.0.0 (Linux x86_64) RecommendationListComponent template rendering with recommendations should display score badges FAILED[39m
	Expected '0.00' to be '0.95'.
	    at <Jasmine>
	    at UserContext.<anonymous> (src/app/game-picker/components/recommendation-list/recommendation-list.component.spec.ts:170:63)
	    at _ZoneDelegate.invoke (node_modules/zone.js/fesm2015/zone.js:398:28)
	    at _ProxyZoneSpec.onInvoke (node_modules/zone.js/fesm2015/zone-testing.js:2132:39)
	    at _ZoneDelegate.invoke (node_modules/zone.js/fesm2015/zone.js:397:34)
	Expected '0.00' to be '0.87'.
	    at <Jasmine>
	    at UserContext.<anonymous> (src/app/game-picker/components/recommendation-list/recommendation-list.component.spec.ts:171:63)
	    at _ZoneDelegate.invoke (node_modules/zone.js/fesm2015/zone.js:398:28)
	    at _ProxyZoneSpec.onInvoke (node_modules/zone.js/fesm2015/zone-testing.js:2132:39)
	    at _ZoneDelegate.invoke (node_modules/zone.js/fesm2015/zone.js:397:34)
Chrome 138.0.0.0 (Linux x86_64): Executed 209 of 274[31m (63 FAILED)[39m (0 secs / 0.75 secs)
[33m20 07 2025 14:17:58.812:WARN [web-server]: [39m404: /assets/images/game-placeholder.png
[1A[2KChrome 138.0.0.0 (Linux x86_64): Executed 210 of 274[31m (63 FAILED)[39m (0 secs / 0.754 secs)
[1A[2KChrome 138.0.0.0 (Linux x86_64): Executed 211 of 274[31m (63 FAILED)[39m (0 secs / 0.757 secs)
[33m20 07 2025 14:17:58.820:WARN [web-server]: [39m404: /assets/images/game-placeholder.png
[1A[2KChrome 138.0.0.0 (Linux x86_64): Executed 212 of 274[31m (63 FAILED)[39m (0 secs / 0.758 secs)
[1A[2KChrome 138.0.0.0 (Linux x86_64): Executed 213 of 274[31m (63 FAILED)[39m (0 secs / 0.76 secs)
[1A[2KChrome 138.0.0.0 (Linux x86_64): Executed 214 of 274[31m (63 FAILED)[39m (0 secs / 0.762 secs)
[1A[2KChrome 138.0.0.0 (Linux x86_64): Executed 215 of 274[31m (63 FAILED)[39m (0 secs / 0.763 secs)
[1A[2KChrome 138.0.0.0 (Linux x86_64): Executed 216 of 274[31m (63 FAILED)[39m (0 secs / 0.764 secs)
[1A[2KChrome 138.0.0.0 (Linux x86_64): Executed 217 of 274[31m (63 FAILED)[39m (0 secs / 0.765 secs)
[1A[2KChrome 138.0.0.0 (Linux x86_64): Executed 218 of 274[31m (63 FAILED)[39m (0 secs / 0.766 secs)
[1A[2KChrome 138.0.0.0 (Linux x86_64): Executed 219 of 274[31m (63 FAILED)[39m (0 secs / 0.767 secs)
[1A[2KChrome 138.0.0.0 (Linux x86_64): Executed 220 of 274[31m (63 FAILED)[39m (0 secs / 0.768 secs)
[1A[2KChrome 138.0.0.0 (Linux x86_64): Executed 221 of 274[31m (63 FAILED)[39m (0 secs / 0.768 secs)
[1A[2K[31mChrome 138.0.0.0 (Linux x86_64) VectorService gameToSparseVector should sort indices in ascending order FAILED[39m
	Expected 2 to be greater than 3.
	    at <Jasmine>
	    at UserContext.<anonymous> (src/app/game-picker/services/vector.service.spec.ts:144:38)
	    at _ZoneDelegate.invoke (node_modules/zone.js/fesm2015/zone.js:398:28)
	    at _ProxyZoneSpec.onInvoke (node_modules/zone.js/fesm2015/zone-testing.js:2132:39)
	    at _ZoneDelegate.invoke (node_modules/zone.js/fesm2015/zone.js:397:34)
Chrome 138.0.0.0 (Linux x86_64): Executed 222 of 274[31m (64 FAILED)[39m (0 secs / 0.769 secs)
[1A[2KChrome 138.0.0.0 (Linux x86_64): Executed 223 of 274[31m (64 FAILED)[39m (0 secs / 0.77 secs)
[1A[2KChrome 138.0.0.0 (Linux x86_64): Executed 224 of 274[31m (64 FAILED)[39m (0 secs / 0.77 secs)
[1A[2KChrome 138.0.0.0 (Linux x86_64): Executed 225 of 274[31m (64 FAILED)[39m (0 secs / 0.771 secs)
[1A[2KChrome 138.0.0.0 (Linux x86_64): Executed 226 of 274[31m (64 FAILED)[39m (0 secs / 0.772 secs)
[1A[2KChrome 138.0.0.0 (Linux x86_64): Executed 227 of 274[31m (64 FAILED)[39m (0 secs / 0.773 secs)
[1A[2KChrome 138.0.0.0 (Linux x86_64): Executed 228 of 274[31m (64 FAILED)[39m (0 secs / 0.774 secs)
[1A[2KChrome 138.0.0.0 (Linux x86_64): Executed 229 of 274[31m (64 FAILED)[39m (0 secs / 0.775 secs)
[1A[2KChrome 138.0.0.0 (Linux x86_64): Executed 230 of 274[31m (64 FAILED)[39m (0 secs / 0.781 secs)
[1A[2KChrome 138.0.0.0 (Linux x86_64): Executed 231 of 274[31m (64 FAILED)[39m (0 secs / 0.782 secs)
[1A[2KChrome 138.0.0.0 (Linux x86_64): Executed 232 of 274[31m (64 FAILED)[39m (0 secs / 0.783 secs)
[1A[2KChrome 138.0.0.0 (Linux x86_64): Executed 233 of 274[31m (64 FAILED)[39m (0 secs / 0.784 secs)
[1A[2KChrome 138.0.0.0 (Linux x86_64): Executed 234 of 274[31m (64 FAILED)[39m (0 secs / 0.785 secs)
[1A[2KChrome 138.0.0.0 (Linux x86_64): Executed 235 of 274[31m (64 FAILED)[39m (0 secs / 0.786 secs)
[1A[2KChrome 138.0.0.0 (Linux x86_64): Executed 236 of 274[31m (64 FAILED)[39m (0 secs / 0.786 secs)
[1A[2KChrome 138.0.0.0 (Linux x86_64): Executed 237 of 274[31m (64 FAILED)[39m (0 secs / 0.786 secs)
[1A[2KChrome 138.0.0.0 (Linux x86_64): Executed 238 of 274[31m (64 FAILED)[39m (0 secs / 0.786 secs)
[1A[2KChrome 138.0.0.0 (Linux x86_64): Executed 239 of 274[31m (64 FAILED)[39m (0 secs / 0.787 secs)
[1A[2KChrome 138.0.0.0 (Linux x86_64): Executed 240 of 274[31m (64 FAILED)[39m (0 secs / 0.788 secs)
[1A[2KChrome 138.0.0.0 (Linux x86_64): Executed 241 of 274[31m (64 FAILED)[39m (0 secs / 0.789 secs)
[1A[2KChrome 138.0.0.0 (Linux x86_64): Executed 242 of 274[31m (64 FAILED)[39m (0 secs / 0.79 secs)
[1A[2K[31mChrome 138.0.0.0 (Linux x86_64) PairService resetProgress should preserve game list FAILED[39m
	Error: Model not initialized. Call initializeModel() first.
	    at PreferenceService2.updatePreferences (src/app/game-picker/services/preference.service.ts:30:13)
	    at PairService2.recordChoice (src/app/game-picker/services/pair.service.ts:64:30)
	    at UserContext.<anonymous> (src/app/game-picker/services/pair.service.spec.ts:309:17)
	    at _ZoneDelegate.invoke (node_modules/zone.js/fesm2015/zone.js:398:28)
	    at _ProxyZoneSpec.onInvoke (node_modules/zone.js/fesm2015/zone-testing.js:2132:39)
	    at _ZoneDelegate.invoke (node_modules/zone.js/fesm2015/zone.js:397:34)
	    at ZoneImpl.run (node_modules/zone.js/fesm2015/zone.js:113:43)
	    at runInTestZone (node_modules/zone.js/fesm2015/zone-testing.js:216:38)
	    at UserContext.<anonymous> (node_modules/zone.js/fesm2015/zone-testing.js:234:32)
	    at <Jasmine>
Chrome 138.0.0.0 (Linux x86_64): Executed 243 of 274[31m (65 FAILED)[39m (0 secs / 0.804 secs)
[1A[2K[31mChrome 138.0.0.0 (Linux x86_64) PairService resetProgress should reset current progress to zero FAILED[39m
	Error: Model not initialized. Call initializeModel() first.
	    at PreferenceService2.updatePreferences (src/app/game-picker/services/preference.service.ts:30:13)
	    at PairService2.recordChoice (src/app/game-picker/services/pair.service.ts:64:30)
	    at UserContext.<anonymous> (src/app/game-picker/services/pair.service.spec.ts:309:17)
	    at _ZoneDelegate.invoke (node_modules/zone.js/fesm2015/zone.js:398:28)
	    at _ProxyZoneSpec.onInvoke (node_modules/zone.js/fesm2015/zone-testing.js:2132:39)
	    at _ZoneDelegate.invoke (node_modules/zone.js/fesm2015/zone.js:397:34)
	    at ZoneImpl.run (node_modules/zone.js/fesm2015/zone.js:113:43)
	    at runInTestZone (node_modules/zone.js/fesm2015/zone-testing.js:216:38)
	    at UserContext.<anonymous> (node_modules/zone.js/fesm2015/zone-testing.js:234:32)
	    at <Jasmine>
Chrome 138.0.0.0 (Linux x86_64): Executed 244 of 274[31m (66 FAILED)[39m (0 secs / 0.806 secs)
[1A[2K[31mChrome 138.0.0.0 (Linux x86_64) PairService resetProgress should clear choice history FAILED[39m
	Error: Model not initialized. Call initializeModel() first.
	    at PreferenceService2.updatePreferences (src/app/game-picker/services/preference.service.ts:30:13)
	    at PairService2.recordChoice (src/app/game-picker/services/pair.service.ts:64:30)
	    at UserContext.<anonymous> (src/app/game-picker/services/pair.service.spec.ts:309:17)
	    at _ZoneDelegate.invoke (node_modules/zone.js/fesm2015/zone.js:398:28)
	    at _ProxyZoneSpec.onInvoke (node_modules/zone.js/fesm2015/zone-testing.js:2132:39)
	    at _ZoneDelegate.invoke (node_modules/zone.js/fesm2015/zone.js:397:34)
	    at ZoneImpl.run (node_modules/zone.js/fesm2015/zone.js:113:43)
	    at runInTestZone (node_modules/zone.js/fesm2015/zone-testing.js:216:38)
	    at UserContext.<anonymous> (node_modules/zone.js/fesm2015/zone-testing.js:234:32)
	    at <Jasmine>
Chrome 138.0.0.0 (Linux x86_64): Executed 245 of 274[31m (67 FAILED)[39m (0 secs / 0.807 secs)
[1A[2K[31mChrome 138.0.0.0 (Linux x86_64) PairService resetProgress should make pairs available again FAILED[39m
	Error: Model not initialized. Call initializeModel() first.
	    at PreferenceService2.updatePreferences (src/app/game-picker/services/preference.service.ts:30:13)
	    at PairService2.recordChoice (src/app/game-picker/services/pair.service.ts:64:30)
	    at UserContext.<anonymous> (src/app/game-picker/services/pair.service.spec.ts:309:17)
	    at _ZoneDelegate.invoke (node_modules/zone.js/fesm2015/zone.js:398:28)
	    at _ProxyZoneSpec.onInvoke (node_modules/zone.js/fesm2015/zone-testing.js:2132:39)
	    at _ZoneDelegate.invoke (node_modules/zone.js/fesm2015/zone.js:397:34)
	    at ZoneImpl.run (node_modules/zone.js/fesm2015/zone.js:113:43)
	    at runInTestZone (node_modules/zone.js/fesm2015/zone-testing.js:216:38)
	    at UserContext.<anonymous> (node_modules/zone.js/fesm2015/zone-testing.js:234:32)
	    at <Jasmine>
Chrome 138.0.0.0 (Linux x86_64): Executed 246 of 274[31m (68 FAILED)[39m (0 secs / 0.808 secs)
[1A[2K[31mChrome 138.0.0.0 (Linux x86_64) PairService getChoiceHistory should record all choices FAILED[39m
	Error: Model not initialized. Call initializeModel() first.
	    at PreferenceService2.updatePreferences (src/app/game-picker/services/preference.service.ts:30:13)
	    at PairService2.recordChoice (src/app/game-picker/services/pair.service.ts:64:30)
	    at src/app/game-picker/services/pair.service.spec.ts:360:17
	    at Array.forEach (<anonymous>)
	    at UserContext.<anonymous> (src/app/game-picker/services/pair.service.spec.ts:358:15)
	    at _ZoneDelegate.invoke (node_modules/zone.js/fesm2015/zone.js:398:28)
	    at _ProxyZoneSpec.onInvoke (node_modules/zone.js/fesm2015/zone-testing.js:2132:39)
	    at _ZoneDelegate.invoke (node_modules/zone.js/fesm2015/zone.js:397:34)
	    at ZoneImpl.run (node_modules/zone.js/fesm2015/zone.js:113:43)
	    at runInTestZone (node_modules/zone.js/fesm2015/zone-testing.js:216:38)
Chrome 138.0.0.0 (Linux x86_64): Executed 247 of 274[31m (69 FAILED)[39m (0 secs / 0.809 secs)
[1A[2K[31mChrome 138.0.0.0 (Linux x86_64) PairService getChoiceHistory should include complete choice information FAILED[39m
	Error: Model not initialized. Call initializeModel() first.
	    at PreferenceService2.updatePreferences (src/app/game-picker/services/preference.service.ts:30:13)
	    at PairService2.recordChoice (src/app/game-picker/services/pair.service.ts:64:30)
	    at UserContext.<anonymous> (src/app/game-picker/services/pair.service.spec.ts:374:15)
	    at _ZoneDelegate.invoke (node_modules/zone.js/fesm2015/zone.js:398:28)
	    at _ProxyZoneSpec.onInvoke (node_modules/zone.js/fesm2015/zone-testing.js:2132:39)
	    at _ZoneDelegate.invoke (node_modules/zone.js/fesm2015/zone.js:397:34)
	    at ZoneImpl.run (node_modules/zone.js/fesm2015/zone.js:113:43)
	    at runInTestZone (node_modules/zone.js/fesm2015/zone-testing.js:216:38)
	    at UserContext.<anonymous> (node_modules/zone.js/fesm2015/zone-testing.js:234:32)
	    at <Jasmine>
Chrome 138.0.0.0 (Linux x86_64): Executed 248 of 274[31m (70 FAILED)[39m (0 secs / 0.81 secs)
[1A[2K[31mChrome 138.0.0.0 (Linux x86_64) PairService getChoiceHistory should preserve chronological order FAILED[39m
	Error: Model not initialized. Call initializeModel() first.
	    at PreferenceService2.updatePreferences (src/app/game-picker/services/preference.service.ts:30:13)
	    at PairService2.recordChoice (src/app/game-picker/services/pair.service.ts:64:30)
	    at UserContext.<anonymous> (src/app/game-picker/services/pair.service.spec.ts:390:17)
	    at _ZoneDelegate.invoke (node_modules/zone.js/fesm2015/zone.js:398:28)
	    at _ProxyZoneSpec.onInvoke (node_modules/zone.js/fesm2015/zone-testing.js:2132:39)
	    at _ZoneDelegate.invoke (node_modules/zone.js/fesm2015/zone.js:397:34)
	    at ZoneImpl.run (node_modules/zone.js/fesm2015/zone.js:113:43)
	    at runInTestZone (node_modules/zone.js/fesm2015/zone-testing.js:216:38)
	    at UserContext.<anonymous> (node_modules/zone.js/fesm2015/zone-testing.js:234:32)
	    at <Jasmine>
Chrome 138.0.0.0 (Linux x86_64): Executed 249 of 274[31m (71 FAILED)[39m (0 secs / 0.811 secs)
[1A[2KChrome 138.0.0.0 (Linux x86_64): Executed 250 of 274[31m (71 FAILED)[39m (0 secs / 0.812 secs)
[1A[2KChrome 138.0.0.0 (Linux x86_64): Executed 251 of 274[31m (71 FAILED)[39m (0 secs / 0.813 secs)
[1A[2K[31mChrome 138.0.0.0 (Linux x86_64) PairService hasMorePairs should update correctly as choices are made FAILED[39m
	Error: Model not initialized. Call initializeModel() first.
	    at PreferenceService2.updatePreferences (src/app/game-picker/services/preference.service.ts:30:13)
	    at PairService2.recordChoice (src/app/game-picker/services/pair.service.ts:64:30)
	    at UserContext.<anonymous> (src/app/game-picker/services/pair.service.spec.ts:251:17)
	    at _ZoneDelegate.invoke (node_modules/zone.js/fesm2015/zone.js:398:28)
	    at _ProxyZoneSpec.onInvoke (node_modules/zone.js/fesm2015/zone-testing.js:2132:39)
	    at _ZoneDelegate.invoke (node_modules/zone.js/fesm2015/zone.js:397:34)
	    at ZoneImpl.run (node_modules/zone.js/fesm2015/zone.js:113:43)
	    at runInTestZone (node_modules/zone.js/fesm2015/zone-testing.js:216:38)
	    at UserContext.<anonymous> (node_modules/zone.js/fesm2015/zone-testing.js:234:32)
	    at <Jasmine>
Chrome 138.0.0.0 (Linux x86_64): Executed 252 of 274[31m (72 FAILED)[39m (0 secs / 0.815 secs)
[1A[2K[31mChrome 138.0.0.0 (Linux x86_64) PairService hasMorePairs should return false when target reached FAILED[39m
	Error: Model not initialized. Call initializeModel() first.
	    at PreferenceService2.updatePreferences (src/app/game-picker/services/preference.service.ts:30:13)
	    at PairService2.recordChoice (src/app/game-picker/services/pair.service.ts:64:30)
	    at UserContext.<anonymous> (src/app/game-picker/services/pair.service.spec.ts:230:19)
	    at _ZoneDelegate.invoke (node_modules/zone.js/fesm2015/zone.js:398:28)
	    at _ProxyZoneSpec.onInvoke (node_modules/zone.js/fesm2015/zone-testing.js:2132:39)
	    at _ZoneDelegate.invoke (node_modules/zone.js/fesm2015/zone.js:397:34)
	    at ZoneImpl.run (node_modules/zone.js/fesm2015/zone.js:113:43)
	    at runInTestZone (node_modules/zone.js/fesm2015/zone-testing.js:216:38)
	    at UserContext.<anonymous> (node_modules/zone.js/fesm2015/zone-testing.js:234:32)
	    at <Jasmine>
Chrome 138.0.0.0 (Linux x86_64): Executed 253 of 274[31m (73 FAILED)[39m (0 secs / 0.817 secs)
[1A[2KChrome 138.0.0.0 (Linux x86_64): Executed 254 of 274[31m (73 FAILED)[39m (0 secs / 0.817 secs)
[1A[2KChrome 138.0.0.0 (Linux x86_64): Executed 255 of 274[31m (73 FAILED)[39m (0 secs / 0.818 secs)
[1A[2K[31mChrome 138.0.0.0 (Linux x86_64) PairService getProgress should update current progress with choices FAILED[39m
	Error: Model not initialized. Call initializeModel() first.
	    at PreferenceService2.updatePreferences (src/app/game-picker/services/preference.service.ts:30:13)
	    at PairService2.recordChoice (src/app/game-picker/services/pair.service.ts:64:30)
	    at UserContext.<anonymous> (src/app/game-picker/services/pair.service.spec.ts:273:15)
	    at _ZoneDelegate.invoke (node_modules/zone.js/fesm2015/zone.js:398:28)
	    at _ProxyZoneSpec.onInvoke (node_modules/zone.js/fesm2015/zone-testing.js:2132:39)
	    at _ZoneDelegate.invoke (node_modules/zone.js/fesm2015/zone.js:397:34)
	    at ZoneImpl.run (node_modules/zone.js/fesm2015/zone.js:113:43)
	    at runInTestZone (node_modules/zone.js/fesm2015/zone-testing.js:216:38)
	    at UserContext.<anonymous> (node_modules/zone.js/fesm2015/zone-testing.js:234:32)
	    at <Jasmine>
Chrome 138.0.0.0 (Linux x86_64): Executed 256 of 274[31m (74 FAILED)[39m (0 secs / 0.819 secs)
[1A[2K[31mChrome 138.0.0.0 (Linux x86_64) PairService getProgress should not change total during session FAILED[39m
	Error: Model not initialized. Call initializeModel() first.
	    at PreferenceService2.updatePreferences (src/app/game-picker/services/preference.service.ts:30:13)
	    at PairService2.recordChoice (src/app/game-picker/services/pair.service.ts:64:30)
	    at UserContext.<anonymous> (src/app/game-picker/services/pair.service.spec.ts:285:17)
	    at _ZoneDelegate.invoke (node_modules/zone.js/fesm2015/zone.js:398:28)
	    at _ProxyZoneSpec.onInvoke (node_modules/zone.js/fesm2015/zone-testing.js:2132:39)
	    at _ZoneDelegate.invoke (node_modules/zone.js/fesm2015/zone.js:397:34)
	    at ZoneImpl.run (node_modules/zone.js/fesm2015/zone.js:113:43)
	    at runInTestZone (node_modules/zone.js/fesm2015/zone-testing.js:216:38)
	    at UserContext.<anonymous> (node_modules/zone.js/fesm2015/zone-testing.js:234:32)
	    at <Jasmine>
Chrome 138.0.0.0 (Linux x86_64): Executed 257 of 274[31m (75 FAILED)[39m (0 secs / 0.82 secs)
[1A[2K[31mChrome 138.0.0.0 (Linux x86_64) PairService getProgress should handle completion FAILED[39m
	Error: Model not initialized. Call initializeModel() first.
	    at PreferenceService2.updatePreferences (src/app/game-picker/services/preference.service.ts:30:13)
	    at PairService2.recordChoice (src/app/game-picker/services/pair.service.ts:64:30)
	    at UserContext.<anonymous> (src/app/game-picker/services/pair.service.spec.ts:296:17)
	    at _ZoneDelegate.invoke (node_modules/zone.js/fesm2015/zone.js:398:28)
	    at _ProxyZoneSpec.onInvoke (node_modules/zone.js/fesm2015/zone-testing.js:2132:39)
	    at _ZoneDelegate.invoke (node_modules/zone.js/fesm2015/zone.js:397:34)
	    at ZoneImpl.run (node_modules/zone.js/fesm2015/zone.js:113:43)
	    at runInTestZone (node_modules/zone.js/fesm2015/zone-testing.js:216:38)
	    at UserContext.<anonymous> (node_modules/zone.js/fesm2015/zone-testing.js:234:32)
	    at <Jasmine>
Chrome 138.0.0.0 (Linux x86_64): Executed 258 of 274[31m (76 FAILED)[39m (0 secs / 0.821 secs)
[1A[2KChrome 138.0.0.0 (Linux x86_64): Executed 259 of 274[31m (76 FAILED)[39m (0 secs / 0.822 secs)
[1A[2K[31mChrome 138.0.0.0 (Linux x86_64) PairService integration scenarios should handle complete comparison session FAILED[39m
	Error: Model not initialized. Call initializeModel() first.
	    at PreferenceService2.updatePreferences (src/app/game-picker/services/preference.service.ts:30:13)
	    at PairService2.recordChoice (src/app/game-picker/services/pair.service.ts:64:30)
	    at UserContext.<anonymous> (src/app/game-picker/services/pair.service.spec.ts:410:17)
	    at _ZoneDelegate.invoke (node_modules/zone.js/fesm2015/zone.js:398:28)
	    at _ProxyZoneSpec.onInvoke (node_modules/zone.js/fesm2015/zone-testing.js:2132:39)
	    at _ZoneDelegate.invoke (node_modules/zone.js/fesm2015/zone.js:397:34)
	    at ZoneImpl.run (node_modules/zone.js/fesm2015/zone.js:113:43)
	    at runInTestZone (node_modules/zone.js/fesm2015/zone-testing.js:216:38)
	    at UserContext.<anonymous> (node_modules/zone.js/fesm2015/zone-testing.js:234:32)
	    at <Jasmine>
Chrome 138.0.0.0 (Linux x86_64): Executed 260 of 274[31m (77 FAILED)[39m (0 secs / 0.823 secs)
[1A[2K[31mChrome 138.0.0.0 (Linux x86_64) PairService integration scenarios should work with small game sets FAILED[39m
	Error: Model not initialized. Call initializeModel() first.
	    at PreferenceService2.updatePreferences (src/app/game-picker/services/preference.service.ts:30:13)
	    at PairService2.recordChoice (src/app/game-picker/services/pair.service.ts:64:30)
	    at UserContext.<anonymous> (src/app/game-picker/services/pair.service.spec.ts:429:22)
	    at _ZoneDelegate.invoke (node_modules/zone.js/fesm2015/zone.js:398:28)
	    at _ProxyZoneSpec.onInvoke (node_modules/zone.js/fesm2015/zone-testing.js:2132:39)
	    at _ZoneDelegate.invoke (node_modules/zone.js/fesm2015/zone.js:397:34)
	    at ZoneImpl.run (node_modules/zone.js/fesm2015/zone.js:113:43)
	    at runInTestZone (node_modules/zone.js/fesm2015/zone-testing.js:216:38)
	    at UserContext.<anonymous> (node_modules/zone.js/fesm2015/zone-testing.js:234:32)
	    at <Jasmine>
Chrome 138.0.0.0 (Linux x86_64): Executed 261 of 274[31m (78 FAILED)[39m (0 secs / 0.824 secs)
[1A[2K[31mChrome 138.0.0.0 (Linux x86_64) PairService integration scenarios should handle reset and restart FAILED[39m
	Error: Model not initialized. Call initializeModel() first.
	    at PreferenceService2.updatePreferences (src/app/game-picker/services/preference.service.ts:30:13)
	    at PairService2.recordChoice (src/app/game-picker/services/pair.service.ts:64:30)
	    at UserContext.<anonymous> (src/app/game-picker/services/pair.service.spec.ts:440:17)
	    at _ZoneDelegate.invoke (node_modules/zone.js/fesm2015/zone.js:398:28)
	    at _ProxyZoneSpec.onInvoke (node_modules/zone.js/fesm2015/zone-testing.js:2132:39)
	    at _ZoneDelegate.invoke (node_modules/zone.js/fesm2015/zone.js:397:34)
	    at ZoneImpl.run (node_modules/zone.js/fesm2015/zone.js:113:43)
	    at runInTestZone (node_modules/zone.js/fesm2015/zone-testing.js:216:38)
	    at UserContext.<anonymous> (node_modules/zone.js/fesm2015/zone-testing.js:234:32)
	    at <Jasmine>
Chrome 138.0.0.0 (Linux x86_64): Executed 262 of 274[31m (79 FAILED)[39m (0 secs / 0.825 secs)
[1A[2K[31mChrome 138.0.0.0 (Linux x86_64) PairService getNextPair should return null when no more pairs available FAILED[39m
	Error: Model not initialized. Call initializeModel() first.
	    at PreferenceService2.updatePreferences (src/app/game-picker/services/preference.service.ts:30:13)
	    at PairService2.recordChoice (src/app/game-picker/services/pair.service.ts:64:30)
	    at UserContext.<anonymous> (src/app/game-picker/services/pair.service.spec.ts:139:19)
	    at _ZoneDelegate.invoke (node_modules/zone.js/fesm2015/zone.js:398:28)
	    at _ProxyZoneSpec.onInvoke (node_modules/zone.js/fesm2015/zone-testing.js:2132:39)
	    at _ZoneDelegate.invoke (node_modules/zone.js/fesm2015/zone.js:397:34)
	    at ZoneImpl.run (node_modules/zone.js/fesm2015/zone.js:113:43)
	    at runInTestZone (node_modules/zone.js/fesm2015/zone-testing.js:216:38)
	    at UserContext.<anonymous> (node_modules/zone.js/fesm2015/zone-testing.js:234:32)
	    at <Jasmine>
Chrome 138.0.0.0 (Linux x86_64): Executed 263 of 274[31m (80 FAILED)[39m (0 secs / 0.827 secs)
[1A[2KChrome 138.0.0.0 (Linux x86_64): Executed 264 of 274[31m (80 FAILED)[39m (0 secs / 0.828 secs)
[1A[2K[31mChrome 138.0.0.0 (Linux x86_64) PairService getNextPair should not return same game pair multiple times FAILED[39m
	Error: Model not initialized. Call initializeModel() first.
	    at PreferenceService2.updatePreferences (src/app/game-picker/services/preference.service.ts:30:13)
	    at PairService2.recordChoice (src/app/game-picker/services/pair.service.ts:64:30)
	    at UserContext.<anonymous> (src/app/game-picker/services/pair.service.spec.ts:160:17)
	    at _ZoneDelegate.invoke (node_modules/zone.js/fesm2015/zone.js:398:28)
	    at _ProxyZoneSpec.onInvoke (node_modules/zone.js/fesm2015/zone-testing.js:2132:39)
	    at _ZoneDelegate.invoke (node_modules/zone.js/fesm2015/zone.js:397:34)
	    at ZoneImpl.run (node_modules/zone.js/fesm2015/zone.js:113:43)
	    at runInTestZone (node_modules/zone.js/fesm2015/zone-testing.js:216:38)
	    at UserContext.<anonymous> (node_modules/zone.js/fesm2015/zone-testing.js:234:32)
	    at <Jasmine>
Chrome 138.0.0.0 (Linux x86_64): Executed 265 of 274[31m (81 FAILED)[39m (0 secs / 0.829 secs)
[1A[2K[31mChrome 138.0.0.0 (Linux x86_64) PairService getNextPair should return different pairs on subsequent calls FAILED[39m
	Error: Model not initialized. Call initializeModel() first.
	    at PreferenceService2.updatePreferences (src/app/game-picker/services/preference.service.ts:30:13)
	    at PairService2.recordChoice (src/app/game-picker/services/pair.service.ts:64:30)
	    at UserContext.<anonymous> (src/app/game-picker/services/pair.service.spec.ts:122:15)
	    at _ZoneDelegate.invoke (node_modules/zone.js/fesm2015/zone.js:398:28)
	    at _ProxyZoneSpec.onInvoke (node_modules/zone.js/fesm2015/zone-testing.js:2132:39)
	    at _ZoneDelegate.invoke (node_modules/zone.js/fesm2015/zone.js:397:34)
	    at ZoneImpl.run (node_modules/zone.js/fesm2015/zone.js:113:43)
	    at runInTestZone (node_modules/zone.js/fesm2015/zone-testing.js:216:38)
	    at UserContext.<anonymous> (node_modules/zone.js/fesm2015/zone-testing.js:234:32)
	    at <Jasmine>
Chrome 138.0.0.0 (Linux x86_64): Executed 266 of 274[31m (82 FAILED)[39m (0 secs / 0.83 secs)
[1A[2K[31mChrome 138.0.0.0 (Linux x86_64) PairService recordChoice should handle multiple choices FAILED[39m
	Error: Model not initialized. Call initializeModel() first.
	    at PreferenceService2.updatePreferences (src/app/game-picker/services/preference.service.ts:30:13)
	    at PairService2.recordChoice (src/app/game-picker/services/pair.service.ts:64:30)
	    at UserContext.<anonymous> (src/app/game-picker/services/pair.service.spec.ts:205:17)
	    at _ZoneDelegate.invoke (node_modules/zone.js/fesm2015/zone.js:398:28)
	    at _ProxyZoneSpec.onInvoke (node_modules/zone.js/fesm2015/zone-testing.js:2132:39)
	    at _ZoneDelegate.invoke (node_modules/zone.js/fesm2015/zone.js:397:34)
	    at ZoneImpl.run (node_modules/zone.js/fesm2015/zone.js:113:43)
	    at runInTestZone (node_modules/zone.js/fesm2015/zone-testing.js:216:38)
	    at UserContext.<anonymous> (node_modules/zone.js/fesm2015/zone-testing.js:234:32)
	    at <Jasmine>
Chrome 138.0.0.0 (Linux x86_64): Executed 267 of 274[31m (83 FAILED)[39m (0 secs / 0.831 secs)
[1A[2K[31mChrome 138.0.0.0 (Linux x86_64) PairService recordChoice should maintain choice history FAILED[39m
	Error: Model not initialized. Call initializeModel() first.
	    at PreferenceService2.updatePreferences (src/app/game-picker/services/preference.service.ts:30:13)
	    at PairService2.recordChoice (src/app/game-picker/services/pair.service.ts:64:30)
	    at UserContext.<anonymous> (src/app/game-picker/services/pair.service.spec.ts:192:15)
	    at _ZoneDelegate.invoke (node_modules/zone.js/fesm2015/zone.js:398:28)
	    at _ProxyZoneSpec.onInvoke (node_modules/zone.js/fesm2015/zone-testing.js:2132:39)
	    at _ZoneDelegate.invoke (node_modules/zone.js/fesm2015/zone.js:397:34)
	    at ZoneImpl.run (node_modules/zone.js/fesm2015/zone.js:113:43)
	    at runInTestZone (node_modules/zone.js/fesm2015/zone-testing.js:216:38)
	    at UserContext.<anonymous> (node_modules/zone.js/fesm2015/zone-testing.js:234:32)
	    at <Jasmine>
Chrome 138.0.0.0 (Linux x86_64): Executed 268 of 274[31m (84 FAILED)[39m (0 secs / 0.833 secs)
[1A[2K[31mChrome 138.0.0.0 (Linux x86_64) PairService recordChoice should handle all choice types FAILED[39m
	Error: Model not initialized. Call initializeModel() first.
	    at PreferenceService2.updatePreferences (src/app/game-picker/services/preference.service.ts:30:13)
	    at PairService2.recordChoice (src/app/game-picker/services/pair.service.ts:64:30)
	    at src/app/game-picker/services/pair.service.spec.ts:183:17
	    at Array.forEach (<anonymous>)
	    at UserContext.<anonymous> (src/app/game-picker/services/pair.service.spec.ts:179:15)
	    at _ZoneDelegate.invoke (node_modules/zone.js/fesm2015/zone.js:398:28)
	    at _ProxyZoneSpec.onInvoke (node_modules/zone.js/fesm2015/zone-testing.js:2132:39)
	    at _ZoneDelegate.invoke (node_modules/zone.js/fesm2015/zone.js:397:34)
	    at ZoneImpl.run (node_modules/zone.js/fesm2015/zone.js:113:43)
	    at runInTestZone (node_modules/zone.js/fesm2015/zone-testing.js:216:38)
Chrome 138.0.0.0 (Linux x86_64): Executed 269 of 274[31m (85 FAILED)[39m (0 secs / 0.834 secs)
[1A[2K[31mChrome 138.0.0.0 (Linux x86_64) PairService recordChoice should record user choice FAILED[39m
	Error: Model not initialized. Call initializeModel() first.
	    at PreferenceService2.updatePreferences (src/app/game-picker/services/preference.service.ts:30:13)
	    at PairService2.recordChoice (src/app/game-picker/services/pair.service.ts:64:30)
	    at UserContext.<anonymous> (src/app/game-picker/services/pair.service.spec.ts:170:15)
	    at _ZoneDelegate.invoke (node_modules/zone.js/fesm2015/zone.js:398:28)
	    at _ProxyZoneSpec.onInvoke (node_modules/zone.js/fesm2015/zone-testing.js:2132:39)
	    at _ZoneDelegate.invoke (node_modules/zone.js/fesm2015/zone.js:397:34)
	    at ZoneImpl.run (node_modules/zone.js/fesm2015/zone.js:113:43)
	    at runInTestZone (node_modules/zone.js/fesm2015/zone-testing.js:216:38)
	    at UserContext.<anonymous> (node_modules/zone.js/fesm2015/zone-testing.js:234:32)
	    at <Jasmine>
Chrome 138.0.0.0 (Linux x86_64): Executed 270 of 274[31m (86 FAILED)[39m (0 secs / 0.835 secs)
[1A[2KChrome 138.0.0.0 (Linux x86_64): Executed 271 of 274[31m (86 FAILED)[39m (0 secs / 0.836 secs)
[1A[2K[31mChrome 138.0.0.0 (Linux x86_64) PairService initializeWithGames should reset existing state FAILED[39m
	Error: Model not initialized. Call initializeModel() first.
	    at PreferenceService2.updatePreferences (src/app/game-picker/services/preference.service.ts:30:13)
	    at PairService2.recordChoice (src/app/game-picker/services/pair.service.ts:64:30)
	    at UserContext.<anonymous> (src/app/game-picker/services/pair.service.spec.ts:100:15)
	    at _ZoneDelegate.invoke (node_modules/zone.js/fesm2015/zone.js:398:28)
	    at _ProxyZoneSpec.onInvoke (node_modules/zone.js/fesm2015/zone-testing.js:2132:39)
	    at _ZoneDelegate.invoke (node_modules/zone.js/fesm2015/zone.js:397:34)
	    at ZoneImpl.run (node_modules/zone.js/fesm2015/zone.js:113:43)
	    at runInTestZone (node_modules/zone.js/fesm2015/zone-testing.js:216:38)
	    at UserContext.<anonymous> (node_modules/zone.js/fesm2015/zone-testing.js:234:32)
	    at <Jasmine>
Chrome 138.0.0.0 (Linux x86_64): Executed 272 of 274[31m (87 FAILED)[39m (0 secs / 0.837 secs)
[1A[2KChrome 138.0.0.0 (Linux x86_64): Executed 273 of 274[31m (87 FAILED)[39m (0 secs / 0.838 secs)
[1A[2KChrome 138.0.0.0 (Linux x86_64): Executed 274 of 274[31m (87 FAILED)[39m (0 secs / 0.838 secs)
[1A[2KChrome 138.0.0.0 (Linux x86_64): Executed 274 of 274[31m (87 FAILED)[39m (0.966 secs / 0.838 secs)
[31mTOTAL: 87 FAILED, 187 SUCCESS[39m
