
> endless-gaming-frontend@0.0.0 test
> ng test --no-watch --browsers=ChromeHeadlessNoSandbox --no-watch --browsers=ChromeHeadlessNoSandbox

Option 'browsers' has been specified multiple times. The value 'ChromeHeadlessNoSandbox' will be used.
‚ùØ Building...
‚úî Building...
Initial chunk files                                                                       | Names                                                                                  |  Raw size
chunk-USNPNJOQ.js                                                                         | -                                                                                      |   2.21 MB | 
polyfills.js                                                                              | polyfills                                                                              |   1.02 MB | 
chunk-EMFP2XW6.js                                                                         | -                                                                                      | 261.71 kB | 
spec-app-app.spec.js                                                                      | spec-app-app.spec                                                                      | 206.92 kB | 
chunk-DAKIDEVT.js                                                                         | -                                                                                      | 192.49 kB | 
chunk-6G5B643D.js                                                                         | -                                                                                      |  93.72 kB | 
jasmine-cleanup-1.js                                                                      | jasmine-cleanup-1                                                                      |  67.20 kB | 
chunk-QIUPMBS6.js                                                                         | -                                                                                      |  43.27 kB | 
chunk-L7UEND7I.js                                                                         | -                                                                                      |  23.88 kB | 
test_main.js                                                                              | test_main                                                                              |  21.86 kB | 
spec-app-game-picker-components-game-picker-page-game-picker-page.component.spec.js       | spec-app-game-picker-components-game-picker-page-game-picker-page.component.spec       |  17.38 kB | 
chunk-NWRSEYZU.js                                                                         | -                                                                                      |  13.12 kB | 
spec-app-game-picker-services-pair.service.spec.js                                        | spec-app-game-picker-services-pair.service.spec                                        |  12.06 kB | 
spec-app-game-picker-components-recommendation-list-recommendation-list.component.spec.js | spec-app-game-picker-components-recommendation-list-recommendation-list.component.spec |  12.02 kB | 
spec-app-game-picker-services-preference.service.spec.js                                  | spec-app-game-picker-services-preference.service.spec                                  |  11.74 kB | 
spec-app-game-picker-components-game-comparison-game-comparison.component.spec.js         | spec-app-game-picker-components-game-comparison-game-comparison.component.spec         |  11.48 kB | 
chunk-YYT3M35C.js                                                                         | -                                                                                      |  10.49 kB | 
spec-app-game-picker-services-vector.service.spec.js                                      | spec-app-game-picker-services-vector.service.spec                                      |  10.04 kB | 
chunk-DSDGWGCR.js                                                                         | -                                                                                      |   9.98 kB | 
spec-app-game-picker-components-game-card-game-card.component.spec.js                     | spec-app-game-picker-components-game-card-game-card.component.spec                     |   9.68 kB | 
chunk-MOD2ZGWT.js                                                                         | -                                                                                      |   9.18 kB | 
chunk-JIN4XAZU.js                                                                         | -                                                                                      |   8.32 kB | 
chunk-WDOABM4S.js                                                                         | -                                                                                      |   7.84 kB | 
spec-app-game-picker-components-progress-bar-progress-bar.component.spec.js               | spec-app-game-picker-components-progress-bar-progress-bar.component.spec               |   6.68 kB | 
chunk-J6T6AHG6.js                                                                         | -                                                                                      |   6.43 kB | 
spec-app-game-picker-services-game-data.service.spec.js                                   | spec-app-game-picker-services-game-data.service.spec                                   |   6.32 kB | 
spec-app-game-picker-components-preference-summary-preference-summary.component.spec.js   | spec-app-game-picker-components-preference-summary-preference-summary.component.spec   |   4.25 kB | 
chunk-4QUNJ7UY.js                                                                         | -                                                                                      |   3.90 kB | 
chunk-HBW54YOI.js                                                                         | -                                                                                      |   3.02 kB | 
chunk-MIZUV7DD.js                                                                         | -                                                                                      | 934 bytes | 
jasmine-cleanup-0.js                                                                      | jasmine-cleanup-0                                                                      | 519 bytes | 
styles.css                                                                                | styles                                                                                 |  96 bytes | 

                                                                                          | Initial total                                                                          |   4.32 MB

Application bundle generation complete. [1.640 seconds]

[32m20 07 2025 15:22:57.908:INFO [karma-server]: [39mKarma v6.4.4 server started at http://localhost:9876/
[32m20 07 2025 15:22:57.909:INFO [launcher]: [39mLaunching browsers ChromeHeadlessNoSandbox with concurrency unlimited
[32m20 07 2025 15:22:57.911:INFO [launcher]: [39mStarting browser ChromeHeadless
[32m20 07 2025 15:22:58.067:INFO [Chrome Headless 138.0.0.0 (Linux x86_64)]: [39mConnected on socket GzxW6tMOmyDBuHxFAAAB with id 5312560
Chrome Headless 138.0.0.0 (Linux x86_64): Executed 0 of 217[32m SUCCESS[39m (0 secs / 0 secs)
[1A[2KChrome Headless 138.0.0.0 (Linux x86_64): Executed 1 of 217[32m SUCCESS[39m (0 secs / 0.025 secs)
[1A[2KChrome Headless 138.0.0.0 (Linux x86_64): Executed 2 of 217[32m SUCCESS[39m (0 secs / 0.029 secs)
[1A[2KChrome Headless 138.0.0.0 (Linux x86_64): Executed 3 of 217[32m SUCCESS[39m (0 secs / 0.031 secs)
[1A[2KChrome Headless 138.0.0.0 (Linux x86_64): Executed 4 of 217[32m SUCCESS[39m (0 secs / 0.033 secs)
[1A[2KChrome Headless 138.0.0.0 (Linux x86_64): Executed 5 of 217[32m SUCCESS[39m (0 secs / 0.035 secs)
[1A[2KChrome Headless 138.0.0.0 (Linux x86_64): Executed 6 of 217[32m SUCCESS[39m (0 secs / 0.036 secs)
[1A[2KChrome Headless 138.0.0.0 (Linux x86_64): Executed 7 of 217[32m SUCCESS[39m (0 secs / 0.039 secs)
[1A[2KChrome Headless 138.0.0.0 (Linux x86_64): Executed 8 of 217[32m SUCCESS[39m (0 secs / 0.04 secs)
[1A[2KChrome Headless 138.0.0.0 (Linux x86_64): Executed 9 of 217[32m SUCCESS[39m (0 secs / 0.041 secs)
[1A[2KChrome Headless 138.0.0.0 (Linux x86_64): Executed 10 of 217[32m SUCCESS[39m (0 secs / 0.042 secs)
[1A[2KChrome Headless 138.0.0.0 (Linux x86_64): Executed 11 of 217[32m SUCCESS[39m (0 secs / 0.046 secs)
[1A[2KChrome Headless 138.0.0.0 (Linux x86_64): Executed 12 of 217[32m SUCCESS[39m (0 secs / 0.048 secs)
[1A[2KChrome Headless 138.0.0.0 (Linux x86_64): Executed 13 of 217[32m SUCCESS[39m (0 secs / 0.049 secs)
[1A[2KChrome Headless 138.0.0.0 (Linux x86_64): Executed 14 of 217[32m SUCCESS[39m (0 secs / 0.05 secs)
[1A[2KChrome Headless 138.0.0.0 (Linux x86_64): Executed 15 of 217[32m SUCCESS[39m (0 secs / 0.051 secs)
[1A[2KChrome Headless 138.0.0.0 (Linux x86_64): Executed 16 of 217[32m SUCCESS[39m (0 secs / 0.054 secs)
[1A[2KChrome Headless 138.0.0.0 (Linux x86_64): Executed 17 of 217[32m SUCCESS[39m (0 secs / 0.055 secs)
[1A[2KChrome Headless 138.0.0.0 (Linux x86_64): Executed 18 of 217[32m SUCCESS[39m (0 secs / 0.056 secs)
[1A[2KChrome Headless 138.0.0.0 (Linux x86_64): Executed 19 of 217[32m SUCCESS[39m (0 secs / 0.076 secs)
[1A[2KChrome Headless 138.0.0.0 (Linux x86_64): Executed 20 of 217[32m SUCCESS[39m (0 secs / 0.078 secs)
[1A[2KChrome Headless 138.0.0.0 (Linux x86_64): Executed 21 of 217[32m SUCCESS[39m (0 secs / 0.079 secs)
[1A[2KChrome Headless 138.0.0.0 (Linux x86_64): Executed 22 of 217[32m SUCCESS[39m (0 secs / 0.08 secs)
[1A[2KChrome Headless 138.0.0.0 (Linux x86_64): Executed 23 of 217[32m SUCCESS[39m (0 secs / 0.082 secs)
[1A[2KChrome Headless 138.0.0.0 (Linux x86_64): Executed 24 of 217[32m SUCCESS[39m (0 secs / 0.083 secs)
[1A[2KChrome Headless 138.0.0.0 (Linux x86_64): Executed 25 of 217[32m SUCCESS[39m (0 secs / 0.084 secs)
[1A[2KChrome Headless 138.0.0.0 (Linux x86_64): Executed 26 of 217[32m SUCCESS[39m (0 secs / 0.085 secs)
[1A[2KChrome Headless 138.0.0.0 (Linux x86_64): Executed 27 of 217[32m SUCCESS[39m (0 secs / 0.086 secs)
[1A[2KChrome Headless 138.0.0.0 (Linux x86_64): Executed 28 of 217[32m SUCCESS[39m (0 secs / 0.087 secs)
[1A[2KChrome Headless 138.0.0.0 (Linux x86_64): Executed 29 of 217[32m SUCCESS[39m (0 secs / 0.088 secs)
[1A[2KChrome Headless 138.0.0.0 (Linux x86_64): Executed 30 of 217[32m SUCCESS[39m (0 secs / 0.089 secs)
[1A[2KChrome Headless 138.0.0.0 (Linux x86_64): Executed 31 of 217[32m SUCCESS[39m (0 secs / 0.09 secs)
[1A[2KChrome Headless 138.0.0.0 (Linux x86_64): Executed 32 of 217[32m SUCCESS[39m (0 secs / 0.102 secs)
[33m20 07 2025 15:22:58.505:WARN [web-server]: [39m404: /assets/images/game-placeholder.png
[1A[2KChrome Headless 138.0.0.0 (Linux x86_64): Executed 33 of 217[32m SUCCESS[39m (0 secs / 0.107 secs)
[1A[2KChrome Headless 138.0.0.0 (Linux x86_64): Executed 34 of 217[32m SUCCESS[39m (0 secs / 0.11 secs)
[33m20 07 2025 15:22:58.514:WARN [web-server]: [39m404: /assets/images/game-placeholder.png
[1A[2KChrome Headless 138.0.0.0 (Linux x86_64): Executed 35 of 217[32m SUCCESS[39m (0 secs / 0.112 secs)
[1A[2KChrome Headless 138.0.0.0 (Linux x86_64): Executed 36 of 217[32m SUCCESS[39m (0 secs / 0.114 secs)
[33m20 07 2025 15:22:58.520:WARN [web-server]: [39m404: /assets/images/game-placeholder.png
[1A[2KChrome Headless 138.0.0.0 (Linux x86_64): Executed 37 of 217[32m SUCCESS[39m (0 secs / 0.118 secs)
[1A[2KChrome Headless 138.0.0.0 (Linux x86_64): Executed 38 of 217[32m SUCCESS[39m (0 secs / 0.121 secs)
[33m20 07 2025 15:22:58.526:WARN [web-server]: [39m404: /assets/images/game-placeholder.png
[1A[2KChrome Headless 138.0.0.0 (Linux x86_64): Executed 39 of 217[32m SUCCESS[39m (0 secs / 0.124 secs)
[1A[2KChrome Headless 138.0.0.0 (Linux x86_64): Executed 40 of 217[32m SUCCESS[39m (0 secs / 0.126 secs)
[33m20 07 2025 15:22:58.533:WARN [web-server]: [39m404: /assets/images/game-placeholder.png
[1A[2KChrome Headless 138.0.0.0 (Linux x86_64): Executed 41 of 217[32m SUCCESS[39m (0 secs / 0.128 secs)
[1A[2KChrome Headless 138.0.0.0 (Linux x86_64): Executed 42 of 217[32m SUCCESS[39m (0 secs / 0.131 secs)
[33m20 07 2025 15:22:58.538:WARN [web-server]: [39m404: /assets/images/game-placeholder.png
[1A[2KChrome Headless 138.0.0.0 (Linux x86_64): Executed 43 of 217[32m SUCCESS[39m (0 secs / 0.132 secs)
[1A[2KChrome Headless 138.0.0.0 (Linux x86_64): Executed 44 of 217[32m SUCCESS[39m (0 secs / 0.134 secs)
[33m20 07 2025 15:22:58.543:WARN [web-server]: [39m404: /assets/images/game-placeholder.png
[1A[2KChrome Headless 138.0.0.0 (Linux x86_64): Executed 45 of 217[32m SUCCESS[39m (0 secs / 0.136 secs)
[1A[2KChrome Headless 138.0.0.0 (Linux x86_64): Executed 46 of 217[32m SUCCESS[39m (0 secs / 0.137 secs)
[1A[2KChrome Headless 138.0.0.0 (Linux x86_64): Executed 47 of 217[32m SUCCESS[39m (0 secs / 0.138 secs)
[1A[2KChrome Headless 138.0.0.0 (Linux x86_64): Executed 48 of 217[32m SUCCESS[39m (0 secs / 0.139 secs)
[1A[2KChrome Headless 138.0.0.0 (Linux x86_64): Executed 49 of 217[32m SUCCESS[39m (0 secs / 0.14 secs)
[1A[2KChrome Headless 138.0.0.0 (Linux x86_64): Executed 50 of 217[32m SUCCESS[39m (0 secs / 0.141 secs)
[1A[2KChrome Headless 138.0.0.0 (Linux x86_64): Executed 51 of 217[32m SUCCESS[39m (0 secs / 0.142 secs)
[1A[2KChrome Headless 138.0.0.0 (Linux x86_64): Executed 52 of 217[32m SUCCESS[39m (0 secs / 0.142 secs)
[1A[2KChrome Headless 138.0.0.0 (Linux x86_64): Executed 53 of 217[32m SUCCESS[39m (0 secs / 0.143 secs)
[1A[2KChrome Headless 138.0.0.0 (Linux x86_64): Executed 54 of 217[32m SUCCESS[39m (0 secs / 0.143 secs)
[1A[2KChrome Headless 138.0.0.0 (Linux x86_64): Executed 55 of 217[32m SUCCESS[39m (0 secs / 0.144 secs)
[1A[2KChrome Headless 138.0.0.0 (Linux x86_64): Executed 56 of 217[32m SUCCESS[39m (0 secs / 0.145 secs)
[1A[2KChrome Headless 138.0.0.0 (Linux x86_64): Executed 57 of 217[32m SUCCESS[39m (0 secs / 0.146 secs)
[1A[2KChrome Headless 138.0.0.0 (Linux x86_64): Executed 58 of 217[32m SUCCESS[39m (0 secs / 0.147 secs)
[1A[2KChrome Headless 138.0.0.0 (Linux x86_64): Executed 59 of 217[32m SUCCESS[39m (0 secs / 0.147 secs)
[1A[2KChrome Headless 138.0.0.0 (Linux x86_64): Executed 60 of 217[32m SUCCESS[39m (0 secs / 0.148 secs)
[1A[2KChrome Headless 138.0.0.0 (Linux x86_64): Executed 61 of 217[32m SUCCESS[39m (0 secs / 0.149 secs)
[1A[2KChrome Headless 138.0.0.0 (Linux x86_64): Executed 62 of 217[32m SUCCESS[39m (0 secs / 0.15 secs)
[1A[2KChrome Headless 138.0.0.0 (Linux x86_64): Executed 63 of 217[32m SUCCESS[39m (0 secs / 0.15 secs)
[1A[2KChrome Headless 138.0.0.0 (Linux x86_64): Executed 64 of 217[32m SUCCESS[39m (0 secs / 0.151 secs)
[1A[2KChrome Headless 138.0.0.0 (Linux x86_64): Executed 65 of 217[32m SUCCESS[39m (0 secs / 0.152 secs)
[1A[2K[31mChrome Headless 138.0.0.0 (Linux x86_64) PairService getNextPair should not return same game pair multiple times FAILED[39m
	Expected true to be false.
	    at <Jasmine>
	    at UserContext.<anonymous> (src/app/game-picker/services/pair.service.spec.ts:171:40)
	    at _ZoneDelegate.invoke (node_modules/zone.js/fesm2015/zone.js:398:28)
	    at _ProxyZoneSpec.onInvoke (node_modules/zone.js/fesm2015/zone-testing.js:2132:39)
	    at _ZoneDelegate.invoke (node_modules/zone.js/fesm2015/zone.js:397:34)
	Expected true to be false.
	    at <Jasmine>
	    at UserContext.<anonymous> (src/app/game-picker/services/pair.service.spec.ts:171:40)
	    at _ZoneDelegate.invoke (node_modules/zone.js/fesm2015/zone.js:398:28)
	    at _ProxyZoneSpec.onInvoke (node_modules/zone.js/fesm2015/zone-testing.js:2132:39)
	    at _ZoneDelegate.invoke (node_modules/zone.js/fesm2015/zone.js:397:34)
	Expected true to be false.
	    at <Jasmine>
	    at UserContext.<anonymous> (src/app/game-picker/services/pair.service.spec.ts:171:40)
	    at _ZoneDelegate.invoke (node_modules/zone.js/fesm2015/zone.js:398:28)
	    at _ProxyZoneSpec.onInvoke (node_modules/zone.js/fesm2015/zone-testing.js:2132:39)
	    at _ZoneDelegate.invoke (node_modules/zone.js/fesm2015/zone.js:397:34)
	Expected true to be false.
	    at <Jasmine>
	    at UserContext.<anonymous> (src/app/game-picker/services/pair.service.spec.ts:171:40)
	    at _ZoneDelegate.invoke (node_modules/zone.js/fesm2015/zone.js:398:28)
	    at _ProxyZoneSpec.onInvoke (node_modules/zone.js/fesm2015/zone-testing.js:2132:39)
	    at _ZoneDelegate.invoke (node_modules/zone.js/fesm2015/zone.js:397:34)
Chrome Headless 138.0.0.0 (Linux x86_64): Executed 66 of 217[31m (1 FAILED)[39m (0 secs / 0.154 secs)
[1A[2KChrome Headless 138.0.0.0 (Linux x86_64): Executed 67 of 217[31m (1 FAILED)[39m (0 secs / 0.155 secs)
[1A[2KChrome Headless 138.0.0.0 (Linux x86_64): Executed 68 of 217[31m (1 FAILED)[39m (0 secs / 0.156 secs)
[1A[2KChrome Headless 138.0.0.0 (Linux x86_64): Executed 69 of 217[31m (1 FAILED)[39m (0 secs / 0.157 secs)
[1A[2KChrome Headless 138.0.0.0 (Linux x86_64): Executed 70 of 217[31m (1 FAILED)[39m (0 secs / 0.158 secs)
[1A[2KChrome Headless 138.0.0.0 (Linux x86_64): Executed 71 of 217[31m (1 FAILED)[39m (0 secs / 0.158 secs)
[1A[2KChrome Headless 138.0.0.0 (Linux x86_64): Executed 72 of 217[31m (1 FAILED)[39m (0 secs / 0.158 secs)
[1A[2KChrome Headless 138.0.0.0 (Linux x86_64): Executed 73 of 217[31m (1 FAILED)[39m (0 secs / 0.159 secs)
[1A[2KChrome Headless 138.0.0.0 (Linux x86_64): Executed 74 of 217[31m (1 FAILED)[39m (0 secs / 0.176 secs)
[1A[2KChrome Headless 138.0.0.0 (Linux x86_64): Executed 75 of 217[31m (1 FAILED)[39m (0 secs / 0.181 secs)
[1A[2KChrome Headless 138.0.0.0 (Linux x86_64): Executed 76 of 217[31m (1 FAILED)[39m (0 secs / 0.182 secs)
[1A[2KChrome Headless 138.0.0.0 (Linux x86_64): Executed 77 of 217[31m (1 FAILED)[39m (0 secs / 0.183 secs)
[1A[2KChrome Headless 138.0.0.0 (Linux x86_64): Executed 78 of 217[31m (1 FAILED)[39m (0 secs / 0.183 secs)
[1A[2KChrome Headless 138.0.0.0 (Linux x86_64): Executed 79 of 217[31m (1 FAILED)[39m (0 secs / 0.183 secs)
[1A[2KChrome Headless 138.0.0.0 (Linux x86_64): Executed 80 of 217[31m (1 FAILED)[39m (0 secs / 0.183 secs)
[1A[2KChrome Headless 138.0.0.0 (Linux x86_64): Executed 81 of 217[31m (1 FAILED)[39m (0 secs / 0.184 secs)
[1A[2KChrome Headless 138.0.0.0 (Linux x86_64): Executed 82 of 217[31m (1 FAILED)[39m (0 secs / 0.185 secs)
[1A[2KChrome Headless 138.0.0.0 (Linux x86_64): Executed 83 of 217[31m (1 FAILED)[39m (0 secs / 0.186 secs)
[1A[2KChrome Headless 138.0.0.0 (Linux x86_64): Executed 84 of 217[31m (1 FAILED)[39m (0 secs / 0.186 secs)
[1A[2KChrome Headless 138.0.0.0 (Linux x86_64): Executed 85 of 217[31m (1 FAILED)[39m (0 secs / 0.187 secs)
[1A[2KChrome Headless 138.0.0.0 (Linux x86_64): Executed 86 of 217[31m (1 FAILED)[39m (0 secs / 0.188 secs)
[1A[2KChrome Headless 138.0.0.0 (Linux x86_64): Executed 87 of 217[31m (1 FAILED)[39m (0 secs / 0.188 secs)
[1A[2KChrome Headless 138.0.0.0 (Linux x86_64): Executed 88 of 217[31m (1 FAILED)[39m (0 secs / 0.189 secs)
[1A[2KChrome Headless 138.0.0.0 (Linux x86_64): Executed 89 of 217[31m (1 FAILED)[39m (0 secs / 0.189 secs)
[1A[2KChrome Headless 138.0.0.0 (Linux x86_64): Executed 90 of 217[31m (1 FAILED)[39m (0 secs / 0.189 secs)
[1A[2KChrome Headless 138.0.0.0 (Linux x86_64): Executed 91 of 217[31m (1 FAILED)[39m (0 secs / 0.19 secs)
[1A[2KWARN: [36m'Spec 'PreferenceService getPreferenceSummary should update when preferences change' has no expectations.'[39m
Chrome Headless 138.0.0.0 (Linux x86_64): Executed 91 of 217[31m (1 FAILED)[39m (0 secs / 0.19 secs)
WARN: 'Spec 'PreferenceService getPreferenceSummary should update when preferences change' has no expectations.'
[1A[2KChrome Headless 138.0.0.0 (Linux x86_64): Executed 92 of 217[31m (1 FAILED)[39m (0 secs / 0.191 secs)
[1A[2KChrome Headless 138.0.0.0 (Linux x86_64): Executed 93 of 217[31m (1 FAILED)[39m (0 secs / 0.191 secs)
[1A[2KChrome Headless 138.0.0.0 (Linux x86_64): Executed 94 of 217[31m (1 FAILED)[39m (0 secs / 0.191 secs)
[1A[2KChrome Headless 138.0.0.0 (Linux x86_64): Executed 95 of 217[31m (1 FAILED)[39m (0 secs / 0.192 secs)
[1A[2KChrome Headless 138.0.0.0 (Linux x86_64): Executed 96 of 217[31m (1 FAILED)[39m (0 secs / 0.192 secs)
[1A[2KChrome Headless 138.0.0.0 (Linux x86_64): Executed 97 of 217[31m (1 FAILED)[39m (0 secs / 0.193 secs)
[1A[2KChrome Headless 138.0.0.0 (Linux x86_64): Executed 98 of 217[31m (1 FAILED)[39m (0 secs / 0.193 secs)
[1A[2KChrome Headless 138.0.0.0 (Linux x86_64): Executed 99 of 217[31m (1 FAILED)[39m (0 secs / 0.193 secs)
[1A[2KChrome Headless 138.0.0.0 (Linux x86_64): Executed 100 of 217[31m (1 FAILED)[39m (0 secs / 0.194 secs)
[1A[2KChrome Headless 138.0.0.0 (Linux x86_64): Executed 101 of 217[31m (1 FAILED)[39m (0 secs / 0.194 secs)
[1A[2KChrome Headless 138.0.0.0 (Linux x86_64): Executed 102 of 217[31m (1 FAILED)[39m (0 secs / 0.195 secs)
[1A[2KChrome Headless 138.0.0.0 (Linux x86_64): Executed 103 of 217[31m (1 FAILED)[39m (0 secs / 0.196 secs)
[1A[2KChrome Headless 138.0.0.0 (Linux x86_64): Executed 104 of 217[31m (1 FAILED)[39m (0 secs / 0.197 secs)
[1A[2KChrome Headless 138.0.0.0 (Linux x86_64): Executed 105 of 217[31m (1 FAILED)[39m (0 secs / 0.197 secs)
[1A[2KChrome Headless 138.0.0.0 (Linux x86_64): Executed 106 of 217[31m (1 FAILED)[39m (0 secs / 0.198 secs)
[1A[2KChrome Headless 138.0.0.0 (Linux x86_64): Executed 107 of 217[31m (1 FAILED)[39m (0 secs / 0.199 secs)
[1A[2KChrome Headless 138.0.0.0 (Linux x86_64): Executed 108 of 217[31m (1 FAILED)[39m (0 secs / 0.199 secs)
[1A[2KChrome Headless 138.0.0.0 (Linux x86_64): Executed 109 of 217[31m (1 FAILED)[39m (0 secs / 0.2 secs)
[1A[2KChrome Headless 138.0.0.0 (Linux x86_64): Executed 110 of 217[31m (1 FAILED)[39m (0 secs / 0.201 secs)
[1A[2KChrome Headless 138.0.0.0 (Linux x86_64): Executed 111 of 217[31m (1 FAILED)[39m (0 secs / 0.201 secs)
[1A[2KChrome Headless 138.0.0.0 (Linux x86_64): Executed 112 of 217[31m (1 FAILED)[39m (0 secs / 0.202 secs)
[1A[2KChrome Headless 138.0.0.0 (Linux x86_64): Executed 113 of 217[31m (1 FAILED)[39m (0 secs / 0.202 secs)
[1A[2KChrome Headless 138.0.0.0 (Linux x86_64): Executed 114 of 217[31m (1 FAILED)[39m (0 secs / 0.202 secs)
[1A[2KChrome Headless 138.0.0.0 (Linux x86_64): Executed 115 of 217[31m (1 FAILED)[39m (0 secs / 0.203 secs)
[1A[2KChrome Headless 138.0.0.0 (Linux x86_64): Executed 116 of 217[31m (1 FAILED)[39m (0 secs / 0.204 secs)
[1A[2KChrome Headless 138.0.0.0 (Linux x86_64): Executed 117 of 217[31m (1 FAILED)[39m (0 secs / 0.204 secs)
[1A[2KChrome Headless 138.0.0.0 (Linux x86_64): Executed 118 of 217[31m (1 FAILED)[39m (0 secs / 0.204 secs)
[1A[2KChrome Headless 138.0.0.0 (Linux x86_64): Executed 119 of 217[31m (1 FAILED)[39m (0 secs / 0.205 secs)
[1A[2KChrome Headless 138.0.0.0 (Linux x86_64): Executed 120 of 217[31m (1 FAILED)[39m (0 secs / 0.206 secs)
[1A[2KChrome Headless 138.0.0.0 (Linux x86_64): Executed 121 of 217[31m (1 FAILED)[39m (0 secs / 0.206 secs)
[1A[2KChrome Headless 138.0.0.0 (Linux x86_64): Executed 122 of 217[31m (1 FAILED)[39m (0 secs / 0.206 secs)
[1A[2KChrome Headless 138.0.0.0 (Linux x86_64): Executed 123 of 217[31m (1 FAILED)[39m (0 secs / 0.206 secs)
[1A[2KChrome Headless 138.0.0.0 (Linux x86_64): Executed 124 of 217[31m (1 FAILED)[39m (0 secs / 0.207 secs)
[1A[2KChrome Headless 138.0.0.0 (Linux x86_64): Executed 125 of 217[31m (1 FAILED)[39m (0 secs / 0.207 secs)
[1A[2KChrome Headless 138.0.0.0 (Linux x86_64): Executed 126 of 217[31m (1 FAILED)[39m (0 secs / 0.208 secs)
[1A[2KChrome Headless 138.0.0.0 (Linux x86_64): Executed 127 of 217[31m (1 FAILED)[39m (0 secs / 0.208 secs)
[1A[2KChrome Headless 138.0.0.0 (Linux x86_64): Executed 128 of 217[31m (1 FAILED)[39m (0 secs / 0.209 secs)
[1A[2KChrome Headless 138.0.0.0 (Linux x86_64): Executed 129 of 217[31m (1 FAILED)[39m (0 secs / 0.21 secs)
[1A[2KChrome Headless 138.0.0.0 (Linux x86_64): Executed 130 of 217[31m (1 FAILED)[39m (0 secs / 0.21 secs)
[1A[2KChrome Headless 138.0.0.0 (Linux x86_64): Executed 131 of 217[31m (1 FAILED)[39m (0 secs / 0.211 secs)
[1A[2KChrome Headless 138.0.0.0 (Linux x86_64): Executed 132 of 217[31m (1 FAILED)[39m (0 secs / 0.211 secs)
[1A[2KChrome Headless 138.0.0.0 (Linux x86_64): Executed 133 of 217[31m (1 FAILED)[39m (0 secs / 0.219 secs)
[1A[2KChrome Headless 138.0.0.0 (Linux x86_64): Executed 134 of 217[31m (1 FAILED)[39m (0 secs / 0.22 secs)
[1A[2KChrome Headless 138.0.0.0 (Linux x86_64): Executed 135 of 217[31m (1 FAILED)[39m (0 secs / 0.221 secs)
[1A[2KChrome Headless 138.0.0.0 (Linux x86_64): Executed 136 of 217[31m (1 FAILED)[39m (0 secs / 0.222 secs)
[1A[2KChrome Headless 138.0.0.0 (Linux x86_64): Executed 137 of 217[31m (1 FAILED)[39m (0 secs / 0.223 secs)
[1A[2KChrome Headless 138.0.0.0 (Linux x86_64): Executed 138 of 217[31m (1 FAILED)[39m (0 secs / 0.224 secs)
[1A[2KChrome Headless 138.0.0.0 (Linux x86_64): Executed 139 of 217[31m (1 FAILED)[39m (0 secs / 0.225 secs)
[1A[2KChrome Headless 138.0.0.0 (Linux x86_64): Executed 140 of 217[31m (1 FAILED)[39m (0 secs / 0.226 secs)
[1A[2KChrome Headless 138.0.0.0 (Linux x86_64): Executed 141 of 217[31m (1 FAILED)[39m (0 secs / 0.227 secs)
[1A[2K[31mChrome Headless 138.0.0.0 (Linux x86_64) GamePickerPageComponent user interactions should handle restart button click in recommendations state FAILED[39m
	TypeError: Cannot read properties of null (reading 'nativeElement')
	    at UserContext.<anonymous> (src/app/game-picker/components/game-picker-page/game-picker-page.component.spec.ts:128:21)
	    at _ZoneDelegate.invoke (node_modules/zone.js/fesm2015/zone.js:398:28)
	    at _ProxyZoneSpec.onInvoke (node_modules/zone.js/fesm2015/zone-testing.js:2132:39)
	    at _ZoneDelegate.invoke (node_modules/zone.js/fesm2015/zone.js:397:34)
	    at ZoneImpl.run (node_modules/zone.js/fesm2015/zone.js:113:43)
	    at runInTestZone (node_modules/zone.js/fesm2015/zone-testing.js:216:38)
	    at UserContext.<anonymous> (node_modules/zone.js/fesm2015/zone-testing.js:234:32)
	    at <Jasmine>
Chrome Headless 138.0.0.0 (Linux x86_64): Executed 142 of 217[31m (2 FAILED)[39m (0 secs / 0.239 secs)
[1A[2KChrome Headless 138.0.0.0 (Linux x86_64): Executed 143 of 217[31m (2 FAILED)[39m (0 secs / 0.24 secs)
[1A[2K[31mChrome Headless 138.0.0.0 (Linux x86_64) GamePickerPageComponent state transitions should transition to comparing state FAILED[39m
	Expected null to be truthy.
	    at <Jasmine>
	    at UserContext.<anonymous> (src/app/game-picker/components/game-picker-page/game-picker-page.component.spec.ts:55:32)
	    at _ZoneDelegate.invoke (node_modules/zone.js/fesm2015/zone.js:398:28)
	    at _ProxyZoneSpec.onInvoke (node_modules/zone.js/fesm2015/zone-testing.js:2132:39)
	    at _ZoneDelegate.invoke (node_modules/zone.js/fesm2015/zone.js:397:34)
	Expected DebugElement({ nativeNode: <div _ngcontent-a-c2735517478 class="loading-state">...</div> }) to be falsy.
	    at <Jasmine>
	    at UserContext.<anonymous> (src/app/game-picker/components/game-picker-page/game-picker-page.component.spec.ts:62:30)
	    at _ZoneDelegate.invoke (node_modules/zone.js/fesm2015/zone.js:398:28)
	    at _ProxyZoneSpec.onInvoke (node_modules/zone.js/fesm2015/zone-testing.js:2132:39)
	    at _ZoneDelegate.invoke (node_modules/zone.js/fesm2015/zone.js:397:34)
Chrome Headless 138.0.0.0 (Linux x86_64): Executed 144 of 217[31m (3 FAILED)[39m (0 secs / 0.242 secs)
[1A[2K[31mChrome Headless 138.0.0.0 (Linux x86_64) GamePickerPageComponent state transitions should display error state FAILED[39m
	Expected null to be truthy.
	    at <Jasmine>
	    at UserContext.<anonymous> (src/app/game-picker/components/game-picker-page/game-picker-page.component.spec.ts:94:28)
	    at _ZoneDelegate.invoke (node_modules/zone.js/fesm2015/zone.js:398:28)
	    at _ProxyZoneSpec.onInvoke (node_modules/zone.js/fesm2015/zone-testing.js:2132:39)
	    at _ZoneDelegate.invoke (node_modules/zone.js/fesm2015/zone.js:397:34)
	Expected null to be truthy.
	    at <Jasmine>
	    at UserContext.<anonymous> (src/app/game-picker/components/game-picker-page/game-picker-page.component.spec.ts:95:27)
	    at _ZoneDelegate.invoke (node_modules/zone.js/fesm2015/zone.js:398:28)
	    at _ProxyZoneSpec.onInvoke (node_modules/zone.js/fesm2015/zone-testing.js:2132:39)
	    at _ZoneDelegate.invoke (node_modules/zone.js/fesm2015/zone.js:397:34)
	Expected DebugElement({ nativeNode: <div _ngcontent-a-c2735517478 class="loading-state">...</div> }) to be falsy.
	    at <Jasmine>
	    at UserContext.<anonymous> (src/app/game-picker/components/game-picker-page/game-picker-page.component.spec.ts:102:30)
	    at _ZoneDelegate.invoke (node_modules/zone.js/fesm2015/zone.js:398:28)
	    at _ProxyZoneSpec.onInvoke (node_modules/zone.js/fesm2015/zone-testing.js:2132:39)
	    at _ZoneDelegate.invoke (node_modules/zone.js/fesm2015/zone.js:397:34)
Chrome Headless 138.0.0.0 (Linux x86_64): Executed 145 of 217[31m (4 FAILED)[39m (0 secs / 0.243 secs)
[1A[2K[31mChrome Headless 138.0.0.0 (Linux x86_64) GamePickerPageComponent state transitions should transition to recommendations state FAILED[39m
	Expected null to be truthy.
	    at <Jasmine>
	    at UserContext.<anonymous> (src/app/game-picker/components/game-picker-page/game-picker-page.component.spec.ts:74:38)
	    at _ZoneDelegate.invoke (node_modules/zone.js/fesm2015/zone.js:398:28)
	    at _ProxyZoneSpec.onInvoke (node_modules/zone.js/fesm2015/zone-testing.js:2132:39)
	    at _ZoneDelegate.invoke (node_modules/zone.js/fesm2015/zone.js:397:34)
	Expected null to be truthy.
	    at <Jasmine>
	    at UserContext.<anonymous> (src/app/game-picker/components/game-picker-page/game-picker-page.component.spec.ts:75:29)
	    at _ZoneDelegate.invoke (node_modules/zone.js/fesm2015/zone.js:398:28)
	    at _ProxyZoneSpec.onInvoke (node_modules/zone.js/fesm2015/zone-testing.js:2132:39)
	    at _ZoneDelegate.invoke (node_modules/zone.js/fesm2015/zone.js:397:34)
	Expected DebugElement({ nativeNode: <div _ngcontent-a-c2735517478 class="loading-state">...</div> }) to be falsy.
	    at <Jasmine>
	    at UserContext.<anonymous> (src/app/game-picker/components/game-picker-page/game-picker-page.component.spec.ts:82:30)
	    at _ZoneDelegate.invoke (node_modules/zone.js/fesm2015/zone.js:398:28)
	    at _ProxyZoneSpec.onInvoke (node_modules/zone.js/fesm2015/zone-testing.js:2132:39)
	    at _ZoneDelegate.invoke (node_modules/zone.js/fesm2015/zone.js:397:34)
Chrome Headless 138.0.0.0 (Linux x86_64): Executed 146 of 217[31m (5 FAILED)[39m (0 secs / 0.244 secs)
[1A[2KChrome Headless 138.0.0.0 (Linux x86_64): Executed 147 of 217[31m (5 FAILED)[39m (0 secs / 0.246 secs)
[1A[2KChrome Headless 138.0.0.0 (Linux x86_64): Executed 148 of 217[31m (5 FAILED)[39m (0 secs / 0.247 secs)
[1A[2KChrome Headless 138.0.0.0 (Linux x86_64): Executed 149 of 217[31m (5 FAILED)[39m (0 secs / 0.248 secs)
[1A[2KChrome Headless 138.0.0.0 (Linux x86_64): Executed 150 of 217[31m (5 FAILED)[39m (0 secs / 0.249 secs)
[1A[2KChrome Headless 138.0.0.0 (Linux x86_64): Executed 151 of 217[31m (5 FAILED)[39m (0 secs / 0.25 secs)
[1A[2K[31mChrome Headless 138.0.0.0 (Linux x86_64) GamePickerPageComponent template rendering should render only comparing content in comparing state FAILED[39m
	Expected DebugElement({ nativeNode: <div _ngcontent-a-c2735517478 class="loading-state">...</div> }) to be falsy.
	    at <Jasmine>
	    at UserContext.<anonymous> (src/app/game-picker/components/game-picker-page/game-picker-page.component.spec.ts:187:68)
	    at _ZoneDelegate.invoke (node_modules/zone.js/fesm2015/zone.js:398:28)
	    at _ProxyZoneSpec.onInvoke (node_modules/zone.js/fesm2015/zone-testing.js:2132:39)
	    at _ZoneDelegate.invoke (node_modules/zone.js/fesm2015/zone.js:397:34)
	Expected null to be truthy.
	    at <Jasmine>
	    at UserContext.<anonymous> (src/app/game-picker/components/game-picker-page/game-picker-page.component.spec.ts:188:71)
	    at _ZoneDelegate.invoke (node_modules/zone.js/fesm2015/zone.js:398:28)
	    at _ProxyZoneSpec.onInvoke (node_modules/zone.js/fesm2015/zone-testing.js:2132:39)
	    at _ZoneDelegate.invoke (node_modules/zone.js/fesm2015/zone.js:397:34)
Chrome Headless 138.0.0.0 (Linux x86_64): Executed 152 of 217[31m (6 FAILED)[39m (0 secs / 0.252 secs)
[1A[2KChrome Headless 138.0.0.0 (Linux x86_64): Executed 153 of 217[31m (6 FAILED)[39m (0 secs / 0.253 secs)
[1A[2K[31mChrome Headless 138.0.0.0 (Linux x86_64) GamePickerPageComponent template rendering should render only recommendations content in recommendations state FAILED[39m
	Expected DebugElement({ nativeNode: <div _ngcontent-a-c2735517478 class="loading-state">...</div> }) to be falsy.
	    at <Jasmine>
	    at UserContext.<anonymous> (src/app/game-picker/components/game-picker-page/game-picker-page.component.spec.ts:197:68)
	    at _ZoneDelegate.invoke (node_modules/zone.js/fesm2015/zone.js:398:28)
	    at _ProxyZoneSpec.onInvoke (node_modules/zone.js/fesm2015/zone-testing.js:2132:39)
	    at _ZoneDelegate.invoke (node_modules/zone.js/fesm2015/zone.js:397:34)
	Expected null to be truthy.
	    at <Jasmine>
	    at UserContext.<anonymous> (src/app/game-picker/components/game-picker-page/game-picker-page.component.spec.ts:199:76)
	    at _ZoneDelegate.invoke (node_modules/zone.js/fesm2015/zone.js:398:28)
	    at _ProxyZoneSpec.onInvoke (node_modules/zone.js/fesm2015/zone-testing.js:2132:39)
	    at _ZoneDelegate.invoke (node_modules/zone.js/fesm2015/zone.js:397:34)
Chrome Headless 138.0.0.0 (Linux x86_64): Executed 154 of 217[31m (7 FAILED)[39m (0 secs / 0.255 secs)
[1A[2K[31mChrome Headless 138.0.0.0 (Linux x86_64) GamePickerPageComponent template rendering should render only error content in error state FAILED[39m
	Expected DebugElement({ nativeNode: <div _ngcontent-a-c2735517478 class="loading-state">...</div> }) to be falsy.
	    at <Jasmine>
	    at UserContext.<anonymous> (src/app/game-picker/components/game-picker-page/game-picker-page.component.spec.ts:207:68)
	    at _ZoneDelegate.invoke (node_modules/zone.js/fesm2015/zone.js:398:28)
	    at _ProxyZoneSpec.onInvoke (node_modules/zone.js/fesm2015/zone-testing.js:2132:39)
	    at _ZoneDelegate.invoke (node_modules/zone.js/fesm2015/zone.js:397:34)
	Expected null to be truthy.
	    at <Jasmine>
	    at UserContext.<anonymous> (src/app/game-picker/components/game-picker-page/game-picker-page.component.spec.ts:210:66)
	    at _ZoneDelegate.invoke (node_modules/zone.js/fesm2015/zone.js:398:28)
	    at _ProxyZoneSpec.onInvoke (node_modules/zone.js/fesm2015/zone-testing.js:2132:39)
	    at _ZoneDelegate.invoke (node_modules/zone.js/fesm2015/zone.js:397:34)
Chrome Headless 138.0.0.0 (Linux x86_64): Executed 155 of 217[31m (8 FAILED)[39m (0 secs / 0.257 secs)
[1A[2KChrome Headless 138.0.0.0 (Linux x86_64): Executed 156 of 217[31m (8 FAILED)[39m (0 secs / 0.258 secs)
[1A[2KChrome Headless 138.0.0.0 (Linux x86_64): Executed 157 of 217[31m (8 FAILED)[39m (0 secs / 0.259 secs)
[1A[2KChrome Headless 138.0.0.0 (Linux x86_64): Executed 158 of 217[31m (8 FAILED)[39m (0 secs / 0.26 secs)
[1A[2K[31mChrome Headless 138.0.0.0 (Linux x86_64) GameDataService clearCache should clear cached data FAILED[39m
	Error: Expected one matching request for criteria "Match URL: /discovery/games/master.json", found none.
	    at _HttpClientTestingBackend.expectOne (node_modules/@angular/common/fesm2022/http/testing.mjs:273:19)
	    at src/app/game-picker/services/game-data.service.spec.ts:171:28
	    at Generator.next (<anonymous>)
	    at chunk-HBW54YOI.js:67:61
	    at new ZoneAwarePromise (node_modules/zone.js/fesm2015/zone.js:2701:25)
	    at __async (chunk-HBW54YOI.js:51:10)
	    at UserContext.<anonymous> (src/app/game-picker/services/game-data.service.spec.ts:168:47)
	    at _ZoneDelegate.invoke (node_modules/zone.js/fesm2015/zone.js:398:28)
	    at _ProxyZoneSpec.onInvoke (node_modules/zone.js/fesm2015/zone-testing.js:2132:39)
	    at _ZoneDelegate.invoke (node_modules/zone.js/fesm2015/zone.js:397:34)
Chrome Headless 138.0.0.0 (Linux x86_64): Executed 159 of 217[31m (9 FAILED)[39m (0 secs / 0.305 secs)
[1A[2KChrome Headless 138.0.0.0 (Linux x86_64): Executed 160 of 217[31m (9 FAILED)[39m (0 secs / 0.31 secs)
[1A[2K[31mChrome Headless 138.0.0.0 (Linux x86_64) GameDataService getGameById should return null for non-existent game ID FAILED[39m
	Error: Expected one matching request for criteria "Match URL: /discovery/games/master.json", found none.
	    at _HttpClientTestingBackend.expectOne (node_modules/@angular/common/fesm2022/http/testing.mjs:273:19)
	    at UserContext.<anonymous> (src/app/game-picker/services/game-data.service.spec.ts:95:28)
	    at _ZoneDelegate.invoke (node_modules/zone.js/fesm2015/zone.js:398:28)
	    at _ProxyZoneSpec.onInvoke (node_modules/zone.js/fesm2015/zone-testing.js:2132:39)
	    at _ZoneDelegate.invoke (node_modules/zone.js/fesm2015/zone.js:397:34)
	    at ZoneImpl.run (node_modules/zone.js/fesm2015/zone.js:113:43)
	    at runInTestZone (node_modules/zone.js/fesm2015/zone-testing.js:216:38)
	    at UserContext.<anonymous> (node_modules/zone.js/fesm2015/zone-testing.js:234:32)
	    at <Jasmine>
Chrome Headless 138.0.0.0 (Linux x86_64): Executed 161 of 217[31m (10 FAILED)[39m (0 secs / 0.313 secs)
[1A[2K[31mChrome Headless 138.0.0.0 (Linux x86_64) GameDataService getGameById should return game by app ID FAILED[39m
	Error: Expected one matching request for criteria "Match URL: /discovery/games/master.json", found none.
	    at _HttpClientTestingBackend.expectOne (node_modules/@angular/common/fesm2022/http/testing.mjs:273:19)
	    at UserContext.<anonymous> (src/app/game-picker/services/game-data.service.spec.ts:95:28)
	    at _ZoneDelegate.invoke (node_modules/zone.js/fesm2015/zone.js:398:28)
	    at _ProxyZoneSpec.onInvoke (node_modules/zone.js/fesm2015/zone-testing.js:2132:39)
	    at _ZoneDelegate.invoke (node_modules/zone.js/fesm2015/zone.js:397:34)
	    at ZoneImpl.run (node_modules/zone.js/fesm2015/zone.js:113:43)
	    at runInTestZone (node_modules/zone.js/fesm2015/zone-testing.js:216:38)
	    at UserContext.<anonymous> (node_modules/zone.js/fesm2015/zone-testing.js:234:32)
	    at <Jasmine>
Chrome Headless 138.0.0.0 (Linux x86_64): Executed 162 of 217[31m (11 FAILED)[39m (0 secs / 0.316 secs)
[1A[2K[31mChrome Headless 138.0.0.0 (Linux x86_64) GameDataService getGameById should return null if no data is loaded FAILED[39m
	Error: Expected one matching request for criteria "Match URL: /discovery/games/master.json", found none.
	    at _HttpClientTestingBackend.expectOne (node_modules/@angular/common/fesm2022/http/testing.mjs:273:19)
	    at UserContext.<anonymous> (src/app/game-picker/services/game-data.service.spec.ts:95:28)
	    at _ZoneDelegate.invoke (node_modules/zone.js/fesm2015/zone.js:398:28)
	    at _ProxyZoneSpec.onInvoke (node_modules/zone.js/fesm2015/zone-testing.js:2132:39)
	    at _ZoneDelegate.invoke (node_modules/zone.js/fesm2015/zone.js:397:34)
	    at ZoneImpl.run (node_modules/zone.js/fesm2015/zone.js:113:43)
	    at runInTestZone (node_modules/zone.js/fesm2015/zone-testing.js:216:38)
	    at UserContext.<anonymous> (node_modules/zone.js/fesm2015/zone-testing.js:234:32)
	    at <Jasmine>
Chrome Headless 138.0.0.0 (Linux x86_64): Executed 163 of 217[31m (12 FAILED)[39m (0 secs / 0.318 secs)
[1A[2KChrome Headless 138.0.0.0 (Linux x86_64): Executed 164 of 217[31m (12 FAILED)[39m (0 secs / 0.32 secs)
[1A[2K[31mChrome Headless 138.0.0.0 (Linux x86_64) GameDataService getAllGames should return all cached games FAILED[39m
	Error: Expected one matching request for criteria "Match URL: /discovery/games/master.json", found none.
	    at _HttpClientTestingBackend.expectOne (node_modules/@angular/common/fesm2022/http/testing.mjs:273:19)
	    at UserContext.<anonymous> (src/app/game-picker/services/game-data.service.spec.ts:125:28)
	    at _ZoneDelegate.invoke (node_modules/zone.js/fesm2015/zone.js:398:28)
	    at _ProxyZoneSpec.onInvoke (node_modules/zone.js/fesm2015/zone-testing.js:2132:39)
	    at _ZoneDelegate.invoke (node_modules/zone.js/fesm2015/zone.js:397:34)
	    at ZoneImpl.run (node_modules/zone.js/fesm2015/zone.js:113:43)
	    at runInTestZone (node_modules/zone.js/fesm2015/zone-testing.js:216:38)
	    at UserContext.<anonymous> (node_modules/zone.js/fesm2015/zone-testing.js:234:32)
	    at <Jasmine>
Chrome Headless 138.0.0.0 (Linux x86_64): Executed 165 of 217[31m (13 FAILED)[39m (0 secs / 0.324 secs)
[1A[2KChrome Headless 138.0.0.0 (Linux x86_64): Executed 166 of 217[31m (13 FAILED)[39m (0 secs / 0.326 secs)
[1A[2K[31mChrome Headless 138.0.0.0 (Linux x86_64) GameDataService isCacheValid should return false after cache is cleared FAILED[39m
	Error: Expected one matching request for criteria "Match URL: /discovery/games/master.json", found none.
	    at _HttpClientTestingBackend.expectOne (node_modules/@angular/common/fesm2022/http/testing.mjs:273:19)
	    at src/app/game-picker/services/game-data.service.spec.ts:156:28
	    at Generator.next (<anonymous>)
	    at chunk-HBW54YOI.js:67:61
	    at new ZoneAwarePromise (node_modules/zone.js/fesm2015/zone.js:2701:25)
	    at __async (chunk-HBW54YOI.js:51:10)
	    at UserContext.<anonymous> (src/app/game-picker/services/game-data.service.spec.ts:153:65)
	    at _ZoneDelegate.invoke (node_modules/zone.js/fesm2015/zone.js:398:28)
	    at _ProxyZoneSpec.onInvoke (node_modules/zone.js/fesm2015/zone-testing.js:2132:39)
	    at _ZoneDelegate.invoke (node_modules/zone.js/fesm2015/zone.js:397:34)
Chrome Headless 138.0.0.0 (Linux x86_64): Executed 167 of 217[31m (14 FAILED)[39m (0 secs / 0.329 secs)
[1A[2K[31mChrome Headless 138.0.0.0 (Linux x86_64) GameDataService isCacheValid should return true after successful data load FAILED[39m
	Error: Expected one matching request for criteria "Match URL: /discovery/games/master.json", found none.
	    at _HttpClientTestingBackend.expectOne (node_modules/@angular/common/fesm2022/http/testing.mjs:273:19)
	    at UserContext.<anonymous> (src/app/game-picker/services/game-data.service.spec.ts:147:28)
	    at _ZoneDelegate.invoke (node_modules/zone.js/fesm2015/zone.js:398:28)
	    at _ProxyZoneSpec.onInvoke (node_modules/zone.js/fesm2015/zone-testing.js:2132:39)
	    at _ZoneDelegate.invoke (node_modules/zone.js/fesm2015/zone.js:397:34)
	    at ZoneImpl.run (node_modules/zone.js/fesm2015/zone.js:113:43)
	    at runInTestZone (node_modules/zone.js/fesm2015/zone-testing.js:216:38)
	    at UserContext.<anonymous> (node_modules/zone.js/fesm2015/zone-testing.js:234:32)
	    at <Jasmine>
Chrome Headless 138.0.0.0 (Linux x86_64): Executed 168 of 217[31m (15 FAILED)[39m (0 secs / 0.332 secs)
[1A[2K[31mChrome Headless 138.0.0.0 (Linux x86_64) GameDataService loadMasterData should cache data in IndexedDB after successful fetch FAILED[39m
	Error: Expected one matching request for criteria "Match URL: /discovery/games/master.json", found none.
	    at _HttpClientTestingBackend.expectOne (node_modules/@angular/common/fesm2022/http/testing.mjs:273:19)
	    at UserContext.<anonymous> (src/app/game-picker/services/game-data.service.spec.ts:81:28)
	    at _ZoneDelegate.invoke (node_modules/zone.js/fesm2015/zone.js:398:28)
	    at _ProxyZoneSpec.onInvoke (node_modules/zone.js/fesm2015/zone-testing.js:2132:39)
	    at _ZoneDelegate.invoke (node_modules/zone.js/fesm2015/zone.js:397:34)
	    at ZoneImpl.run (node_modules/zone.js/fesm2015/zone.js:113:43)
	    at runInTestZone (node_modules/zone.js/fesm2015/zone-testing.js:216:38)
	    at UserContext.<anonymous> (node_modules/zone.js/fesm2015/zone-testing.js:234:32)
	    at <Jasmine>
Chrome Headless 138.0.0.0 (Linux x86_64): Executed 169 of 217[31m (16 FAILED)[39m (0 secs / 0.334 secs)
[1A[2K[31mChrome Headless 138.0.0.0 (Linux x86_64) GameDataService loadMasterData should fetch master data from backend API FAILED[39m
	Error: Expected one matching request for criteria "Match URL: /discovery/games/master.json", found none.
	    at _HttpClientTestingBackend.expectOne (node_modules/@angular/common/fesm2022/http/testing.mjs:273:19)
	    at UserContext.<anonymous> (src/app/game-picker/services/game-data.service.spec.ts:73:28)
	    at _ZoneDelegate.invoke (node_modules/zone.js/fesm2015/zone.js:398:28)
	    at _ProxyZoneSpec.onInvoke (node_modules/zone.js/fesm2015/zone-testing.js:2132:39)
	    at _ZoneDelegate.invoke (node_modules/zone.js/fesm2015/zone.js:397:34)
	    at ZoneImpl.run (node_modules/zone.js/fesm2015/zone.js:113:43)
	    at runInTestZone (node_modules/zone.js/fesm2015/zone-testing.js:216:38)
	    at UserContext.<anonymous> (node_modules/zone.js/fesm2015/zone-testing.js:234:32)
	    at <Jasmine>
Chrome Headless 138.0.0.0 (Linux x86_64): Executed 170 of 217[31m (17 FAILED)[39m (0 secs / 0.336 secs)
[1A[2KChrome Headless 138.0.0.0 (Linux x86_64): Executed 171 of 217[31m (17 FAILED)[39m (0 secs / 0.339 secs)
[1A[2KChrome Headless 138.0.0.0 (Linux x86_64): Executed 172 of 217[31m (17 FAILED)[39m (0 secs / 0.341 secs)
[1A[2KChrome Headless 138.0.0.0 (Linux x86_64): Executed 173 of 217[31m (17 FAILED)[39m (0 secs / 0.342 secs)
[1A[2KChrome Headless 138.0.0.0 (Linux x86_64): Executed 174 of 217[31m (17 FAILED)[39m (0 secs / 0.343 secs)
[1A[2KChrome Headless 138.0.0.0 (Linux x86_64): Executed 175 of 217[31m (17 FAILED)[39m (0 secs / 0.344 secs)
[1A[2KChrome Headless 138.0.0.0 (Linux x86_64): Executed 176 of 217[31m (17 FAILED)[39m (0 secs / 0.345 secs)
[1A[2KChrome Headless 138.0.0.0 (Linux x86_64): Executed 177 of 217[31m (17 FAILED)[39m (0 secs / 0.346 secs)
[1A[2KChrome Headless 138.0.0.0 (Linux x86_64): Executed 178 of 217[31m (17 FAILED)[39m (0 secs / 0.347 secs)
[1A[2KChrome Headless 138.0.0.0 (Linux x86_64): Executed 179 of 217[31m (17 FAILED)[39m (0 secs / 0.348 secs)
[1A[2KChrome Headless 138.0.0.0 (Linux x86_64): Executed 180 of 217[31m (17 FAILED)[39m (0 secs / 0.349 secs)
[1A[2KChrome Headless 138.0.0.0 (Linux x86_64): Executed 181 of 217[31m (17 FAILED)[39m (0 secs / 0.35 secs)
[1A[2KChrome Headless 138.0.0.0 (Linux x86_64): Executed 182 of 217[31m (17 FAILED)[39m (0 secs / 0.351 secs)
[1A[2KChrome Headless 138.0.0.0 (Linux x86_64): Executed 183 of 217[31m (17 FAILED)[39m (0 secs / 0.353 secs)
[1A[2KChrome Headless 138.0.0.0 (Linux x86_64): Executed 184 of 217[31m (17 FAILED)[39m (0 secs / 0.354 secs)
[1A[2KChrome Headless 138.0.0.0 (Linux x86_64): Executed 185 of 217[31m (17 FAILED)[39m (0 secs / 0.356 secs)
[33m20 07 2025 15:22:58.799:WARN [web-server]: [39m404: /assets/images/game-placeholder.png
[1A[2KChrome Headless 138.0.0.0 (Linux x86_64): Executed 186 of 217[31m (17 FAILED)[39m (0 secs / 0.357 secs)
[1A[2KChrome Headless 138.0.0.0 (Linux x86_64): Executed 187 of 217[31m (17 FAILED)[39m (0 secs / 0.358 secs)
[1A[2K[31mChrome Headless 138.0.0.0 (Linux x86_64) GameComparisonComponent template rendering should display no pair message when no pair provided FAILED[39m
	Expected DebugElement({ nativeNode: <div _ngcontent-a-c1152503517 class="comparison-container">...</div> }) to be falsy.
	    at <Jasmine>
	    at UserContext.<anonymous> (src/app/game-picker/components/game-comparison/game-comparison.component.spec.ts:106:35)
	    at _ZoneDelegate.invoke (node_modules/zone.js/fesm2015/zone.js:398:28)
	    at _ProxyZoneSpec.onInvoke (node_modules/zone.js/fesm2015/zone-testing.js:2132:39)
	    at _ZoneDelegate.invoke (node_modules/zone.js/fesm2015/zone.js:397:34)
	Expected null to be truthy.
	    at <Jasmine>
	    at UserContext.<anonymous> (src/app/game-picker/components/game-comparison/game-comparison.component.spec.ts:109:29)
	    at _ZoneDelegate.invoke (node_modules/zone.js/fesm2015/zone.js:398:28)
	    at _ProxyZoneSpec.onInvoke (node_modules/zone.js/fesm2015/zone-testing.js:2132:39)
	    at _ZoneDelegate.invoke (node_modules/zone.js/fesm2015/zone.js:397:34)
	TypeError: Cannot read properties of null (reading 'nativeElement')
	    at UserContext.<anonymous> (src/app/game-picker/components/game-comparison/game-comparison.component.spec.ts:110:28)
	    at _ZoneDelegate.invoke (node_modules/zone.js/fesm2015/zone.js:398:28)
	    at _ProxyZoneSpec.onInvoke (node_modules/zone.js/fesm2015/zone-testing.js:2132:39)
	    at _ZoneDelegate.invoke (node_modules/zone.js/fesm2015/zone.js:397:34)
	    at ZoneImpl.run (node_modules/zone.js/fesm2015/zone.js:113:43)
	    at runInTestZone (node_modules/zone.js/fesm2015/zone-testing.js:216:38)
	    at UserContext.<anonymous> (node_modules/zone.js/fesm2015/zone-testing.js:234:32)
	    at <Jasmine>
Chrome Headless 138.0.0.0 (Linux x86_64): Executed 188 of 217[31m (18 FAILED)[39m (0 secs / 0.36 secs)
[1A[2KChrome Headless 138.0.0.0 (Linux x86_64): Executed 189 of 217[31m (18 FAILED)[39m (0 secs / 0.362 secs)
[1A[2KChrome Headless 138.0.0.0 (Linux x86_64): Executed 190 of 217[31m (18 FAILED)[39m (0 secs / 0.363 secs)
[1A[2KChrome Headless 138.0.0.0 (Linux x86_64): Executed 191 of 217[31m (18 FAILED)[39m (0 secs / 0.364 secs)
[1A[2KChrome Headless 138.0.0.0 (Linux x86_64): Executed 192 of 217[31m (18 FAILED)[39m (0 secs / 0.366 secs)
[1A[2KChrome Headless 138.0.0.0 (Linux x86_64): Executed 193 of 217[31m (18 FAILED)[39m (0 secs / 0.367 secs)
[1A[2KChrome Headless 138.0.0.0 (Linux x86_64): Executed 194 of 217[31m (18 FAILED)[39m (0 secs / 0.368 secs)
[1A[2KChrome Headless 138.0.0.0 (Linux x86_64): Executed 195 of 217[31m (18 FAILED)[39m (0 secs / 0.369 secs)
[1A[2KChrome Headless 138.0.0.0 (Linux x86_64): Executed 196 of 217[31m (18 FAILED)[39m (0 secs / 0.37 secs)
[1A[2KChrome Headless 138.0.0.0 (Linux x86_64): Executed 197 of 217[31m (18 FAILED)[39m (0 secs / 0.371 secs)
[1A[2KChrome Headless 138.0.0.0 (Linux x86_64): Executed 198 of 217[31m (18 FAILED)[39m (0 secs / 0.372 secs)
[1A[2KChrome Headless 138.0.0.0 (Linux x86_64): Executed 199 of 217[31m (18 FAILED)[39m (0 secs / 0.374 secs)
[1A[2KChrome Headless 138.0.0.0 (Linux x86_64): Executed 200 of 217[31m (18 FAILED)[39m (0 secs / 0.375 secs)
[1A[2KChrome Headless 138.0.0.0 (Linux x86_64): Executed 201 of 217[31m (18 FAILED)[39m (0 secs / 0.376 secs)
[1A[2KChrome Headless 138.0.0.0 (Linux x86_64): Executed 202 of 217[31m (18 FAILED)[39m (0 secs / 0.377 secs)
[1A[2KChrome Headless 138.0.0.0 (Linux x86_64): Executed 203 of 217[31m (18 FAILED)[39m (0 secs / 0.378 secs)
[1A[2KChrome Headless 138.0.0.0 (Linux x86_64): Executed 204 of 217[31m (18 FAILED)[39m (0 secs / 0.379 secs)
[1A[2KChrome Headless 138.0.0.0 (Linux x86_64): Executed 205 of 217[31m (18 FAILED)[39m (0 secs / 0.38 secs)
[1A[2KChrome Headless 138.0.0.0 (Linux x86_64): Executed 206 of 217[31m (18 FAILED)[39m (0 secs / 0.381 secs)
[1A[2KChrome Headless 138.0.0.0 (Linux x86_64): Executed 207 of 217[31m (18 FAILED)[39m (0 secs / 0.382 secs)
[1A[2KChrome Headless 138.0.0.0 (Linux x86_64): Executed 208 of 217[31m (18 FAILED)[39m (0 secs / 0.383 secs)
[1A[2KChrome Headless 138.0.0.0 (Linux x86_64): Executed 209 of 217[31m (18 FAILED)[39m (0 secs / 0.384 secs)
[1A[2KChrome Headless 138.0.0.0 (Linux x86_64): Executed 210 of 217[31m (18 FAILED)[39m (0 secs / 0.385 secs)
[1A[2KChrome Headless 138.0.0.0 (Linux x86_64): Executed 211 of 217[31m (18 FAILED)[39m (0 secs / 0.386 secs)
[1A[2KChrome Headless 138.0.0.0 (Linux x86_64): Executed 212 of 217[31m (18 FAILED)[39m (0 secs / 0.387 secs)
[1A[2KChrome Headless 138.0.0.0 (Linux x86_64): Executed 213 of 217[31m (18 FAILED)[39m (0 secs / 0.388 secs)
[1A[2KChrome Headless 138.0.0.0 (Linux x86_64): Executed 214 of 217[31m (18 FAILED)[39m (0 secs / 0.389 secs)
[1A[2KChrome Headless 138.0.0.0 (Linux x86_64): Executed 215 of 217[31m (18 FAILED)[39m (0 secs / 0.39 secs)
[1A[2KChrome Headless 138.0.0.0 (Linux x86_64): Executed 216 of 217[31m (18 FAILED)[39m (0 secs / 0.391 secs)
[1A[2KChrome Headless 138.0.0.0 (Linux x86_64): Executed 217 of 217[31m (18 FAILED)[39m (0 secs / 0.392 secs)
[1A[2KChrome Headless 138.0.0.0 (Linux x86_64): Executed 217 of 217[31m (18 FAILED)[39m (0.46 secs / 0.392 secs)
[31mTOTAL: 18 FAILED, 199 SUCCESS[39m
